<?xml version="1.0" encoding="UTF-8"?>
<testsuites name="Corporate" time="505.378" tests="29" failures="0" errors="0">
   <testsuite name="Corporate" tests="29" failures="0" errors="0" time="505.378" skipped="0" timestamp="17-01-2025T17:04:31" hostname="P251224001 - BAF0120161599V.bussan.co.id" id="Test Suites/Corporate">
      <properties>
         <property name="deviceName" value=""/>
         <property name="devicePlatform"/>
         <property name="logFolder" value="C:\\Users\\P251224001\\git\\BAF-website\\Reports\\20250117_170425\\Corporate\\20250117_170425"/>
         <property name="logFiles" value="C:\\Users\\P251224001\\git\\BAF-website\\Reports\\20250117_170425\\Corporate\\20250117_170425\\execution0.log"/>
         <property name="attachments" value="C:\\Users\\P251224001\\git\\BAF-website\\Reports\\20250117_170425\\Corporate\\20250117_170425\\1737108737234.png"/>
         <property name="hostName" value="P251224001 - BAF0120161599V.bussan.co.id"/>
         <property name="os" value="Windows 11 64bit"/>
         <property name="katalonVersion" value="10.0.1.223"/>
         <property name="browser" value="Chrome 131.0.0.0"/>
         <property name="hostAddress" value="10.1.214.138"/>
         <property name="sessionId" value="1e1019c1265faa60e377617306944e37"/>
         <property name="seleniumVersion" value="4.22.0"/>
         <property name="proxyInformation" value="ProxyInformation { proxyOption=NO_PROXY, proxyServerType=HTTP, username=, password=********, proxyServerAddress=, proxyServerPort=0, executionList=&quot;&quot;, isApplyToDesiredCapabilities=true }"/>
         <property name="platform" value="Windows 11"/>
      </properties>
      <testcase name="Test Cases/Corporate/RegressionTest_VerifyCorporatePage_ElementsArePresent" time="26.309" classname="Test Cases/Corporate/RegressionTest_VerifyCorporatePage_ElementsArePresent" status="PASSED">
         <system-out><![CDATA[17-01-2025T17:04:41 - [TEST_CASE][PASSED] - Test Cases/Corporate/RegressionTest_VerifyCorporatePage_ElementsArePresent: Test Cases/Corporate/RegressionTest_VerifyCorporatePage_ElementsArePresent

17-01-2025T17:04:42 - [TEST_STEP][PASSED] - Start listener action : BeforeTestCase: null

17-01-2025T17:04:42 - [TEST_STEP][PASSED] - click(findTestObject("link_Content", ["href":"/corporate", "text":"Corporate"])): Object: 'Object Repository/link_Content' is clicked on

17-01-2025T17:04:44 - [MESSAGE][PASSED] - Object: 'Object Repository/link_Content' is clicked on

17-01-2025T17:04:44 - [TEST_STEP][PASSED] - verifyElementPresent(findTestObject("var_Content", ["xpath":"//body[1]/div[1]/main[1]/main[1]/div[1]/div[1]/div[1]/div[1]/img[1]"]), 10): Object 'Object Repository/var_Content' is present

17-01-2025T17:04:55 - [MESSAGE][PASSED] - Object 'Object Repository/var_Content' is present

17-01-2025T17:04:55 - [TEST_STEP][PASSED] - scrollToElement(findTestObject("var_Content", ["xpath":"//body[1]/div[1]/main[1]/main[1]/div[1]/div[1]/ol[1]"]), 10): Scroll to object 'Object Repository/var_Content' successfully

17-01-2025T17:04:56 - [MESSAGE][PASSED] - Scroll to object 'Object Repository/var_Content' successfully

17-01-2025T17:04:56 - [TEST_STEP][PASSED] - verifyElementPresent(findTestObject("lbl_Content", ["text":"Company Profile Video"]), 10): Object 'Object Repository/lbl_Content' is present

17-01-2025T17:04:57 - [MESSAGE][PASSED] - Object 'Object Repository/lbl_Content' is present

17-01-2025T17:04:57 - [TEST_STEP][PASSED] - verifyElementPresent(findTestObject("var_Content", ["xpath":"//body[1]/div[1]/main[1]/main[1]/section[1]/div[1]/div[1]/div[1]/div[1]/p[1]"]), 10): Object 'Object Repository/var_Content' is present

17-01-2025T17:04:58 - [MESSAGE][PASSED] - Object 'Object Repository/var_Content' is present

17-01-2025T17:04:58 - [TEST_STEP][PASSED] - click(findTestObject("link_Content", ["href":"https://www.youtube.com/watch?v=_0-hV5gwpwU", "text":"Let's watch"])): Object: 'Object Repository/link_Content' is clicked on

17-01-2025T17:04:58 - [MESSAGE][PASSED] - Object: 'Object Repository/link_Content' is clicked on

17-01-2025T17:04:58 - [TEST_STEP][PASSED] - verifyLinksAccessible(["https://www.youtube.com/watch?v=_0-hV5gwpwU"]): All links are accessible

17-01-2025T17:05:06 - [MESSAGE][INFO] - HAR: C:\Users\P251224001\git\BAF-website\Reports\20250117_170425\Corporate\20250117_170425\requests\main\0.har

17-01-2025T17:05:07 - [MESSAGE][PASSED] - Send request successfully

17-01-2025T17:05:07 - [MESSAGE][PASSED] - All links are accessible

17-01-2025T17:05:07 - [TEST_STEP][PASSED] - closeWindowIndex(1): Window with index 1 is closed

17-01-2025T17:05:07 - [MESSAGE][PASSED] - Window with index 1 is closed

17-01-2025T17:05:07 - [TEST_STEP][PASSED] - switchToWindowIndex(0): Switched to window with index: '0'

17-01-2025T17:05:07 - [MESSAGE][PASSED] - Switched to window with index: '0'

17-01-2025T17:05:07 - [TEST_STEP][PASSED] - scrollToElement(findTestObject("var_Content", ["xpath":"//body[1]/div[1]/main[1]/main[1]/section[1]"]), 10): Scroll to object 'Object Repository/var_Content' successfully

17-01-2025T17:05:07 - [MESSAGE][PASSED] - Scroll to object 'Object Repository/var_Content' successfully

17-01-2025T17:05:07 - [TEST_STEP][PASSED] - verifyElementPresent(findTestObject("lbl_Content", ["text":"PROMOS AND LATEST NEWS"]), 10): Object 'Object Repository/lbl_Content' is present

17-01-2025T17:05:08 - [MESSAGE][PASSED] - Object 'Object Repository/lbl_Content' is present

17-01-2025T17:05:08 - [TEST_STEP][PASSED] - verifyElementPresent(findTestObject("var_Content", ["xpath":"//body[1]/div[1]/main[1]/main[1]/div[2]/div[3]/ul[1]/li[1]/div[1]"]), 10): Object 'Object Repository/var_Content' is present

17-01-2025T17:05:08 - [MESSAGE][PASSED] - Object 'Object Repository/var_Content' is present

17-01-2025T17:05:08 - [TEST_STEP][PASSED] - Start listener action : AfterTestCase: null]]></system-out>
         <system-err><![CDATA[]]></system-err>
      </testcase>
      <testcase name="Test Cases/Corporate/RegressionTest_VerifyAboutUsPage_ElementsArePresent" time="59.349" classname="Test Cases/Corporate/RegressionTest_VerifyAboutUsPage_ElementsArePresent" status="PASSED">
         <system-out><![CDATA[17-01-2025T17:05:08 - [TEST_CASE][PASSED] - Test Cases/Corporate/RegressionTest_VerifyAboutUsPage_ElementsArePresent: Test Cases/Corporate/RegressionTest_VerifyAboutUsPage_ElementsArePresent

17-01-2025T17:05:08 - [TEST_STEP][PASSED] - Start listener action : BeforeTestCase: null

17-01-2025T17:05:08 - [TEST_STEP][NOT_RUN] - click(findTestObject("link_Content", ["href":"/corporate", "text":"Corporate"])): NOT_RUN: click(findTestObject("link_Content", ["href":"/corporate", "text":"Corporate"]))

17-01-2025T17:05:08 - [MESSAGE][NOT_RUN] - NOT_RUN: click(findTestObject("link_Content", ["href":"/corporate", "text":"Corporate"]))

17-01-2025T17:05:08 - [TEST_STEP][PASSED] - click(findTestObject("link_Content", ["href":"/en/corporate/aboutus", "text":"About Us"])): Object: 'Object Repository/link_Content' is clicked on

17-01-2025T17:05:09 - [MESSAGE][PASSED] - Object: 'Object Repository/link_Content' is clicked on

17-01-2025T17:05:09 - [TEST_STEP][PASSED] - verifyElementPresent(findTestObject("var_Content", ["xpath":"//body[1]/div[1]/main[1]/main[1]/div[1]/div[1]/div[1]/div[1]/img[1]"]), 10): Object 'Object Repository/var_Content' is present

17-01-2025T17:05:18 - [MESSAGE][PASSED] - Object 'Object Repository/var_Content' is present

17-01-2025T17:05:18 - [TEST_STEP][PASSED] - verifyElementPresent(findTestObject("img_Content", ["src":"/_next/image?url=%2Fstatic%2Fimages%2Fimage%2Fbaf_plaza_fq.webp&w=828&q=75"]), 10): Object 'Object Repository/img_Content' is present

17-01-2025T17:05:18 - [MESSAGE][PASSED] - Object 'Object Repository/img_Content' is present

17-01-2025T17:05:18 - [TEST_STEP][PASSED] - click(findTestObject("link_Content", ["href":"#", "text":"BAF AT A GLANCE"])): Object: 'Object Repository/link_Content' is clicked on

17-01-2025T17:05:18 - [MESSAGE][PASSED] - Object: 'Object Repository/link_Content' is clicked on

17-01-2025T17:05:18 - [TEST_STEP][PASSED] - scrollToElement(findTestObject("var_Content", ["xpath":"//body[1]/div[1]/main[1]/main[1]/div[1]/div[1]/ol[1]"]), 10): Scroll to object 'Object Repository/var_Content' successfully

17-01-2025T17:05:19 - [MESSAGE][PASSED] - Scroll to object 'Object Repository/var_Content' successfully

17-01-2025T17:05:19 - [TEST_STEP][PASSED] - verifyElementPresent(findTestObject("img_Content", ["src":"/_next/image?url=%2Fstatic%2Fimages%2Fimage%2FMilestoneBAF2023_EN.jpg&w=3840&q=75"]), 10): Object 'Object Repository/img_Content' is present

17-01-2025T17:05:20 - [MESSAGE][PASSED] - Object 'Object Repository/img_Content' is present

17-01-2025T17:05:20 - [TEST_STEP][PASSED] - focus(findTestObject("var_Content", ["xpath":"//body[1]/div[1]/main[1]/main[1]/div[2]/div[2]/div[1]/div[2]/div[1]/div[1]/div[1]/div[2]/button[1]"]), STOP_ON_FAILURE): Object: 'Object Repository/var_Content' is focused

17-01-2025T17:05:20 - [MESSAGE][PASSED] - Object: 'Object Repository/var_Content' is focused

17-01-2025T17:05:20 - [TEST_STEP][PASSED] - click(findTestObject("var_Content", ["xpath":"//body[1]/div[1]/main[1]/main[1]/div[2]/div[2]/div[1]/div[2]/div[1]/div[1]/div[1]/div[2]/button[1]"])): Object: 'Object Repository/var_Content' is clicked on

17-01-2025T17:05:20 - [MESSAGE][PASSED] - Object: 'Object Repository/var_Content' is clicked on

17-01-2025T17:05:20 - [TEST_STEP][PASSED] - verifyElementPresent(findTestObject("var_Content", ["xpath":"//body[1]/div[1]/main[1]/main[1]/div[2]/div[2]/div[1]/div[2]/div[1]/div[1]/div[1]/p[1]"]), 10): Object 'Object Repository/var_Content' is present

17-01-2025T17:05:21 - [MESSAGE][PASSED] - Object 'Object Repository/var_Content' is present

17-01-2025T17:05:21 - [TEST_STEP][PASSED] - focus(findTestObject("var_Content", ["xpath":"//body[1]/div[1]/main[1]/main[1]/div[2]/div[2]/div[1]/div[2]/div[1]/div[1]/div[1]/div[2]/button[1]"]), STOP_ON_FAILURE): Object: 'Object Repository/var_Content' is focused

17-01-2025T17:05:21 - [MESSAGE][PASSED] - Object: 'Object Repository/var_Content' is focused

17-01-2025T17:05:21 - [TEST_STEP][PASSED] - click(findTestObject("var_Content", ["xpath":"//body[1]/div[1]/main[1]/main[1]/div[2]/div[2]/div[1]/div[2]/div[1]/div[1]/div[1]/div[2]/button[1]"])): Object: 'Object Repository/var_Content' is clicked on

17-01-2025T17:05:22 - [MESSAGE][PASSED] - Object: 'Object Repository/var_Content' is clicked on

17-01-2025T17:05:22 - [TEST_STEP][PASSED] - focus(findTestObject("var_Content", ["xpath":"//body[1]/div[1]/main[1]/main[1]/div[2]/div[1]/div[2]"]), STOP_ON_FAILURE): Object: 'Object Repository/var_Content' is focused

17-01-2025T17:05:23 - [MESSAGE][PASSED] - Object: 'Object Repository/var_Content' is focused

17-01-2025T17:05:23 - [TEST_STEP][PASSED] - click(findTestObject("link_Content", ["href":"#", "text":"VISION, MISSION, & VALUES"])): Object: 'Object Repository/link_Content' is clicked on

17-01-2025T17:05:23 - [MESSAGE][PASSED] - Object: 'Object Repository/link_Content' is clicked on

17-01-2025T17:05:23 - [TEST_STEP][PASSED] - scrollToElement(findTestObject("var_Content", ["xpath":"//body[1]/div[1]/main[1]/main[1]/div[1]/div[1]/ol[1]"]), 10): Scroll to object 'Object Repository/var_Content' successfully

17-01-2025T17:05:24 - [MESSAGE][PASSED] - Scroll to object 'Object Repository/var_Content' successfully

17-01-2025T17:05:24 - [TEST_STEP][PASSED] - verifyElementPresent(findTestObject("img_Content", ["src":"/static/images/image/company-values/vision.svg"]), 10): Object 'Object Repository/img_Content' is present

17-01-2025T17:05:24 - [MESSAGE][PASSED] - Object 'Object Repository/img_Content' is present

17-01-2025T17:05:24 - [TEST_STEP][PASSED] - verifyElementPresent(findTestObject("lbl_Content", ["text":"VISION"]), 10): Object 'Object Repository/lbl_Content' is present

17-01-2025T17:05:24 - [MESSAGE][PASSED] - Object 'Object Repository/lbl_Content' is present

17-01-2025T17:05:24 - [TEST_STEP][PASSED] - scrollToElement(findTestObject("var_Content", ["xpath":"//body[1]/div[1]/main[1]/main[1]/div[2]/div[2]/div[1]/div[2]/div[1]/div[2]/div[1]/div[1]/div[1]/div[1]/h5[1]"]), 10): Scroll to object 'Object Repository/var_Content' successfully

17-01-2025T17:05:25 - [MESSAGE][PASSED] - Scroll to object 'Object Repository/var_Content' successfully

17-01-2025T17:05:25 - [TEST_STEP][PASSED] - verifyElementPresent(findTestObject("img_Content", ["src":"/static/images/image/company-values/mision.svg"]), 10): Object 'Object Repository/img_Content' is present

17-01-2025T17:05:25 - [MESSAGE][PASSED] - Object 'Object Repository/img_Content' is present

17-01-2025T17:05:25 - [TEST_STEP][PASSED] - verifyElementPresent(findTestObject("lbl_Content", ["text":"MISSION"]), 10): Object 'Object Repository/lbl_Content' is present

17-01-2025T17:05:25 - [MESSAGE][PASSED] - Object 'Object Repository/lbl_Content' is present

17-01-2025T17:05:25 - [TEST_STEP][PASSED] - verifyElementPresent(findTestObject("img_Content", ["src":"/static/images/image/company-values/visionary.svg"]), 10): Object 'Object Repository/img_Content' is present

17-01-2025T17:05:26 - [MESSAGE][PASSED] - Object 'Object Repository/img_Content' is present

17-01-2025T17:05:26 - [TEST_STEP][PASSED] - verifyElementPresent(findTestObject("lbl_Content", ["text":"VISIONARY"]), 10): Object 'Object Repository/lbl_Content' is present

17-01-2025T17:05:26 - [MESSAGE][PASSED] - Object 'Object Repository/lbl_Content' is present

17-01-2025T17:05:26 - [TEST_STEP][PASSED] - verifyElementPresent(findTestObject("img_Content", ["src":"/static/images/image/company-values/reliable.svg"]), 10): Object 'Object Repository/img_Content' is present

17-01-2025T17:05:26 - [MESSAGE][PASSED] - Object 'Object Repository/img_Content' is present

17-01-2025T17:05:26 - [TEST_STEP][PASSED] - verifyElementPresent(findTestObject("lbl_Content", ["text":"RELIABLE"]), 10): Object 'Object Repository/lbl_Content' is present

17-01-2025T17:05:26 - [MESSAGE][PASSED] - Object 'Object Repository/lbl_Content' is present

17-01-2025T17:05:26 - [TEST_STEP][PASSED] - verifyElementPresent(findTestObject("img_Content", ["src":"/static/images/image/company-values/accessible.svg"]), 10): Object 'Object Repository/img_Content' is present

17-01-2025T17:05:27 - [MESSAGE][PASSED] - Object 'Object Repository/img_Content' is present

17-01-2025T17:05:27 - [TEST_STEP][PASSED] - verifyElementPresent(findTestObject("lbl_Content", ["text":"ACCESSIBLE"]), 10): Object 'Object Repository/lbl_Content' is present

17-01-2025T17:05:27 - [MESSAGE][PASSED] - Object 'Object Repository/lbl_Content' is present

17-01-2025T17:05:27 - [TEST_STEP][PASSED] - scrollToElement(findTestObject("var_Content", ["xpath":"//body[1]/div[1]/main[1]/main[1]/div[1]/div[1]/ol[1]"]), 10): Scroll to object 'Object Repository/var_Content' successfully

17-01-2025T17:05:27 - [MESSAGE][PASSED] - Scroll to object 'Object Repository/var_Content' successfully

17-01-2025T17:05:27 - [TEST_STEP][PASSED] - click(findTestObject("link_Content", ["href":"#", "text":"ORGANIZATION STRUCTURE"])): Object: 'Object Repository/link_Content' is clicked on

17-01-2025T17:05:28 - [MESSAGE][PASSED] - Object: 'Object Repository/link_Content' is clicked on

17-01-2025T17:05:28 - [TEST_STEP][PASSED] - scrollToElement(findTestObject("var_Content", ["xpath":"//body[1]/div[1]/main[1]/main[1]/div[1]/div[1]/ol[1]"]), 10): Scroll to object 'Object Repository/var_Content' successfully

17-01-2025T17:05:29 - [MESSAGE][PASSED] - Scroll to object 'Object Repository/var_Content' successfully

17-01-2025T17:05:29 - [TEST_STEP][PASSED] - verifyElementPresent(findTestObject("lbl_Content", ["text":"ORGANIZATION STRUCTURE"]), 10): Object 'Object Repository/lbl_Content' is present

17-01-2025T17:05:29 - [MESSAGE][PASSED] - Object 'Object Repository/lbl_Content' is present

17-01-2025T17:05:29 - [TEST_STEP][PASSED] - verifyElementPresent(findTestObject("lbl_Content", ["text":"Organization Structure"]), 10): Object 'Object Repository/lbl_Content' is present

17-01-2025T17:05:30 - [MESSAGE][PASSED] - Object 'Object Repository/lbl_Content' is present

17-01-2025T17:05:30 - [TEST_STEP][PASSED] - verifyElementPresent(findTestObject("lbl_Content", ["text":"PT Bussan Auto Finance"]), 10): Object 'Object Repository/lbl_Content' is present

17-01-2025T17:05:30 - [MESSAGE][PASSED] - Object 'Object Repository/lbl_Content' is present

17-01-2025T17:05:30 - [TEST_STEP][PASSED] - verifyElementPresent(findTestObject("img_Content", ["src":"/_next/image?url=%2Fstatic%2Fimages%2Fimage%2Fstructure-organization.png&w=3840&q=75"]), 10): Object 'Object Repository/img_Content' is present

17-01-2025T17:05:30 - [MESSAGE][PASSED] - Object 'Object Repository/img_Content' is present

17-01-2025T17:05:30 - [TEST_STEP][PASSED] - click(findTestObject("link_Content", ["href":"#", "text":"SHAREHOLDER STRUCTURE"])): Object: 'Object Repository/link_Content' is clicked on

17-01-2025T17:05:31 - [MESSAGE][PASSED] - Object: 'Object Repository/link_Content' is clicked on

17-01-2025T17:05:31 - [TEST_STEP][PASSED] - scrollToElement(findTestObject("var_Content", ["xpath":"//body[1]/div[1]/main[1]/main[1]/div[1]/div[1]/ol[1]"]), 10): Scroll to object 'Object Repository/var_Content' successfully

17-01-2025T17:05:31 - [MESSAGE][PASSED] - Scroll to object 'Object Repository/var_Content' successfully

17-01-2025T17:05:31 - [TEST_STEP][PASSED] - verifyElementPresent(findTestObject("lbl_Content", ["text":"SHAREHOLDERS"]), 10): Object 'Object Repository/lbl_Content' is present

17-01-2025T17:05:32 - [MESSAGE][PASSED] - Object 'Object Repository/lbl_Content' is present

17-01-2025T17:05:32 - [TEST_STEP][PASSED] - verifyElementPresent(findTestObject("var_Content", ["xpath":"//body[1]/div[1]/main[1]/main[1]/div[2]/div[2]/div[1]/div[2]/div[1]/div[4]/div[1]/div[1]/div[1]/div[1]/div[1]/div[1]"]), 10): Object 'Object Repository/var_Content' is present

17-01-2025T17:05:32 - [MESSAGE][PASSED] - Object 'Object Repository/var_Content' is present

17-01-2025T17:05:32 - [TEST_STEP][PASSED] - click(findTestObject("link_Content", ["href":"#", "text":"BOARD OF COMMISSIONERS"])): Object: 'Object Repository/link_Content' is clicked on

17-01-2025T17:05:32 - [MESSAGE][PASSED] - Object: 'Object Repository/link_Content' is clicked on

17-01-2025T17:05:32 - [TEST_STEP][PASSED] - scrollToElement(findTestObject("var_Content", ["xpath":"//body[1]/div[1]/main[1]/main[1]/div[1]/div[1]/ol[1]"]), 10): Scroll to object 'Object Repository/var_Content' successfully

17-01-2025T17:05:33 - [MESSAGE][PASSED] - Scroll to object 'Object Repository/var_Content' successfully

17-01-2025T17:05:33 - [TEST_STEP][PASSED] - verifyElementPresent(findTestObject("img_Content", ["src":"/_next/image?url=%2Fstatic%2Fimages%2Fimage%2FBOC%2FToshiyuki-Kojima.png&w=384&q=75"]), 10): Object 'Object Repository/img_Content' is present

17-01-2025T17:05:34 - [MESSAGE][PASSED] - Object 'Object Repository/img_Content' is present

17-01-2025T17:05:34 - [TEST_STEP][PASSED] - verifyElementPresent(findTestObject("lbl_Content", ["text":"Toshiyuki Kojima"]), 10): Object 'Object Repository/lbl_Content' is present

17-01-2025T17:05:34 - [MESSAGE][PASSED] - Object 'Object Repository/lbl_Content' is present

17-01-2025T17:05:34 - [TEST_STEP][PASSED] - verifyElementPresent(findTestObject("lbl_Content", ["text":"President Commissioner"]), 10): Object 'Object Repository/lbl_Content' is present

17-01-2025T17:05:34 - [MESSAGE][PASSED] - Object 'Object Repository/lbl_Content' is present

17-01-2025T17:05:34 - [TEST_STEP][PASSED] - verifyElementPresent(findTestObject("lbl_Content", ["text":"Japan Citizen, born in 1974. He earned Bachelor’s degree from Keio University, Japan, majoring in School of Education in 1986."]), 10): Object 'Object Repository/lbl_Content' is present

17-01-2025T17:05:34 - [MESSAGE][PASSED] - Object 'Object Repository/lbl_Content' is present

17-01-2025T17:05:34 - [TEST_STEP][PASSED] - click(findTestObject("var_Content", ["xpath":"//body[1]/div[1]/main[1]/main[1]/div[2]/div[2]/div[1]/div[2]/div[1]/div[5]/div[1]/div[1]/div[2]/div[2]/button[1]"])): Object: 'Object Repository/var_Content' is clicked on

17-01-2025T17:05:35 - [MESSAGE][PASSED] - Object: 'Object Repository/var_Content' is clicked on

17-01-2025T17:05:35 - [TEST_STEP][PASSED] - verifyElementPresent(findTestObject("lbl_Content", ["text":"He has worked at Mitsui & Co. Ltd., Tokyo, Japan since 1997 and served in several positions under Mitsui Group, among others Executive Director & Chief Operating Officer Bussan Auto Finance India Pvt. Ltd. (2007-2009), Strategy Planning Yamaha Motor India Pvt. Ltd. (2009-2010), Automotive Strategy Department Mitsui & Co., Ltd. (2010-2013), Toyota Motor Corporation, Japan (2013-2015), and General Manager Divisi Third Motor Vehicles Mitsui & Co., Ltd. (2015-2018) General Manager Automotive Solution Business Div.,Mitsui & Co.,Ltd. (2022-present). He also served as Vice President Director of the Company (2018-2022). He is appointed for his first terms of office as President Commissioner of the Company according to Annual GMS of the Company dated May 8, 2023. He has no affiliation with other members of the Board of Commissioners, the members of the Board of Directors and the majority and/or controlling shareholders other than Mitsui & Co., Ltd."]), 10): Object 'Object Repository/lbl_Content' is present

17-01-2025T17:05:35 - [MESSAGE][PASSED] - Object 'Object Repository/lbl_Content' is present

17-01-2025T17:05:35 - [TEST_STEP][PASSED] - click(findTestObject("var_Content", ["xpath":"//body[1]/div[1]/main[1]/main[1]/div[2]/div[2]/div[1]/div[2]/div[1]/div[5]/div[1]/div[1]/div[2]/div[2]/button[1]"])): Object: 'Object Repository/var_Content' is clicked on

17-01-2025T17:05:36 - [MESSAGE][PASSED] - Object: 'Object Repository/var_Content' is clicked on

17-01-2025T17:05:36 - [TEST_STEP][PASSED] - scrollToElement(findTestObject("var_Content", ["xpath":"//body[1]/div[1]/main[1]/main[1]/div[2]/div[2]/div[1]/div[2]/div[1]/div[5]/div[1]/div[1]/div[2]/div[2]/p[1]"]), 10): Scroll to object 'Object Repository/var_Content' successfully

17-01-2025T17:05:36 - [MESSAGE][PASSED] - Scroll to object 'Object Repository/var_Content' successfully

17-01-2025T17:05:36 - [TEST_STEP][PASSED] - verifyElementPresent(findTestObject("img_Content", ["src":"/_next/image?url=%2Fstatic%2Fimages%2Fimage%2FBOC%2FMasami-Shiobara.jpg&w=384&q=75"]), 10): Object 'Object Repository/img_Content' is present

17-01-2025T17:05:36 - [MESSAGE][PASSED] - Object 'Object Repository/img_Content' is present

17-01-2025T17:05:36 - [TEST_STEP][PASSED] - verifyElementPresent(findTestObject("lbl_Content", ["text":"Masami Shiobara"]), 10): Object 'Object Repository/lbl_Content' is present

17-01-2025T17:05:36 - [MESSAGE][PASSED] - Object 'Object Repository/lbl_Content' is present

17-01-2025T17:05:36 - [TEST_STEP][PASSED] - verifyElementPresent(findTestObject("lbl_Content", ["text":"Commissioner"]), 10): Object 'Object Repository/lbl_Content' is present

17-01-2025T17:05:37 - [MESSAGE][PASSED] - Object 'Object Repository/lbl_Content' is present

17-01-2025T17:05:37 - [TEST_STEP][PASSED] - verifyElementPresent(findTestObject("lbl_Content", ["text":"Japan Citizen, Born in 1968. He earned Bachelor’s degree from Meiji University, Japan, majoring in Commerce in 1992."]), 10): Object 'Object Repository/lbl_Content' is present

17-01-2025T17:05:37 - [MESSAGE][PASSED] - Object 'Object Repository/lbl_Content' is present

17-01-2025T17:05:37 - [TEST_STEP][PASSED] - click(findTestObject("var_Content", ["xpath":"//body[1]/div[1]/main[1]/main[1]/div[2]/div[2]/div[1]/div[2]/div[1]/div[5]/div[1]/div[2]/div[2]/div[2]/button[1]"])): Object: 'Object Repository/var_Content' is clicked on

17-01-2025T17:05:37 - [MESSAGE][PASSED] - Object: 'Object Repository/var_Content' is clicked on

17-01-2025T17:05:37 - [TEST_STEP][PASSED] - verifyElementPresent(findTestObject("lbl_Content", ["text":"He has worked at JA Mitsui Leasing, Ltd. (includes Mitsui Leasing & Development, Ltd., a Predecessor company before merger), Tokyo Japan since 1992 and served in several position with the latest position as Deputy General Manager. He has assigned to several positions in JA Mitsui Leasing group among others as General Manager at Taipei branch (2012-2015), Executive Director at Mitsui Rail Capital, LLC (2015-2020), Deputy Divisional Operating Officer Ship & Transportation Division at JA Mitsui Leasing, Ltd. (2020-2023) and Deputy General Manager, Overseas Management Division, General Planning & Strategy Unit (2023 – current). He is appointed for his first terms of office as Commissioner of the Company according to Deed of Circular Resolution of Shareholders as a Member of the Extraordinary General Meeting of Shareholders No. 28 dated September 26, 2023*). He has no affiliation with other members of the Board of Commissioners, the members of the Board of Directors, the majority and/or controlling Shareholders and Shareholders other than JA Mitsui Leasing, Ltd."]), 10): Object 'Object Repository/lbl_Content' is present

17-01-2025T17:05:38 - [MESSAGE][PASSED] - Object 'Object Repository/lbl_Content' is present

17-01-2025T17:05:38 - [TEST_STEP][PASSED] - click(findTestObject("var_Content", ["xpath":"//body[1]/div[1]/main[1]/main[1]/div[2]/div[2]/div[1]/div[2]/div[1]/div[5]/div[1]/div[2]/div[2]/div[2]/button[1]"])): Object: 'Object Repository/var_Content' is clicked on

17-01-2025T17:05:38 - [MESSAGE][PASSED] - Object: 'Object Repository/var_Content' is clicked on

17-01-2025T17:05:38 - [TEST_STEP][PASSED] - scrollToElement(findTestObject("var_Content", ["xpath":"//body[1]/div[1]/main[1]/main[1]/div[2]/div[2]/div[1]/div[2]/div[1]/div[5]/div[1]/div[2]/div[2]/div[2]/p[1]"]), 10): Scroll to object 'Object Repository/var_Content' successfully

17-01-2025T17:05:38 - [MESSAGE][PASSED] - Scroll to object 'Object Repository/var_Content' successfully

17-01-2025T17:05:38 - [TEST_STEP][PASSED] - verifyElementPresent(findTestObject("img_Content", ["src":"/_next/image?url=%2Fstatic%2Fimages%2Fimage%2FBOC%2FNaotaka-Takeshita.png&w=384&q=75"]), 10, STOP_ON_FAILURE): Object 'Object Repository/img_Content' is present

17-01-2025T17:05:39 - [MESSAGE][PASSED] - Object 'Object Repository/img_Content' is present

17-01-2025T17:05:39 - [TEST_STEP][PASSED] - verifyElementPresent(findTestObject("lbl_Content", ["text":"Naotaka Takeshita"]), 10, STOP_ON_FAILURE): Object 'Object Repository/lbl_Content' is present

17-01-2025T17:05:39 - [MESSAGE][PASSED] - Object 'Object Repository/lbl_Content' is present

17-01-2025T17:05:39 - [TEST_STEP][PASSED] - verifyElementPresent(findTestObject("lbl_Content", ["text":"Commissioner"]), 10, STOP_ON_FAILURE): Object 'Object Repository/lbl_Content' is present

17-01-2025T17:05:39 - [MESSAGE][PASSED] - Object 'Object Repository/lbl_Content' is present

17-01-2025T17:05:39 - [TEST_STEP][PASSED] - verifyElementPresent(findTestObject("lbl_Content", ["text":"Japan Citizen, Born in 1967. He earned Bachelor’s degree from Nagoya University, Japan, majoring in Education in 1990."]), 10, STOP_ON_FAILURE): Object 'Object Repository/lbl_Content' is present

17-01-2025T17:05:39 - [MESSAGE][PASSED] - Object 'Object Repository/lbl_Content' is present

17-01-2025T17:05:39 - [TEST_STEP][PASSED] - click(findTestObject("var_Content", ["xpath":"//body[1]/div[1]/main[1]/main[1]/div[2]/div[2]/div[1]/div[2]/div[1]/div[5]/div[1]/div[3]/div[2]/div[2]/button[1]"]), STOP_ON_FAILURE): Object: 'Object Repository/var_Content' is clicked on

17-01-2025T17:05:40 - [MESSAGE][PASSED] - Object: 'Object Repository/var_Content' is clicked on

17-01-2025T17:05:40 - [TEST_STEP][PASSED] - verifyElementPresent(findTestObject("var_Content", ["xpath":"//body[1]/div[1]/main[1]/main[1]/div[2]/div[2]/div[1]/div[2]/div[1]/div[5]/div[1]/div[3]/div[2]/div[2]/p[2]"]), 10, STOP_ON_FAILURE): Object 'Object Repository/var_Content' is present

17-01-2025T17:05:40 - [MESSAGE][PASSED] - Object 'Object Repository/var_Content' is present

17-01-2025T17:05:40 - [TEST_STEP][PASSED] - click(findTestObject("var_Content", ["xpath":"//body[1]/div[1]/main[1]/main[1]/div[2]/div[2]/div[1]/div[2]/div[1]/div[5]/div[1]/div[3]/div[2]/div[2]/button[1]"]), STOP_ON_FAILURE): Object: 'Object Repository/var_Content' is clicked on

17-01-2025T17:05:40 - [MESSAGE][PASSED] - Object: 'Object Repository/var_Content' is clicked on

17-01-2025T17:05:40 - [TEST_STEP][PASSED] - scrollToElement(findTestObject("var_Content", ["xpath":"//body[1]/div[1]/main[1]/main[1]/div[2]/div[2]/div[1]/div[2]/div[1]/div[5]/div[1]/div[3]/div[2]/div[2]/p[1]"]), 10): Scroll to object 'Object Repository/var_Content' successfully

17-01-2025T17:05:41 - [MESSAGE][PASSED] - Scroll to object 'Object Repository/var_Content' successfully

17-01-2025T17:05:41 - [TEST_STEP][PASSED] - verifyElementPresent(findTestObject("img_Content", ["src":"/_next/image?url=%2Fstatic%2Fimages%2Fimage%2FBOC%2FDani-Firmansyah.png&w=384&q=75"]), 10, STOP_ON_FAILURE): Object 'Object Repository/img_Content' is present

17-01-2025T17:05:41 - [MESSAGE][PASSED] - Object 'Object Repository/img_Content' is present

17-01-2025T17:05:41 - [TEST_STEP][PASSED] - verifyElementPresent(findTestObject("lbl_Content", ["text":"Dani Firmansjah"]), 10, STOP_ON_FAILURE): Object 'Object Repository/lbl_Content' is present

17-01-2025T17:05:41 - [MESSAGE][PASSED] - Object 'Object Repository/lbl_Content' is present

17-01-2025T17:05:41 - [TEST_STEP][PASSED] - verifyElementPresent(findTestObject("lbl_Content", ["text":"Independent Commissioner"]), 10, STOP_ON_FAILURE): Object 'Object Repository/lbl_Content' is present

17-01-2025T17:05:42 - [MESSAGE][PASSED] - Object 'Object Repository/lbl_Content' is present

17-01-2025T17:05:42 - [TEST_STEP][PASSED] - verifyElementPresent(findTestObject("lbl_Content", ["text":"Indonesian Citizen, born in 1954. He earned master’s degree from Asian Institute of Management Philippines, Philippines Majoring Management in 1994."]), 10, STOP_ON_FAILURE): Object 'Object Repository/lbl_Content' is present

17-01-2025T17:05:42 - [MESSAGE][PASSED] - Object 'Object Repository/lbl_Content' is present

17-01-2025T17:05:42 - [TEST_STEP][PASSED] - click(findTestObject("var_Content", ["xpath":"//body[1]/div[1]/main[1]/main[1]/div[2]/div[2]/div[1]/div[2]/div[1]/div[5]/div[1]/div[4]/div[2]/div[2]/button[1]"]), STOP_ON_FAILURE): Object: 'Object Repository/var_Content' is clicked on

17-01-2025T17:05:42 - [MESSAGE][PASSED] - Object: 'Object Repository/var_Content' is clicked on

17-01-2025T17:05:42 - [TEST_STEP][PASSED] - verifyElementPresent(findTestObject("var_Content", ["xpath":"//body[1]/div[1]/main[1]/main[1]/div[2]/div[2]/div[1]/div[2]/div[1]/div[5]/div[1]/div[4]/div[2]/div[2]/p[2]"]), 10, STOP_ON_FAILURE): Object 'Object Repository/var_Content' is present

17-01-2025T17:05:43 - [MESSAGE][PASSED] - Object 'Object Repository/var_Content' is present

17-01-2025T17:05:43 - [TEST_STEP][PASSED] - click(findTestObject("var_Content", ["xpath":"//body[1]/div[1]/main[1]/main[1]/div[2]/div[2]/div[1]/div[2]/div[1]/div[5]/div[1]/div[4]/div[2]/div[2]/button[1]"]), STOP_ON_FAILURE): Object: 'Object Repository/var_Content' is clicked on

17-01-2025T17:05:43 - [MESSAGE][PASSED] - Object: 'Object Repository/var_Content' is clicked on

17-01-2025T17:05:43 - [TEST_STEP][PASSED] - scrollToElement(findTestObject("var_Content", ["xpath":"//body[1]/div[1]/main[1]/main[1]/div[2]/div[2]/div[1]/div[2]/div[1]/div[5]/div[1]/div[4]/div[2]/div[2]/p[1]"]), 10): Scroll to object 'Object Repository/var_Content' successfully

17-01-2025T17:05:43 - [MESSAGE][PASSED] - Scroll to object 'Object Repository/var_Content' successfully

17-01-2025T17:05:43 - [TEST_STEP][PASSED] - verifyElementPresent(findTestObject("img_Content", ["src":"/_next/image?url=%2Fstatic%2Fimages%2Fimage%2FBOC%2FPrabowo.png&w=384&q=75"]), 10, STOP_ON_FAILURE): Object 'Object Repository/img_Content' is present

17-01-2025T17:05:44 - [MESSAGE][PASSED] - Object 'Object Repository/img_Content' is present

17-01-2025T17:05:44 - [TEST_STEP][PASSED] - verifyElementPresent(findTestObject("lbl_Content", ["text":"Prabowo"]), 10, STOP_ON_FAILURE): Object 'Object Repository/lbl_Content' is present

17-01-2025T17:05:44 - [MESSAGE][PASSED] - Object 'Object Repository/lbl_Content' is present

17-01-2025T17:05:44 - [TEST_STEP][PASSED] - verifyElementPresent(findTestObject("lbl_Content", ["text":"Independent Commissioner"]), 10, STOP_ON_FAILURE): Object 'Object Repository/lbl_Content' is present

17-01-2025T17:05:44 - [MESSAGE][PASSED] - Object 'Object Repository/lbl_Content' is present

17-01-2025T17:05:44 - [TEST_STEP][PASSED] - verifyElementPresent(findTestObject("lbl_Content", ["text":"Indonesian Citizen, born in 1961. He earned Doctorate Degree from Institut Pertanian Bogor in 2012."]), 10, STOP_ON_FAILURE): Object 'Object Repository/lbl_Content' is present

17-01-2025T17:05:44 - [MESSAGE][PASSED] - Object 'Object Repository/lbl_Content' is present

17-01-2025T17:05:44 - [TEST_STEP][PASSED] - click(findTestObject("var_Content", ["xpath":"//body[1]/div[1]/main[1]/main[1]/div[2]/div[2]/div[1]/div[2]/div[1]/div[5]/div[1]/div[5]/div[2]/div[2]/button[1]"]), STOP_ON_FAILURE): Object: 'Object Repository/var_Content' is clicked on

17-01-2025T17:05:45 - [MESSAGE][PASSED] - Object: 'Object Repository/var_Content' is clicked on

17-01-2025T17:05:45 - [TEST_STEP][PASSED] - verifyElementPresent(findTestObject("var_Content", ["xpath":"//body[1]/div[1]/main[1]/main[1]/div[2]/div[2]/div[1]/div[2]/div[1]/div[5]/div[1]/div[5]/div[2]/div[2]/p[2]"]), 10, STOP_ON_FAILURE): Object 'Object Repository/var_Content' is present

17-01-2025T17:05:45 - [MESSAGE][PASSED] - Object 'Object Repository/var_Content' is present

17-01-2025T17:05:45 - [TEST_STEP][PASSED] - click(findTestObject("var_Content", ["xpath":"//body[1]/div[1]/main[1]/main[1]/div[2]/div[2]/div[1]/div[2]/div[1]/div[5]/div[1]/div[5]/div[2]/div[2]/button[1]"]), STOP_ON_FAILURE): Object: 'Object Repository/var_Content' is clicked on

17-01-2025T17:05:45 - [MESSAGE][PASSED] - Object: 'Object Repository/var_Content' is clicked on

17-01-2025T17:05:45 - [TEST_STEP][PASSED] - scrollToElement(findTestObject("var_Content", ["xpath":"//body[1]/div[1]/main[1]/main[1]/div[2]/div[2]/div[1]/div[2]/div[1]/div[5]/div[1]/div[5]/div[2]/div[2]/p[1]"]), 10): Scroll to object 'Object Repository/var_Content' successfully

17-01-2025T17:05:46 - [MESSAGE][PASSED] - Scroll to object 'Object Repository/var_Content' successfully

17-01-2025T17:05:46 - [TEST_STEP][PASSED] - verifyElementPresent(findTestObject("img_Content", ["src":"/_next/image?url=%2Fstatic%2Fimages%2Fimage%2FBOC%2FNurdayadi.png&w=384&q=75"]), 10, STOP_ON_FAILURE): Object 'Object Repository/img_Content' is present

17-01-2025T17:05:46 - [MESSAGE][PASSED] - Object 'Object Repository/img_Content' is present

17-01-2025T17:05:46 - [TEST_STEP][PASSED] - verifyElementPresent(findTestObject("lbl_Content", ["text":"Nurdayadi"]), 10, STOP_ON_FAILURE): Object 'Object Repository/lbl_Content' is present

17-01-2025T17:05:46 - [MESSAGE][PASSED] - Object 'Object Repository/lbl_Content' is present

17-01-2025T17:05:46 - [TEST_STEP][PASSED] - verifyElementPresent(findTestObject("lbl_Content", ["text":"Independent Commissioner"]), 10, STOP_ON_FAILURE): Object 'Object Repository/lbl_Content' is present

17-01-2025T17:05:46 - [MESSAGE][PASSED] - Object 'Object Repository/lbl_Content' is present

17-01-2025T17:05:46 - [TEST_STEP][PASSED] - verifyElementPresent(findTestObject("lbl_Content", ["text":"Indonesian Citizen, born in 1961. He earned master’s degree from The University of Brimingham, England, in 1989."]), 10, STOP_ON_FAILURE): Object 'Object Repository/lbl_Content' is present

17-01-2025T17:05:47 - [MESSAGE][PASSED] - Object 'Object Repository/lbl_Content' is present

17-01-2025T17:05:47 - [TEST_STEP][PASSED] - click(findTestObject("var_Content", ["xpath":"//body[1]/div[1]/main[1]/main[1]/div[2]/div[2]/div[1]/div[2]/div[1]/div[5]/div[1]/div[6]/div[2]/div[2]/button[1]"]), STOP_ON_FAILURE): Object: 'Object Repository/var_Content' is clicked on

17-01-2025T17:05:47 - [MESSAGE][PASSED] - Object: 'Object Repository/var_Content' is clicked on

17-01-2025T17:05:47 - [TEST_STEP][PASSED] - verifyElementPresent(findTestObject("var_Content", ["xpath":"//body[1]/div[1]/main[1]/main[1]/div[2]/div[2]/div[1]/div[2]/div[1]/div[5]/div[1]/div[6]/div[2]/div[2]/p[2]"]), 10, STOP_ON_FAILURE): Object 'Object Repository/var_Content' is present

17-01-2025T17:05:47 - [MESSAGE][PASSED] - Object 'Object Repository/var_Content' is present

17-01-2025T17:05:47 - [TEST_STEP][PASSED] - click(findTestObject("var_Content", ["xpath":"//body[1]/div[1]/main[1]/main[1]/div[2]/div[2]/div[1]/div[2]/div[1]/div[5]/div[1]/div[6]/div[2]/div[2]/button[1]"]), STOP_ON_FAILURE): Object: 'Object Repository/var_Content' is clicked on

17-01-2025T17:05:48 - [MESSAGE][PASSED] - Object: 'Object Repository/var_Content' is clicked on

17-01-2025T17:05:48 - [TEST_STEP][PASSED] - focus(findTestObject("var_Content", ["xpath":"//body[1]/div[1]/main[1]/main[1]/div[2]/div[1]/div[2]"]), STOP_ON_FAILURE): Object: 'Object Repository/var_Content' is focused

17-01-2025T17:05:48 - [MESSAGE][PASSED] - Object: 'Object Repository/var_Content' is focused

17-01-2025T17:05:48 - [TEST_STEP][PASSED] - click(findTestObject("link_Content", ["href":"#", "text":"BOARD OF DIRECTORS"])): Object: 'Object Repository/link_Content' is clicked on

17-01-2025T17:05:49 - [MESSAGE][PASSED] - Object: 'Object Repository/link_Content' is clicked on

17-01-2025T17:05:49 - [TEST_STEP][PASSED] - scrollToElement(findTestObject("var_Content", ["xpath":"//body[1]/div[1]/main[1]/main[1]/div[1]/div[1]/ol[1]"]), 10): Scroll to object 'Object Repository/var_Content' successfully

17-01-2025T17:05:50 - [MESSAGE][PASSED] - Scroll to object 'Object Repository/var_Content' successfully

17-01-2025T17:05:50 - [TEST_STEP][PASSED] - verifyElementPresent(findTestObject("img_Content", ["src":"/_next/image?url=%2Fstatic%2Fimages%2Fimage%2FBOD%2FLynn-Ramli.png&w=384&q=75"]), 10): Object 'Object Repository/img_Content' is present

17-01-2025T17:05:50 - [MESSAGE][PASSED] - Object 'Object Repository/img_Content' is present

17-01-2025T17:05:50 - [TEST_STEP][PASSED] - verifyElementPresent(findTestObject("lbl_Content", ["text":"Lynn Ramli"]), 10): Object 'Object Repository/lbl_Content' is present

17-01-2025T17:05:50 - [MESSAGE][PASSED] - Object 'Object Repository/lbl_Content' is present

17-01-2025T17:05:50 - [TEST_STEP][PASSED] - verifyElementPresent(findTestObject("lbl_Content", ["text":"President Director"]), 10): Object 'Object Repository/lbl_Content' is present

17-01-2025T17:05:51 - [MESSAGE][PASSED] - Object 'Object Repository/lbl_Content' is present

17-01-2025T17:05:51 - [TEST_STEP][PASSED] - verifyElementPresent(findTestObject("lbl_Content", ["text":"Indonesian citizen, born in 1973. She earned a Bachelor of Administration from the University of Washington, USA in 1993 and a Master of Business Administration from the University of San Francisco, USA in 1994."]), 10): Object 'Object Repository/lbl_Content' is present

17-01-2025T17:05:51 - [MESSAGE][PASSED] - Object 'Object Repository/lbl_Content' is present

17-01-2025T17:05:51 - [TEST_STEP][PASSED] - click(findTestObject("var_Content", ["xpath":"//body[1]/div[1]/main[1]/main[1]/div[2]/div[2]/div[1]/div[2]/div[1]/div[6]/div[1]/div[1]/div[2]/div[2]/button[1]"])): Object: 'Object Repository/var_Content' is clicked on

17-01-2025T17:05:51 - [MESSAGE][PASSED] - Object: 'Object Repository/var_Content' is clicked on

17-01-2025T17:05:51 - [TEST_STEP][PASSED] - verifyElementPresent(findTestObject("var_Content", ["xpath":"//body[1]/div[1]/main[1]/main[1]/div[2]/div[2]/div[1]/div[2]/div[1]/div[6]/div[1]/div[1]/div[2]/div[2]/p[2]"]), 10): Object 'Object Repository/var_Content' is present

17-01-2025T17:05:51 - [MESSAGE][PASSED] - Object 'Object Repository/var_Content' is present

17-01-2025T17:05:51 - [TEST_STEP][PASSED] - click(findTestObject("var_Content", ["xpath":"//body[1]/div[1]/main[1]/main[1]/div[2]/div[2]/div[1]/div[2]/div[1]/div[6]/div[1]/div[1]/div[2]/div[2]/button[1]"])): Object: 'Object Repository/var_Content' is clicked on

17-01-2025T17:05:52 - [MESSAGE][PASSED] - Object: 'Object Repository/var_Content' is clicked on

17-01-2025T17:05:52 - [TEST_STEP][PASSED] - scrollToElement(findTestObject("var_Content", ["xpath":"//body[1]/div[1]/main[1]/main[1]/div[2]/div[2]/div[1]/div[2]/div[1]/div[6]/div[1]/div[1]/div[2]/div[2]/p[1]"]), 10): Scroll to object 'Object Repository/var_Content' successfully

17-01-2025T17:05:52 - [MESSAGE][PASSED] - Scroll to object 'Object Repository/var_Content' successfully

17-01-2025T17:05:52 - [TEST_STEP][PASSED] - verifyElementPresent(findTestObject("img_Content", ["src":"/_next/image?url=%2Fstatic%2Fimages%2Fimage%2FBOD%2FAkira-Sugai.png&w=384&q=75"]), 10): Object 'Object Repository/img_Content' is present

17-01-2025T17:05:52 - [MESSAGE][PASSED] - Object 'Object Repository/img_Content' is present

17-01-2025T17:05:52 - [TEST_STEP][PASSED] - verifyElementPresent(findTestObject("lbl_Content", ["text":"Akira Sugai"]), 10): Object 'Object Repository/lbl_Content' is present

17-01-2025T17:05:53 - [MESSAGE][PASSED] - Object 'Object Repository/lbl_Content' is present

17-01-2025T17:05:53 - [TEST_STEP][PASSED] - verifyElementPresent(findTestObject("lbl_Content", ["text":"Vice President Director"]), 10): Object 'Object Repository/lbl_Content' is present

17-01-2025T17:05:53 - [MESSAGE][PASSED] - Object 'Object Repository/lbl_Content' is present

17-01-2025T17:05:53 - [TEST_STEP][PASSED] - verifyElementPresent(findTestObject("lbl_Content", ["text":"Japan Citizen, born in 1969. He earned bachelor’s degree of Kyoto University, Japan majoring Economics in 1993."]), 10): Object 'Object Repository/lbl_Content' is present

17-01-2025T17:05:53 - [MESSAGE][PASSED] - Object 'Object Repository/lbl_Content' is present

17-01-2025T17:05:53 - [TEST_STEP][PASSED] - click(findTestObject("var_Content", ["xpath":"//body[1]/div[1]/main[1]/main[1]/div[2]/div[2]/div[1]/div[2]/div[1]/div[6]/div[1]/div[2]/div[2]/div[2]/button[1]"])): Object: 'Object Repository/var_Content' is clicked on

17-01-2025T17:05:54 - [MESSAGE][PASSED] - Object: 'Object Repository/var_Content' is clicked on

17-01-2025T17:05:54 - [TEST_STEP][PASSED] - verifyElementPresent(findTestObject("var_Content", ["xpath":"//body[1]/div[1]/main[1]/main[1]/div[2]/div[2]/div[1]/div[2]/div[1]/div[6]/div[1]/div[2]/div[2]/div[2]/p[2]"]), 10): Object 'Object Repository/var_Content' is present

17-01-2025T17:05:54 - [MESSAGE][PASSED] - Object 'Object Repository/var_Content' is present

17-01-2025T17:05:54 - [TEST_STEP][PASSED] - click(findTestObject("var_Content", ["xpath":"//body[1]/div[1]/main[1]/main[1]/div[2]/div[2]/div[1]/div[2]/div[1]/div[6]/div[1]/div[2]/div[2]/div[2]/button[1]"])): Object: 'Object Repository/var_Content' is clicked on

17-01-2025T17:05:54 - [MESSAGE][PASSED] - Object: 'Object Repository/var_Content' is clicked on

17-01-2025T17:05:54 - [TEST_STEP][PASSED] - scrollToElement(findTestObject("var_Content", ["xpath":"//body[1]/div[1]/main[1]/main[1]/div[2]/div[2]/div[1]/div[2]/div[1]/div[6]/div[1]/div[2]/div[2]/div[2]/p[1]"]), 10): Scroll to object 'Object Repository/var_Content' successfully

17-01-2025T17:05:55 - [MESSAGE][PASSED] - Scroll to object 'Object Repository/var_Content' successfully

17-01-2025T17:05:55 - [TEST_STEP][PASSED] - verifyElementPresent(findTestObject("img_Content", ["src":"/_next/image?url=%2Fstatic%2Fimages%2Fimage%2FBOD%2FKoji-Kato.png&w=384&q=75"]), 10, STOP_ON_FAILURE): Object 'Object Repository/img_Content' is present

17-01-2025T17:05:55 - [MESSAGE][PASSED] - Object 'Object Repository/img_Content' is present

17-01-2025T17:05:55 - [TEST_STEP][PASSED] - verifyElementPresent(findTestObject("lbl_Content", ["text":"Koji Kato"]), 10, STOP_ON_FAILURE): Object 'Object Repository/lbl_Content' is present

17-01-2025T17:05:55 - [MESSAGE][PASSED] - Object 'Object Repository/lbl_Content' is present

17-01-2025T17:05:55 - [TEST_STEP][PASSED] - verifyElementPresent(findTestObject("lbl_Content", ["text":"Vice President Director"]), 10, STOP_ON_FAILURE): Object 'Object Repository/lbl_Content' is present

17-01-2025T17:05:55 - [MESSAGE][PASSED] - Object 'Object Repository/lbl_Content' is present

17-01-2025T17:05:55 - [TEST_STEP][PASSED] - verifyElementPresent(findTestObject("lbl_Content", ["text":"Japan Citizen, born in 1972. He earned Bachelor’s degree from University of Tokyo, majoring in Information and Communication Engineering in 1997."]), 10, STOP_ON_FAILURE): Object 'Object Repository/lbl_Content' is present

17-01-2025T17:05:56 - [MESSAGE][PASSED] - Object 'Object Repository/lbl_Content' is present

17-01-2025T17:05:56 - [TEST_STEP][PASSED] - click(findTestObject("var_Content", ["xpath":"//body[1]/div[1]/main[1]/main[1]/div[2]/div[2]/div[1]/div[2]/div[1]/div[6]/div[1]/div[3]/div[2]/div[2]/button[1]"]), STOP_ON_FAILURE): Object: 'Object Repository/var_Content' is clicked on

17-01-2025T17:05:56 - [MESSAGE][PASSED] - Object: 'Object Repository/var_Content' is clicked on

17-01-2025T17:05:56 - [TEST_STEP][PASSED] - verifyElementPresent(findTestObject("var_Content", ["xpath":"//body[1]/div[1]/main[1]/main[1]/div[2]/div[2]/div[1]/div[2]/div[1]/div[6]/div[1]/div[3]/div[2]/div[2]/p[2]"]), 10, STOP_ON_FAILURE): Object 'Object Repository/var_Content' is present

17-01-2025T17:05:56 - [MESSAGE][PASSED] - Object 'Object Repository/var_Content' is present

17-01-2025T17:05:56 - [TEST_STEP][PASSED] - click(findTestObject("var_Content", ["xpath":"//body[1]/div[1]/main[1]/main[1]/div[2]/div[2]/div[1]/div[2]/div[1]/div[6]/div[1]/div[3]/div[2]/div[2]/button[1]"]), STOP_ON_FAILURE): Object: 'Object Repository/var_Content' is clicked on

17-01-2025T17:05:57 - [MESSAGE][PASSED] - Object: 'Object Repository/var_Content' is clicked on

17-01-2025T17:05:57 - [TEST_STEP][PASSED] - scrollToElement(findTestObject("var_Content", ["xpath":"//body[1]/div[1]/main[1]/main[1]/div[2]/div[2]/div[1]/div[2]/div[1]/div[6]/div[1]/div[3]/div[2]/div[2]/p[1]"]), 10): Scroll to object 'Object Repository/var_Content' successfully

17-01-2025T17:05:57 - [MESSAGE][PASSED] - Scroll to object 'Object Repository/var_Content' successfully

17-01-2025T17:05:57 - [TEST_STEP][PASSED] - verifyElementPresent(findTestObject("img_Content", ["src":"/_next/image?url=%2Fstatic%2Fimages%2Fimage%2FBOD%2FSigit-Sembodo.png&w=384&q=75"]), 10, STOP_ON_FAILURE): Object 'Object Repository/img_Content' is present

17-01-2025T17:05:57 - [MESSAGE][PASSED] - Object 'Object Repository/img_Content' is present

17-01-2025T17:05:57 - [TEST_STEP][PASSED] - verifyElementPresent(findTestObject("lbl_Content", ["text":"Sigit Sembodo"]), 10, STOP_ON_FAILURE): Object 'Object Repository/lbl_Content' is present

17-01-2025T17:05:58 - [MESSAGE][PASSED] - Object 'Object Repository/lbl_Content' is present

17-01-2025T17:05:58 - [TEST_STEP][PASSED] - verifyElementPresent(findTestObject("lbl_Content", ["text":"Director"]), 10, STOP_ON_FAILURE): Object 'Object Repository/lbl_Content' is present

17-01-2025T17:05:58 - [MESSAGE][PASSED] - Object 'Object Repository/lbl_Content' is present

17-01-2025T17:05:58 - [TEST_STEP][PASSED] - verifyElementPresent(findTestObject("lbl_Content", ["text":"Indonesian Citizen, born in 1964. He earned bachelor’s degree from Universitas Indonesia majoring accounting in 1990 and master’s degree from Universitas Indonesia majoring management in 1992."]), 10, STOP_ON_FAILURE): Object 'Object Repository/lbl_Content' is present

17-01-2025T17:05:58 - [MESSAGE][PASSED] - Object 'Object Repository/lbl_Content' is present

17-01-2025T17:05:58 - [TEST_STEP][PASSED] - click(findTestObject("var_Content", ["xpath":"//body[1]/div[1]/main[1]/main[1]/div[2]/div[2]/div[1]/div[2]/div[1]/div[6]/div[1]/div[4]/div[2]/div[2]/button[1]"]), STOP_ON_FAILURE): Object: 'Object Repository/var_Content' is clicked on

17-01-2025T17:05:58 - [MESSAGE][PASSED] - Object: 'Object Repository/var_Content' is clicked on

17-01-2025T17:05:58 - [TEST_STEP][PASSED] - verifyElementPresent(findTestObject("var_Content", ["xpath":"//body[1]/div[1]/main[1]/main[1]/div[2]/div[2]/div[1]/div[2]/div[1]/div[6]/div[1]/div[4]/div[2]/div[2]/p[2]"]), 10, STOP_ON_FAILURE): Object 'Object Repository/var_Content' is present

17-01-2025T17:05:59 - [MESSAGE][PASSED] - Object 'Object Repository/var_Content' is present

17-01-2025T17:05:59 - [TEST_STEP][PASSED] - click(findTestObject("var_Content", ["xpath":"//body[1]/div[1]/main[1]/main[1]/div[2]/div[2]/div[1]/div[2]/div[1]/div[6]/div[1]/div[4]/div[2]/div[2]/button[1]"]), STOP_ON_FAILURE): Object: 'Object Repository/var_Content' is clicked on

17-01-2025T17:05:59 - [MESSAGE][PASSED] - Object: 'Object Repository/var_Content' is clicked on

17-01-2025T17:05:59 - [TEST_STEP][PASSED] - scrollToElement(findTestObject("var_Content", ["xpath":"//body[1]/div[1]/main[1]/main[1]/div[2]/div[2]/div[1]/div[2]/div[1]/div[6]/div[1]/div[4]/div[2]/div[2]/p[1]"]), 10): Scroll to object 'Object Repository/var_Content' successfully

17-01-2025T17:05:59 - [MESSAGE][PASSED] - Scroll to object 'Object Repository/var_Content' successfully

17-01-2025T17:05:59 - [TEST_STEP][PASSED] - verifyElementPresent(findTestObject("img_Content", ["src":"/_next/image?url=%2Fstatic%2Fimages%2Fimage%2FBOD%2FAlung-Ng.png&w=384&q=75"]), 10, STOP_ON_FAILURE): Object 'Object Repository/img_Content' is present

17-01-2025T17:06:00 - [MESSAGE][PASSED] - Object 'Object Repository/img_Content' is present

17-01-2025T17:06:00 - [TEST_STEP][PASSED] - verifyElementPresent(findTestObject("lbl_Content", ["text":"A Lung Ng"]), 10, STOP_ON_FAILURE): Object 'Object Repository/lbl_Content' is present

17-01-2025T17:06:00 - [MESSAGE][PASSED] - Object 'Object Repository/lbl_Content' is present

17-01-2025T17:06:00 - [TEST_STEP][PASSED] - verifyElementPresent(findTestObject("lbl_Content", ["text":"Director"]), 10, STOP_ON_FAILURE): Object 'Object Repository/lbl_Content' is present

17-01-2025T17:06:00 - [MESSAGE][PASSED] - Object 'Object Repository/lbl_Content' is present

17-01-2025T17:06:00 - [TEST_STEP][PASSED] - verifyElementPresent(findTestObject("lbl_Content", ["text":"Indonesian Citizen, born in 1971. He earned bachelor’s degree from Universitas Tarumanagara majoring management in 1990."]), 10, STOP_ON_FAILURE): Object 'Object Repository/lbl_Content' is present

17-01-2025T17:06:00 - [MESSAGE][PASSED] - Object 'Object Repository/lbl_Content' is present

17-01-2025T17:06:00 - [TEST_STEP][PASSED] - click(findTestObject("var_Content", ["xpath":"//body[1]/div[1]/main[1]/main[1]/div[2]/div[2]/div[1]/div[2]/div[1]/div[6]/div[1]/div[5]/div[2]/div[2]/button[1]"]), STOP_ON_FAILURE): Object: 'Object Repository/var_Content' is clicked on

17-01-2025T17:06:01 - [MESSAGE][PASSED] - Object: 'Object Repository/var_Content' is clicked on

17-01-2025T17:06:01 - [TEST_STEP][PASSED] - verifyElementPresent(findTestObject("var_Content", ["xpath":"//body[1]/div[1]/main[1]/main[1]/div[2]/div[2]/div[1]/div[2]/div[1]/div[6]/div[1]/div[5]/div[2]/div[2]/p[2]"]), 10, STOP_ON_FAILURE): Object 'Object Repository/var_Content' is present

17-01-2025T17:06:01 - [MESSAGE][PASSED] - Object 'Object Repository/var_Content' is present

17-01-2025T17:06:01 - [TEST_STEP][PASSED] - click(findTestObject("var_Content", ["xpath":"//body[1]/div[1]/main[1]/main[1]/div[2]/div[2]/div[1]/div[2]/div[1]/div[6]/div[1]/div[5]/div[2]/div[2]/button[1]"]), STOP_ON_FAILURE): Object: 'Object Repository/var_Content' is clicked on

17-01-2025T17:06:02 - [MESSAGE][PASSED] - Object: 'Object Repository/var_Content' is clicked on

17-01-2025T17:06:02 - [TEST_STEP][PASSED] - scrollToElement(findTestObject("var_Content", ["xpath":"//body[1]/div[1]/main[1]/main[1]/div[2]/div[2]/div[1]/div[2]/div[1]/div[6]/div[1]/div[5]/div[2]/div[2]/p[1]"]), 10): Scroll to object 'Object Repository/var_Content' successfully

17-01-2025T17:06:02 - [MESSAGE][PASSED] - Scroll to object 'Object Repository/var_Content' successfully

17-01-2025T17:06:02 - [TEST_STEP][PASSED] - verifyElementPresent(findTestObject("img_Content", ["src":"/_next/image?url=%2Fstatic%2Fimages%2Fimage%2FBOD%2FYudono.png&w=384&q=75"]), 10, STOP_ON_FAILURE): Object 'Object Repository/img_Content' is present

17-01-2025T17:06:02 - [MESSAGE][PASSED] - Object 'Object Repository/img_Content' is present

17-01-2025T17:06:02 - [TEST_STEP][PASSED] - verifyElementPresent(findTestObject("lbl_Content", ["text":"Yudono Chayadi"]), 10, STOP_ON_FAILURE): Object 'Object Repository/lbl_Content' is present

17-01-2025T17:06:02 - [MESSAGE][PASSED] - Object 'Object Repository/lbl_Content' is present

17-01-2025T17:06:02 - [TEST_STEP][PASSED] - verifyElementPresent(findTestObject("lbl_Content", ["text":"Director"]), 10, STOP_ON_FAILURE): Object 'Object Repository/lbl_Content' is present

17-01-2025T17:06:03 - [MESSAGE][PASSED] - Object 'Object Repository/lbl_Content' is present

17-01-2025T17:06:03 - [TEST_STEP][PASSED] - verifyElementPresent(findTestObject("lbl_Content", ["text":"Indonesian citizen, 41 year. He earned his Bachelor’s degree majoring Computer Science from Bina Nusantara University in 1999."]), 10, STOP_ON_FAILURE): Object 'Object Repository/lbl_Content' is present

17-01-2025T17:06:03 - [MESSAGE][PASSED] - Object 'Object Repository/lbl_Content' is present

17-01-2025T17:06:03 - [TEST_STEP][PASSED] - click(findTestObject("var_Content", ["xpath":"//body[1]/div[1]/main[1]/main[1]/div[2]/div[2]/div[1]/div[2]/div[1]/div[6]/div[1]/div[6]/div[2]/div[2]/button[1]"]), STOP_ON_FAILURE): Object: 'Object Repository/var_Content' is clicked on

17-01-2025T17:06:03 - [MESSAGE][PASSED] - Object: 'Object Repository/var_Content' is clicked on

17-01-2025T17:06:03 - [TEST_STEP][PASSED] - verifyElementPresent(findTestObject("var_Content", ["xpath":"//body[1]/div[1]/main[1]/main[1]/div[2]/div[2]/div[1]/div[2]/div[1]/div[6]/div[1]/div[6]/div[2]/div[2]/p[2]"]), 10, STOP_ON_FAILURE): Object 'Object Repository/var_Content' is present

17-01-2025T17:06:04 - [MESSAGE][PASSED] - Object 'Object Repository/var_Content' is present

17-01-2025T17:06:04 - [TEST_STEP][PASSED] - click(findTestObject("var_Content", ["xpath":"//body[1]/div[1]/main[1]/main[1]/div[2]/div[2]/div[1]/div[2]/div[1]/div[6]/div[1]/div[6]/div[2]/div[2]/button[1]"]), STOP_ON_FAILURE): Object: 'Object Repository/var_Content' is clicked on

17-01-2025T17:06:04 - [MESSAGE][PASSED] - Object: 'Object Repository/var_Content' is clicked on

17-01-2025T17:06:04 - [TEST_STEP][PASSED] - focus(findTestObject("var_Content", ["xpath":"//body[1]/div[1]/main[1]/main[1]/div[2]/div[1]/div[2]"]), STOP_ON_FAILURE): Object: 'Object Repository/var_Content' is focused

17-01-2025T17:06:04 - [MESSAGE][PASSED] - Object: 'Object Repository/var_Content' is focused

17-01-2025T17:06:04 - [TEST_STEP][PASSED] - click(findTestObject("link_Content", ["href":"#", "text":"ACHIEVEMENTS"])): Object: 'Object Repository/link_Content' is clicked on

17-01-2025T17:06:05 - [MESSAGE][PASSED] - Object: 'Object Repository/link_Content' is clicked on

17-01-2025T17:06:05 - [TEST_STEP][PASSED] - scrollToElement(findTestObject("var_Content", ["xpath":"//body[1]/div[1]/main[1]/main[1]/div[1]/div[1]/ol[1]"]), 10): Scroll to object 'Object Repository/var_Content' successfully

17-01-2025T17:06:06 - [MESSAGE][PASSED] - Scroll to object 'Object Repository/var_Content' successfully

17-01-2025T17:06:06 - [TEST_STEP][PASSED] - verifyElementPresent(findTestObject("var_Content", ["xpath":"//body[1]/div[1]/main[1]/main[1]/div[2]/div[2]/div[1]/div[2]/div[1]/div[7]/div[1]/div[2]/div[1]/div[1]"]), 10): Object 'Object Repository/var_Content' is present

17-01-2025T17:06:06 - [MESSAGE][PASSED] - Object 'Object Repository/var_Content' is present

17-01-2025T17:06:06 - [TEST_STEP][PASSED] - verifyElementPresent(findTestObject("var_Content", ["xpath":"//body[1]/div[1]/main[1]/main[1]/div[2]/div[2]/div[1]/div[2]/div[1]/div[7]/div[1]/div[2]/div[1]/ul[1]/li[2]/a[1]"]), 10): Object 'Object Repository/var_Content' is present

17-01-2025T17:06:06 - [MESSAGE][PASSED] - Object 'Object Repository/var_Content' is present

17-01-2025T17:06:06 - [TEST_STEP][PASSED] - verifyElementPresent(findTestObject("var_Content", ["xpath":"//body[1]/div[1]/main[1]/main[1]/div[2]/div[2]/div[1]/div[2]/div[1]/div[7]/div[1]/div[2]/div[1]/div[1]"]), 10): Object 'Object Repository/var_Content' is present

17-01-2025T17:06:07 - [MESSAGE][PASSED] - Object 'Object Repository/var_Content' is present

17-01-2025T17:06:07 - [TEST_STEP][PASSED] - verifyElementPresent(findTestObject("var_Content", ["xpath":"//body[1]/div[1]/main[1]/main[1]/div[2]/div[2]/div[1]/div[2]/div[1]/div[7]/div[1]/div[2]/div[1]/ul[1]/li[3]/a[1]"]), 10): Object 'Object Repository/var_Content' is present

17-01-2025T17:06:07 - [MESSAGE][PASSED] - Object 'Object Repository/var_Content' is present

17-01-2025T17:06:07 - [TEST_STEP][PASSED] - verifyElementPresent(findTestObject("var_Content", ["xpath":"//body[1]/div[1]/main[1]/main[1]/div[2]/div[2]/div[1]/div[2]/div[1]/div[7]/div[1]/div[2]/div[1]/div[1]"]), 10): Object 'Object Repository/var_Content' is present

17-01-2025T17:06:07 - [MESSAGE][PASSED] - Object 'Object Repository/var_Content' is present

17-01-2025T17:06:07 - [TEST_STEP][PASSED] - Start listener action : AfterTestCase: null]]></system-out>
         <system-err><![CDATA[]]></system-err>
      </testcase>
      <testcase name="Test Cases/Corporate/Investor Relations/RegressionTest_VerifyAnnualReportPage_ElementsArePresent" time="58.427" classname="Test Cases/Corporate/Investor Relations/RegressionTest_VerifyAnnualReportPage_ElementsArePresent" status="PASSED">
         <system-out><![CDATA[17-01-2025T17:06:07 - [TEST_CASE][PASSED] - Test Cases/Corporate/Investor Relations/RegressionTest_VerifyAnnualReportPage_ElementsArePresent: Test Cases/Corporate/Investor Relations/RegressionTest_VerifyAnnualReportPage_ElementsArePresent

17-01-2025T17:06:07 - [TEST_STEP][PASSED] - Start listener action : BeforeTestCase: null

17-01-2025T17:06:07 - [TEST_STEP][NOT_RUN] - click(findTestObject("link_Content", ["href":"/corporate", "text":"Corporate"])): NOT_RUN: click(findTestObject("link_Content", ["href":"/corporate", "text":"Corporate"]))

17-01-2025T17:06:07 - [MESSAGE][NOT_RUN] - NOT_RUN: click(findTestObject("link_Content", ["href":"/corporate", "text":"Corporate"]))

17-01-2025T17:06:07 - [TEST_STEP][PASSED] - click(findTestObject("link_Content", ["href":"#", "text":"Investor Relations"])): Object: 'Object Repository/link_Content' is clicked on

17-01-2025T17:06:08 - [MESSAGE][PASSED] - Object: 'Object Repository/link_Content' is clicked on

17-01-2025T17:06:08 - [TEST_STEP][PASSED] - click(findTestObject("link_Content", ["href":"/en/corporate/InvestorRelations/AnnualReport", "text":"Annual Report"])): Object: 'Object Repository/link_Content' is clicked on

17-01-2025T17:06:22 - [MESSAGE][PASSED] - Object: 'Object Repository/link_Content' is clicked on

17-01-2025T17:06:22 - [TEST_STEP][PASSED] - scrollToElement(findTestObject("var_Content", ["xpath":"//body[1]/div[1]/main[1]/main[1]/div[1]/div[1]/ol[1]"]), 10): Scroll to object 'Object Repository/var_Content' successfully

17-01-2025T17:06:24 - [MESSAGE][PASSED] - Scroll to object 'Object Repository/var_Content' successfully

17-01-2025T17:06:24 - [TEST_STEP][PASSED] - verifyElementPresent(findTestObject("lbl_Content", ["text":"ANNUAL REPORT"]), 10): Object 'Object Repository/lbl_Content' is present

17-01-2025T17:06:24 - [MESSAGE][PASSED] - Object 'Object Repository/lbl_Content' is present

17-01-2025T17:06:24 - [TEST_STEP][PASSED] - click(findTestObject("var_Content", ["xpath":"//body[1]/div[1]/main[1]/main[1]/div[2]/div[3]/div[1]/div[1]/div[2]/a[1]"])): Object: 'Object Repository/var_Content' is clicked on

17-01-2025T17:06:25 - [MESSAGE][PASSED] - Object: 'Object Repository/var_Content' is clicked on

17-01-2025T17:06:25 - [TEST_STEP][PASSED] - verifyLinksAccessible(["https://baf-mobile-dev.oss-ap-southeast-5.aliyuncs.com/investor-relation-file%2F1726125798818.pdf?Expires=1736884730&OSSAccessKeyId=LTAI5t78APQ3CX3zFy4qKiTQ&Signature=OExrcWeITbjdPQf4uPRXQeCE5AE%3D"], OPTIONAL): Found 1 inaccessible links [https://baf-mobile-dev.oss-ap-southeast-5.aliyuncs.com/investor-relation-file%2F1726125798818.pdf?Expires=1736884730&OSSAccessKeyId=LTAI5t78APQ3CX3zFy4qKiTQ&Signature=OExrcWeITbjdPQf4uPRXQeCE5AE%3D] (Root cause: com.kms.katalon.core.exception.StepFailedException: Found 1 inaccessible links [https://baf-mobile-dev.oss-ap-southeast-5.aliyuncs.com/investor-relation-file%2F1726125798818.pdf?Expires=1736884730&OSSAccessKeyId=LTAI5t78APQ3CX3zFy4qKiTQ&Signature=OExrcWeITbjdPQf4uPRXQeCE5AE%3D]
	at com.kms.katalon.core.webui.keyword.internal.WebUIKeywordMain.stepFailed(WebUIKeywordMain.groovy:117)
	at com.kms.katalon.core.webui.keyword.builtin.VerifyLinksAccessibleKeyword$_verifyLinksAccessible_closure1.doCall(VerifyLinksAccessibleKeyword.groovy:53)
	at com.kms.katalon.core.webui.keyword.builtin.VerifyLinksAccessibleKeyword$_verifyLinksAccessible_closure1.call(VerifyLinksAccessibleKeyword.groovy)
	at com.kms.katalon.core.webui.keyword.internal.WebUIKeywordMain.runKeyword(WebUIKeywordMain.groovy:35)
	at com.kms.katalon.core.webui.keyword.builtin.VerifyLinksAccessibleKeyword.verifyLinksAccessible(VerifyLinksAccessibleKeyword.groovy:38)
	at com.kms.katalon.core.webui.keyword.builtin.VerifyLinksAccessibleKeyword.execute(VerifyLinksAccessibleKeyword.groovy:33)
	at com.kms.katalon.core.keyword.internal.KeywordExecutor.executeKeywordForPlatform(KeywordExecutor.groovy:74)
	at com.kms.katalon.core.webui.keyword.WebUiBuiltInKeywords.verifyLinksAccessible(WebUiBuiltInKeywords.groovy:5040)
	at RegressionTest_VerifyAnnualReportPage_ElementsArePresent.run(RegressionTest_VerifyAnnualReportPage_ElementsArePresent:40)
	at com.kms.katalon.core.main.ScriptEngine.run(ScriptEngine.java:194)
	at com.kms.katalon.core.main.ScriptEngine.runScriptAsRawText(ScriptEngine.java:119)
	at com.kms.katalon.core.main.TestCaseExecutor.runScript(TestCaseExecutor.java:448)
	at com.kms.katalon.core.main.TestCaseExecutor.doExecute(TestCaseExecutor.java:439)
	at com.kms.katalon.core.main.TestCaseExecutor.processExecutionPhase(TestCaseExecutor.java:418)
	at com.kms.katalon.core.main.TestCaseExecutor.accessMainPhase(TestCaseExecutor.java:410)
	at com.kms.katalon.core.main.TestCaseExecutor.execute(TestCaseExecutor.java:285)
	at com.kms.katalon.core.common.CommonExecutor.accessTestCaseMainPhase(CommonExecutor.java:65)
	at com.kms.katalon.core.main.TestSuiteExecutor.accessTestSuiteMainPhase(TestSuiteExecutor.java:161)
	at com.kms.katalon.core.main.TestSuiteExecutor.execute(TestSuiteExecutor.java:107)
	at com.kms.katalon.core.main.TestCaseMain.startTestSuite(TestCaseMain.java:176)
	at TempTestSuite1737108265632.run(TempTestSuite1737108265632.groovy:35)
	at java.base/jdk.internal.reflect.NativeMethodAccessorImpl.invoke0(Native Method)
	at java.base/jdk.internal.reflect.NativeMethodAccessorImpl.invoke(NativeMethodAccessorImpl.java:77)
	at java.base/jdk.internal.reflect.DelegatingMethodAccessorImpl.invoke(DelegatingMethodAccessorImpl.java:43)
)

17-01-2025T17:06:28 - [MESSAGE][INFO] - HAR: C:\Users\P251224001\git\BAF-website\Reports\20250117_170425\Corporate\20250117_170425\requests\main\1.har

17-01-2025T17:06:28 - [MESSAGE][PASSED] - Send request successfully

17-01-2025T17:06:28 - [MESSAGE][WARNING] - Found 1 inaccessible links [https://baf-mobile-dev.oss-ap-southeast-5.aliyuncs.com/investor-relation-file%2F1726125798818.pdf?Expires=1736884730&OSSAccessKeyId=LTAI5t78APQ3CX3zFy4qKiTQ&Signature=OExrcWeITbjdPQf4uPRXQeCE5AE%3D] (Root cause: com.kms.katalon.core.exception.StepFailedException: Found 1 inaccessible links [https://baf-mobile-dev.oss-ap-southeast-5.aliyuncs.com/investor-relation-file%2F1726125798818.pdf?Expires=1736884730&OSSAccessKeyId=LTAI5t78APQ3CX3zFy4qKiTQ&Signature=OExrcWeITbjdPQf4uPRXQeCE5AE%3D]
	at com.kms.katalon.core.webui.keyword.internal.WebUIKeywordMain.stepFailed(WebUIKeywordMain.groovy:117)
	at com.kms.katalon.core.webui.keyword.builtin.VerifyLinksAccessibleKeyword$_verifyLinksAccessible_closure1.doCall(VerifyLinksAccessibleKeyword.groovy:53)
	at com.kms.katalon.core.webui.keyword.builtin.VerifyLinksAccessibleKeyword$_verifyLinksAccessible_closure1.call(VerifyLinksAccessibleKeyword.groovy)
	at com.kms.katalon.core.webui.keyword.internal.WebUIKeywordMain.runKeyword(WebUIKeywordMain.groovy:35)
	at com.kms.katalon.core.webui.keyword.builtin.VerifyLinksAccessibleKeyword.verifyLinksAccessible(VerifyLinksAccessibleKeyword.groovy:38)
	at com.kms.katalon.core.webui.keyword.builtin.VerifyLinksAccessibleKeyword.execute(VerifyLinksAccessibleKeyword.groovy:33)
	at com.kms.katalon.core.keyword.internal.KeywordExecutor.executeKeywordForPlatform(KeywordExecutor.groovy:74)
	at com.kms.katalon.core.webui.keyword.WebUiBuiltInKeywords.verifyLinksAccessible(WebUiBuiltInKeywords.groovy:5040)
	at RegressionTest_VerifyAnnualReportPage_ElementsArePresent.run(RegressionTest_VerifyAnnualReportPage_ElementsArePresent:40)
	at com.kms.katalon.core.main.ScriptEngine.run(ScriptEngine.java:194)
	at com.kms.katalon.core.main.ScriptEngine.runScriptAsRawText(ScriptEngine.java:119)
	at com.kms.katalon.core.main.TestCaseExecutor.runScript(TestCaseExecutor.java:448)
	at com.kms.katalon.core.main.TestCaseExecutor.doExecute(TestCaseExecutor.java:439)
	at com.kms.katalon.core.main.TestCaseExecutor.processExecutionPhase(TestCaseExecutor.java:418)
	at com.kms.katalon.core.main.TestCaseExecutor.accessMainPhase(TestCaseExecutor.java:410)
	at com.kms.katalon.core.main.TestCaseExecutor.execute(TestCaseExecutor.java:285)
	at com.kms.katalon.core.common.CommonExecutor.accessTestCaseMainPhase(CommonExecutor.java:65)
	at com.kms.katalon.core.main.TestSuiteExecutor.accessTestSuiteMainPhase(TestSuiteExecutor.java:161)
	at com.kms.katalon.core.main.TestSuiteExecutor.execute(TestSuiteExecutor.java:107)
	at com.kms.katalon.core.main.TestCaseMain.startTestSuite(TestCaseMain.java:176)
	at TempTestSuite1737108265632.run(TempTestSuite1737108265632.groovy:35)
	at java.base/jdk.internal.reflect.NativeMethodAccessorImpl.invoke0(Native Method)
	at java.base/jdk.internal.reflect.NativeMethodAccessorImpl.invoke(NativeMethodAccessorImpl.java:77)
	at java.base/jdk.internal.reflect.DelegatingMethodAccessorImpl.invoke(DelegatingMethodAccessorImpl.java:43)
)

17-01-2025T17:06:28 - [TEST_STEP][PASSED] - closeWindowIndex(1): Window with index 1 is closed

17-01-2025T17:06:28 - [MESSAGE][PASSED] - Window with index 1 is closed

17-01-2025T17:06:28 - [TEST_STEP][PASSED] - switchToWindowIndex(0): Switched to window with index: '0'

17-01-2025T17:06:28 - [MESSAGE][PASSED] - Switched to window with index: '0'

17-01-2025T17:06:28 - [TEST_STEP][PASSED] - scrollToElement(findTestObject("var_Content", ["xpath":"//body[1]/div[1]/main[1]/main[1]/div[2]/div[3]/div[1]/div[1]/div[2]/a[1]"]), 10): Scroll to object 'Object Repository/var_Content' successfully

17-01-2025T17:06:28 - [MESSAGE][PASSED] - Scroll to object 'Object Repository/var_Content' successfully

17-01-2025T17:06:28 - [TEST_STEP][PASSED] - click(findTestObject("var_Content", ["xpath":"//body[1]/div[1]/main[1]/main[1]/div[2]/div[3]/div[1]/div[2]/div[2]/a[1]"])): Object: 'Object Repository/var_Content' is clicked on

17-01-2025T17:06:29 - [MESSAGE][PASSED] - Object: 'Object Repository/var_Content' is clicked on

17-01-2025T17:06:29 - [TEST_STEP][PASSED] - verifyLinksAccessible(["https://baf-mobile-dev.oss-ap-southeast-5.aliyuncs.com/investor-relation-file/1718445909688.pdf"]): All links are accessible

17-01-2025T17:06:29 - [MESSAGE][INFO] - HAR: C:\Users\P251224001\git\BAF-website\Reports\20250117_170425\Corporate\20250117_170425\requests\main\2.har

17-01-2025T17:06:29 - [MESSAGE][PASSED] - Send request successfully

17-01-2025T17:06:29 - [MESSAGE][PASSED] - All links are accessible

17-01-2025T17:06:29 - [TEST_STEP][PASSED] - closeWindowIndex(1): Window with index 1 is closed

17-01-2025T17:06:29 - [MESSAGE][PASSED] - Window with index 1 is closed

17-01-2025T17:06:29 - [TEST_STEP][PASSED] - switchToWindowIndex(0): Switched to window with index: '0'

17-01-2025T17:06:29 - [MESSAGE][PASSED] - Switched to window with index: '0'

17-01-2025T17:06:29 - [TEST_STEP][PASSED] - scrollToElement(findTestObject("var_Content", ["xpath":"//body[1]/div[1]/main[1]/main[1]/div[2]/div[3]/div[1]/div[2]/div[2]/a[1]"]), 10): Scroll to object 'Object Repository/var_Content' successfully

17-01-2025T17:06:29 - [MESSAGE][PASSED] - Scroll to object 'Object Repository/var_Content' successfully

17-01-2025T17:06:29 - [TEST_STEP][PASSED] - click(findTestObject("var_Content", ["xpath":"//body[1]/div[1]/main[1]/main[1]/div[2]/div[3]/div[1]/div[3]/div[2]/a[1]"])): Object: 'Object Repository/var_Content' is clicked on

17-01-2025T17:06:30 - [MESSAGE][PASSED] - Object: 'Object Repository/var_Content' is clicked on

17-01-2025T17:06:30 - [TEST_STEP][PASSED] - verifyLinksAccessible(["https://baf-mobile-dev.oss-ap-southeast-5.aliyuncs.com/investor-relation-file/1718452463352.pdf"]): All links are accessible

17-01-2025T17:06:31 - [MESSAGE][INFO] - HAR: C:\Users\P251224001\git\BAF-website\Reports\20250117_170425\Corporate\20250117_170425\requests\main\3.har

17-01-2025T17:06:31 - [MESSAGE][PASSED] - Send request successfully

17-01-2025T17:06:31 - [MESSAGE][PASSED] - All links are accessible

17-01-2025T17:06:31 - [TEST_STEP][PASSED] - closeWindowIndex(1): Window with index 1 is closed

17-01-2025T17:06:31 - [MESSAGE][PASSED] - Window with index 1 is closed

17-01-2025T17:06:31 - [TEST_STEP][PASSED] - switchToWindowIndex(0): Switched to window with index: '0'

17-01-2025T17:06:31 - [MESSAGE][PASSED] - Switched to window with index: '0'

17-01-2025T17:06:31 - [TEST_STEP][PASSED] - scrollToElement(findTestObject("var_Content", ["xpath":"//body[1]/div[1]/main[1]/main[1]/div[2]/div[3]/div[1]/div[3]/div[2]/a[1]"]), 10): Scroll to object 'Object Repository/var_Content' successfully

17-01-2025T17:06:31 - [MESSAGE][PASSED] - Scroll to object 'Object Repository/var_Content' successfully

17-01-2025T17:06:31 - [TEST_STEP][PASSED] - click(findTestObject("var_Content", ["xpath":"//body[1]/div[1]/main[1]/main[1]/div[2]/div[3]/div[1]/div[4]/div[2]/a[1]"])): Object: 'Object Repository/var_Content' is clicked on

17-01-2025T17:06:32 - [MESSAGE][PASSED] - Object: 'Object Repository/var_Content' is clicked on

17-01-2025T17:06:32 - [TEST_STEP][PASSED] - verifyLinksAccessible(["https://baf-mobile-dev.oss-ap-southeast-5.aliyuncs.com/investor-relation-file/1718439730189.pdf"]): All links are accessible

17-01-2025T17:06:45 - [MESSAGE][INFO] - HAR: C:\Users\P251224001\git\BAF-website\Reports\20250117_170425\Corporate\20250117_170425\requests\main\4.har

17-01-2025T17:06:46 - [MESSAGE][PASSED] - Send request successfully

17-01-2025T17:06:46 - [MESSAGE][PASSED] - All links are accessible

17-01-2025T17:06:46 - [TEST_STEP][PASSED] - closeWindowIndex(1): Window with index 1 is closed

17-01-2025T17:06:46 - [MESSAGE][PASSED] - Window with index 1 is closed

17-01-2025T17:06:46 - [TEST_STEP][PASSED] - switchToWindowIndex(0): Switched to window with index: '0'

17-01-2025T17:06:46 - [MESSAGE][PASSED] - Switched to window with index: '0'

17-01-2025T17:06:46 - [TEST_STEP][PASSED] - scrollToElement(findTestObject("var_Content", ["xpath":"//body[1]/div[1]/main[1]/main[1]/div[2]/div[3]/div[1]/div[4]/div[2]/a[1]"]), 10): Scroll to object 'Object Repository/var_Content' successfully

17-01-2025T17:06:46 - [MESSAGE][PASSED] - Scroll to object 'Object Repository/var_Content' successfully

17-01-2025T17:06:46 - [TEST_STEP][PASSED] - click(findTestObject("var_Content", ["xpath":"//body[1]/div[1]/main[1]/main[1]/div[2]/div[3]/div[1]/div[5]/div[2]/a[1]"])): Object: 'Object Repository/var_Content' is clicked on

17-01-2025T17:06:46 - [MESSAGE][PASSED] - Object: 'Object Repository/var_Content' is clicked on

17-01-2025T17:06:46 - [TEST_STEP][PASSED] - verifyLinksAccessible(["https://baf-mobile-dev.oss-ap-southeast-5.aliyuncs.com/investor-relation-file/1718442732937.pdf"]): All links are accessible

17-01-2025T17:06:47 - [MESSAGE][INFO] - HAR: C:\Users\P251224001\git\BAF-website\Reports\20250117_170425\Corporate\20250117_170425\requests\main\5.har

17-01-2025T17:06:47 - [MESSAGE][PASSED] - Send request successfully

17-01-2025T17:06:47 - [MESSAGE][PASSED] - All links are accessible

17-01-2025T17:06:47 - [TEST_STEP][PASSED] - closeWindowIndex(1): Window with index 1 is closed

17-01-2025T17:06:47 - [MESSAGE][PASSED] - Window with index 1 is closed

17-01-2025T17:06:47 - [TEST_STEP][PASSED] - switchToWindowIndex(0): Switched to window with index: '0'

17-01-2025T17:06:47 - [MESSAGE][PASSED] - Switched to window with index: '0'

17-01-2025T17:06:47 - [TEST_STEP][PASSED] - focus(findTestObject("var_Content", ["xpath":"//body[1]/div[1]/main[1]/main[1]/div[2]/div[3]/div[2]"]), STOP_ON_FAILURE): Object: 'Object Repository/var_Content' is focused

17-01-2025T17:06:47 - [MESSAGE][PASSED] - Object: 'Object Repository/var_Content' is focused

17-01-2025T17:06:47 - [TEST_STEP][PASSED] - click(findTestObject("var_Content", ["xpath":"//body[1]/div[1]/main[1]/main[1]/div[2]/div[3]/div[2]/div[1]/button[1]"])): Object: 'Object Repository/var_Content' is clicked on

17-01-2025T17:06:48 - [MESSAGE][PASSED] - Object: 'Object Repository/var_Content' is clicked on

17-01-2025T17:06:48 - [TEST_STEP][PASSED] - click(findTestObject("link_Content", ["href":"#", "text":"10"])): Object: 'Object Repository/link_Content' is clicked on

17-01-2025T17:06:48 - [MESSAGE][PASSED] - Object: 'Object Repository/link_Content' is clicked on

17-01-2025T17:06:48 - [TEST_STEP][PASSED] - focus(findTestObject("var_Content", ["xpath":"//body[1]/div[1]/main[1]/main[1]/div[2]/div[3]/div[2]"]), STOP_ON_FAILURE): Object: 'Object Repository/var_Content' is focused

17-01-2025T17:06:50 - [MESSAGE][PASSED] - Object: 'Object Repository/var_Content' is focused

17-01-2025T17:06:50 - [TEST_STEP][PASSED] - click(findTestObject("var_Content", ["xpath":"//body[1]/div[1]/main[1]/main[1]/div[2]/div[3]/div[2]/div[1]/button[1]"])): Object: 'Object Repository/var_Content' is clicked on

17-01-2025T17:06:50 - [MESSAGE][PASSED] - Object: 'Object Repository/var_Content' is clicked on

17-01-2025T17:06:50 - [TEST_STEP][PASSED] - click(findTestObject("link_Content", ["href":"#", "text":"25"])): Object: 'Object Repository/link_Content' is clicked on

17-01-2025T17:06:50 - [MESSAGE][PASSED] - Object: 'Object Repository/link_Content' is clicked on

17-01-2025T17:06:50 - [TEST_STEP][PASSED] - focus(findTestObject("var_Content", ["xpath":"//body[1]/div[1]/main[1]/main[1]/div[2]/div[3]/div[2]"]), STOP_ON_FAILURE): Object: 'Object Repository/var_Content' is focused

17-01-2025T17:06:52 - [MESSAGE][PASSED] - Object: 'Object Repository/var_Content' is focused

17-01-2025T17:06:52 - [TEST_STEP][PASSED] - click(findTestObject("var_Content", ["xpath":"//body[1]/div[1]/main[1]/main[1]/div[2]/div[3]/div[2]/div[1]/button[1]"])): Object: 'Object Repository/var_Content' is clicked on

17-01-2025T17:06:52 - [MESSAGE][PASSED] - Object: 'Object Repository/var_Content' is clicked on

17-01-2025T17:06:52 - [TEST_STEP][PASSED] - click(findTestObject("link_Content", ["href":"#", "text":"50"])): Object: 'Object Repository/link_Content' is clicked on

17-01-2025T17:06:52 - [MESSAGE][PASSED] - Object: 'Object Repository/link_Content' is clicked on

17-01-2025T17:06:52 - [TEST_STEP][PASSED] - focus(findTestObject("var_Content", ["xpath":"//body[1]/div[1]/main[1]/main[1]/div[2]/div[3]/div[2]"]), STOP_ON_FAILURE): Object: 'Object Repository/var_Content' is focused

17-01-2025T17:06:54 - [MESSAGE][PASSED] - Object: 'Object Repository/var_Content' is focused

17-01-2025T17:06:54 - [TEST_STEP][PASSED] - click(findTestObject("var_Content", ["xpath":"//body[1]/div[1]/main[1]/main[1]/div[2]/div[3]/div[2]/div[1]/button[1]"])): Object: 'Object Repository/var_Content' is clicked on

17-01-2025T17:06:54 - [MESSAGE][PASSED] - Object: 'Object Repository/var_Content' is clicked on

17-01-2025T17:06:54 - [TEST_STEP][PASSED] - click(findTestObject("link_Content", ["href":"#", "text":"5"])): Object: 'Object Repository/link_Content' is clicked on

17-01-2025T17:06:55 - [MESSAGE][PASSED] - Object: 'Object Repository/link_Content' is clicked on

17-01-2025T17:06:55 - [TEST_STEP][PASSED] - scrollToElement(findTestObject("var_Content", ["xpath":"//body[1]/div[1]/main[1]/main[1]/div[2]/div[3]/div[1]/div[4]/div[2]/div[1]/div[1]"]), 10): Scroll to object 'Object Repository/var_Content' successfully

17-01-2025T17:06:56 - [MESSAGE][PASSED] - Scroll to object 'Object Repository/var_Content' successfully

17-01-2025T17:06:56 - [TEST_STEP][PASSED] - click(findTestObject("var_Content", ["xpath":"//body[1]/div[1]/main[1]/main[1]/div[2]/div[3]/div[2]/div[2]/button[5]"])): Object: 'Object Repository/var_Content' is clicked on

17-01-2025T17:06:56 - [MESSAGE][PASSED] - Object: 'Object Repository/var_Content' is clicked on

17-01-2025T17:06:56 - [TEST_STEP][PASSED] - focus(findTestObject("var_Content", ["xpath":"//body[1]/div[1]/main[1]/main[1]/div[2]/div[3]/div[1]"]), STOP_ON_FAILURE): Object: 'Object Repository/var_Content' is focused

17-01-2025T17:06:59 - [MESSAGE][PASSED] - Object: 'Object Repository/var_Content' is focused

17-01-2025T17:06:59 - [TEST_STEP][PASSED] - verifyElementPresent(findTestObject("var_Content", ["xpath":"//body[1]/div[1]/main[1]/main[1]/div[2]/div[3]/div[1]"]), 10): Object 'Object Repository/var_Content' is present

17-01-2025T17:06:59 - [MESSAGE][PASSED] - Object 'Object Repository/var_Content' is present

17-01-2025T17:06:59 - [TEST_STEP][PASSED] - focus(findTestObject("var_Content", ["xpath":"//body[1]/div[1]/main[1]/main[1]/div[2]/div[3]/div[2]"]), STOP_ON_FAILURE): Object: 'Object Repository/var_Content' is focused

17-01-2025T17:06:59 - [MESSAGE][PASSED] - Object: 'Object Repository/var_Content' is focused

17-01-2025T17:06:59 - [TEST_STEP][PASSED] - click(findTestObject("var_Content", ["xpath":"//body[1]/div[1]/main[1]/main[1]/div[2]/div[3]/div[2]/div[2]/button[5]"])): Object: 'Object Repository/var_Content' is clicked on

17-01-2025T17:07:00 - [MESSAGE][PASSED] - Object: 'Object Repository/var_Content' is clicked on

17-01-2025T17:07:00 - [TEST_STEP][PASSED] - focus(findTestObject("var_Content", ["xpath":"//body[1]/div[1]/main[1]/main[1]/div[2]/div[3]/div[1]"]), STOP_ON_FAILURE): Object: 'Object Repository/var_Content' is focused

17-01-2025T17:07:02 - [MESSAGE][PASSED] - Object: 'Object Repository/var_Content' is focused

17-01-2025T17:07:02 - [TEST_STEP][PASSED] - verifyElementPresent(findTestObject("var_Content", ["xpath":"//body[1]/div[1]/main[1]/main[1]/div[2]/div[3]/div[1]"]), 10): Object 'Object Repository/var_Content' is present

17-01-2025T17:07:02 - [MESSAGE][PASSED] - Object 'Object Repository/var_Content' is present

17-01-2025T17:07:02 - [TEST_STEP][PASSED] - focus(findTestObject("var_Content", ["xpath":"//body[1]/div[1]/main[1]/main[1]/div[2]/div[3]/div[2]"]), STOP_ON_FAILURE): Object: 'Object Repository/var_Content' is focused

17-01-2025T17:07:02 - [MESSAGE][PASSED] - Object: 'Object Repository/var_Content' is focused

17-01-2025T17:07:02 - [TEST_STEP][PASSED] - click(findTestObject("var_Content", ["xpath":"//body[1]/div[1]/main[1]/main[1]/div[2]/div[3]/div[2]/div[2]/button[5]"])): Object: 'Object Repository/var_Content' is clicked on

17-01-2025T17:07:03 - [MESSAGE][PASSED] - Object: 'Object Repository/var_Content' is clicked on

17-01-2025T17:07:03 - [TEST_STEP][PASSED] - focus(findTestObject("var_Content", ["xpath":"//body[1]/div[1]/main[1]/main[1]/div[2]/div[3]/div[1]"]), STOP_ON_FAILURE): Object: 'Object Repository/var_Content' is focused

17-01-2025T17:07:04 - [MESSAGE][PASSED] - Object: 'Object Repository/var_Content' is focused

17-01-2025T17:07:04 - [TEST_STEP][PASSED] - verifyElementPresent(findTestObject("var_Content", ["xpath":"//body[1]/div[1]/main[1]/main[1]/div[2]/div[3]/div[1]"]), 10): Object 'Object Repository/var_Content' is present

17-01-2025T17:07:04 - [MESSAGE][PASSED] - Object 'Object Repository/var_Content' is present

17-01-2025T17:07:04 - [TEST_STEP][PASSED] - focus(findTestObject("var_Content", ["xpath":"//body[1]/div[1]/main[1]/main[1]/div[2]/div[3]/div[2]"]), STOP_ON_FAILURE): Object: 'Object Repository/var_Content' is focused

17-01-2025T17:07:04 - [MESSAGE][PASSED] - Object: 'Object Repository/var_Content' is focused

17-01-2025T17:07:04 - [TEST_STEP][PASSED] - click(findTestObject("var_Content", ["xpath":"//body[1]/div[1]/main[1]/main[1]/div[2]/div[3]/div[2]/div[2]/button[5]"])): Object: 'Object Repository/var_Content' is clicked on

17-01-2025T17:07:05 - [MESSAGE][PASSED] - Object: 'Object Repository/var_Content' is clicked on

17-01-2025T17:07:05 - [TEST_STEP][PASSED] - verifyElementPresent(findTestObject("var_Content", ["xpath":"//body[1]/div[1]/main[1]/main[1]/div[2]/div[3]/div[1]"]), 10): Object 'Object Repository/var_Content' is present

17-01-2025T17:07:06 - [MESSAGE][PASSED] - Object 'Object Repository/var_Content' is present

17-01-2025T17:07:06 - [TEST_STEP][PASSED] - Start listener action : AfterTestCase: null]]></system-out>
         <system-err><![CDATA[]]></system-err>
      </testcase>
      <testcase name="Test Cases/Corporate/Investor Relations/RegressionTest_VerifyBondInformationPage_ElementsArePresent" time="20.905" classname="Test Cases/Corporate/Investor Relations/RegressionTest_VerifyBondInformationPage_ElementsArePresent" status="PASSED">
         <system-out><![CDATA[17-01-2025T17:07:06 - [TEST_CASE][PASSED] - Test Cases/Corporate/Investor Relations/RegressionTest_VerifyBondInformationPage_ElementsArePresent: Test Cases/Corporate/Investor Relations/RegressionTest_VerifyBondInformationPage_ElementsArePresent

17-01-2025T17:07:06 - [TEST_STEP][PASSED] - Start listener action : BeforeTestCase: null

17-01-2025T17:07:06 - [TEST_STEP][NOT_RUN] - click(findTestObject("link_Content", ["href":"/corporate", "text":"Corporate"])): NOT_RUN: click(findTestObject("link_Content", ["href":"/corporate", "text":"Corporate"]))

17-01-2025T17:07:06 - [MESSAGE][NOT_RUN] - NOT_RUN: click(findTestObject("link_Content", ["href":"/corporate", "text":"Corporate"]))

17-01-2025T17:07:06 - [TEST_STEP][PASSED] - click(findTestObject("link_Content", ["href":"#", "text":"Investor Relations"])): Object: 'Object Repository/link_Content' is clicked on

17-01-2025T17:07:06 - [MESSAGE][PASSED] - Object: 'Object Repository/link_Content' is clicked on

17-01-2025T17:07:06 - [TEST_STEP][PASSED] - click(findTestObject("link_Content", ["href":"/en/corporate/InvestorRelations/BondInfo", "text":"Bond Information"])): Object: 'Object Repository/link_Content' is clicked on

17-01-2025T17:07:07 - [MESSAGE][PASSED] - Object: 'Object Repository/link_Content' is clicked on

17-01-2025T17:07:07 - [TEST_STEP][PASSED] - scrollToElement(findTestObject("var_Content", ["xpath":"//body[1]/div[1]/main[1]/main[1]/div[1]/div[1]/ol[1]"]), 10): Scroll to object 'Object Repository/var_Content' successfully

17-01-2025T17:07:08 - [MESSAGE][PASSED] - Scroll to object 'Object Repository/var_Content' successfully

17-01-2025T17:07:08 - [TEST_STEP][PASSED] - verifyElementPresent(findTestObject("lbl_Content", ["text":"BOND INFORMATION"]), 10): Object 'Object Repository/lbl_Content' is present

17-01-2025T17:07:09 - [MESSAGE][PASSED] - Object 'Object Repository/lbl_Content' is present

17-01-2025T17:07:09 - [TEST_STEP][PASSED] - verifyElementPresent(findTestObject("var_Content", ["xpath":"//body[1]/div[1]/main[1]/main[1]/div[2]/div[2]"]), 10): Object 'Object Repository/var_Content' is present

17-01-2025T17:07:09 - [MESSAGE][PASSED] - Object 'Object Repository/var_Content' is present

17-01-2025T17:07:09 - [TEST_STEP][PASSED] - scrollToElement(findTestObject("var_Content", ["xpath":"//body[1]/div[1]/main[1]/main[1]/div[2]/div[3]/nav[1]"]), 10): Scroll to object 'Object Repository/var_Content' successfully

17-01-2025T17:07:09 - [MESSAGE][PASSED] - Scroll to object 'Object Repository/var_Content' successfully

17-01-2025T17:07:09 - [TEST_STEP][PASSED] - verifyElementPresent(findTestObject("lbl_Content", ["text":"Bond/Sukuk Disclosure"]), 0): Object 'Object Repository/lbl_Content' is present

17-01-2025T17:07:09 - [MESSAGE][WARNING] - Timeout '0' is invalid. Using default page load timeout: '30'

17-01-2025T17:07:09 - [MESSAGE][PASSED] - Object 'Object Repository/lbl_Content' is present

17-01-2025T17:07:09 - [TEST_STEP][PASSED] - click(findTestObject("var_Content", ["xpath":"//body[1]/div[1]/main[1]/main[1]/div[2]/div[3]/div[3]"])): Object: 'Object Repository/var_Content' is clicked on

17-01-2025T17:07:10 - [MESSAGE][PASSED] - Object: 'Object Repository/var_Content' is clicked on

17-01-2025T17:07:10 - [TEST_STEP][PASSED] - verifyLinksAccessible(["https://baf-mobile-dev.oss-ap-southeast-5.aliyuncs.com/investor-relation-file%2F1724334503750.png?Expires=1736884972&OSSAccessKeyId=LTAI5t78APQ3CX3zFy4qKiTQ&Signature=xAGF2KoQDD5dz8ON%2BU1BThS2hNw%3D"], OPTIONAL): Found 1 inaccessible links [https://baf-mobile-dev.oss-ap-southeast-5.aliyuncs.com/investor-relation-file%2F1724334503750.png?Expires=1736884972&OSSAccessKeyId=LTAI5t78APQ3CX3zFy4qKiTQ&Signature=xAGF2KoQDD5dz8ON%2BU1BThS2hNw%3D] (Root cause: com.kms.katalon.core.exception.StepFailedException: Found 1 inaccessible links [https://baf-mobile-dev.oss-ap-southeast-5.aliyuncs.com/investor-relation-file%2F1724334503750.png?Expires=1736884972&OSSAccessKeyId=LTAI5t78APQ3CX3zFy4qKiTQ&Signature=xAGF2KoQDD5dz8ON%2BU1BThS2hNw%3D]
	at com.kms.katalon.core.webui.keyword.internal.WebUIKeywordMain.stepFailed(WebUIKeywordMain.groovy:117)
	at com.kms.katalon.core.webui.keyword.builtin.VerifyLinksAccessibleKeyword$_verifyLinksAccessible_closure1.doCall(VerifyLinksAccessibleKeyword.groovy:53)
	at com.kms.katalon.core.webui.keyword.builtin.VerifyLinksAccessibleKeyword$_verifyLinksAccessible_closure1.call(VerifyLinksAccessibleKeyword.groovy)
	at com.kms.katalon.core.webui.keyword.internal.WebUIKeywordMain.runKeyword(WebUIKeywordMain.groovy:35)
	at com.kms.katalon.core.webui.keyword.builtin.VerifyLinksAccessibleKeyword.verifyLinksAccessible(VerifyLinksAccessibleKeyword.groovy:38)
	at com.kms.katalon.core.webui.keyword.builtin.VerifyLinksAccessibleKeyword.execute(VerifyLinksAccessibleKeyword.groovy:33)
	at com.kms.katalon.core.keyword.internal.KeywordExecutor.executeKeywordForPlatform(KeywordExecutor.groovy:74)
	at com.kms.katalon.core.webui.keyword.WebUiBuiltInKeywords.verifyLinksAccessible(WebUiBuiltInKeywords.groovy:5040)
	at RegressionTest_VerifyBondInformationPage_ElementsArePresent.run(RegressionTest_VerifyBondInformationPage_ElementsArePresent:51)
	at com.kms.katalon.core.main.ScriptEngine.run(ScriptEngine.java:194)
	at com.kms.katalon.core.main.ScriptEngine.runScriptAsRawText(ScriptEngine.java:119)
	at com.kms.katalon.core.main.TestCaseExecutor.runScript(TestCaseExecutor.java:448)
	at com.kms.katalon.core.main.TestCaseExecutor.doExecute(TestCaseExecutor.java:439)
	at com.kms.katalon.core.main.TestCaseExecutor.processExecutionPhase(TestCaseExecutor.java:418)
	at com.kms.katalon.core.main.TestCaseExecutor.accessMainPhase(TestCaseExecutor.java:410)
	at com.kms.katalon.core.main.TestCaseExecutor.execute(TestCaseExecutor.java:285)
	at com.kms.katalon.core.common.CommonExecutor.accessTestCaseMainPhase(CommonExecutor.java:65)
	at com.kms.katalon.core.main.TestSuiteExecutor.accessTestSuiteMainPhase(TestSuiteExecutor.java:161)
	at com.kms.katalon.core.main.TestSuiteExecutor.execute(TestSuiteExecutor.java:107)
	at com.kms.katalon.core.main.TestCaseMain.startTestSuite(TestCaseMain.java:176)
	at TempTestSuite1737108265632.run(TempTestSuite1737108265632.groovy:35)
	at java.base/jdk.internal.reflect.NativeMethodAccessorImpl.invoke0(Native Method)
	at java.base/jdk.internal.reflect.NativeMethodAccessorImpl.invoke(NativeMethodAccessorImpl.java:77)
	at java.base/jdk.internal.reflect.DelegatingMethodAccessorImpl.invoke(DelegatingMethodAccessorImpl.java:43)
)

17-01-2025T17:07:10 - [MESSAGE][INFO] - HAR: C:\Users\P251224001\git\BAF-website\Reports\20250117_170425\Corporate\20250117_170425\requests\main\6.har

17-01-2025T17:07:10 - [MESSAGE][PASSED] - Send request successfully

17-01-2025T17:07:10 - [MESSAGE][WARNING] - Found 1 inaccessible links [https://baf-mobile-dev.oss-ap-southeast-5.aliyuncs.com/investor-relation-file%2F1724334503750.png?Expires=1736884972&OSSAccessKeyId=LTAI5t78APQ3CX3zFy4qKiTQ&Signature=xAGF2KoQDD5dz8ON%2BU1BThS2hNw%3D] (Root cause: com.kms.katalon.core.exception.StepFailedException: Found 1 inaccessible links [https://baf-mobile-dev.oss-ap-southeast-5.aliyuncs.com/investor-relation-file%2F1724334503750.png?Expires=1736884972&OSSAccessKeyId=LTAI5t78APQ3CX3zFy4qKiTQ&Signature=xAGF2KoQDD5dz8ON%2BU1BThS2hNw%3D]
	at com.kms.katalon.core.webui.keyword.internal.WebUIKeywordMain.stepFailed(WebUIKeywordMain.groovy:117)
	at com.kms.katalon.core.webui.keyword.builtin.VerifyLinksAccessibleKeyword$_verifyLinksAccessible_closure1.doCall(VerifyLinksAccessibleKeyword.groovy:53)
	at com.kms.katalon.core.webui.keyword.builtin.VerifyLinksAccessibleKeyword$_verifyLinksAccessible_closure1.call(VerifyLinksAccessibleKeyword.groovy)
	at com.kms.katalon.core.webui.keyword.internal.WebUIKeywordMain.runKeyword(WebUIKeywordMain.groovy:35)
	at com.kms.katalon.core.webui.keyword.builtin.VerifyLinksAccessibleKeyword.verifyLinksAccessible(VerifyLinksAccessibleKeyword.groovy:38)
	at com.kms.katalon.core.webui.keyword.builtin.VerifyLinksAccessibleKeyword.execute(VerifyLinksAccessibleKeyword.groovy:33)
	at com.kms.katalon.core.keyword.internal.KeywordExecutor.executeKeywordForPlatform(KeywordExecutor.groovy:74)
	at com.kms.katalon.core.webui.keyword.WebUiBuiltInKeywords.verifyLinksAccessible(WebUiBuiltInKeywords.groovy:5040)
	at RegressionTest_VerifyBondInformationPage_ElementsArePresent.run(RegressionTest_VerifyBondInformationPage_ElementsArePresent:51)
	at com.kms.katalon.core.main.ScriptEngine.run(ScriptEngine.java:194)
	at com.kms.katalon.core.main.ScriptEngine.runScriptAsRawText(ScriptEngine.java:119)
	at com.kms.katalon.core.main.TestCaseExecutor.runScript(TestCaseExecutor.java:448)
	at com.kms.katalon.core.main.TestCaseExecutor.doExecute(TestCaseExecutor.java:439)
	at com.kms.katalon.core.main.TestCaseExecutor.processExecutionPhase(TestCaseExecutor.java:418)
	at com.kms.katalon.core.main.TestCaseExecutor.accessMainPhase(TestCaseExecutor.java:410)
	at com.kms.katalon.core.main.TestCaseExecutor.execute(TestCaseExecutor.java:285)
	at com.kms.katalon.core.common.CommonExecutor.accessTestCaseMainPhase(CommonExecutor.java:65)
	at com.kms.katalon.core.main.TestSuiteExecutor.accessTestSuiteMainPhase(TestSuiteExecutor.java:161)
	at com.kms.katalon.core.main.TestSuiteExecutor.execute(TestSuiteExecutor.java:107)
	at com.kms.katalon.core.main.TestCaseMain.startTestSuite(TestCaseMain.java:176)
	at TempTestSuite1737108265632.run(TempTestSuite1737108265632.groovy:35)
	at java.base/jdk.internal.reflect.NativeMethodAccessorImpl.invoke0(Native Method)
	at java.base/jdk.internal.reflect.NativeMethodAccessorImpl.invoke(NativeMethodAccessorImpl.java:77)
	at java.base/jdk.internal.reflect.DelegatingMethodAccessorImpl.invoke(DelegatingMethodAccessorImpl.java:43)
)

17-01-2025T17:07:10 - [TEST_STEP][PASSED] - closeWindowIndex(1): Window with index 1 is closed

17-01-2025T17:07:10 - [MESSAGE][PASSED] - Window with index 1 is closed

17-01-2025T17:07:10 - [TEST_STEP][PASSED] - switchToWindowIndex(0): Switched to window with index: '0'

17-01-2025T17:07:10 - [MESSAGE][PASSED] - Switched to window with index: '0'

17-01-2025T17:07:10 - [TEST_STEP][PASSED] - click(findTestObject("var_Content", ["xpath":"//body[1]/div[1]/main[1]/main[1]/div[2]/div[3]/div[4]"])): Object: 'Object Repository/var_Content' is clicked on

17-01-2025T17:07:11 - [MESSAGE][PASSED] - Object: 'Object Repository/var_Content' is clicked on

17-01-2025T17:07:11 - [TEST_STEP][PASSED] - verifyLinksAccessible(["https://baf-mobile-dev.oss-ap-southeast-5.aliyuncs.com/investor-relation-file/1718347458636.pdf"]): All links are accessible

17-01-2025T17:07:12 - [MESSAGE][INFO] - HAR: C:\Users\P251224001\git\BAF-website\Reports\20250117_170425\Corporate\20250117_170425\requests\main\7.har

17-01-2025T17:07:12 - [MESSAGE][PASSED] - Send request successfully

17-01-2025T17:07:12 - [MESSAGE][PASSED] - All links are accessible

17-01-2025T17:07:12 - [TEST_STEP][PASSED] - closeWindowIndex(1): Window with index 1 is closed

17-01-2025T17:07:12 - [MESSAGE][PASSED] - Window with index 1 is closed

17-01-2025T17:07:12 - [TEST_STEP][PASSED] - switchToWindowIndex(0): Switched to window with index: '0'

17-01-2025T17:07:12 - [MESSAGE][PASSED] - Switched to window with index: '0'

17-01-2025T17:07:12 - [TEST_STEP][PASSED] - click(findTestObject("var_Content", ["xpath":"//body[1]/div[1]/main[1]/main[1]/div[2]/div[3]/div[5]"])): Object: 'Object Repository/var_Content' is clicked on

17-01-2025T17:07:13 - [MESSAGE][PASSED] - Object: 'Object Repository/var_Content' is clicked on

17-01-2025T17:07:13 - [TEST_STEP][PASSED] - verifyLinksAccessible(["https://baf-mobile-dev.oss-ap-southeast-5.aliyuncs.com/investor-relation-file/1718351122289.pdf"]): All links are accessible

17-01-2025T17:07:17 - [MESSAGE][INFO] - HAR: C:\Users\P251224001\git\BAF-website\Reports\20250117_170425\Corporate\20250117_170425\requests\main\8.har

17-01-2025T17:07:17 - [MESSAGE][PASSED] - Send request successfully

17-01-2025T17:07:17 - [MESSAGE][PASSED] - All links are accessible

17-01-2025T17:07:17 - [TEST_STEP][PASSED] - closeWindowIndex(1): Window with index 1 is closed

17-01-2025T17:07:17 - [MESSAGE][PASSED] - Window with index 1 is closed

17-01-2025T17:07:17 - [TEST_STEP][PASSED] - switchToWindowIndex(0): Switched to window with index: '0'

17-01-2025T17:07:17 - [MESSAGE][PASSED] - Switched to window with index: '0'

17-01-2025T17:07:17 - [TEST_STEP][PASSED] - click(findTestObject("var_Content", ["xpath":"//body[1]/div[1]/main[1]/main[1]/div[2]/div[3]/div[6]"])): Object: 'Object Repository/var_Content' is clicked on

17-01-2025T17:07:18 - [MESSAGE][PASSED] - Object: 'Object Repository/var_Content' is clicked on

17-01-2025T17:07:18 - [TEST_STEP][PASSED] - verifyLinksAccessible(["https://baf-mobile-dev.oss-ap-southeast-5.aliyuncs.com/investor-relation-file/1718351283965.pdf"]): All links are accessible

17-01-2025T17:07:20 - [MESSAGE][INFO] - HAR: C:\Users\P251224001\git\BAF-website\Reports\20250117_170425\Corporate\20250117_170425\requests\main\9.har

17-01-2025T17:07:20 - [MESSAGE][PASSED] - Send request successfully

17-01-2025T17:07:20 - [MESSAGE][PASSED] - All links are accessible

17-01-2025T17:07:20 - [TEST_STEP][PASSED] - closeWindowIndex(1): Window with index 1 is closed

17-01-2025T17:07:20 - [MESSAGE][PASSED] - Window with index 1 is closed

17-01-2025T17:07:20 - [TEST_STEP][PASSED] - switchToWindowIndex(0): Switched to window with index: '0'

17-01-2025T17:07:20 - [MESSAGE][PASSED] - Switched to window with index: '0'

17-01-2025T17:07:20 - [TEST_STEP][PASSED] - click(findTestObject("var_Content", ["xpath":"//body[1]/div[1]/main[1]/main[1]/div[2]/div[3]/div[7]"])): Object: 'Object Repository/var_Content' is clicked on

17-01-2025T17:07:21 - [MESSAGE][PASSED] - Object: 'Object Repository/var_Content' is clicked on

17-01-2025T17:07:21 - [TEST_STEP][PASSED] - verifyLinksAccessible(["https://baf-mobile-dev.oss-ap-southeast-5.aliyuncs.com/investor-relation-file/1718351369843.pdf"]): All links are accessible

17-01-2025T17:07:22 - [MESSAGE][INFO] - HAR: C:\Users\P251224001\git\BAF-website\Reports\20250117_170425\Corporate\20250117_170425\requests\main\10.har

17-01-2025T17:07:22 - [MESSAGE][PASSED] - Send request successfully

17-01-2025T17:07:22 - [MESSAGE][PASSED] - All links are accessible

17-01-2025T17:07:22 - [TEST_STEP][PASSED] - closeWindowIndex(1): Window with index 1 is closed

17-01-2025T17:07:22 - [MESSAGE][PASSED] - Window with index 1 is closed

17-01-2025T17:07:22 - [TEST_STEP][PASSED] - switchToWindowIndex(0): Switched to window with index: '0'

17-01-2025T17:07:22 - [MESSAGE][PASSED] - Switched to window with index: '0'

17-01-2025T17:07:22 - [TEST_STEP][PASSED] - click(findTestObject("var_Content", ["xpath":"//body[1]/div[1]/main[1]/main[1]/div[2]/div[3]/div[2]/div[1]"])): Object: 'Object Repository/var_Content' is clicked on

17-01-2025T17:07:23 - [MESSAGE][PASSED] - Object: 'Object Repository/var_Content' is clicked on

17-01-2025T17:07:23 - [TEST_STEP][PASSED] - scrollToElement(findTestObject("var_Content", ["xpath":"//body[1]/div[1]/main[1]/main[1]/div[1]/div[1]/ol[1]"]), 10): Scroll to object 'Object Repository/var_Content' successfully

17-01-2025T17:07:25 - [MESSAGE][PASSED] - Scroll to object 'Object Repository/var_Content' successfully

17-01-2025T17:07:25 - [TEST_STEP][PASSED] - verifyElementPresent(findTestObject("lbl_Content", ["text":"DISCLOSURE"]), 10): Object 'Object Repository/lbl_Content' is present

17-01-2025T17:07:26 - [MESSAGE][PASSED] - Object 'Object Repository/lbl_Content' is present

17-01-2025T17:07:26 - [TEST_STEP][PASSED] - Start listener action : AfterTestCase: null]]></system-out>
         <system-err><![CDATA[]]></system-err>
      </testcase>
      <testcase name="Test Cases/Corporate/Investor Relations/RegressionTest_VerifyDividendPaymentPolicyPage_ElementsArePresent" time="9.565" classname="Test Cases/Corporate/Investor Relations/RegressionTest_VerifyDividendPaymentPolicyPage_ElementsArePresent" status="PASSED">
         <system-out><![CDATA[17-01-2025T17:07:27 - [TEST_CASE][PASSED] - Test Cases/Corporate/Investor Relations/RegressionTest_VerifyDividendPaymentPolicyPage_ElementsArePresent: Test Cases/Corporate/Investor Relations/RegressionTest_VerifyDividendPaymentPolicyPage_ElementsArePresent

17-01-2025T17:07:27 - [TEST_STEP][PASSED] - Start listener action : BeforeTestCase: null

17-01-2025T17:07:27 - [TEST_STEP][NOT_RUN] - click(findTestObject("link_Content", ["href":"/corporate", "text":"Corporate"])): NOT_RUN: click(findTestObject("link_Content", ["href":"/corporate", "text":"Corporate"]))

17-01-2025T17:07:27 - [MESSAGE][NOT_RUN] - NOT_RUN: click(findTestObject("link_Content", ["href":"/corporate", "text":"Corporate"]))

17-01-2025T17:07:27 - [TEST_STEP][PASSED] - click(findTestObject("link_Content", ["href":"#", "text":"Investor Relations"])): Object: 'Object Repository/link_Content' is clicked on

17-01-2025T17:07:27 - [MESSAGE][PASSED] - Object: 'Object Repository/link_Content' is clicked on

17-01-2025T17:07:27 - [TEST_STEP][PASSED] - click(findTestObject("link_Content", ["href":"/en/corporate/InvestorRelations/DividentPolicy", "text":"Dividend Payment Policy"])): Object: 'Object Repository/link_Content' is clicked on

17-01-2025T17:07:28 - [MESSAGE][PASSED] - Object: 'Object Repository/link_Content' is clicked on

17-01-2025T17:07:28 - [TEST_STEP][PASSED] - scrollToElement(findTestObject("var_Content", ["xpath":"//body[1]/div[1]/main[1]/main[1]/div[1]/div[1]/ol[1]"]), 10): Scroll to object 'Object Repository/var_Content' successfully

17-01-2025T17:07:29 - [MESSAGE][PASSED] - Scroll to object 'Object Repository/var_Content' successfully

17-01-2025T17:07:29 - [TEST_STEP][PASSED] - verifyElementPresent(findTestObject("lbl_Content", ["text":"DIVIDEND PAYMENT POLICY"]), 10): Object 'Object Repository/lbl_Content' is present

17-01-2025T17:07:29 - [MESSAGE][PASSED] - Object 'Object Repository/lbl_Content' is present

17-01-2025T17:07:29 - [TEST_STEP][PASSED] - click(findTestObject("var_Content", ["xpath":"//body[1]/div[1]/main[1]/main[1]/div[2]/div[3]/div[1]"])): Object: 'Object Repository/var_Content' is clicked on

17-01-2025T17:07:30 - [MESSAGE][PASSED] - Object: 'Object Repository/var_Content' is clicked on

17-01-2025T17:07:30 - [TEST_STEP][FAILED] - verifyLinksAccessible([""], OPTIONAL): Unable to verify links are accessible (Root cause: com.kms.katalon.core.exception.StepFailedException: Unable to verify links are accessible
	at com.kms.katalon.core.webui.keyword.internal.WebUIKeywordMain.stepFailed(WebUIKeywordMain.groovy:117)
	at com.kms.katalon.core.webui.keyword.internal.WebUIKeywordMain.runKeyword(WebUIKeywordMain.groovy:43)
	at com.kms.katalon.core.webui.keyword.builtin.VerifyLinksAccessibleKeyword.verifyLinksAccessible(VerifyLinksAccessibleKeyword.groovy:38)
	at com.kms.katalon.core.webui.keyword.builtin.VerifyLinksAccessibleKeyword.execute(VerifyLinksAccessibleKeyword.groovy:33)
	at com.kms.katalon.core.keyword.internal.KeywordExecutor.executeKeywordForPlatform(KeywordExecutor.groovy:74)
	at com.kms.katalon.core.webui.keyword.WebUiBuiltInKeywords.verifyLinksAccessible(WebUiBuiltInKeywords.groovy:5040)
	at RegressionTest_VerifyDividendPaymentPolicyPage_ElementsArePresent.run(RegressionTest_VerifyDividendPaymentPolicyPage_ElementsArePresent:40)
	at com.kms.katalon.core.main.ScriptEngine.run(ScriptEngine.java:194)
	at com.kms.katalon.core.main.ScriptEngine.runScriptAsRawText(ScriptEngine.java:119)
	at com.kms.katalon.core.main.TestCaseExecutor.runScript(TestCaseExecutor.java:448)
	at com.kms.katalon.core.main.TestCaseExecutor.doExecute(TestCaseExecutor.java:439)
	at com.kms.katalon.core.main.TestCaseExecutor.processExecutionPhase(TestCaseExecutor.java:418)
	at com.kms.katalon.core.main.TestCaseExecutor.accessMainPhase(TestCaseExecutor.java:410)
	at com.kms.katalon.core.main.TestCaseExecutor.execute(TestCaseExecutor.java:285)
	at com.kms.katalon.core.common.CommonExecutor.accessTestCaseMainPhase(CommonExecutor.java:65)
	at com.kms.katalon.core.main.TestSuiteExecutor.accessTestSuiteMainPhase(TestSuiteExecutor.java:161)
	at com.kms.katalon.core.main.TestSuiteExecutor.execute(TestSuiteExecutor.java:107)
	at com.kms.katalon.core.main.TestCaseMain.startTestSuite(TestCaseMain.java:176)
	at TempTestSuite1737108265632.run(TempTestSuite1737108265632.groovy:35)
	at java.base/jdk.internal.reflect.NativeMethodAccessorImpl.invoke0(Native Method)
	at java.base/jdk.internal.reflect.NativeMethodAccessorImpl.invoke(NativeMethodAccessorImpl.java:77)
	at java.base/jdk.internal.reflect.DelegatingMethodAccessorImpl.invoke(DelegatingMethodAccessorImpl.java:43)
Caused by: com.kms.katalon.core.exception.StepFailedException: Unable to send request (Root cause: com.kms.katalon.core.webservice.exception.SendRequestException: java.lang.IllegalArgumentException: URI is not absolute
	at com.kms.katalon.core.webservice.common.HttpUtil.sendRequest(HttpUtil.java:178)
	at com.kms.katalon.core.webservice.common.BasicRequestor.send(BasicRequestor.java:58)
	at com.kms.katalon.core.webservice.helper.WebServiceCommonHelper.sendRequest(WebServiceCommonHelper.java:56)
	at com.kms.katalon.core.webservice.keyword.builtin.SendRequestKeyword$_sendRequest_closure1.doCall(SendRequestKeyword.groovy:46)
	at com.kms.katalon.core.webservice.keyword.builtin.SendRequestKeyword$_sendRequest_closure1.call(SendRequestKeyword.groovy)
	at com.kms.katalon.core.keyword.internal.KeywordMain.runKeyword(KeywordMain.groovy:75)
	at com.kms.katalon.core.webservice.keyword.builtin.SendRequestKeyword.sendRequest(SendRequestKeyword.groovy:38)
	at com.kms.katalon.core.webservice.keyword.builtin.SendRequestKeyword.execute(SendRequestKeyword.groovy:33)
	at com.kms.katalon.core.keyword.internal.KeywordExecutor.executeKeywordForPlatform(KeywordExecutor.groovy:74)
	at com.kms.katalon.core.webui.keyword.builtin.VerifyLinksAccessibleKeyword$_verifyLinksAccessible_closure1.doCall(VerifyLinksAccessibleKeyword.groovy:43)
	at com.kms.katalon.core.webui.keyword.builtin.VerifyLinksAccessibleKeyword$_verifyLinksAccessible_closure1.call(VerifyLinksAccessibleKeyword.groovy)
	at com.kms.katalon.core.webui.keyword.internal.WebUIKeywordMain.runKeyword(WebUIKeywordMain.groovy:35)
	at com.kms.katalon.core.webui.keyword.builtin.VerifyLinksAccessibleKeyword.verifyLinksAccessible(VerifyLinksAccessibleKeyword.groovy:38)
	at com.kms.katalon.core.webui.keyword.builtin.VerifyLinksAccessibleKeyword.execute(VerifyLinksAccessibleKeyword.groovy:33)
	at com.kms.katalon.core.keyword.internal.KeywordExecutor.executeKeywordForPlatform(KeywordExecutor.groovy:74)
	at com.kms.katalon.core.webui.keyword.WebUiBuiltInKeywords.verifyLinksAccessible(WebUiBuiltInKeywords.groovy:5040)
	at RegressionTest_VerifyDividendPaymentPolicyPage_ElementsArePresent.run(RegressionTest_VerifyDividendPaymentPolicyPage_ElementsArePresent:40)
	at com.kms.katalon.core.main.ScriptEngine.run(ScriptEngine.java:194)
	at com.kms.katalon.core.main.ScriptEngine.runScriptAsRawText(ScriptEngine.java:119)
	at com.kms.katalon.core.main.TestCaseExecutor.runScript(TestCaseExecutor.java:448)
	at com.kms.katalon.core.main.TestCaseExecutor.doExecute(TestCaseExecutor.java:439)
	at com.kms.katalon.core.main.TestCaseExecutor.processExecutionPhase(TestCaseExecutor.java:418)
	at com.kms.katalon.core.main.TestCaseExecutor.accessMainPhase(TestCaseExecutor.java:410)
	at com.kms.katalon.core.main.TestCaseExecutor.execute(TestCaseExecutor.java:285)
	at com.kms.katalon.core.common.CommonExecutor.accessTestCaseMainPhase(CommonExecutor.java:65)
	at com.kms.katalon.core.main.TestSuiteExecutor.accessTestSuiteMainPhase(TestSuiteExecutor.java:161)
	at com.kms.katalon.core.main.TestSuiteExecutor.execute(TestSuiteExecutor.java:107)
	at com.kms.katalon.core.main.TestCaseMain.startTestSuite(TestCaseMain.java:176)
	at TempTestSuite1737108265632.run(TempTestSuite1737108265632.groovy:35)
	at java.base/jdk.internal.reflect.NativeMethodAccessorImpl.invoke0(Native Method)
	at java.base/jdk.internal.reflect.NativeMethodAccessorImpl.invoke(NativeMethodAccessorImpl.java:77)
	at java.base/jdk.internal.reflect.DelegatingMethodAccessorImpl.invoke(DelegatingMethodAccessorImpl.java:43)
Caused by: java.lang.IllegalArgumentException: URI is not absolute
	at com.kms.katalon.core.webservice.common.HttpUtil.sendRequest(HttpUtil.java:127)
	at com.kms.katalon.core.webservice.common.BasicRequestor.send(BasicRequestor.java:58)
	at com.kms.katalon.core.webservice.helper.WebServiceCommonHelper.sendRequest(WebServiceCommonHelper.java:56)
	at com.kms.katalon.core.webservice.keyword.builtin.SendRequestKeyword$_sendRequest_closure1.doCall(SendRequestKeyword.groovy:46)
	at com.kms.katalon.core.webservice.keyword.builtin.SendRequestKeyword$_sendRequest_closure1.call(SendRequestKeyword.groovy)
	at com.kms.katalon.core.keyword.internal.KeywordMain.runKeyword(KeywordMain.groovy:75)
	at com.kms.katalon.core.webservice.keyword.builtin.SendRequestKeyword.sendRequest(SendRequestKeyword.groovy:38)
	at com.kms.katalon.core.webservice.keyword.builtin.SendRequestKeyword.execute(SendRequestKeyword.groovy:33)
	at com.kms.katalon.core.keyword.internal.KeywordExecutor.executeKeywordForPlatform(KeywordExecutor.groovy:74)
	at com.kms.katalon.core.webui.keyword.builtin.VerifyLinksAccessibleKeyword$_verifyLinksAccessible_closure1.doCall(VerifyLinksAccessibleKeyword.groovy:43)
	at com.kms.katalon.core.webui.keyword.builtin.VerifyLinksAccessibleKeyword$_verifyLinksAccessible_closure1.call(VerifyLinksAccessibleKeyword.groovy)
	at com.kms.katalon.core.webui.keyword.internal.WebUIKeywordMain.runKeyword(WebUIKeywordMain.groovy:35)
	at com.kms.katalon.core.webui.keyword.builtin.VerifyLinksAccessibleKeyword.verifyLinksAccessible(VerifyLinksAccessibleKeyword.groovy:38)
	at com.kms.katalon.core.webui.keyword.builtin.VerifyLinksAccessibleKeyword.execute(VerifyLinksAccessibleKeyword.groovy:33)
	at com.kms.katalon.core.keyword.internal.KeywordExecutor.executeKeywordForPlatform(KeywordExecutor.groovy:74)
	at com.kms.katalon.core.webui.keyword.WebUiBuiltInKeywords.verifyLinksAccessible(WebUiBuiltInKeywords.groovy:5040)
	at Script1734931239357.run(Script1734931239357.groovy:40)
	... 15 more
)
	at com.kms.katalon.core.keyword.internal.KeywordMain.stepFailed(KeywordMain.groovy:51)
	at com.kms.katalon.core.keyword.internal.KeywordMain.stepFailed(KeywordMain.groovy)
	at com.kms.katalon.core.keyword.internal.KeywordMain.runKeyword(KeywordMain.groovy:77)
	at com.kms.katalon.core.webservice.keyword.builtin.SendRequestKeyword.sendRequest(SendRequestKeyword.groovy:38)
	at com.kms.katalon.core.webservice.keyword.builtin.SendRequestKeyword.execute(SendRequestKeyword.groovy:33)
	at com.kms.katalon.core.keyword.internal.KeywordExecutor.executeKeywordForPlatform(KeywordExecutor.groovy:74)
	at com.kms.katalon.core.webui.keyword.builtin.VerifyLinksAccessibleKeyword$_verifyLinksAccessible_closure1.doCall(VerifyLinksAccessibleKeyword.groovy:43)
	at com.kms.katalon.core.webui.keyword.builtin.VerifyLinksAccessibleKeyword$_verifyLinksAccessible_closure1.call(VerifyLinksAccessibleKeyword.groovy)
	at com.kms.katalon.core.webui.keyword.internal.WebUIKeywordMain.runKeyword(WebUIKeywordMain.groovy:35)
	at com.kms.katalon.core.webui.keyword.builtin.VerifyLinksAccessibleKeyword.verifyLinksAccessible(VerifyLinksAccessibleKeyword.groovy:38)
	at com.kms.katalon.core.webui.keyword.builtin.VerifyLinksAccessibleKeyword.execute(VerifyLinksAccessibleKeyword.groovy:33)
	at com.kms.katalon.core.keyword.internal.KeywordExecutor.executeKeywordForPlatform(KeywordExecutor.groovy:74)
	at com.kms.katalon.core.webui.keyword.WebUiBuiltInKeywords.verifyLinksAccessible(WebUiBuiltInKeywords.groovy:5040)
	at Script1734931239357.run(Script1734931239357.groovy:40)
	... 15 more
Caused by: com.kms.katalon.core.webservice.exception.SendRequestException: java.lang.IllegalArgumentException: URI is not absolute
	at com.kms.katalon.core.webservice.common.HttpUtil.sendRequest(HttpUtil.java:178)
	at com.kms.katalon.core.webservice.common.BasicRequestor.send(BasicRequestor.java:58)
	at com.kms.katalon.core.webservice.helper.WebServiceCommonHelper.sendRequest(WebServiceCommonHelper.java:56)
	at com.kms.katalon.core.webservice.keyword.builtin.SendRequestKeyword$_sendRequest_closure1.doCall(SendRequestKeyword.groovy:46)
	at com.kms.katalon.core.webservice.keyword.builtin.SendRequestKeyword$_sendRequest_closure1.call(SendRequestKeyword.groovy)
	at com.kms.katalon.core.keyword.internal.KeywordMain.runKeyword(KeywordMain.groovy:75)
	at com.kms.katalon.core.webservice.keyword.builtin.SendRequestKeyword.sendRequest(SendRequestKeyword.groovy:38)
	at com.kms.katalon.core.webservice.keyword.builtin.SendRequestKeyword.execute(SendRequestKeyword.groovy:33)
	at com.kms.katalon.core.keyword.internal.KeywordExecutor.executeKeywordForPlatform(KeywordExecutor.groovy:74)
	at com.kms.katalon.core.webui.keyword.builtin.VerifyLinksAccessibleKeyword$_verifyLinksAccessible_closure1.doCall(VerifyLinksAccessibleKeyword.groovy:43)
	at com.kms.katalon.core.webui.keyword.builtin.VerifyLinksAccessibleKeyword$_verifyLinksAccessible_closure1.call(VerifyLinksAccessibleKeyword.groovy)
	at com.kms.katalon.core.webui.keyword.internal.WebUIKeywordMain.runKeyword(WebUIKeywordMain.groovy:35)
	at com.kms.katalon.core.webui.keyword.builtin.VerifyLinksAccessibleKeyword.verifyLinksAccessible(VerifyLinksAccessibleKeyword.groovy:38)
	at com.kms.katalon.core.webui.keyword.builtin.VerifyLinksAccessibleKeyword.execute(VerifyLinksAccessibleKeyword.groovy:33)
	at com.kms.katalon.core.keyword.internal.KeywordExecutor.executeKeywordForPlatform(KeywordExecutor.groovy:74)
	at com.kms.katalon.core.webui.keyword.WebUiBuiltInKeywords.verifyLinksAccessible(WebUiBuiltInKeywords.groovy:5040)
	at RegressionTest_VerifyDividendPaymentPolicyPage_ElementsArePresent.run(RegressionTest_VerifyDividendPaymentPolicyPage_ElementsArePresent:40)
	... 15 more
Caused by: java.lang.IllegalArgumentException: URI is not absolute
	at com.kms.katalon.core.webservice.common.HttpUtil.sendRequest(HttpUtil.java:127)
	... 31 more
)

17-01-2025T17:07:30 - [MESSAGE][FAILED] - Unable to send request (Root cause: com.kms.katalon.core.webservice.exception.SendRequestException: java.lang.IllegalArgumentException: URI is not absolute
	at com.kms.katalon.core.webservice.common.HttpUtil.sendRequest(HttpUtil.java:178)
	at com.kms.katalon.core.webservice.common.BasicRequestor.send(BasicRequestor.java:58)
	at com.kms.katalon.core.webservice.helper.WebServiceCommonHelper.sendRequest(WebServiceCommonHelper.java:56)
	at com.kms.katalon.core.webservice.keyword.builtin.SendRequestKeyword$_sendRequest_closure1.doCall(SendRequestKeyword.groovy:46)
	at com.kms.katalon.core.webservice.keyword.builtin.SendRequestKeyword$_sendRequest_closure1.call(SendRequestKeyword.groovy)
	at com.kms.katalon.core.keyword.internal.KeywordMain.runKeyword(KeywordMain.groovy:75)
	at com.kms.katalon.core.webservice.keyword.builtin.SendRequestKeyword.sendRequest(SendRequestKeyword.groovy:38)
	at com.kms.katalon.core.webservice.keyword.builtin.SendRequestKeyword.execute(SendRequestKeyword.groovy:33)
	at com.kms.katalon.core.keyword.internal.KeywordExecutor.executeKeywordForPlatform(KeywordExecutor.groovy:74)
	at com.kms.katalon.core.webui.keyword.builtin.VerifyLinksAccessibleKeyword$_verifyLinksAccessible_closure1.doCall(VerifyLinksAccessibleKeyword.groovy:43)
	at com.kms.katalon.core.webui.keyword.builtin.VerifyLinksAccessibleKeyword$_verifyLinksAccessible_closure1.call(VerifyLinksAccessibleKeyword.groovy)
	at com.kms.katalon.core.webui.keyword.internal.WebUIKeywordMain.runKeyword(WebUIKeywordMain.groovy:35)
	at com.kms.katalon.core.webui.keyword.builtin.VerifyLinksAccessibleKeyword.verifyLinksAccessible(VerifyLinksAccessibleKeyword.groovy:38)
	at com.kms.katalon.core.webui.keyword.builtin.VerifyLinksAccessibleKeyword.execute(VerifyLinksAccessibleKeyword.groovy:33)
	at com.kms.katalon.core.keyword.internal.KeywordExecutor.executeKeywordForPlatform(KeywordExecutor.groovy:74)
	at com.kms.katalon.core.webui.keyword.WebUiBuiltInKeywords.verifyLinksAccessible(WebUiBuiltInKeywords.groovy:5040)
	at RegressionTest_VerifyDividendPaymentPolicyPage_ElementsArePresent.run(RegressionTest_VerifyDividendPaymentPolicyPage_ElementsArePresent:40)
	at com.kms.katalon.core.main.ScriptEngine.run(ScriptEngine.java:194)
	at com.kms.katalon.core.main.ScriptEngine.runScriptAsRawText(ScriptEngine.java:119)
	at com.kms.katalon.core.main.TestCaseExecutor.runScript(TestCaseExecutor.java:448)
	at com.kms.katalon.core.main.TestCaseExecutor.doExecute(TestCaseExecutor.java:439)
	at com.kms.katalon.core.main.TestCaseExecutor.processExecutionPhase(TestCaseExecutor.java:418)
	at com.kms.katalon.core.main.TestCaseExecutor.accessMainPhase(TestCaseExecutor.java:410)
	at com.kms.katalon.core.main.TestCaseExecutor.execute(TestCaseExecutor.java:285)
	at com.kms.katalon.core.common.CommonExecutor.accessTestCaseMainPhase(CommonExecutor.java:65)
	at com.kms.katalon.core.main.TestSuiteExecutor.accessTestSuiteMainPhase(TestSuiteExecutor.java:161)
	at com.kms.katalon.core.main.TestSuiteExecutor.execute(TestSuiteExecutor.java:107)
	at com.kms.katalon.core.main.TestCaseMain.startTestSuite(TestCaseMain.java:176)
	at TempTestSuite1737108265632.run(TempTestSuite1737108265632.groovy:35)
	at java.base/jdk.internal.reflect.NativeMethodAccessorImpl.invoke0(Native Method)
	at java.base/jdk.internal.reflect.NativeMethodAccessorImpl.invoke(NativeMethodAccessorImpl.java:77)
	at java.base/jdk.internal.reflect.DelegatingMethodAccessorImpl.invoke(DelegatingMethodAccessorImpl.java:43)
Caused by: java.lang.IllegalArgumentException: URI is not absolute
	at com.kms.katalon.core.webservice.common.HttpUtil.sendRequest(HttpUtil.java:127)
	at com.kms.katalon.core.webservice.common.BasicRequestor.send(BasicRequestor.java:58)
	at com.kms.katalon.core.webservice.helper.WebServiceCommonHelper.sendRequest(WebServiceCommonHelper.java:56)
	at com.kms.katalon.core.webservice.keyword.builtin.SendRequestKeyword$_sendRequest_closure1.doCall(SendRequestKeyword.groovy:46)
	at com.kms.katalon.core.webservice.keyword.builtin.SendRequestKeyword$_sendRequest_closure1.call(SendRequestKeyword.groovy)
	at com.kms.katalon.core.keyword.internal.KeywordMain.runKeyword(KeywordMain.groovy:75)
	at com.kms.katalon.core.webservice.keyword.builtin.SendRequestKeyword.sendRequest(SendRequestKeyword.groovy:38)
	at com.kms.katalon.core.webservice.keyword.builtin.SendRequestKeyword.execute(SendRequestKeyword.groovy:33)
	at com.kms.katalon.core.keyword.internal.KeywordExecutor.executeKeywordForPlatform(KeywordExecutor.groovy:74)
	at com.kms.katalon.core.webui.keyword.builtin.VerifyLinksAccessibleKeyword$_verifyLinksAccessible_closure1.doCall(VerifyLinksAccessibleKeyword.groovy:43)
	at com.kms.katalon.core.webui.keyword.builtin.VerifyLinksAccessibleKeyword$_verifyLinksAccessible_closure1.call(VerifyLinksAccessibleKeyword.groovy)
	at com.kms.katalon.core.webui.keyword.internal.WebUIKeywordMain.runKeyword(WebUIKeywordMain.groovy:35)
	at com.kms.katalon.core.webui.keyword.builtin.VerifyLinksAccessibleKeyword.verifyLinksAccessible(VerifyLinksAccessibleKeyword.groovy:38)
	at com.kms.katalon.core.webui.keyword.builtin.VerifyLinksAccessibleKeyword.execute(VerifyLinksAccessibleKeyword.groovy:33)
	at com.kms.katalon.core.keyword.internal.KeywordExecutor.executeKeywordForPlatform(KeywordExecutor.groovy:74)
	at com.kms.katalon.core.webui.keyword.WebUiBuiltInKeywords.verifyLinksAccessible(WebUiBuiltInKeywords.groovy:5040)
	at Script1734931239357.run(Script1734931239357.groovy:40)
	... 15 more
)

17-01-2025T17:07:30 - [MESSAGE][WARNING] - Unable to verify links are accessible (Root cause: com.kms.katalon.core.exception.StepFailedException: Unable to verify links are accessible
	at com.kms.katalon.core.webui.keyword.internal.WebUIKeywordMain.stepFailed(WebUIKeywordMain.groovy:117)
	at com.kms.katalon.core.webui.keyword.internal.WebUIKeywordMain.runKeyword(WebUIKeywordMain.groovy:43)
	at com.kms.katalon.core.webui.keyword.builtin.VerifyLinksAccessibleKeyword.verifyLinksAccessible(VerifyLinksAccessibleKeyword.groovy:38)
	at com.kms.katalon.core.webui.keyword.builtin.VerifyLinksAccessibleKeyword.execute(VerifyLinksAccessibleKeyword.groovy:33)
	at com.kms.katalon.core.keyword.internal.KeywordExecutor.executeKeywordForPlatform(KeywordExecutor.groovy:74)
	at com.kms.katalon.core.webui.keyword.WebUiBuiltInKeywords.verifyLinksAccessible(WebUiBuiltInKeywords.groovy:5040)
	at RegressionTest_VerifyDividendPaymentPolicyPage_ElementsArePresent.run(RegressionTest_VerifyDividendPaymentPolicyPage_ElementsArePresent:40)
	at com.kms.katalon.core.main.ScriptEngine.run(ScriptEngine.java:194)
	at com.kms.katalon.core.main.ScriptEngine.runScriptAsRawText(ScriptEngine.java:119)
	at com.kms.katalon.core.main.TestCaseExecutor.runScript(TestCaseExecutor.java:448)
	at com.kms.katalon.core.main.TestCaseExecutor.doExecute(TestCaseExecutor.java:439)
	at com.kms.katalon.core.main.TestCaseExecutor.processExecutionPhase(TestCaseExecutor.java:418)
	at com.kms.katalon.core.main.TestCaseExecutor.accessMainPhase(TestCaseExecutor.java:410)
	at com.kms.katalon.core.main.TestCaseExecutor.execute(TestCaseExecutor.java:285)
	at com.kms.katalon.core.common.CommonExecutor.accessTestCaseMainPhase(CommonExecutor.java:65)
	at com.kms.katalon.core.main.TestSuiteExecutor.accessTestSuiteMainPhase(TestSuiteExecutor.java:161)
	at com.kms.katalon.core.main.TestSuiteExecutor.execute(TestSuiteExecutor.java:107)
	at com.kms.katalon.core.main.TestCaseMain.startTestSuite(TestCaseMain.java:176)
	at TempTestSuite1737108265632.run(TempTestSuite1737108265632.groovy:35)
	at java.base/jdk.internal.reflect.NativeMethodAccessorImpl.invoke0(Native Method)
	at java.base/jdk.internal.reflect.NativeMethodAccessorImpl.invoke(NativeMethodAccessorImpl.java:77)
	at java.base/jdk.internal.reflect.DelegatingMethodAccessorImpl.invoke(DelegatingMethodAccessorImpl.java:43)
Caused by: com.kms.katalon.core.exception.StepFailedException: Unable to send request (Root cause: com.kms.katalon.core.webservice.exception.SendRequestException: java.lang.IllegalArgumentException: URI is not absolute
	at com.kms.katalon.core.webservice.common.HttpUtil.sendRequest(HttpUtil.java:178)
	at com.kms.katalon.core.webservice.common.BasicRequestor.send(BasicRequestor.java:58)
	at com.kms.katalon.core.webservice.helper.WebServiceCommonHelper.sendRequest(WebServiceCommonHelper.java:56)
	at com.kms.katalon.core.webservice.keyword.builtin.SendRequestKeyword$_sendRequest_closure1.doCall(SendRequestKeyword.groovy:46)
	at com.kms.katalon.core.webservice.keyword.builtin.SendRequestKeyword$_sendRequest_closure1.call(SendRequestKeyword.groovy)
	at com.kms.katalon.core.keyword.internal.KeywordMain.runKeyword(KeywordMain.groovy:75)
	at com.kms.katalon.core.webservice.keyword.builtin.SendRequestKeyword.sendRequest(SendRequestKeyword.groovy:38)
	at com.kms.katalon.core.webservice.keyword.builtin.SendRequestKeyword.execute(SendRequestKeyword.groovy:33)
	at com.kms.katalon.core.keyword.internal.KeywordExecutor.executeKeywordForPlatform(KeywordExecutor.groovy:74)
	at com.kms.katalon.core.webui.keyword.builtin.VerifyLinksAccessibleKeyword$_verifyLinksAccessible_closure1.doCall(VerifyLinksAccessibleKeyword.groovy:43)
	at com.kms.katalon.core.webui.keyword.builtin.VerifyLinksAccessibleKeyword$_verifyLinksAccessible_closure1.call(VerifyLinksAccessibleKeyword.groovy)
	at com.kms.katalon.core.webui.keyword.internal.WebUIKeywordMain.runKeyword(WebUIKeywordMain.groovy:35)
	at com.kms.katalon.core.webui.keyword.builtin.VerifyLinksAccessibleKeyword.verifyLinksAccessible(VerifyLinksAccessibleKeyword.groovy:38)
	at com.kms.katalon.core.webui.keyword.builtin.VerifyLinksAccessibleKeyword.execute(VerifyLinksAccessibleKeyword.groovy:33)
	at com.kms.katalon.core.keyword.internal.KeywordExecutor.executeKeywordForPlatform(KeywordExecutor.groovy:74)
	at com.kms.katalon.core.webui.keyword.WebUiBuiltInKeywords.verifyLinksAccessible(WebUiBuiltInKeywords.groovy:5040)
	at RegressionTest_VerifyDividendPaymentPolicyPage_ElementsArePresent.run(RegressionTest_VerifyDividendPaymentPolicyPage_ElementsArePresent:40)
	at com.kms.katalon.core.main.ScriptEngine.run(ScriptEngine.java:194)
	at com.kms.katalon.core.main.ScriptEngine.runScriptAsRawText(ScriptEngine.java:119)
	at com.kms.katalon.core.main.TestCaseExecutor.runScript(TestCaseExecutor.java:448)
	at com.kms.katalon.core.main.TestCaseExecutor.doExecute(TestCaseExecutor.java:439)
	at com.kms.katalon.core.main.TestCaseExecutor.processExecutionPhase(TestCaseExecutor.java:418)
	at com.kms.katalon.core.main.TestCaseExecutor.accessMainPhase(TestCaseExecutor.java:410)
	at com.kms.katalon.core.main.TestCaseExecutor.execute(TestCaseExecutor.java:285)
	at com.kms.katalon.core.common.CommonExecutor.accessTestCaseMainPhase(CommonExecutor.java:65)
	at com.kms.katalon.core.main.TestSuiteExecutor.accessTestSuiteMainPhase(TestSuiteExecutor.java:161)
	at com.kms.katalon.core.main.TestSuiteExecutor.execute(TestSuiteExecutor.java:107)
	at com.kms.katalon.core.main.TestCaseMain.startTestSuite(TestCaseMain.java:176)
	at TempTestSuite1737108265632.run(TempTestSuite1737108265632.groovy:35)
	at java.base/jdk.internal.reflect.NativeMethodAccessorImpl.invoke0(Native Method)
	at java.base/jdk.internal.reflect.NativeMethodAccessorImpl.invoke(NativeMethodAccessorImpl.java:77)
	at java.base/jdk.internal.reflect.DelegatingMethodAccessorImpl.invoke(DelegatingMethodAccessorImpl.java:43)
Caused by: java.lang.IllegalArgumentException: URI is not absolute
	at com.kms.katalon.core.webservice.common.HttpUtil.sendRequest(HttpUtil.java:127)
	at com.kms.katalon.core.webservice.common.BasicRequestor.send(BasicRequestor.java:58)
	at com.kms.katalon.core.webservice.helper.WebServiceCommonHelper.sendRequest(WebServiceCommonHelper.java:56)
	at com.kms.katalon.core.webservice.keyword.builtin.SendRequestKeyword$_sendRequest_closure1.doCall(SendRequestKeyword.groovy:46)
	at com.kms.katalon.core.webservice.keyword.builtin.SendRequestKeyword$_sendRequest_closure1.call(SendRequestKeyword.groovy)
	at com.kms.katalon.core.keyword.internal.KeywordMain.runKeyword(KeywordMain.groovy:75)
	at com.kms.katalon.core.webservice.keyword.builtin.SendRequestKeyword.sendRequest(SendRequestKeyword.groovy:38)
	at com.kms.katalon.core.webservice.keyword.builtin.SendRequestKeyword.execute(SendRequestKeyword.groovy:33)
	at com.kms.katalon.core.keyword.internal.KeywordExecutor.executeKeywordForPlatform(KeywordExecutor.groovy:74)
	at com.kms.katalon.core.webui.keyword.builtin.VerifyLinksAccessibleKeyword$_verifyLinksAccessible_closure1.doCall(VerifyLinksAccessibleKeyword.groovy:43)
	at com.kms.katalon.core.webui.keyword.builtin.VerifyLinksAccessibleKeyword$_verifyLinksAccessible_closure1.call(VerifyLinksAccessibleKeyword.groovy)
	at com.kms.katalon.core.webui.keyword.internal.WebUIKeywordMain.runKeyword(WebUIKeywordMain.groovy:35)
	at com.kms.katalon.core.webui.keyword.builtin.VerifyLinksAccessibleKeyword.verifyLinksAccessible(VerifyLinksAccessibleKeyword.groovy:38)
	at com.kms.katalon.core.webui.keyword.builtin.VerifyLinksAccessibleKeyword.execute(VerifyLinksAccessibleKeyword.groovy:33)
	at com.kms.katalon.core.keyword.internal.KeywordExecutor.executeKeywordForPlatform(KeywordExecutor.groovy:74)
	at com.kms.katalon.core.webui.keyword.WebUiBuiltInKeywords.verifyLinksAccessible(WebUiBuiltInKeywords.groovy:5040)
	at Script1734931239357.run(Script1734931239357.groovy:40)
	... 15 more
)
	at com.kms.katalon.core.keyword.internal.KeywordMain.stepFailed(KeywordMain.groovy:51)
	at com.kms.katalon.core.keyword.internal.KeywordMain.stepFailed(KeywordMain.groovy)
	at com.kms.katalon.core.keyword.internal.KeywordMain.runKeyword(KeywordMain.groovy:77)
	at com.kms.katalon.core.webservice.keyword.builtin.SendRequestKeyword.sendRequest(SendRequestKeyword.groovy:38)
	at com.kms.katalon.core.webservice.keyword.builtin.SendRequestKeyword.execute(SendRequestKeyword.groovy:33)
	at com.kms.katalon.core.keyword.internal.KeywordExecutor.executeKeywordForPlatform(KeywordExecutor.groovy:74)
	at com.kms.katalon.core.webui.keyword.builtin.VerifyLinksAccessibleKeyword$_verifyLinksAccessible_closure1.doCall(VerifyLinksAccessibleKeyword.groovy:43)
	at com.kms.katalon.core.webui.keyword.builtin.VerifyLinksAccessibleKeyword$_verifyLinksAccessible_closure1.call(VerifyLinksAccessibleKeyword.groovy)
	at com.kms.katalon.core.webui.keyword.internal.WebUIKeywordMain.runKeyword(WebUIKeywordMain.groovy:35)
	at com.kms.katalon.core.webui.keyword.builtin.VerifyLinksAccessibleKeyword.verifyLinksAccessible(VerifyLinksAccessibleKeyword.groovy:38)
	at com.kms.katalon.core.webui.keyword.builtin.VerifyLinksAccessibleKeyword.execute(VerifyLinksAccessibleKeyword.groovy:33)
	at com.kms.katalon.core.keyword.internal.KeywordExecutor.executeKeywordForPlatform(KeywordExecutor.groovy:74)
	at com.kms.katalon.core.webui.keyword.WebUiBuiltInKeywords.verifyLinksAccessible(WebUiBuiltInKeywords.groovy:5040)
	at Script1734931239357.run(Script1734931239357.groovy:40)
	... 15 more
Caused by: com.kms.katalon.core.webservice.exception.SendRequestException: java.lang.IllegalArgumentException: URI is not absolute
	at com.kms.katalon.core.webservice.common.HttpUtil.sendRequest(HttpUtil.java:178)
	at com.kms.katalon.core.webservice.common.BasicRequestor.send(BasicRequestor.java:58)
	at com.kms.katalon.core.webservice.helper.WebServiceCommonHelper.sendRequest(WebServiceCommonHelper.java:56)
	at com.kms.katalon.core.webservice.keyword.builtin.SendRequestKeyword$_sendRequest_closure1.doCall(SendRequestKeyword.groovy:46)
	at com.kms.katalon.core.webservice.keyword.builtin.SendRequestKeyword$_sendRequest_closure1.call(SendRequestKeyword.groovy)
	at com.kms.katalon.core.keyword.internal.KeywordMain.runKeyword(KeywordMain.groovy:75)
	at com.kms.katalon.core.webservice.keyword.builtin.SendRequestKeyword.sendRequest(SendRequestKeyword.groovy:38)
	at com.kms.katalon.core.webservice.keyword.builtin.SendRequestKeyword.execute(SendRequestKeyword.groovy:33)
	at com.kms.katalon.core.keyword.internal.KeywordExecutor.executeKeywordForPlatform(KeywordExecutor.groovy:74)
	at com.kms.katalon.core.webui.keyword.builtin.VerifyLinksAccessibleKeyword$_verifyLinksAccessible_closure1.doCall(VerifyLinksAccessibleKeyword.groovy:43)
	at com.kms.katalon.core.webui.keyword.builtin.VerifyLinksAccessibleKeyword$_verifyLinksAccessible_closure1.call(VerifyLinksAccessibleKeyword.groovy)
	at com.kms.katalon.core.webui.keyword.internal.WebUIKeywordMain.runKeyword(WebUIKeywordMain.groovy:35)
	at com.kms.katalon.core.webui.keyword.builtin.VerifyLinksAccessibleKeyword.verifyLinksAccessible(VerifyLinksAccessibleKeyword.groovy:38)
	at com.kms.katalon.core.webui.keyword.builtin.VerifyLinksAccessibleKeyword.execute(VerifyLinksAccessibleKeyword.groovy:33)
	at com.kms.katalon.core.keyword.internal.KeywordExecutor.executeKeywordForPlatform(KeywordExecutor.groovy:74)
	at com.kms.katalon.core.webui.keyword.WebUiBuiltInKeywords.verifyLinksAccessible(WebUiBuiltInKeywords.groovy:5040)
	at RegressionTest_VerifyDividendPaymentPolicyPage_ElementsArePresent.run(RegressionTest_VerifyDividendPaymentPolicyPage_ElementsArePresent:40)
	... 15 more
Caused by: java.lang.IllegalArgumentException: URI is not absolute
	at com.kms.katalon.core.webservice.common.HttpUtil.sendRequest(HttpUtil.java:127)
	... 31 more
)

17-01-2025T17:07:30 - [TEST_STEP][PASSED] - closeWindowIndex(1): Window with index 1 is closed

17-01-2025T17:07:30 - [MESSAGE][PASSED] - Window with index 1 is closed

17-01-2025T17:07:30 - [TEST_STEP][PASSED] - switchToWindowIndex(0): Switched to window with index: '0'

17-01-2025T17:07:30 - [MESSAGE][PASSED] - Switched to window with index: '0'

17-01-2025T17:07:30 - [TEST_STEP][PASSED] - click(findTestObject("var_Content", ["xpath":"//body[1]/div[1]/main[1]/main[1]/div[2]/div[3]/div[2]"])): Object: 'Object Repository/var_Content' is clicked on

17-01-2025T17:07:30 - [MESSAGE][PASSED] - Object: 'Object Repository/var_Content' is clicked on

17-01-2025T17:07:30 - [TEST_STEP][PASSED] - verifyLinksAccessible(["https://baf-mobile-dev.oss-ap-southeast-5.aliyuncs.com/investor-relation-file/1718178324514.pdf"]): All links are accessible

17-01-2025T17:07:32 - [MESSAGE][INFO] - HAR: C:\Users\P251224001\git\BAF-website\Reports\20250117_170425\Corporate\20250117_170425\requests\main\11.har

17-01-2025T17:07:32 - [MESSAGE][PASSED] - Send request successfully

17-01-2025T17:07:32 - [MESSAGE][PASSED] - All links are accessible

17-01-2025T17:07:32 - [TEST_STEP][PASSED] - closeWindowIndex(1): Window with index 1 is closed

17-01-2025T17:07:32 - [MESSAGE][PASSED] - Window with index 1 is closed

17-01-2025T17:07:32 - [TEST_STEP][PASSED] - switchToWindowIndex(0): Switched to window with index: '0'

17-01-2025T17:07:32 - [MESSAGE][PASSED] - Switched to window with index: '0'

17-01-2025T17:07:32 - [TEST_STEP][PASSED] - click(findTestObject("var_Content", ["xpath":"//body[1]/div[1]/main[1]/main[1]/div[2]/div[3]/div[3]"])): Object: 'Object Repository/var_Content' is clicked on

17-01-2025T17:07:33 - [MESSAGE][PASSED] - Object: 'Object Repository/var_Content' is clicked on

17-01-2025T17:07:33 - [TEST_STEP][PASSED] - verifyLinksAccessible(["https://baf-mobile-dev.oss-ap-southeast-5.aliyuncs.com/investor-relation-file/1718178324514.pdf"]): All links are accessible

17-01-2025T17:07:36 - [MESSAGE][INFO] - HAR: C:\Users\P251224001\git\BAF-website\Reports\20250117_170425\Corporate\20250117_170425\requests\main\12.har

17-01-2025T17:07:36 - [MESSAGE][PASSED] - Send request successfully

17-01-2025T17:07:36 - [MESSAGE][PASSED] - All links are accessible

17-01-2025T17:07:36 - [TEST_STEP][PASSED] - closeWindowIndex(1): Window with index 1 is closed

17-01-2025T17:07:36 - [MESSAGE][PASSED] - Window with index 1 is closed

17-01-2025T17:07:36 - [TEST_STEP][PASSED] - switchToWindowIndex(0): Switched to window with index: '0'

17-01-2025T17:07:36 - [MESSAGE][PASSED] - Switched to window with index: '0'

17-01-2025T17:07:36 - [TEST_STEP][PASSED] - verifyElementPresent(findTestObject("img_Content", ["src":"https://baf-mobile-dev.oss-ap-southeast-5.aliyuncs.com/banner/1713491017329.png"]), 10): Object 'Object Repository/img_Content' is present

17-01-2025T17:07:36 - [MESSAGE][PASSED] - Object 'Object Repository/img_Content' is present

17-01-2025T17:07:36 - [TEST_STEP][PASSED] - Start listener action : AfterTestCase: null]]></system-out>
         <system-err><![CDATA[]]></system-err>
      </testcase>
      <testcase name="Test Cases/Corporate/Investor Relations/RegressionTest_VerifyFinancialHighlightsPage_ElementsArePresent" time="3.218" classname="Test Cases/Corporate/Investor Relations/RegressionTest_VerifyFinancialHighlightsPage_ElementsArePresent" status="PASSED">
         <system-out><![CDATA[17-01-2025T17:07:36 - [TEST_CASE][PASSED] - Test Cases/Corporate/Investor Relations/RegressionTest_VerifyFinancialHighlightsPage_ElementsArePresent: Test Cases/Corporate/Investor Relations/RegressionTest_VerifyFinancialHighlightsPage_ElementsArePresent

17-01-2025T17:07:36 - [TEST_STEP][PASSED] - Start listener action : BeforeTestCase: null

17-01-2025T17:07:36 - [TEST_STEP][NOT_RUN] - click(findTestObject("link_Content", ["href":"/corporate", "text":"Corporate"])): NOT_RUN: click(findTestObject("link_Content", ["href":"/corporate", "text":"Corporate"]))

17-01-2025T17:07:36 - [MESSAGE][NOT_RUN] - NOT_RUN: click(findTestObject("link_Content", ["href":"/corporate", "text":"Corporate"]))

17-01-2025T17:07:36 - [TEST_STEP][PASSED] - click(findTestObject("link_Content", ["href":"#", "text":"Investor Relations"])): Object: 'Object Repository/link_Content' is clicked on

17-01-2025T17:07:37 - [MESSAGE][PASSED] - Object: 'Object Repository/link_Content' is clicked on

17-01-2025T17:07:37 - [TEST_STEP][PASSED] - click(findTestObject("link_Content", ["href":"/en/corporate/InvestorRelations/FinancialHighlights", "text":"Financial Highlights"])): Object: 'Object Repository/link_Content' is clicked on

17-01-2025T17:07:37 - [MESSAGE][PASSED] - Object: 'Object Repository/link_Content' is clicked on

17-01-2025T17:07:37 - [TEST_STEP][PASSED] - scrollToElement(findTestObject("var_Content", ["xpath":"//body[1]/div[1]/main[1]/main[1]/div[1]/div[1]/ol[1]"]), 10): Scroll to object 'Object Repository/var_Content' successfully

17-01-2025T17:07:38 - [MESSAGE][PASSED] - Scroll to object 'Object Repository/var_Content' successfully

17-01-2025T17:07:38 - [TEST_STEP][PASSED] - verifyElementPresent(findTestObject("lbl_Content", ["text":"FINANCIAL HIGHLIGHTS"]), 10): Object 'Object Repository/lbl_Content' is present

17-01-2025T17:07:38 - [MESSAGE][PASSED] - Object 'Object Repository/lbl_Content' is present

17-01-2025T17:07:39 - [TEST_STEP][PASSED] - verifyElementPresent(findTestObject("lbl_Content", ["text":"Kami terus memberikan upaya terbaik kami dalam menjaga kinerja keuangan secara berkelanjutan sehingga dapat terus memberikan nilai yang optimal bagi seluruh pemegang saham."]), 10): Object 'Object Repository/lbl_Content' is present

17-01-2025T17:07:39 - [MESSAGE][PASSED] - Object 'Object Repository/lbl_Content' is present

17-01-2025T17:07:39 - [TEST_STEP][PASSED] - verifyElementPresent(findTestObject("lbl_Content", ["text":"We continue to ensure our best efforts in maintaining our sustain financial performance so that we can continue to deliver optimal value for all shareholders."]), 10): Object 'Object Repository/lbl_Content' is present

17-01-2025T17:07:39 - [MESSAGE][PASSED] - Object 'Object Repository/lbl_Content' is present

17-01-2025T17:07:39 - [TEST_STEP][PASSED] - verifyElementPresent(findTestObject("img_Content", ["src":"https://baf-web.oss-ap-southeast-5.aliyuncs.com/files/FINANCIAL%20HIGHLIGHTS.jpg"]), 10): Object 'Object Repository/img_Content' is present

17-01-2025T17:07:39 - [MESSAGE][PASSED] - Object 'Object Repository/img_Content' is present

17-01-2025T17:07:39 - [TEST_STEP][PASSED] - Start listener action : AfterTestCase: null]]></system-out>
         <system-err><![CDATA[]]></system-err>
      </testcase>
      <testcase name="Test Cases/Corporate/Investor Relations/RegressionTest_VerifyFinancialStatementsPage_ElementsArePresent" time="3.869" classname="Test Cases/Corporate/Investor Relations/RegressionTest_VerifyFinancialStatementsPage_ElementsArePresent" status="PASSED">
         <system-out><![CDATA[17-01-2025T17:07:39 - [TEST_CASE][PASSED] - Test Cases/Corporate/Investor Relations/RegressionTest_VerifyFinancialStatementsPage_ElementsArePresent: Test Cases/Corporate/Investor Relations/RegressionTest_VerifyFinancialStatementsPage_ElementsArePresent

17-01-2025T17:07:39 - [TEST_STEP][PASSED] - Start listener action : BeforeTestCase: null

17-01-2025T17:07:39 - [TEST_STEP][NOT_RUN] - click(findTestObject("link_Content", ["href":"/corporate", "text":"Corporate"])): NOT_RUN: click(findTestObject("link_Content", ["href":"/corporate", "text":"Corporate"]))

17-01-2025T17:07:39 - [MESSAGE][NOT_RUN] - NOT_RUN: click(findTestObject("link_Content", ["href":"/corporate", "text":"Corporate"]))

17-01-2025T17:07:39 - [TEST_STEP][PASSED] - click(findTestObject("link_Content", ["href":"#", "text":"Investor Relations"])): Object: 'Object Repository/link_Content' is clicked on

17-01-2025T17:07:40 - [MESSAGE][PASSED] - Object: 'Object Repository/link_Content' is clicked on

17-01-2025T17:07:40 - [TEST_STEP][PASSED] - click(findTestObject("link_Content", ["href":"/en/corporate/InvestorRelations/FinancialStatements", "text":"Financial Statements"])): Object: 'Object Repository/link_Content' is clicked on

17-01-2025T17:07:40 - [MESSAGE][PASSED] - Object: 'Object Repository/link_Content' is clicked on

17-01-2025T17:07:40 - [TEST_STEP][PASSED] - scrollToElement(findTestObject("var_Content", ["xpath":"//body[1]/div[1]/main[1]/main[1]/div[1]/div[1]/ol[1]"]), 10): Scroll to object 'Object Repository/var_Content' successfully

17-01-2025T17:07:43 - [MESSAGE][PASSED] - Scroll to object 'Object Repository/var_Content' successfully

17-01-2025T17:07:43 - [TEST_STEP][PASSED] - verifyElementPresent(findTestObject("lbl_Content", ["text":"FINANCIAL STATEMENTS"]), 10): Object 'Object Repository/lbl_Content' is present

17-01-2025T17:07:43 - [MESSAGE][PASSED] - Object 'Object Repository/lbl_Content' is present

17-01-2025T17:07:43 - [TEST_STEP][PASSED] - verifyElementPresent(findTestObject("var_Content", ["xpath":"//body[1]/div[1]/main[1]/main[1]/div[2]/div[2]/div[1]"]), 10): Object 'Object Repository/var_Content' is present

17-01-2025T17:07:43 - [MESSAGE][PASSED] - Object 'Object Repository/var_Content' is present

17-01-2025T17:07:43 - [TEST_STEP][PASSED] - Start listener action : AfterTestCase: null]]></system-out>
         <system-err><![CDATA[]]></system-err>
      </testcase>
      <testcase name="Test Cases/Corporate/Investor Relations/RegressionTest_VerifyGeneralShareholderMeetingsPage_ElementsArePresent" time="2.456" classname="Test Cases/Corporate/Investor Relations/RegressionTest_VerifyGeneralShareholderMeetingsPage_ElementsArePresent" status="PASSED">
         <system-out><![CDATA[17-01-2025T17:07:43 - [TEST_CASE][PASSED] - Test Cases/Corporate/Investor Relations/RegressionTest_VerifyGeneralShareholderMeetingsPage_ElementsArePresent: Test Cases/Corporate/Investor Relations/RegressionTest_VerifyGeneralShareholderMeetingsPage_ElementsArePresent

17-01-2025T17:07:43 - [TEST_STEP][PASSED] - Start listener action : BeforeTestCase: null

17-01-2025T17:07:43 - [TEST_STEP][NOT_RUN] - click(findTestObject("link_Content", ["href":"/corporate", "text":"Corporate"])): NOT_RUN: click(findTestObject("link_Content", ["href":"/corporate", "text":"Corporate"]))

17-01-2025T17:07:43 - [MESSAGE][NOT_RUN] - NOT_RUN: click(findTestObject("link_Content", ["href":"/corporate", "text":"Corporate"]))

17-01-2025T17:07:43 - [TEST_STEP][PASSED] - click(findTestObject("link_Content", ["href":"#", "text":"Investor Relations"])): Object: 'Object Repository/link_Content' is clicked on

17-01-2025T17:07:44 - [MESSAGE][PASSED] - Object: 'Object Repository/link_Content' is clicked on

17-01-2025T17:07:44 - [TEST_STEP][PASSED] - click(findTestObject("link_Content", ["href":"/en/corporate/InvestorRelations/ShareholderMeeting", "text":"General Shareholder Meetings"])): Object: 'Object Repository/link_Content' is clicked on

17-01-2025T17:07:44 - [MESSAGE][PASSED] - Object: 'Object Repository/link_Content' is clicked on

17-01-2025T17:07:44 - [TEST_STEP][PASSED] - scrollToElement(findTestObject("var_Content", ["xpath":"//body[1]/div[1]/main[1]/main[1]/div[1]/div[1]/ol[1]"]), 10): Scroll to object 'Object Repository/var_Content' successfully

17-01-2025T17:07:45 - [MESSAGE][PASSED] - Scroll to object 'Object Repository/var_Content' successfully

17-01-2025T17:07:45 - [TEST_STEP][PASSED] - verifyElementPresent(findTestObject("lbl_Content", ["text":"GENERAL SHAREHOLDER MEETINGS"]), 10): Object 'Object Repository/lbl_Content' is present

17-01-2025T17:07:45 - [MESSAGE][PASSED] - Object 'Object Repository/lbl_Content' is present

17-01-2025T17:07:45 - [TEST_STEP][PASSED] - verifyElementPresent(findTestObject("var_Content", ["xpath":"//body[1]/div[1]/main[1]/main[1]/div[2]/div[2]/div[1]"]), 10): Object 'Object Repository/var_Content' is present

17-01-2025T17:07:46 - [MESSAGE][PASSED] - Object 'Object Repository/var_Content' is present

17-01-2025T17:07:46 - [TEST_STEP][PASSED] - Start listener action : AfterTestCase: null]]></system-out>
         <system-err><![CDATA[]]></system-err>
      </testcase>
      <testcase name="Test Cases/Corporate/Corporate Governance/RegressionTest_VerifyArticlesOfAssociationPage_ElementsArePresent" time="13.275" classname="Test Cases/Corporate/Corporate Governance/RegressionTest_VerifyArticlesOfAssociationPage_ElementsArePresent" status="PASSED">
         <system-out><![CDATA[17-01-2025T17:07:46 - [TEST_CASE][PASSED] - Test Cases/Corporate/Corporate Governance/RegressionTest_VerifyArticlesOfAssociationPage_ElementsArePresent: Test Cases/Corporate/Corporate Governance/RegressionTest_VerifyArticlesOfAssociationPage_ElementsArePresent

17-01-2025T17:07:46 - [TEST_STEP][PASSED] - Start listener action : BeforeTestCase: null

17-01-2025T17:07:46 - [TEST_STEP][NOT_RUN] - click(findTestObject("link_Content", ["href":"/corporate", "text":"Corporate"])): NOT_RUN: click(findTestObject("link_Content", ["href":"/corporate", "text":"Corporate"]))

17-01-2025T17:07:46 - [MESSAGE][NOT_RUN] - NOT_RUN: click(findTestObject("link_Content", ["href":"/corporate", "text":"Corporate"]))

17-01-2025T17:07:46 - [TEST_STEP][PASSED] - click(findTestObject("link_Content", ["href":"#", "text":"Corporate Governance"])): Object: 'Object Repository/link_Content' is clicked on

17-01-2025T17:07:46 - [MESSAGE][PASSED] - Object: 'Object Repository/link_Content' is clicked on

17-01-2025T17:07:46 - [TEST_STEP][PASSED] - click(findTestObject("link_Content", ["href":"/en/corporate/CorporateGovernance/ArticlesOfAssociation", "text":"Articles of Association"])): Object: 'Object Repository/link_Content' is clicked on

17-01-2025T17:07:50 - [MESSAGE][PASSED] - Object: 'Object Repository/link_Content' is clicked on

17-01-2025T17:07:50 - [TEST_STEP][PASSED] - scrollToElement(findTestObject("var_Content", ["xpath":"//body[1]/div[1]/main[1]/main[1]/div[1]/div[1]/ol[1]"]), 10): Scroll to object 'Object Repository/var_Content' successfully

17-01-2025T17:07:52 - [MESSAGE][PASSED] - Scroll to object 'Object Repository/var_Content' successfully

17-01-2025T17:07:52 - [TEST_STEP][PASSED] - verifyElementPresent(findTestObject("lbl_Content", ["text":"ARTICLES OF ASSOCIATION"]), 10): Object 'Object Repository/lbl_Content' is present

17-01-2025T17:07:52 - [MESSAGE][PASSED] - Object 'Object Repository/lbl_Content' is present

17-01-2025T17:07:52 - [TEST_STEP][PASSED] - click(findTestObject("var_Content", ["xpath":"//body[1]/div[1]/main[1]/main[1]/div[2]/div[3]"])): Object: 'Object Repository/var_Content' is clicked on

17-01-2025T17:07:52 - [MESSAGE][PASSED] - Object: 'Object Repository/var_Content' is clicked on

17-01-2025T17:07:52 - [TEST_STEP][FAILED] - verifyLinksAccessible(["about:blank"], OPTIONAL): Unable to verify links are accessible (Root cause: com.kms.katalon.core.exception.StepFailedException: Unable to verify links are accessible
	at com.kms.katalon.core.webui.keyword.internal.WebUIKeywordMain.stepFailed(WebUIKeywordMain.groovy:117)
	at com.kms.katalon.core.webui.keyword.internal.WebUIKeywordMain.runKeyword(WebUIKeywordMain.groovy:43)
	at com.kms.katalon.core.webui.keyword.builtin.VerifyLinksAccessibleKeyword.verifyLinksAccessible(VerifyLinksAccessibleKeyword.groovy:38)
	at com.kms.katalon.core.webui.keyword.builtin.VerifyLinksAccessibleKeyword.execute(VerifyLinksAccessibleKeyword.groovy:33)
	at com.kms.katalon.core.keyword.internal.KeywordExecutor.executeKeywordForPlatform(KeywordExecutor.groovy:74)
	at com.kms.katalon.core.webui.keyword.WebUiBuiltInKeywords.verifyLinksAccessible(WebUiBuiltInKeywords.groovy:5040)
	at RegressionTest_VerifyArticlesOfAssociationPage_ElementsArePresent.run(RegressionTest_VerifyArticlesOfAssociationPage_ElementsArePresent:40)
	at com.kms.katalon.core.main.ScriptEngine.run(ScriptEngine.java:194)
	at com.kms.katalon.core.main.ScriptEngine.runScriptAsRawText(ScriptEngine.java:119)
	at com.kms.katalon.core.main.TestCaseExecutor.runScript(TestCaseExecutor.java:448)
	at com.kms.katalon.core.main.TestCaseExecutor.doExecute(TestCaseExecutor.java:439)
	at com.kms.katalon.core.main.TestCaseExecutor.processExecutionPhase(TestCaseExecutor.java:418)
	at com.kms.katalon.core.main.TestCaseExecutor.accessMainPhase(TestCaseExecutor.java:410)
	at com.kms.katalon.core.main.TestCaseExecutor.execute(TestCaseExecutor.java:285)
	at com.kms.katalon.core.common.CommonExecutor.accessTestCaseMainPhase(CommonExecutor.java:65)
	at com.kms.katalon.core.main.TestSuiteExecutor.accessTestSuiteMainPhase(TestSuiteExecutor.java:161)
	at com.kms.katalon.core.main.TestSuiteExecutor.execute(TestSuiteExecutor.java:107)
	at com.kms.katalon.core.main.TestCaseMain.startTestSuite(TestCaseMain.java:176)
	at TempTestSuite1737108265632.run(TempTestSuite1737108265632.groovy:35)
	at java.base/jdk.internal.reflect.NativeMethodAccessorImpl.invoke0(Native Method)
	at java.base/jdk.internal.reflect.NativeMethodAccessorImpl.invoke(NativeMethodAccessorImpl.java:77)
	at java.base/jdk.internal.reflect.DelegatingMethodAccessorImpl.invoke(DelegatingMethodAccessorImpl.java:43)
Caused by: com.kms.katalon.core.exception.StepFailedException: Unable to send request (Root cause: com.kms.katalon.core.webservice.exception.SendRequestException: java.net.MalformedURLException: unknown protocol: about
	at com.kms.katalon.core.webservice.common.HttpUtil.sendRequest(HttpUtil.java:178)
	at com.kms.katalon.core.webservice.common.BasicRequestor.send(BasicRequestor.java:58)
	at com.kms.katalon.core.webservice.helper.WebServiceCommonHelper.sendRequest(WebServiceCommonHelper.java:56)
	at com.kms.katalon.core.webservice.keyword.builtin.SendRequestKeyword$_sendRequest_closure1.doCall(SendRequestKeyword.groovy:46)
	at com.kms.katalon.core.webservice.keyword.builtin.SendRequestKeyword$_sendRequest_closure1.call(SendRequestKeyword.groovy)
	at com.kms.katalon.core.keyword.internal.KeywordMain.runKeyword(KeywordMain.groovy:75)
	at com.kms.katalon.core.webservice.keyword.builtin.SendRequestKeyword.sendRequest(SendRequestKeyword.groovy:38)
	at com.kms.katalon.core.webservice.keyword.builtin.SendRequestKeyword.execute(SendRequestKeyword.groovy:33)
	at com.kms.katalon.core.keyword.internal.KeywordExecutor.executeKeywordForPlatform(KeywordExecutor.groovy:74)
	at com.kms.katalon.core.webui.keyword.builtin.VerifyLinksAccessibleKeyword$_verifyLinksAccessible_closure1.doCall(VerifyLinksAccessibleKeyword.groovy:43)
	at com.kms.katalon.core.webui.keyword.builtin.VerifyLinksAccessibleKeyword$_verifyLinksAccessible_closure1.call(VerifyLinksAccessibleKeyword.groovy)
	at com.kms.katalon.core.webui.keyword.internal.WebUIKeywordMain.runKeyword(WebUIKeywordMain.groovy:35)
	at com.kms.katalon.core.webui.keyword.builtin.VerifyLinksAccessibleKeyword.verifyLinksAccessible(VerifyLinksAccessibleKeyword.groovy:38)
	at com.kms.katalon.core.webui.keyword.builtin.VerifyLinksAccessibleKeyword.execute(VerifyLinksAccessibleKeyword.groovy:33)
	at com.kms.katalon.core.keyword.internal.KeywordExecutor.executeKeywordForPlatform(KeywordExecutor.groovy:74)
	at com.kms.katalon.core.webui.keyword.WebUiBuiltInKeywords.verifyLinksAccessible(WebUiBuiltInKeywords.groovy:5040)
	at RegressionTest_VerifyArticlesOfAssociationPage_ElementsArePresent.run(RegressionTest_VerifyArticlesOfAssociationPage_ElementsArePresent:40)
	at com.kms.katalon.core.main.ScriptEngine.run(ScriptEngine.java:194)
	at com.kms.katalon.core.main.ScriptEngine.runScriptAsRawText(ScriptEngine.java:119)
	at com.kms.katalon.core.main.TestCaseExecutor.runScript(TestCaseExecutor.java:448)
	at com.kms.katalon.core.main.TestCaseExecutor.doExecute(TestCaseExecutor.java:439)
	at com.kms.katalon.core.main.TestCaseExecutor.processExecutionPhase(TestCaseExecutor.java:418)
	at com.kms.katalon.core.main.TestCaseExecutor.accessMainPhase(TestCaseExecutor.java:410)
	at com.kms.katalon.core.main.TestCaseExecutor.execute(TestCaseExecutor.java:285)
	at com.kms.katalon.core.common.CommonExecutor.accessTestCaseMainPhase(CommonExecutor.java:65)
	at com.kms.katalon.core.main.TestSuiteExecutor.accessTestSuiteMainPhase(TestSuiteExecutor.java:161)
	at com.kms.katalon.core.main.TestSuiteExecutor.execute(TestSuiteExecutor.java:107)
	at com.kms.katalon.core.main.TestCaseMain.startTestSuite(TestCaseMain.java:176)
	at TempTestSuite1737108265632.run(TempTestSuite1737108265632.groovy:35)
	at java.base/jdk.internal.reflect.NativeMethodAccessorImpl.invoke0(Native Method)
	at java.base/jdk.internal.reflect.NativeMethodAccessorImpl.invoke(NativeMethodAccessorImpl.java:77)
	at java.base/jdk.internal.reflect.DelegatingMethodAccessorImpl.invoke(DelegatingMethodAccessorImpl.java:43)
Caused by: java.net.MalformedURLException: unknown protocol: about
	at com.kms.katalon.core.webservice.common.HttpUtil.sendRequest(HttpUtil.java:127)
	at com.kms.katalon.core.webservice.common.BasicRequestor.send(BasicRequestor.java:58)
	at com.kms.katalon.core.webservice.helper.WebServiceCommonHelper.sendRequest(WebServiceCommonHelper.java:56)
	at com.kms.katalon.core.webservice.keyword.builtin.SendRequestKeyword$_sendRequest_closure1.doCall(SendRequestKeyword.groovy:46)
	at com.kms.katalon.core.webservice.keyword.builtin.SendRequestKeyword$_sendRequest_closure1.call(SendRequestKeyword.groovy)
	at com.kms.katalon.core.keyword.internal.KeywordMain.runKeyword(KeywordMain.groovy:75)
	at com.kms.katalon.core.webservice.keyword.builtin.SendRequestKeyword.sendRequest(SendRequestKeyword.groovy:38)
	at com.kms.katalon.core.webservice.keyword.builtin.SendRequestKeyword.execute(SendRequestKeyword.groovy:33)
	at com.kms.katalon.core.keyword.internal.KeywordExecutor.executeKeywordForPlatform(KeywordExecutor.groovy:74)
	at com.kms.katalon.core.webui.keyword.builtin.VerifyLinksAccessibleKeyword$_verifyLinksAccessible_closure1.doCall(VerifyLinksAccessibleKeyword.groovy:43)
	at com.kms.katalon.core.webui.keyword.builtin.VerifyLinksAccessibleKeyword$_verifyLinksAccessible_closure1.call(VerifyLinksAccessibleKeyword.groovy)
	at com.kms.katalon.core.webui.keyword.internal.WebUIKeywordMain.runKeyword(WebUIKeywordMain.groovy:35)
	at com.kms.katalon.core.webui.keyword.builtin.VerifyLinksAccessibleKeyword.verifyLinksAccessible(VerifyLinksAccessibleKeyword.groovy:38)
	at com.kms.katalon.core.webui.keyword.builtin.VerifyLinksAccessibleKeyword.execute(VerifyLinksAccessibleKeyword.groovy:33)
	at com.kms.katalon.core.keyword.internal.KeywordExecutor.executeKeywordForPlatform(KeywordExecutor.groovy:74)
	at com.kms.katalon.core.webui.keyword.WebUiBuiltInKeywords.verifyLinksAccessible(WebUiBuiltInKeywords.groovy:5040)
	at Script1734931539619.run(Script1734931539619.groovy:40)
	... 15 more
)
	at com.kms.katalon.core.keyword.internal.KeywordMain.stepFailed(KeywordMain.groovy:51)
	at com.kms.katalon.core.keyword.internal.KeywordMain.stepFailed(KeywordMain.groovy)
	at com.kms.katalon.core.keyword.internal.KeywordMain.runKeyword(KeywordMain.groovy:77)
	at com.kms.katalon.core.webservice.keyword.builtin.SendRequestKeyword.sendRequest(SendRequestKeyword.groovy:38)
	at com.kms.katalon.core.webservice.keyword.builtin.SendRequestKeyword.execute(SendRequestKeyword.groovy:33)
	at com.kms.katalon.core.keyword.internal.KeywordExecutor.executeKeywordForPlatform(KeywordExecutor.groovy:74)
	at com.kms.katalon.core.webui.keyword.builtin.VerifyLinksAccessibleKeyword$_verifyLinksAccessible_closure1.doCall(VerifyLinksAccessibleKeyword.groovy:43)
	at com.kms.katalon.core.webui.keyword.builtin.VerifyLinksAccessibleKeyword$_verifyLinksAccessible_closure1.call(VerifyLinksAccessibleKeyword.groovy)
	at com.kms.katalon.core.webui.keyword.internal.WebUIKeywordMain.runKeyword(WebUIKeywordMain.groovy:35)
	at com.kms.katalon.core.webui.keyword.builtin.VerifyLinksAccessibleKeyword.verifyLinksAccessible(VerifyLinksAccessibleKeyword.groovy:38)
	at com.kms.katalon.core.webui.keyword.builtin.VerifyLinksAccessibleKeyword.execute(VerifyLinksAccessibleKeyword.groovy:33)
	at com.kms.katalon.core.keyword.internal.KeywordExecutor.executeKeywordForPlatform(KeywordExecutor.groovy:74)
	at com.kms.katalon.core.webui.keyword.WebUiBuiltInKeywords.verifyLinksAccessible(WebUiBuiltInKeywords.groovy:5040)
	at Script1734931539619.run(Script1734931539619.groovy:40)
	... 15 more
Caused by: com.kms.katalon.core.webservice.exception.SendRequestException: java.net.MalformedURLException: unknown protocol: about
	at com.kms.katalon.core.webservice.common.HttpUtil.sendRequest(HttpUtil.java:178)
	at com.kms.katalon.core.webservice.common.BasicRequestor.send(BasicRequestor.java:58)
	at com.kms.katalon.core.webservice.helper.WebServiceCommonHelper.sendRequest(WebServiceCommonHelper.java:56)
	at com.kms.katalon.core.webservice.keyword.builtin.SendRequestKeyword$_sendRequest_closure1.doCall(SendRequestKeyword.groovy:46)
	at com.kms.katalon.core.webservice.keyword.builtin.SendRequestKeyword$_sendRequest_closure1.call(SendRequestKeyword.groovy)
	at com.kms.katalon.core.keyword.internal.KeywordMain.runKeyword(KeywordMain.groovy:75)
	at com.kms.katalon.core.webservice.keyword.builtin.SendRequestKeyword.sendRequest(SendRequestKeyword.groovy:38)
	at com.kms.katalon.core.webservice.keyword.builtin.SendRequestKeyword.execute(SendRequestKeyword.groovy:33)
	at com.kms.katalon.core.keyword.internal.KeywordExecutor.executeKeywordForPlatform(KeywordExecutor.groovy:74)
	at com.kms.katalon.core.webui.keyword.builtin.VerifyLinksAccessibleKeyword$_verifyLinksAccessible_closure1.doCall(VerifyLinksAccessibleKeyword.groovy:43)
	at com.kms.katalon.core.webui.keyword.builtin.VerifyLinksAccessibleKeyword$_verifyLinksAccessible_closure1.call(VerifyLinksAccessibleKeyword.groovy)
	at com.kms.katalon.core.webui.keyword.internal.WebUIKeywordMain.runKeyword(WebUIKeywordMain.groovy:35)
	at com.kms.katalon.core.webui.keyword.builtin.VerifyLinksAccessibleKeyword.verifyLinksAccessible(VerifyLinksAccessibleKeyword.groovy:38)
	at com.kms.katalon.core.webui.keyword.builtin.VerifyLinksAccessibleKeyword.execute(VerifyLinksAccessibleKeyword.groovy:33)
	at com.kms.katalon.core.keyword.internal.KeywordExecutor.executeKeywordForPlatform(KeywordExecutor.groovy:74)
	at com.kms.katalon.core.webui.keyword.WebUiBuiltInKeywords.verifyLinksAccessible(WebUiBuiltInKeywords.groovy:5040)
	at RegressionTest_VerifyArticlesOfAssociationPage_ElementsArePresent.run(RegressionTest_VerifyArticlesOfAssociationPage_ElementsArePresent:40)
	... 15 more
Caused by: java.net.MalformedURLException: unknown protocol: about
	at com.kms.katalon.core.webservice.common.HttpUtil.sendRequest(HttpUtil.java:127)
	... 31 more
)

17-01-2025T17:07:52 - [MESSAGE][FAILED] - Unable to send request (Root cause: com.kms.katalon.core.webservice.exception.SendRequestException: java.net.MalformedURLException: unknown protocol: about
	at com.kms.katalon.core.webservice.common.HttpUtil.sendRequest(HttpUtil.java:178)
	at com.kms.katalon.core.webservice.common.BasicRequestor.send(BasicRequestor.java:58)
	at com.kms.katalon.core.webservice.helper.WebServiceCommonHelper.sendRequest(WebServiceCommonHelper.java:56)
	at com.kms.katalon.core.webservice.keyword.builtin.SendRequestKeyword$_sendRequest_closure1.doCall(SendRequestKeyword.groovy:46)
	at com.kms.katalon.core.webservice.keyword.builtin.SendRequestKeyword$_sendRequest_closure1.call(SendRequestKeyword.groovy)
	at com.kms.katalon.core.keyword.internal.KeywordMain.runKeyword(KeywordMain.groovy:75)
	at com.kms.katalon.core.webservice.keyword.builtin.SendRequestKeyword.sendRequest(SendRequestKeyword.groovy:38)
	at com.kms.katalon.core.webservice.keyword.builtin.SendRequestKeyword.execute(SendRequestKeyword.groovy:33)
	at com.kms.katalon.core.keyword.internal.KeywordExecutor.executeKeywordForPlatform(KeywordExecutor.groovy:74)
	at com.kms.katalon.core.webui.keyword.builtin.VerifyLinksAccessibleKeyword$_verifyLinksAccessible_closure1.doCall(VerifyLinksAccessibleKeyword.groovy:43)
	at com.kms.katalon.core.webui.keyword.builtin.VerifyLinksAccessibleKeyword$_verifyLinksAccessible_closure1.call(VerifyLinksAccessibleKeyword.groovy)
	at com.kms.katalon.core.webui.keyword.internal.WebUIKeywordMain.runKeyword(WebUIKeywordMain.groovy:35)
	at com.kms.katalon.core.webui.keyword.builtin.VerifyLinksAccessibleKeyword.verifyLinksAccessible(VerifyLinksAccessibleKeyword.groovy:38)
	at com.kms.katalon.core.webui.keyword.builtin.VerifyLinksAccessibleKeyword.execute(VerifyLinksAccessibleKeyword.groovy:33)
	at com.kms.katalon.core.keyword.internal.KeywordExecutor.executeKeywordForPlatform(KeywordExecutor.groovy:74)
	at com.kms.katalon.core.webui.keyword.WebUiBuiltInKeywords.verifyLinksAccessible(WebUiBuiltInKeywords.groovy:5040)
	at RegressionTest_VerifyArticlesOfAssociationPage_ElementsArePresent.run(RegressionTest_VerifyArticlesOfAssociationPage_ElementsArePresent:40)
	at com.kms.katalon.core.main.ScriptEngine.run(ScriptEngine.java:194)
	at com.kms.katalon.core.main.ScriptEngine.runScriptAsRawText(ScriptEngine.java:119)
	at com.kms.katalon.core.main.TestCaseExecutor.runScript(TestCaseExecutor.java:448)
	at com.kms.katalon.core.main.TestCaseExecutor.doExecute(TestCaseExecutor.java:439)
	at com.kms.katalon.core.main.TestCaseExecutor.processExecutionPhase(TestCaseExecutor.java:418)
	at com.kms.katalon.core.main.TestCaseExecutor.accessMainPhase(TestCaseExecutor.java:410)
	at com.kms.katalon.core.main.TestCaseExecutor.execute(TestCaseExecutor.java:285)
	at com.kms.katalon.core.common.CommonExecutor.accessTestCaseMainPhase(CommonExecutor.java:65)
	at com.kms.katalon.core.main.TestSuiteExecutor.accessTestSuiteMainPhase(TestSuiteExecutor.java:161)
	at com.kms.katalon.core.main.TestSuiteExecutor.execute(TestSuiteExecutor.java:107)
	at com.kms.katalon.core.main.TestCaseMain.startTestSuite(TestCaseMain.java:176)
	at TempTestSuite1737108265632.run(TempTestSuite1737108265632.groovy:35)
	at java.base/jdk.internal.reflect.NativeMethodAccessorImpl.invoke0(Native Method)
	at java.base/jdk.internal.reflect.NativeMethodAccessorImpl.invoke(NativeMethodAccessorImpl.java:77)
	at java.base/jdk.internal.reflect.DelegatingMethodAccessorImpl.invoke(DelegatingMethodAccessorImpl.java:43)
Caused by: java.net.MalformedURLException: unknown protocol: about
	at com.kms.katalon.core.webservice.common.HttpUtil.sendRequest(HttpUtil.java:127)
	at com.kms.katalon.core.webservice.common.BasicRequestor.send(BasicRequestor.java:58)
	at com.kms.katalon.core.webservice.helper.WebServiceCommonHelper.sendRequest(WebServiceCommonHelper.java:56)
	at com.kms.katalon.core.webservice.keyword.builtin.SendRequestKeyword$_sendRequest_closure1.doCall(SendRequestKeyword.groovy:46)
	at com.kms.katalon.core.webservice.keyword.builtin.SendRequestKeyword$_sendRequest_closure1.call(SendRequestKeyword.groovy)
	at com.kms.katalon.core.keyword.internal.KeywordMain.runKeyword(KeywordMain.groovy:75)
	at com.kms.katalon.core.webservice.keyword.builtin.SendRequestKeyword.sendRequest(SendRequestKeyword.groovy:38)
	at com.kms.katalon.core.webservice.keyword.builtin.SendRequestKeyword.execute(SendRequestKeyword.groovy:33)
	at com.kms.katalon.core.keyword.internal.KeywordExecutor.executeKeywordForPlatform(KeywordExecutor.groovy:74)
	at com.kms.katalon.core.webui.keyword.builtin.VerifyLinksAccessibleKeyword$_verifyLinksAccessible_closure1.doCall(VerifyLinksAccessibleKeyword.groovy:43)
	at com.kms.katalon.core.webui.keyword.builtin.VerifyLinksAccessibleKeyword$_verifyLinksAccessible_closure1.call(VerifyLinksAccessibleKeyword.groovy)
	at com.kms.katalon.core.webui.keyword.internal.WebUIKeywordMain.runKeyword(WebUIKeywordMain.groovy:35)
	at com.kms.katalon.core.webui.keyword.builtin.VerifyLinksAccessibleKeyword.verifyLinksAccessible(VerifyLinksAccessibleKeyword.groovy:38)
	at com.kms.katalon.core.webui.keyword.builtin.VerifyLinksAccessibleKeyword.execute(VerifyLinksAccessibleKeyword.groovy:33)
	at com.kms.katalon.core.keyword.internal.KeywordExecutor.executeKeywordForPlatform(KeywordExecutor.groovy:74)
	at com.kms.katalon.core.webui.keyword.WebUiBuiltInKeywords.verifyLinksAccessible(WebUiBuiltInKeywords.groovy:5040)
	at Script1734931539619.run(Script1734931539619.groovy:40)
	... 15 more
)

17-01-2025T17:07:52 - [MESSAGE][WARNING] - Unable to verify links are accessible (Root cause: com.kms.katalon.core.exception.StepFailedException: Unable to verify links are accessible
	at com.kms.katalon.core.webui.keyword.internal.WebUIKeywordMain.stepFailed(WebUIKeywordMain.groovy:117)
	at com.kms.katalon.core.webui.keyword.internal.WebUIKeywordMain.runKeyword(WebUIKeywordMain.groovy:43)
	at com.kms.katalon.core.webui.keyword.builtin.VerifyLinksAccessibleKeyword.verifyLinksAccessible(VerifyLinksAccessibleKeyword.groovy:38)
	at com.kms.katalon.core.webui.keyword.builtin.VerifyLinksAccessibleKeyword.execute(VerifyLinksAccessibleKeyword.groovy:33)
	at com.kms.katalon.core.keyword.internal.KeywordExecutor.executeKeywordForPlatform(KeywordExecutor.groovy:74)
	at com.kms.katalon.core.webui.keyword.WebUiBuiltInKeywords.verifyLinksAccessible(WebUiBuiltInKeywords.groovy:5040)
	at RegressionTest_VerifyArticlesOfAssociationPage_ElementsArePresent.run(RegressionTest_VerifyArticlesOfAssociationPage_ElementsArePresent:40)
	at com.kms.katalon.core.main.ScriptEngine.run(ScriptEngine.java:194)
	at com.kms.katalon.core.main.ScriptEngine.runScriptAsRawText(ScriptEngine.java:119)
	at com.kms.katalon.core.main.TestCaseExecutor.runScript(TestCaseExecutor.java:448)
	at com.kms.katalon.core.main.TestCaseExecutor.doExecute(TestCaseExecutor.java:439)
	at com.kms.katalon.core.main.TestCaseExecutor.processExecutionPhase(TestCaseExecutor.java:418)
	at com.kms.katalon.core.main.TestCaseExecutor.accessMainPhase(TestCaseExecutor.java:410)
	at com.kms.katalon.core.main.TestCaseExecutor.execute(TestCaseExecutor.java:285)
	at com.kms.katalon.core.common.CommonExecutor.accessTestCaseMainPhase(CommonExecutor.java:65)
	at com.kms.katalon.core.main.TestSuiteExecutor.accessTestSuiteMainPhase(TestSuiteExecutor.java:161)
	at com.kms.katalon.core.main.TestSuiteExecutor.execute(TestSuiteExecutor.java:107)
	at com.kms.katalon.core.main.TestCaseMain.startTestSuite(TestCaseMain.java:176)
	at TempTestSuite1737108265632.run(TempTestSuite1737108265632.groovy:35)
	at java.base/jdk.internal.reflect.NativeMethodAccessorImpl.invoke0(Native Method)
	at java.base/jdk.internal.reflect.NativeMethodAccessorImpl.invoke(NativeMethodAccessorImpl.java:77)
	at java.base/jdk.internal.reflect.DelegatingMethodAccessorImpl.invoke(DelegatingMethodAccessorImpl.java:43)
Caused by: com.kms.katalon.core.exception.StepFailedException: Unable to send request (Root cause: com.kms.katalon.core.webservice.exception.SendRequestException: java.net.MalformedURLException: unknown protocol: about
	at com.kms.katalon.core.webservice.common.HttpUtil.sendRequest(HttpUtil.java:178)
	at com.kms.katalon.core.webservice.common.BasicRequestor.send(BasicRequestor.java:58)
	at com.kms.katalon.core.webservice.helper.WebServiceCommonHelper.sendRequest(WebServiceCommonHelper.java:56)
	at com.kms.katalon.core.webservice.keyword.builtin.SendRequestKeyword$_sendRequest_closure1.doCall(SendRequestKeyword.groovy:46)
	at com.kms.katalon.core.webservice.keyword.builtin.SendRequestKeyword$_sendRequest_closure1.call(SendRequestKeyword.groovy)
	at com.kms.katalon.core.keyword.internal.KeywordMain.runKeyword(KeywordMain.groovy:75)
	at com.kms.katalon.core.webservice.keyword.builtin.SendRequestKeyword.sendRequest(SendRequestKeyword.groovy:38)
	at com.kms.katalon.core.webservice.keyword.builtin.SendRequestKeyword.execute(SendRequestKeyword.groovy:33)
	at com.kms.katalon.core.keyword.internal.KeywordExecutor.executeKeywordForPlatform(KeywordExecutor.groovy:74)
	at com.kms.katalon.core.webui.keyword.builtin.VerifyLinksAccessibleKeyword$_verifyLinksAccessible_closure1.doCall(VerifyLinksAccessibleKeyword.groovy:43)
	at com.kms.katalon.core.webui.keyword.builtin.VerifyLinksAccessibleKeyword$_verifyLinksAccessible_closure1.call(VerifyLinksAccessibleKeyword.groovy)
	at com.kms.katalon.core.webui.keyword.internal.WebUIKeywordMain.runKeyword(WebUIKeywordMain.groovy:35)
	at com.kms.katalon.core.webui.keyword.builtin.VerifyLinksAccessibleKeyword.verifyLinksAccessible(VerifyLinksAccessibleKeyword.groovy:38)
	at com.kms.katalon.core.webui.keyword.builtin.VerifyLinksAccessibleKeyword.execute(VerifyLinksAccessibleKeyword.groovy:33)
	at com.kms.katalon.core.keyword.internal.KeywordExecutor.executeKeywordForPlatform(KeywordExecutor.groovy:74)
	at com.kms.katalon.core.webui.keyword.WebUiBuiltInKeywords.verifyLinksAccessible(WebUiBuiltInKeywords.groovy:5040)
	at RegressionTest_VerifyArticlesOfAssociationPage_ElementsArePresent.run(RegressionTest_VerifyArticlesOfAssociationPage_ElementsArePresent:40)
	at com.kms.katalon.core.main.ScriptEngine.run(ScriptEngine.java:194)
	at com.kms.katalon.core.main.ScriptEngine.runScriptAsRawText(ScriptEngine.java:119)
	at com.kms.katalon.core.main.TestCaseExecutor.runScript(TestCaseExecutor.java:448)
	at com.kms.katalon.core.main.TestCaseExecutor.doExecute(TestCaseExecutor.java:439)
	at com.kms.katalon.core.main.TestCaseExecutor.processExecutionPhase(TestCaseExecutor.java:418)
	at com.kms.katalon.core.main.TestCaseExecutor.accessMainPhase(TestCaseExecutor.java:410)
	at com.kms.katalon.core.main.TestCaseExecutor.execute(TestCaseExecutor.java:285)
	at com.kms.katalon.core.common.CommonExecutor.accessTestCaseMainPhase(CommonExecutor.java:65)
	at com.kms.katalon.core.main.TestSuiteExecutor.accessTestSuiteMainPhase(TestSuiteExecutor.java:161)
	at com.kms.katalon.core.main.TestSuiteExecutor.execute(TestSuiteExecutor.java:107)
	at com.kms.katalon.core.main.TestCaseMain.startTestSuite(TestCaseMain.java:176)
	at TempTestSuite1737108265632.run(TempTestSuite1737108265632.groovy:35)
	at java.base/jdk.internal.reflect.NativeMethodAccessorImpl.invoke0(Native Method)
	at java.base/jdk.internal.reflect.NativeMethodAccessorImpl.invoke(NativeMethodAccessorImpl.java:77)
	at java.base/jdk.internal.reflect.DelegatingMethodAccessorImpl.invoke(DelegatingMethodAccessorImpl.java:43)
Caused by: java.net.MalformedURLException: unknown protocol: about
	at com.kms.katalon.core.webservice.common.HttpUtil.sendRequest(HttpUtil.java:127)
	at com.kms.katalon.core.webservice.common.BasicRequestor.send(BasicRequestor.java:58)
	at com.kms.katalon.core.webservice.helper.WebServiceCommonHelper.sendRequest(WebServiceCommonHelper.java:56)
	at com.kms.katalon.core.webservice.keyword.builtin.SendRequestKeyword$_sendRequest_closure1.doCall(SendRequestKeyword.groovy:46)
	at com.kms.katalon.core.webservice.keyword.builtin.SendRequestKeyword$_sendRequest_closure1.call(SendRequestKeyword.groovy)
	at com.kms.katalon.core.keyword.internal.KeywordMain.runKeyword(KeywordMain.groovy:75)
	at com.kms.katalon.core.webservice.keyword.builtin.SendRequestKeyword.sendRequest(SendRequestKeyword.groovy:38)
	at com.kms.katalon.core.webservice.keyword.builtin.SendRequestKeyword.execute(SendRequestKeyword.groovy:33)
	at com.kms.katalon.core.keyword.internal.KeywordExecutor.executeKeywordForPlatform(KeywordExecutor.groovy:74)
	at com.kms.katalon.core.webui.keyword.builtin.VerifyLinksAccessibleKeyword$_verifyLinksAccessible_closure1.doCall(VerifyLinksAccessibleKeyword.groovy:43)
	at com.kms.katalon.core.webui.keyword.builtin.VerifyLinksAccessibleKeyword$_verifyLinksAccessible_closure1.call(VerifyLinksAccessibleKeyword.groovy)
	at com.kms.katalon.core.webui.keyword.internal.WebUIKeywordMain.runKeyword(WebUIKeywordMain.groovy:35)
	at com.kms.katalon.core.webui.keyword.builtin.VerifyLinksAccessibleKeyword.verifyLinksAccessible(VerifyLinksAccessibleKeyword.groovy:38)
	at com.kms.katalon.core.webui.keyword.builtin.VerifyLinksAccessibleKeyword.execute(VerifyLinksAccessibleKeyword.groovy:33)
	at com.kms.katalon.core.keyword.internal.KeywordExecutor.executeKeywordForPlatform(KeywordExecutor.groovy:74)
	at com.kms.katalon.core.webui.keyword.WebUiBuiltInKeywords.verifyLinksAccessible(WebUiBuiltInKeywords.groovy:5040)
	at Script1734931539619.run(Script1734931539619.groovy:40)
	... 15 more
)
	at com.kms.katalon.core.keyword.internal.KeywordMain.stepFailed(KeywordMain.groovy:51)
	at com.kms.katalon.core.keyword.internal.KeywordMain.stepFailed(KeywordMain.groovy)
	at com.kms.katalon.core.keyword.internal.KeywordMain.runKeyword(KeywordMain.groovy:77)
	at com.kms.katalon.core.webservice.keyword.builtin.SendRequestKeyword.sendRequest(SendRequestKeyword.groovy:38)
	at com.kms.katalon.core.webservice.keyword.builtin.SendRequestKeyword.execute(SendRequestKeyword.groovy:33)
	at com.kms.katalon.core.keyword.internal.KeywordExecutor.executeKeywordForPlatform(KeywordExecutor.groovy:74)
	at com.kms.katalon.core.webui.keyword.builtin.VerifyLinksAccessibleKeyword$_verifyLinksAccessible_closure1.doCall(VerifyLinksAccessibleKeyword.groovy:43)
	at com.kms.katalon.core.webui.keyword.builtin.VerifyLinksAccessibleKeyword$_verifyLinksAccessible_closure1.call(VerifyLinksAccessibleKeyword.groovy)
	at com.kms.katalon.core.webui.keyword.internal.WebUIKeywordMain.runKeyword(WebUIKeywordMain.groovy:35)
	at com.kms.katalon.core.webui.keyword.builtin.VerifyLinksAccessibleKeyword.verifyLinksAccessible(VerifyLinksAccessibleKeyword.groovy:38)
	at com.kms.katalon.core.webui.keyword.builtin.VerifyLinksAccessibleKeyword.execute(VerifyLinksAccessibleKeyword.groovy:33)
	at com.kms.katalon.core.keyword.internal.KeywordExecutor.executeKeywordForPlatform(KeywordExecutor.groovy:74)
	at com.kms.katalon.core.webui.keyword.WebUiBuiltInKeywords.verifyLinksAccessible(WebUiBuiltInKeywords.groovy:5040)
	at Script1734931539619.run(Script1734931539619.groovy:40)
	... 15 more
Caused by: com.kms.katalon.core.webservice.exception.SendRequestException: java.net.MalformedURLException: unknown protocol: about
	at com.kms.katalon.core.webservice.common.HttpUtil.sendRequest(HttpUtil.java:178)
	at com.kms.katalon.core.webservice.common.BasicRequestor.send(BasicRequestor.java:58)
	at com.kms.katalon.core.webservice.helper.WebServiceCommonHelper.sendRequest(WebServiceCommonHelper.java:56)
	at com.kms.katalon.core.webservice.keyword.builtin.SendRequestKeyword$_sendRequest_closure1.doCall(SendRequestKeyword.groovy:46)
	at com.kms.katalon.core.webservice.keyword.builtin.SendRequestKeyword$_sendRequest_closure1.call(SendRequestKeyword.groovy)
	at com.kms.katalon.core.keyword.internal.KeywordMain.runKeyword(KeywordMain.groovy:75)
	at com.kms.katalon.core.webservice.keyword.builtin.SendRequestKeyword.sendRequest(SendRequestKeyword.groovy:38)
	at com.kms.katalon.core.webservice.keyword.builtin.SendRequestKeyword.execute(SendRequestKeyword.groovy:33)
	at com.kms.katalon.core.keyword.internal.KeywordExecutor.executeKeywordForPlatform(KeywordExecutor.groovy:74)
	at com.kms.katalon.core.webui.keyword.builtin.VerifyLinksAccessibleKeyword$_verifyLinksAccessible_closure1.doCall(VerifyLinksAccessibleKeyword.groovy:43)
	at com.kms.katalon.core.webui.keyword.builtin.VerifyLinksAccessibleKeyword$_verifyLinksAccessible_closure1.call(VerifyLinksAccessibleKeyword.groovy)
	at com.kms.katalon.core.webui.keyword.internal.WebUIKeywordMain.runKeyword(WebUIKeywordMain.groovy:35)
	at com.kms.katalon.core.webui.keyword.builtin.VerifyLinksAccessibleKeyword.verifyLinksAccessible(VerifyLinksAccessibleKeyword.groovy:38)
	at com.kms.katalon.core.webui.keyword.builtin.VerifyLinksAccessibleKeyword.execute(VerifyLinksAccessibleKeyword.groovy:33)
	at com.kms.katalon.core.keyword.internal.KeywordExecutor.executeKeywordForPlatform(KeywordExecutor.groovy:74)
	at com.kms.katalon.core.webui.keyword.WebUiBuiltInKeywords.verifyLinksAccessible(WebUiBuiltInKeywords.groovy:5040)
	at RegressionTest_VerifyArticlesOfAssociationPage_ElementsArePresent.run(RegressionTest_VerifyArticlesOfAssociationPage_ElementsArePresent:40)
	... 15 more
Caused by: java.net.MalformedURLException: unknown protocol: about
	at com.kms.katalon.core.webservice.common.HttpUtil.sendRequest(HttpUtil.java:127)
	... 31 more
)

17-01-2025T17:07:52 - [TEST_STEP][PASSED] - closeWindowIndex(1): Window with index 1 is closed

17-01-2025T17:07:53 - [MESSAGE][PASSED] - Window with index 1 is closed

17-01-2025T17:07:53 - [TEST_STEP][PASSED] - switchToWindowIndex(0): Switched to window with index: '0'

17-01-2025T17:07:53 - [MESSAGE][PASSED] - Switched to window with index: '0'

17-01-2025T17:07:53 - [TEST_STEP][PASSED] - click(findTestObject("var_Content", ["xpath":"//body[1]/div[1]/main[1]/main[1]/div[2]/div[4]"])): Object: 'Object Repository/var_Content' is clicked on

17-01-2025T17:07:53 - [MESSAGE][PASSED] - Object: 'Object Repository/var_Content' is clicked on

17-01-2025T17:07:53 - [TEST_STEP][PASSED] - verifyLinksAccessible(["https://baf-mobile-dev.oss-ap-southeast-5.aliyuncs.com/About%2FCorporateGovernance%2F1724655731082.pdf?Expires=1736533960&OSSAccessKeyId=LTAI5t78APQ3CX3zFy4qKiTQ&Signature=pNQoWYLi3KyXYqc2EiNUQehLius%3D"], OPTIONAL): Found 1 inaccessible links [https://baf-mobile-dev.oss-ap-southeast-5.aliyuncs.com/About%2FCorporateGovernance%2F1724655731082.pdf?Expires=1736533960&OSSAccessKeyId=LTAI5t78APQ3CX3zFy4qKiTQ&Signature=pNQoWYLi3KyXYqc2EiNUQehLius%3D] (Root cause: com.kms.katalon.core.exception.StepFailedException: Found 1 inaccessible links [https://baf-mobile-dev.oss-ap-southeast-5.aliyuncs.com/About%2FCorporateGovernance%2F1724655731082.pdf?Expires=1736533960&OSSAccessKeyId=LTAI5t78APQ3CX3zFy4qKiTQ&Signature=pNQoWYLi3KyXYqc2EiNUQehLius%3D]
	at com.kms.katalon.core.webui.keyword.internal.WebUIKeywordMain.stepFailed(WebUIKeywordMain.groovy:117)
	at com.kms.katalon.core.webui.keyword.builtin.VerifyLinksAccessibleKeyword$_verifyLinksAccessible_closure1.doCall(VerifyLinksAccessibleKeyword.groovy:53)
	at com.kms.katalon.core.webui.keyword.builtin.VerifyLinksAccessibleKeyword$_verifyLinksAccessible_closure1.call(VerifyLinksAccessibleKeyword.groovy)
	at com.kms.katalon.core.webui.keyword.internal.WebUIKeywordMain.runKeyword(WebUIKeywordMain.groovy:35)
	at com.kms.katalon.core.webui.keyword.builtin.VerifyLinksAccessibleKeyword.verifyLinksAccessible(VerifyLinksAccessibleKeyword.groovy:38)
	at com.kms.katalon.core.webui.keyword.builtin.VerifyLinksAccessibleKeyword.execute(VerifyLinksAccessibleKeyword.groovy:33)
	at com.kms.katalon.core.keyword.internal.KeywordExecutor.executeKeywordForPlatform(KeywordExecutor.groovy:74)
	at com.kms.katalon.core.webui.keyword.WebUiBuiltInKeywords.verifyLinksAccessible(WebUiBuiltInKeywords.groovy:5040)
	at RegressionTest_VerifyArticlesOfAssociationPage_ElementsArePresent.run(RegressionTest_VerifyArticlesOfAssociationPage_ElementsArePresent:52)
	at com.kms.katalon.core.main.ScriptEngine.run(ScriptEngine.java:194)
	at com.kms.katalon.core.main.ScriptEngine.runScriptAsRawText(ScriptEngine.java:119)
	at com.kms.katalon.core.main.TestCaseExecutor.runScript(TestCaseExecutor.java:448)
	at com.kms.katalon.core.main.TestCaseExecutor.doExecute(TestCaseExecutor.java:439)
	at com.kms.katalon.core.main.TestCaseExecutor.processExecutionPhase(TestCaseExecutor.java:418)
	at com.kms.katalon.core.main.TestCaseExecutor.accessMainPhase(TestCaseExecutor.java:410)
	at com.kms.katalon.core.main.TestCaseExecutor.execute(TestCaseExecutor.java:285)
	at com.kms.katalon.core.common.CommonExecutor.accessTestCaseMainPhase(CommonExecutor.java:65)
	at com.kms.katalon.core.main.TestSuiteExecutor.accessTestSuiteMainPhase(TestSuiteExecutor.java:161)
	at com.kms.katalon.core.main.TestSuiteExecutor.execute(TestSuiteExecutor.java:107)
	at com.kms.katalon.core.main.TestCaseMain.startTestSuite(TestCaseMain.java:176)
	at TempTestSuite1737108265632.run(TempTestSuite1737108265632.groovy:35)
	at java.base/jdk.internal.reflect.NativeMethodAccessorImpl.invoke0(Native Method)
	at java.base/jdk.internal.reflect.NativeMethodAccessorImpl.invoke(NativeMethodAccessorImpl.java:77)
	at java.base/jdk.internal.reflect.DelegatingMethodAccessorImpl.invoke(DelegatingMethodAccessorImpl.java:43)
)

17-01-2025T17:07:53 - [MESSAGE][INFO] - HAR: C:\Users\P251224001\git\BAF-website\Reports\20250117_170425\Corporate\20250117_170425\requests\main\13.har

17-01-2025T17:07:53 - [MESSAGE][PASSED] - Send request successfully

17-01-2025T17:07:53 - [MESSAGE][WARNING] - Found 1 inaccessible links [https://baf-mobile-dev.oss-ap-southeast-5.aliyuncs.com/About%2FCorporateGovernance%2F1724655731082.pdf?Expires=1736533960&OSSAccessKeyId=LTAI5t78APQ3CX3zFy4qKiTQ&Signature=pNQoWYLi3KyXYqc2EiNUQehLius%3D] (Root cause: com.kms.katalon.core.exception.StepFailedException: Found 1 inaccessible links [https://baf-mobile-dev.oss-ap-southeast-5.aliyuncs.com/About%2FCorporateGovernance%2F1724655731082.pdf?Expires=1736533960&OSSAccessKeyId=LTAI5t78APQ3CX3zFy4qKiTQ&Signature=pNQoWYLi3KyXYqc2EiNUQehLius%3D]
	at com.kms.katalon.core.webui.keyword.internal.WebUIKeywordMain.stepFailed(WebUIKeywordMain.groovy:117)
	at com.kms.katalon.core.webui.keyword.builtin.VerifyLinksAccessibleKeyword$_verifyLinksAccessible_closure1.doCall(VerifyLinksAccessibleKeyword.groovy:53)
	at com.kms.katalon.core.webui.keyword.builtin.VerifyLinksAccessibleKeyword$_verifyLinksAccessible_closure1.call(VerifyLinksAccessibleKeyword.groovy)
	at com.kms.katalon.core.webui.keyword.internal.WebUIKeywordMain.runKeyword(WebUIKeywordMain.groovy:35)
	at com.kms.katalon.core.webui.keyword.builtin.VerifyLinksAccessibleKeyword.verifyLinksAccessible(VerifyLinksAccessibleKeyword.groovy:38)
	at com.kms.katalon.core.webui.keyword.builtin.VerifyLinksAccessibleKeyword.execute(VerifyLinksAccessibleKeyword.groovy:33)
	at com.kms.katalon.core.keyword.internal.KeywordExecutor.executeKeywordForPlatform(KeywordExecutor.groovy:74)
	at com.kms.katalon.core.webui.keyword.WebUiBuiltInKeywords.verifyLinksAccessible(WebUiBuiltInKeywords.groovy:5040)
	at RegressionTest_VerifyArticlesOfAssociationPage_ElementsArePresent.run(RegressionTest_VerifyArticlesOfAssociationPage_ElementsArePresent:52)
	at com.kms.katalon.core.main.ScriptEngine.run(ScriptEngine.java:194)
	at com.kms.katalon.core.main.ScriptEngine.runScriptAsRawText(ScriptEngine.java:119)
	at com.kms.katalon.core.main.TestCaseExecutor.runScript(TestCaseExecutor.java:448)
	at com.kms.katalon.core.main.TestCaseExecutor.doExecute(TestCaseExecutor.java:439)
	at com.kms.katalon.core.main.TestCaseExecutor.processExecutionPhase(TestCaseExecutor.java:418)
	at com.kms.katalon.core.main.TestCaseExecutor.accessMainPhase(TestCaseExecutor.java:410)
	at com.kms.katalon.core.main.TestCaseExecutor.execute(TestCaseExecutor.java:285)
	at com.kms.katalon.core.common.CommonExecutor.accessTestCaseMainPhase(CommonExecutor.java:65)
	at com.kms.katalon.core.main.TestSuiteExecutor.accessTestSuiteMainPhase(TestSuiteExecutor.java:161)
	at com.kms.katalon.core.main.TestSuiteExecutor.execute(TestSuiteExecutor.java:107)
	at com.kms.katalon.core.main.TestCaseMain.startTestSuite(TestCaseMain.java:176)
	at TempTestSuite1737108265632.run(TempTestSuite1737108265632.groovy:35)
	at java.base/jdk.internal.reflect.NativeMethodAccessorImpl.invoke0(Native Method)
	at java.base/jdk.internal.reflect.NativeMethodAccessorImpl.invoke(NativeMethodAccessorImpl.java:77)
	at java.base/jdk.internal.reflect.DelegatingMethodAccessorImpl.invoke(DelegatingMethodAccessorImpl.java:43)
)

17-01-2025T17:07:53 - [TEST_STEP][PASSED] - closeWindowIndex(1): Window with index 1 is closed

17-01-2025T17:07:53 - [MESSAGE][PASSED] - Window with index 1 is closed

17-01-2025T17:07:53 - [TEST_STEP][PASSED] - switchToWindowIndex(0): Switched to window with index: '0'

17-01-2025T17:07:53 - [MESSAGE][PASSED] - Switched to window with index: '0'

17-01-2025T17:07:53 - [TEST_STEP][PASSED] - click(findTestObject("var_Content", ["xpath":"//body[1]/div[1]/main[1]/main[1]/div[2]/div[5]"])): Object: 'Object Repository/var_Content' is clicked on

17-01-2025T17:07:54 - [MESSAGE][PASSED] - Object: 'Object Repository/var_Content' is clicked on

17-01-2025T17:07:54 - [TEST_STEP][PASSED] - verifyLinksAccessible(["https://baf-mobile-dev.oss-ap-southeast-5.aliyuncs.com/investor-relation-file%2F1724659660645.pdf?Expires=1736533960&OSSAccessKeyId=LTAI5t78APQ3CX3zFy4qKiTQ&Signature=gNMPt7geEcZyg1u%2BbwmoSLLDnyA%3D"], OPTIONAL): Found 1 inaccessible links [https://baf-mobile-dev.oss-ap-southeast-5.aliyuncs.com/investor-relation-file%2F1724659660645.pdf?Expires=1736533960&OSSAccessKeyId=LTAI5t78APQ3CX3zFy4qKiTQ&Signature=gNMPt7geEcZyg1u%2BbwmoSLLDnyA%3D] (Root cause: com.kms.katalon.core.exception.StepFailedException: Found 1 inaccessible links [https://baf-mobile-dev.oss-ap-southeast-5.aliyuncs.com/investor-relation-file%2F1724659660645.pdf?Expires=1736533960&OSSAccessKeyId=LTAI5t78APQ3CX3zFy4qKiTQ&Signature=gNMPt7geEcZyg1u%2BbwmoSLLDnyA%3D]
	at com.kms.katalon.core.webui.keyword.internal.WebUIKeywordMain.stepFailed(WebUIKeywordMain.groovy:117)
	at com.kms.katalon.core.webui.keyword.builtin.VerifyLinksAccessibleKeyword$_verifyLinksAccessible_closure1.doCall(VerifyLinksAccessibleKeyword.groovy:53)
	at com.kms.katalon.core.webui.keyword.builtin.VerifyLinksAccessibleKeyword$_verifyLinksAccessible_closure1.call(VerifyLinksAccessibleKeyword.groovy)
	at com.kms.katalon.core.webui.keyword.internal.WebUIKeywordMain.runKeyword(WebUIKeywordMain.groovy:35)
	at com.kms.katalon.core.webui.keyword.builtin.VerifyLinksAccessibleKeyword.verifyLinksAccessible(VerifyLinksAccessibleKeyword.groovy:38)
	at com.kms.katalon.core.webui.keyword.builtin.VerifyLinksAccessibleKeyword.execute(VerifyLinksAccessibleKeyword.groovy:33)
	at com.kms.katalon.core.keyword.internal.KeywordExecutor.executeKeywordForPlatform(KeywordExecutor.groovy:74)
	at com.kms.katalon.core.webui.keyword.WebUiBuiltInKeywords.verifyLinksAccessible(WebUiBuiltInKeywords.groovy:5040)
	at RegressionTest_VerifyArticlesOfAssociationPage_ElementsArePresent.run(RegressionTest_VerifyArticlesOfAssociationPage_ElementsArePresent:65)
	at com.kms.katalon.core.main.ScriptEngine.run(ScriptEngine.java:194)
	at com.kms.katalon.core.main.ScriptEngine.runScriptAsRawText(ScriptEngine.java:119)
	at com.kms.katalon.core.main.TestCaseExecutor.runScript(TestCaseExecutor.java:448)
	at com.kms.katalon.core.main.TestCaseExecutor.doExecute(TestCaseExecutor.java:439)
	at com.kms.katalon.core.main.TestCaseExecutor.processExecutionPhase(TestCaseExecutor.java:418)
	at com.kms.katalon.core.main.TestCaseExecutor.accessMainPhase(TestCaseExecutor.java:410)
	at com.kms.katalon.core.main.TestCaseExecutor.execute(TestCaseExecutor.java:285)
	at com.kms.katalon.core.common.CommonExecutor.accessTestCaseMainPhase(CommonExecutor.java:65)
	at com.kms.katalon.core.main.TestSuiteExecutor.accessTestSuiteMainPhase(TestSuiteExecutor.java:161)
	at com.kms.katalon.core.main.TestSuiteExecutor.execute(TestSuiteExecutor.java:107)
	at com.kms.katalon.core.main.TestCaseMain.startTestSuite(TestCaseMain.java:176)
	at TempTestSuite1737108265632.run(TempTestSuite1737108265632.groovy:35)
	at java.base/jdk.internal.reflect.NativeMethodAccessorImpl.invoke0(Native Method)
	at java.base/jdk.internal.reflect.NativeMethodAccessorImpl.invoke(NativeMethodAccessorImpl.java:77)
	at java.base/jdk.internal.reflect.DelegatingMethodAccessorImpl.invoke(DelegatingMethodAccessorImpl.java:43)
)

17-01-2025T17:07:54 - [MESSAGE][INFO] - HAR: C:\Users\P251224001\git\BAF-website\Reports\20250117_170425\Corporate\20250117_170425\requests\main\14.har

17-01-2025T17:07:54 - [MESSAGE][PASSED] - Send request successfully

17-01-2025T17:07:54 - [MESSAGE][WARNING] - Found 1 inaccessible links [https://baf-mobile-dev.oss-ap-southeast-5.aliyuncs.com/investor-relation-file%2F1724659660645.pdf?Expires=1736533960&OSSAccessKeyId=LTAI5t78APQ3CX3zFy4qKiTQ&Signature=gNMPt7geEcZyg1u%2BbwmoSLLDnyA%3D] (Root cause: com.kms.katalon.core.exception.StepFailedException: Found 1 inaccessible links [https://baf-mobile-dev.oss-ap-southeast-5.aliyuncs.com/investor-relation-file%2F1724659660645.pdf?Expires=1736533960&OSSAccessKeyId=LTAI5t78APQ3CX3zFy4qKiTQ&Signature=gNMPt7geEcZyg1u%2BbwmoSLLDnyA%3D]
	at com.kms.katalon.core.webui.keyword.internal.WebUIKeywordMain.stepFailed(WebUIKeywordMain.groovy:117)
	at com.kms.katalon.core.webui.keyword.builtin.VerifyLinksAccessibleKeyword$_verifyLinksAccessible_closure1.doCall(VerifyLinksAccessibleKeyword.groovy:53)
	at com.kms.katalon.core.webui.keyword.builtin.VerifyLinksAccessibleKeyword$_verifyLinksAccessible_closure1.call(VerifyLinksAccessibleKeyword.groovy)
	at com.kms.katalon.core.webui.keyword.internal.WebUIKeywordMain.runKeyword(WebUIKeywordMain.groovy:35)
	at com.kms.katalon.core.webui.keyword.builtin.VerifyLinksAccessibleKeyword.verifyLinksAccessible(VerifyLinksAccessibleKeyword.groovy:38)
	at com.kms.katalon.core.webui.keyword.builtin.VerifyLinksAccessibleKeyword.execute(VerifyLinksAccessibleKeyword.groovy:33)
	at com.kms.katalon.core.keyword.internal.KeywordExecutor.executeKeywordForPlatform(KeywordExecutor.groovy:74)
	at com.kms.katalon.core.webui.keyword.WebUiBuiltInKeywords.verifyLinksAccessible(WebUiBuiltInKeywords.groovy:5040)
	at RegressionTest_VerifyArticlesOfAssociationPage_ElementsArePresent.run(RegressionTest_VerifyArticlesOfAssociationPage_ElementsArePresent:65)
	at com.kms.katalon.core.main.ScriptEngine.run(ScriptEngine.java:194)
	at com.kms.katalon.core.main.ScriptEngine.runScriptAsRawText(ScriptEngine.java:119)
	at com.kms.katalon.core.main.TestCaseExecutor.runScript(TestCaseExecutor.java:448)
	at com.kms.katalon.core.main.TestCaseExecutor.doExecute(TestCaseExecutor.java:439)
	at com.kms.katalon.core.main.TestCaseExecutor.processExecutionPhase(TestCaseExecutor.java:418)
	at com.kms.katalon.core.main.TestCaseExecutor.accessMainPhase(TestCaseExecutor.java:410)
	at com.kms.katalon.core.main.TestCaseExecutor.execute(TestCaseExecutor.java:285)
	at com.kms.katalon.core.common.CommonExecutor.accessTestCaseMainPhase(CommonExecutor.java:65)
	at com.kms.katalon.core.main.TestSuiteExecutor.accessTestSuiteMainPhase(TestSuiteExecutor.java:161)
	at com.kms.katalon.core.main.TestSuiteExecutor.execute(TestSuiteExecutor.java:107)
	at com.kms.katalon.core.main.TestCaseMain.startTestSuite(TestCaseMain.java:176)
	at TempTestSuite1737108265632.run(TempTestSuite1737108265632.groovy:35)
	at java.base/jdk.internal.reflect.NativeMethodAccessorImpl.invoke0(Native Method)
	at java.base/jdk.internal.reflect.NativeMethodAccessorImpl.invoke(NativeMethodAccessorImpl.java:77)
	at java.base/jdk.internal.reflect.DelegatingMethodAccessorImpl.invoke(DelegatingMethodAccessorImpl.java:43)
)

17-01-2025T17:07:54 - [TEST_STEP][PASSED] - closeWindowIndex(1): Window with index 1 is closed

17-01-2025T17:07:56 - [MESSAGE][PASSED] - Window with index 1 is closed

17-01-2025T17:07:56 - [TEST_STEP][PASSED] - switchToWindowIndex(0): Switched to window with index: '0'

17-01-2025T17:07:56 - [MESSAGE][PASSED] - Switched to window with index: '0'

17-01-2025T17:07:56 - [TEST_STEP][PASSED] - click(findTestObject("var_Content", ["xpath":"//body[1]/div[1]/main[1]/main[1]/div[2]/div[6]"])): Object: 'Object Repository/var_Content' is clicked on

17-01-2025T17:07:56 - [MESSAGE][PASSED] - Object: 'Object Repository/var_Content' is clicked on

17-01-2025T17:07:56 - [TEST_STEP][PASSED] - verifyLinksAccessible(["https://baf-mobile-dev.oss-ap-southeast-5.aliyuncs.com/investor-relation-file%2F1724659040378.pdf?Expires=1736533960&OSSAccessKeyId=LTAI5t78APQ3CX3zFy4qKiTQ&Signature=Nw2NsTm90HCjAh8v0prluFWd9Ww%3D"], OPTIONAL): Found 1 inaccessible links [https://baf-mobile-dev.oss-ap-southeast-5.aliyuncs.com/investor-relation-file%2F1724659040378.pdf?Expires=1736533960&OSSAccessKeyId=LTAI5t78APQ3CX3zFy4qKiTQ&Signature=Nw2NsTm90HCjAh8v0prluFWd9Ww%3D] (Root cause: com.kms.katalon.core.exception.StepFailedException: Found 1 inaccessible links [https://baf-mobile-dev.oss-ap-southeast-5.aliyuncs.com/investor-relation-file%2F1724659040378.pdf?Expires=1736533960&OSSAccessKeyId=LTAI5t78APQ3CX3zFy4qKiTQ&Signature=Nw2NsTm90HCjAh8v0prluFWd9Ww%3D]
	at com.kms.katalon.core.webui.keyword.internal.WebUIKeywordMain.stepFailed(WebUIKeywordMain.groovy:117)
	at com.kms.katalon.core.webui.keyword.builtin.VerifyLinksAccessibleKeyword$_verifyLinksAccessible_closure1.doCall(VerifyLinksAccessibleKeyword.groovy:53)
	at com.kms.katalon.core.webui.keyword.builtin.VerifyLinksAccessibleKeyword$_verifyLinksAccessible_closure1.call(VerifyLinksAccessibleKeyword.groovy)
	at com.kms.katalon.core.webui.keyword.internal.WebUIKeywordMain.runKeyword(WebUIKeywordMain.groovy:35)
	at com.kms.katalon.core.webui.keyword.builtin.VerifyLinksAccessibleKeyword.verifyLinksAccessible(VerifyLinksAccessibleKeyword.groovy:38)
	at com.kms.katalon.core.webui.keyword.builtin.VerifyLinksAccessibleKeyword.execute(VerifyLinksAccessibleKeyword.groovy:33)
	at com.kms.katalon.core.keyword.internal.KeywordExecutor.executeKeywordForPlatform(KeywordExecutor.groovy:74)
	at com.kms.katalon.core.webui.keyword.WebUiBuiltInKeywords.verifyLinksAccessible(WebUiBuiltInKeywords.groovy:5040)
	at RegressionTest_VerifyArticlesOfAssociationPage_ElementsArePresent.run(RegressionTest_VerifyArticlesOfAssociationPage_ElementsArePresent:78)
	at com.kms.katalon.core.main.ScriptEngine.run(ScriptEngine.java:194)
	at com.kms.katalon.core.main.ScriptEngine.runScriptAsRawText(ScriptEngine.java:119)
	at com.kms.katalon.core.main.TestCaseExecutor.runScript(TestCaseExecutor.java:448)
	at com.kms.katalon.core.main.TestCaseExecutor.doExecute(TestCaseExecutor.java:439)
	at com.kms.katalon.core.main.TestCaseExecutor.processExecutionPhase(TestCaseExecutor.java:418)
	at com.kms.katalon.core.main.TestCaseExecutor.accessMainPhase(TestCaseExecutor.java:410)
	at com.kms.katalon.core.main.TestCaseExecutor.execute(TestCaseExecutor.java:285)
	at com.kms.katalon.core.common.CommonExecutor.accessTestCaseMainPhase(CommonExecutor.java:65)
	at com.kms.katalon.core.main.TestSuiteExecutor.accessTestSuiteMainPhase(TestSuiteExecutor.java:161)
	at com.kms.katalon.core.main.TestSuiteExecutor.execute(TestSuiteExecutor.java:107)
	at com.kms.katalon.core.main.TestCaseMain.startTestSuite(TestCaseMain.java:176)
	at TempTestSuite1737108265632.run(TempTestSuite1737108265632.groovy:35)
	at java.base/jdk.internal.reflect.NativeMethodAccessorImpl.invoke0(Native Method)
	at java.base/jdk.internal.reflect.NativeMethodAccessorImpl.invoke(NativeMethodAccessorImpl.java:77)
	at java.base/jdk.internal.reflect.DelegatingMethodAccessorImpl.invoke(DelegatingMethodAccessorImpl.java:43)
)

17-01-2025T17:07:57 - [MESSAGE][INFO] - HAR: C:\Users\P251224001\git\BAF-website\Reports\20250117_170425\Corporate\20250117_170425\requests\main\15.har

17-01-2025T17:07:57 - [MESSAGE][PASSED] - Send request successfully

17-01-2025T17:07:57 - [MESSAGE][WARNING] - Found 1 inaccessible links [https://baf-mobile-dev.oss-ap-southeast-5.aliyuncs.com/investor-relation-file%2F1724659040378.pdf?Expires=1736533960&OSSAccessKeyId=LTAI5t78APQ3CX3zFy4qKiTQ&Signature=Nw2NsTm90HCjAh8v0prluFWd9Ww%3D] (Root cause: com.kms.katalon.core.exception.StepFailedException: Found 1 inaccessible links [https://baf-mobile-dev.oss-ap-southeast-5.aliyuncs.com/investor-relation-file%2F1724659040378.pdf?Expires=1736533960&OSSAccessKeyId=LTAI5t78APQ3CX3zFy4qKiTQ&Signature=Nw2NsTm90HCjAh8v0prluFWd9Ww%3D]
	at com.kms.katalon.core.webui.keyword.internal.WebUIKeywordMain.stepFailed(WebUIKeywordMain.groovy:117)
	at com.kms.katalon.core.webui.keyword.builtin.VerifyLinksAccessibleKeyword$_verifyLinksAccessible_closure1.doCall(VerifyLinksAccessibleKeyword.groovy:53)
	at com.kms.katalon.core.webui.keyword.builtin.VerifyLinksAccessibleKeyword$_verifyLinksAccessible_closure1.call(VerifyLinksAccessibleKeyword.groovy)
	at com.kms.katalon.core.webui.keyword.internal.WebUIKeywordMain.runKeyword(WebUIKeywordMain.groovy:35)
	at com.kms.katalon.core.webui.keyword.builtin.VerifyLinksAccessibleKeyword.verifyLinksAccessible(VerifyLinksAccessibleKeyword.groovy:38)
	at com.kms.katalon.core.webui.keyword.builtin.VerifyLinksAccessibleKeyword.execute(VerifyLinksAccessibleKeyword.groovy:33)
	at com.kms.katalon.core.keyword.internal.KeywordExecutor.executeKeywordForPlatform(KeywordExecutor.groovy:74)
	at com.kms.katalon.core.webui.keyword.WebUiBuiltInKeywords.verifyLinksAccessible(WebUiBuiltInKeywords.groovy:5040)
	at RegressionTest_VerifyArticlesOfAssociationPage_ElementsArePresent.run(RegressionTest_VerifyArticlesOfAssociationPage_ElementsArePresent:78)
	at com.kms.katalon.core.main.ScriptEngine.run(ScriptEngine.java:194)
	at com.kms.katalon.core.main.ScriptEngine.runScriptAsRawText(ScriptEngine.java:119)
	at com.kms.katalon.core.main.TestCaseExecutor.runScript(TestCaseExecutor.java:448)
	at com.kms.katalon.core.main.TestCaseExecutor.doExecute(TestCaseExecutor.java:439)
	at com.kms.katalon.core.main.TestCaseExecutor.processExecutionPhase(TestCaseExecutor.java:418)
	at com.kms.katalon.core.main.TestCaseExecutor.accessMainPhase(TestCaseExecutor.java:410)
	at com.kms.katalon.core.main.TestCaseExecutor.execute(TestCaseExecutor.java:285)
	at com.kms.katalon.core.common.CommonExecutor.accessTestCaseMainPhase(CommonExecutor.java:65)
	at com.kms.katalon.core.main.TestSuiteExecutor.accessTestSuiteMainPhase(TestSuiteExecutor.java:161)
	at com.kms.katalon.core.main.TestSuiteExecutor.execute(TestSuiteExecutor.java:107)
	at com.kms.katalon.core.main.TestCaseMain.startTestSuite(TestCaseMain.java:176)
	at TempTestSuite1737108265632.run(TempTestSuite1737108265632.groovy:35)
	at java.base/jdk.internal.reflect.NativeMethodAccessorImpl.invoke0(Native Method)
	at java.base/jdk.internal.reflect.NativeMethodAccessorImpl.invoke(NativeMethodAccessorImpl.java:77)
	at java.base/jdk.internal.reflect.DelegatingMethodAccessorImpl.invoke(DelegatingMethodAccessorImpl.java:43)
)

17-01-2025T17:07:57 - [TEST_STEP][PASSED] - closeWindowIndex(1): Window with index 1 is closed

17-01-2025T17:07:59 - [MESSAGE][PASSED] - Window with index 1 is closed

17-01-2025T17:07:59 - [TEST_STEP][PASSED] - switchToWindowIndex(0): Switched to window with index: '0'

17-01-2025T17:07:59 - [MESSAGE][PASSED] - Switched to window with index: '0'

17-01-2025T17:07:59 - [TEST_STEP][PASSED] - Start listener action : AfterTestCase: null]]></system-out>
         <system-err><![CDATA[]]></system-err>
      </testcase>
      <testcase name="Test Cases/Corporate/Corporate Governance/RegressionTest_VerifyBoardOfCommissionersGuidelinesPage_ElementsArePresent" time="3.326" classname="Test Cases/Corporate/Corporate Governance/RegressionTest_VerifyBoardOfCommissionersGuidelinesPage_ElementsArePresent" status="PASSED">
         <system-out><![CDATA[17-01-2025T17:07:59 - [TEST_CASE][PASSED] - Test Cases/Corporate/Corporate Governance/RegressionTest_VerifyBoardOfCommissionersGuidelinesPage_ElementsArePresent: Test Cases/Corporate/Corporate Governance/RegressionTest_VerifyBoardOfCommissionersGuidelinesPage_ElementsArePresent

17-01-2025T17:07:59 - [TEST_STEP][PASSED] - Start listener action : BeforeTestCase: null

17-01-2025T17:07:59 - [TEST_STEP][NOT_RUN] - click(findTestObject("link_Content", ["href":"/corporate", "text":"Corporate"])): NOT_RUN: click(findTestObject("link_Content", ["href":"/corporate", "text":"Corporate"]))

17-01-2025T17:07:59 - [MESSAGE][NOT_RUN] - NOT_RUN: click(findTestObject("link_Content", ["href":"/corporate", "text":"Corporate"]))

17-01-2025T17:07:59 - [TEST_STEP][PASSED] - click(findTestObject("link_Content", ["href":"#", "text":"Corporate Governance"])): Object: 'Object Repository/link_Content' is clicked on

17-01-2025T17:07:59 - [MESSAGE][PASSED] - Object: 'Object Repository/link_Content' is clicked on

17-01-2025T17:07:59 - [TEST_STEP][PASSED] - click(findTestObject("link_Content", ["href":"/en/corporate/CorporateGovernance/BOCGuidelines", "text":" Board of Commissioners Guidelines"])): Object: 'Object Repository/link_Content' is clicked on

17-01-2025T17:08:00 - [MESSAGE][PASSED] - Object: 'Object Repository/link_Content' is clicked on

17-01-2025T17:08:00 - [TEST_STEP][PASSED] - scrollToElement(findTestObject("var_Content", ["xpath":"//body[1]/div[1]/main[1]/main[1]/div[1]/div[1]/ol[1]"]), 10): Scroll to object 'Object Repository/var_Content' successfully

17-01-2025T17:08:01 - [MESSAGE][PASSED] - Scroll to object 'Object Repository/var_Content' successfully

17-01-2025T17:08:01 - [TEST_STEP][PASSED] - verifyElementPresent(findTestObject("lbl_Content", ["text":" BOARD OF COMMISSIONERS GUIDELINES"]), 10): Object 'Object Repository/lbl_Content' is present

17-01-2025T17:08:01 - [MESSAGE][PASSED] - Object 'Object Repository/lbl_Content' is present

17-01-2025T17:08:01 - [TEST_STEP][PASSED] - click(findTestObject("var_Content", ["xpath":"//body[1]/div[1]/main[1]/main[1]/div[2]/div[3]"])): Object: 'Object Repository/var_Content' is clicked on

17-01-2025T17:08:02 - [MESSAGE][PASSED] - Object: 'Object Repository/var_Content' is clicked on

17-01-2025T17:08:02 - [TEST_STEP][PASSED] - verifyLinksAccessible(["https://baf-mobile-dev.oss-ap-southeast-5.aliyuncs.com/About/CorporateGovernance/1718346019578.pdf"]): All links are accessible

17-01-2025T17:08:02 - [MESSAGE][INFO] - HAR: C:\Users\P251224001\git\BAF-website\Reports\20250117_170425\Corporate\20250117_170425\requests\main\16.har

17-01-2025T17:08:02 - [MESSAGE][PASSED] - Send request successfully

17-01-2025T17:08:02 - [MESSAGE][PASSED] - All links are accessible

17-01-2025T17:08:02 - [TEST_STEP][PASSED] - closeWindowIndex(1): Window with index 1 is closed

17-01-2025T17:08:02 - [MESSAGE][PASSED] - Window with index 1 is closed

17-01-2025T17:08:02 - [TEST_STEP][PASSED] - switchToWindowIndex(0): Switched to window with index: '0'

17-01-2025T17:08:02 - [MESSAGE][PASSED] - Switched to window with index: '0'

17-01-2025T17:08:02 - [TEST_STEP][PASSED] - Start listener action : AfterTestCase: null]]></system-out>
         <system-err><![CDATA[]]></system-err>
      </testcase>
      <testcase name="Test Cases/Corporate/Corporate Governance/RegressionTest_VerifyBoardOfDirectorsGuidelinesPage_ElementsArePresent" time="4.333" classname="Test Cases/Corporate/Corporate Governance/RegressionTest_VerifyBoardOfDirectorsGuidelinesPage_ElementsArePresent" status="PASSED">
         <system-out><![CDATA[17-01-2025T17:08:02 - [TEST_CASE][PASSED] - Test Cases/Corporate/Corporate Governance/RegressionTest_VerifyBoardOfDirectorsGuidelinesPage_ElementsArePresent: Test Cases/Corporate/Corporate Governance/RegressionTest_VerifyBoardOfDirectorsGuidelinesPage_ElementsArePresent

17-01-2025T17:08:02 - [TEST_STEP][PASSED] - Start listener action : BeforeTestCase: null

17-01-2025T17:08:02 - [TEST_STEP][NOT_RUN] - click(findTestObject("link_Content", ["href":"/corporate", "text":"Corporate"])): NOT_RUN: click(findTestObject("link_Content", ["href":"/corporate", "text":"Corporate"]))

17-01-2025T17:08:02 - [MESSAGE][NOT_RUN] - NOT_RUN: click(findTestObject("link_Content", ["href":"/corporate", "text":"Corporate"]))

17-01-2025T17:08:02 - [TEST_STEP][PASSED] - click(findTestObject("link_Content", ["href":"#", "text":"Corporate Governance"])): Object: 'Object Repository/link_Content' is clicked on

17-01-2025T17:08:03 - [MESSAGE][PASSED] - Object: 'Object Repository/link_Content' is clicked on

17-01-2025T17:08:03 - [TEST_STEP][PASSED] - click(findTestObject("link_Content", ["href":"/en/corporate/CorporateGovernance/BODGuidelines", "text":"Board of Directors Guidelines"])): Object: 'Object Repository/link_Content' is clicked on

17-01-2025T17:08:03 - [MESSAGE][PASSED] - Object: 'Object Repository/link_Content' is clicked on

17-01-2025T17:08:03 - [TEST_STEP][PASSED] - scrollToElement(findTestObject("var_Content", ["xpath":"//body[1]/div[1]/main[1]/main[1]/div[1]/div[1]/ol[1]"]), 10): Scroll to object 'Object Repository/var_Content' successfully

17-01-2025T17:08:04 - [MESSAGE][PASSED] - Scroll to object 'Object Repository/var_Content' successfully

17-01-2025T17:08:04 - [TEST_STEP][PASSED] - verifyElementPresent(findTestObject("lbl_Content", ["text":"BOARD OF DIRECTORS GUIDELINES"]), 10): Object 'Object Repository/lbl_Content' is present

17-01-2025T17:08:04 - [MESSAGE][PASSED] - Object 'Object Repository/lbl_Content' is present

17-01-2025T17:08:04 - [TEST_STEP][PASSED] - verifyElementPresent(findTestObject("lbl_Content", ["text":"Direksi Bussan Auto Finance bertanggung jawab atas pengelolaan operasional sehari-hari perusahaan dengan integritas, kehati-hatian, dan kepatuhan terhadap prinsip-prinsip Good Corporate Governance (GCG). Direksi terdiri dari individu yang memiliki pengalaman dan keahlian di bidang keuangan, manajemen risiko, dan industri keuangan secara umum. Tugas utama Direksi meliputi perumusan strategi perusahaan, implementasi kebijakan, dan pengambilan keputusan strategis yang mendukung pencapaian tujuan jangka panjang perusahaan. Direksi juga bertanggung jawab untuk mengelola risiko perusahaan dengan baik, memastikan kepatuhan terhadap regulasi yang berlaku, serta mempromosikan budaya perusahaan yang sehat dan berintegritas. Direksi harus menjaga komunikasi terbuka dan efektif dengan Dewan Komisaris, serta melaporkan secara berkala kinerja perusahaan kepada pemegang saham dan publik secara transparan."]), 10): Object 'Object Repository/lbl_Content' is present

17-01-2025T17:08:05 - [MESSAGE][PASSED] - Object 'Object Repository/lbl_Content' is present

17-01-2025T17:08:05 - [TEST_STEP][PASSED] - click(findTestObject("var_Content", ["xpath":"//body[1]/div[1]/main[1]/main[1]/div[2]/div[3]"])): Object: 'Object Repository/var_Content' is clicked on

17-01-2025T17:08:05 - [MESSAGE][PASSED] - Object: 'Object Repository/var_Content' is clicked on

17-01-2025T17:08:05 - [TEST_STEP][PASSED] - verifyLinksAccessible(["https://baf-mobile-dev.oss-ap-southeast-5.aliyuncs.com/About/CorporateGovernance/1718878606110.pdf"]): All links are accessible

17-01-2025T17:08:05 - [MESSAGE][INFO] - HAR: C:\Users\P251224001\git\BAF-website\Reports\20250117_170425\Corporate\20250117_170425\requests\main\17.har

17-01-2025T17:08:05 - [MESSAGE][PASSED] - Send request successfully

17-01-2025T17:08:05 - [MESSAGE][PASSED] - All links are accessible

17-01-2025T17:08:05 - [TEST_STEP][PASSED] - closeWindowIndex(1): Window with index 1 is closed

17-01-2025T17:08:05 - [MESSAGE][PASSED] - Window with index 1 is closed

17-01-2025T17:08:05 - [TEST_STEP][PASSED] - switchToWindowIndex(0): Switched to window with index: '0'

17-01-2025T17:08:06 - [MESSAGE][PASSED] - Switched to window with index: '0'

17-01-2025T17:08:06 - [TEST_STEP][PASSED] - click(findTestObject("var_Content", ["xpath":"//body[1]/div[1]/main[1]/main[1]/div[2]/div[4]"])): Object: 'Object Repository/var_Content' is clicked on

17-01-2025T17:08:06 - [MESSAGE][PASSED] - Object: 'Object Repository/var_Content' is clicked on

17-01-2025T17:08:06 - [TEST_STEP][PASSED] - verifyLinksAccessible(["https://baf-mobile-dev.oss-ap-southeast-5.aliyuncs.com/About/CorporateGovernance/1718346043593.pdf"]): All links are accessible

17-01-2025T17:08:06 - [MESSAGE][INFO] - HAR: C:\Users\P251224001\git\BAF-website\Reports\20250117_170425\Corporate\20250117_170425\requests\main\18.har

17-01-2025T17:08:06 - [MESSAGE][PASSED] - Send request successfully

17-01-2025T17:08:06 - [MESSAGE][PASSED] - All links are accessible

17-01-2025T17:08:06 - [TEST_STEP][PASSED] - closeWindowIndex(1): Window with index 1 is closed

17-01-2025T17:08:07 - [MESSAGE][PASSED] - Window with index 1 is closed

17-01-2025T17:08:07 - [TEST_STEP][PASSED] - switchToWindowIndex(0): Switched to window with index: '0'

17-01-2025T17:08:07 - [MESSAGE][PASSED] - Switched to window with index: '0'

17-01-2025T17:08:07 - [TEST_STEP][PASSED] - Start listener action : AfterTestCase: null]]></system-out>
         <system-err><![CDATA[]]></system-err>
      </testcase>
      <testcase name="Test Cases/Corporate/Corporate Governance/RegressionTest_VerifyCommitteesUnderBOCPage_ElementsArePresent" time="6.5" classname="Test Cases/Corporate/Corporate Governance/RegressionTest_VerifyCommitteesUnderBOCPage_ElementsArePresent" status="PASSED">
         <system-out><![CDATA[17-01-2025T17:08:07 - [TEST_CASE][PASSED] - Test Cases/Corporate/Corporate Governance/RegressionTest_VerifyCommitteesUnderBOCPage_ElementsArePresent: Test Cases/Corporate/Corporate Governance/RegressionTest_VerifyCommitteesUnderBOCPage_ElementsArePresent

17-01-2025T17:08:07 - [TEST_STEP][PASSED] - Start listener action : BeforeTestCase: null

17-01-2025T17:08:07 - [TEST_STEP][NOT_RUN] - click(findTestObject("link_Content", ["href":"/corporate", "text":"Corporate"])): NOT_RUN: click(findTestObject("link_Content", ["href":"/corporate", "text":"Corporate"]))

17-01-2025T17:08:07 - [MESSAGE][NOT_RUN] - NOT_RUN: click(findTestObject("link_Content", ["href":"/corporate", "text":"Corporate"]))

17-01-2025T17:08:07 - [TEST_STEP][PASSED] - click(findTestObject("link_Content", ["href":"#", "text":"Corporate Governance"])): Object: 'Object Repository/link_Content' is clicked on

17-01-2025T17:08:07 - [MESSAGE][PASSED] - Object: 'Object Repository/link_Content' is clicked on

17-01-2025T17:08:07 - [TEST_STEP][PASSED] - click(findTestObject("link_Content", ["href":"/en/corporate/CorporateGovernance/BOCCommittees", "text":"Committees under BOC"])): Object: 'Object Repository/link_Content' is clicked on

17-01-2025T17:08:08 - [MESSAGE][PASSED] - Object: 'Object Repository/link_Content' is clicked on

17-01-2025T17:08:08 - [TEST_STEP][PASSED] - scrollToElement(findTestObject("var_Content", ["xpath":"//body[1]/div[1]/main[1]/main[1]/div[1]/div[1]/ol[1]"]), 10): Scroll to object 'Object Repository/var_Content' successfully

17-01-2025T17:08:09 - [MESSAGE][PASSED] - Scroll to object 'Object Repository/var_Content' successfully

17-01-2025T17:08:09 - [TEST_STEP][PASSED] - verifyElementPresent(findTestObject("lbl_Content", ["text":"Committees under BOC"]), 10): Object 'Object Repository/lbl_Content' is present

17-01-2025T17:08:09 - [MESSAGE][PASSED] - Object 'Object Repository/lbl_Content' is present

17-01-2025T17:08:09 - [TEST_STEP][PASSED] - verifyElementPresent(findTestObject("var_Content", ["xpath":"//body[1]/div[1]/main[1]/main[1]/div[2]/div[2]"]), 10): Object 'Object Repository/var_Content' is present

17-01-2025T17:08:09 - [MESSAGE][PASSED] - Object 'Object Repository/var_Content' is present

17-01-2025T17:08:09 - [TEST_STEP][PASSED] - click(findTestObject("var_Content", ["xpath":"//body[1]/div[1]/main[1]/main[1]/div[2]/div[3]"])): Object: 'Object Repository/var_Content' is clicked on

17-01-2025T17:08:10 - [MESSAGE][PASSED] - Object: 'Object Repository/var_Content' is clicked on

17-01-2025T17:08:10 - [TEST_STEP][PASSED] - verifyLinksAccessible(["https://baf-mobile-dev.oss-ap-southeast-5.aliyuncs.com/About%2FCorporateGovernance%2F1724659722421.pdf?Expires=1736536046&OSSAccessKeyId=LTAI5t78APQ3CX3zFy4qKiTQ&Signature=JjqkNGvH%2FukkemumlRy%2FqXlVL4g%3D"], OPTIONAL): Found 1 inaccessible links [https://baf-mobile-dev.oss-ap-southeast-5.aliyuncs.com/About%2FCorporateGovernance%2F1724659722421.pdf?Expires=1736536046&OSSAccessKeyId=LTAI5t78APQ3CX3zFy4qKiTQ&Signature=JjqkNGvH%2FukkemumlRy%2FqXlVL4g%3D] (Root cause: com.kms.katalon.core.exception.StepFailedException: Found 1 inaccessible links [https://baf-mobile-dev.oss-ap-southeast-5.aliyuncs.com/About%2FCorporateGovernance%2F1724659722421.pdf?Expires=1736536046&OSSAccessKeyId=LTAI5t78APQ3CX3zFy4qKiTQ&Signature=JjqkNGvH%2FukkemumlRy%2FqXlVL4g%3D]
	at com.kms.katalon.core.webui.keyword.internal.WebUIKeywordMain.stepFailed(WebUIKeywordMain.groovy:117)
	at com.kms.katalon.core.webui.keyword.builtin.VerifyLinksAccessibleKeyword$_verifyLinksAccessible_closure1.doCall(VerifyLinksAccessibleKeyword.groovy:53)
	at com.kms.katalon.core.webui.keyword.builtin.VerifyLinksAccessibleKeyword$_verifyLinksAccessible_closure1.call(VerifyLinksAccessibleKeyword.groovy)
	at com.kms.katalon.core.webui.keyword.internal.WebUIKeywordMain.runKeyword(WebUIKeywordMain.groovy:35)
	at com.kms.katalon.core.webui.keyword.builtin.VerifyLinksAccessibleKeyword.verifyLinksAccessible(VerifyLinksAccessibleKeyword.groovy:38)
	at com.kms.katalon.core.webui.keyword.builtin.VerifyLinksAccessibleKeyword.execute(VerifyLinksAccessibleKeyword.groovy:33)
	at com.kms.katalon.core.keyword.internal.KeywordExecutor.executeKeywordForPlatform(KeywordExecutor.groovy:74)
	at com.kms.katalon.core.webui.keyword.WebUiBuiltInKeywords.verifyLinksAccessible(WebUiBuiltInKeywords.groovy:5040)
	at RegressionTest_VerifyCommitteesUnderBOCPage_ElementsArePresent.run(RegressionTest_VerifyCommitteesUnderBOCPage_ElementsArePresent:44)
	at com.kms.katalon.core.main.ScriptEngine.run(ScriptEngine.java:194)
	at com.kms.katalon.core.main.ScriptEngine.runScriptAsRawText(ScriptEngine.java:119)
	at com.kms.katalon.core.main.TestCaseExecutor.runScript(TestCaseExecutor.java:448)
	at com.kms.katalon.core.main.TestCaseExecutor.doExecute(TestCaseExecutor.java:439)
	at com.kms.katalon.core.main.TestCaseExecutor.processExecutionPhase(TestCaseExecutor.java:418)
	at com.kms.katalon.core.main.TestCaseExecutor.accessMainPhase(TestCaseExecutor.java:410)
	at com.kms.katalon.core.main.TestCaseExecutor.execute(TestCaseExecutor.java:285)
	at com.kms.katalon.core.common.CommonExecutor.accessTestCaseMainPhase(CommonExecutor.java:65)
	at com.kms.katalon.core.main.TestSuiteExecutor.accessTestSuiteMainPhase(TestSuiteExecutor.java:161)
	at com.kms.katalon.core.main.TestSuiteExecutor.execute(TestSuiteExecutor.java:107)
	at com.kms.katalon.core.main.TestCaseMain.startTestSuite(TestCaseMain.java:176)
	at TempTestSuite1737108265632.run(TempTestSuite1737108265632.groovy:35)
	at java.base/jdk.internal.reflect.NativeMethodAccessorImpl.invoke0(Native Method)
	at java.base/jdk.internal.reflect.NativeMethodAccessorImpl.invoke(NativeMethodAccessorImpl.java:77)
	at java.base/jdk.internal.reflect.DelegatingMethodAccessorImpl.invoke(DelegatingMethodAccessorImpl.java:43)
)

17-01-2025T17:08:10 - [MESSAGE][INFO] - HAR: C:\Users\P251224001\git\BAF-website\Reports\20250117_170425\Corporate\20250117_170425\requests\main\19.har

17-01-2025T17:08:10 - [MESSAGE][PASSED] - Send request successfully

17-01-2025T17:08:10 - [MESSAGE][WARNING] - Found 1 inaccessible links [https://baf-mobile-dev.oss-ap-southeast-5.aliyuncs.com/About%2FCorporateGovernance%2F1724659722421.pdf?Expires=1736536046&OSSAccessKeyId=LTAI5t78APQ3CX3zFy4qKiTQ&Signature=JjqkNGvH%2FukkemumlRy%2FqXlVL4g%3D] (Root cause: com.kms.katalon.core.exception.StepFailedException: Found 1 inaccessible links [https://baf-mobile-dev.oss-ap-southeast-5.aliyuncs.com/About%2FCorporateGovernance%2F1724659722421.pdf?Expires=1736536046&OSSAccessKeyId=LTAI5t78APQ3CX3zFy4qKiTQ&Signature=JjqkNGvH%2FukkemumlRy%2FqXlVL4g%3D]
	at com.kms.katalon.core.webui.keyword.internal.WebUIKeywordMain.stepFailed(WebUIKeywordMain.groovy:117)
	at com.kms.katalon.core.webui.keyword.builtin.VerifyLinksAccessibleKeyword$_verifyLinksAccessible_closure1.doCall(VerifyLinksAccessibleKeyword.groovy:53)
	at com.kms.katalon.core.webui.keyword.builtin.VerifyLinksAccessibleKeyword$_verifyLinksAccessible_closure1.call(VerifyLinksAccessibleKeyword.groovy)
	at com.kms.katalon.core.webui.keyword.internal.WebUIKeywordMain.runKeyword(WebUIKeywordMain.groovy:35)
	at com.kms.katalon.core.webui.keyword.builtin.VerifyLinksAccessibleKeyword.verifyLinksAccessible(VerifyLinksAccessibleKeyword.groovy:38)
	at com.kms.katalon.core.webui.keyword.builtin.VerifyLinksAccessibleKeyword.execute(VerifyLinksAccessibleKeyword.groovy:33)
	at com.kms.katalon.core.keyword.internal.KeywordExecutor.executeKeywordForPlatform(KeywordExecutor.groovy:74)
	at com.kms.katalon.core.webui.keyword.WebUiBuiltInKeywords.verifyLinksAccessible(WebUiBuiltInKeywords.groovy:5040)
	at RegressionTest_VerifyCommitteesUnderBOCPage_ElementsArePresent.run(RegressionTest_VerifyCommitteesUnderBOCPage_ElementsArePresent:44)
	at com.kms.katalon.core.main.ScriptEngine.run(ScriptEngine.java:194)
	at com.kms.katalon.core.main.ScriptEngine.runScriptAsRawText(ScriptEngine.java:119)
	at com.kms.katalon.core.main.TestCaseExecutor.runScript(TestCaseExecutor.java:448)
	at com.kms.katalon.core.main.TestCaseExecutor.doExecute(TestCaseExecutor.java:439)
	at com.kms.katalon.core.main.TestCaseExecutor.processExecutionPhase(TestCaseExecutor.java:418)
	at com.kms.katalon.core.main.TestCaseExecutor.accessMainPhase(TestCaseExecutor.java:410)
	at com.kms.katalon.core.main.TestCaseExecutor.execute(TestCaseExecutor.java:285)
	at com.kms.katalon.core.common.CommonExecutor.accessTestCaseMainPhase(CommonExecutor.java:65)
	at com.kms.katalon.core.main.TestSuiteExecutor.accessTestSuiteMainPhase(TestSuiteExecutor.java:161)
	at com.kms.katalon.core.main.TestSuiteExecutor.execute(TestSuiteExecutor.java:107)
	at com.kms.katalon.core.main.TestCaseMain.startTestSuite(TestCaseMain.java:176)
	at TempTestSuite1737108265632.run(TempTestSuite1737108265632.groovy:35)
	at java.base/jdk.internal.reflect.NativeMethodAccessorImpl.invoke0(Native Method)
	at java.base/jdk.internal.reflect.NativeMethodAccessorImpl.invoke(NativeMethodAccessorImpl.java:77)
	at java.base/jdk.internal.reflect.DelegatingMethodAccessorImpl.invoke(DelegatingMethodAccessorImpl.java:43)
)

17-01-2025T17:08:10 - [TEST_STEP][PASSED] - closeWindowIndex(1): Window with index 1 is closed

17-01-2025T17:08:10 - [MESSAGE][PASSED] - Window with index 1 is closed

17-01-2025T17:08:10 - [TEST_STEP][PASSED] - switchToWindowIndex(0): Switched to window with index: '0'

17-01-2025T17:08:10 - [MESSAGE][PASSED] - Switched to window with index: '0'

17-01-2025T17:08:10 - [TEST_STEP][PASSED] - click(findTestObject("var_Content", ["xpath":"//body[1]/div[1]/main[1]/main[1]/div[2]/div[4]"])): Object: 'Object Repository/var_Content' is clicked on

17-01-2025T17:08:10 - [MESSAGE][PASSED] - Object: 'Object Repository/var_Content' is clicked on

17-01-2025T17:08:10 - [TEST_STEP][PASSED] - verifyLinksAccessible(["https://baf-mobile-dev.oss-ap-southeast-5.aliyuncs.com/About/CorporateGovernance/1718346221437.pdf"]): All links are accessible

17-01-2025T17:08:11 - [MESSAGE][INFO] - HAR: C:\Users\P251224001\git\BAF-website\Reports\20250117_170425\Corporate\20250117_170425\requests\main\20.har

17-01-2025T17:08:11 - [MESSAGE][PASSED] - Send request successfully

17-01-2025T17:08:11 - [MESSAGE][PASSED] - All links are accessible

17-01-2025T17:08:11 - [TEST_STEP][PASSED] - closeWindowIndex(1): Window with index 1 is closed

17-01-2025T17:08:11 - [MESSAGE][PASSED] - Window with index 1 is closed

17-01-2025T17:08:11 - [TEST_STEP][PASSED] - switchToWindowIndex(0): Switched to window with index: '0'

17-01-2025T17:08:11 - [MESSAGE][PASSED] - Switched to window with index: '0'

17-01-2025T17:08:11 - [TEST_STEP][PASSED] - click(findTestObject("var_Content", ["xpath":"//body[1]/div[1]/main[1]/main[1]/div[2]/div[5]"])): Object: 'Object Repository/var_Content' is clicked on

17-01-2025T17:08:11 - [MESSAGE][PASSED] - Object: 'Object Repository/var_Content' is clicked on

17-01-2025T17:08:11 - [TEST_STEP][PASSED] - verifyLinksAccessible(["https://baf-mobile-dev.oss-ap-southeast-5.aliyuncs.com/About/CorporateGovernance/1718346194231.pdf"]): All links are accessible

17-01-2025T17:08:12 - [MESSAGE][INFO] - HAR: C:\Users\P251224001\git\BAF-website\Reports\20250117_170425\Corporate\20250117_170425\requests\main\21.har

17-01-2025T17:08:12 - [MESSAGE][PASSED] - Send request successfully

17-01-2025T17:08:12 - [MESSAGE][PASSED] - All links are accessible

17-01-2025T17:08:12 - [TEST_STEP][PASSED] - closeWindowIndex(1): Window with index 1 is closed

17-01-2025T17:08:12 - [MESSAGE][PASSED] - Window with index 1 is closed

17-01-2025T17:08:12 - [TEST_STEP][PASSED] - switchToWindowIndex(0): Switched to window with index: '0'

17-01-2025T17:08:12 - [MESSAGE][PASSED] - Switched to window with index: '0'

17-01-2025T17:08:12 - [TEST_STEP][PASSED] - scrollToElement(findTestObject("var_Content", ["xpath":"//body[1]/div[1]/main[1]/main[1]/div[2]/div[1]/h3[1]"]), 10): Scroll to object 'Object Repository/var_Content' successfully

17-01-2025T17:08:12 - [MESSAGE][PASSED] - Scroll to object 'Object Repository/var_Content' successfully

17-01-2025T17:08:12 - [TEST_STEP][PASSED] - click(findTestObject("var_Content", ["xpath":"//body[1]/div[1]/main[1]/main[1]/div[2]/div[6]"])): Object: 'Object Repository/var_Content' is clicked on

17-01-2025T17:08:13 - [MESSAGE][PASSED] - Object: 'Object Repository/var_Content' is clicked on

17-01-2025T17:08:13 - [TEST_STEP][PASSED] - verifyLinksAccessible(["https://baf-mobile-dev.oss-ap-southeast-5.aliyuncs.com/About/CorporateGovernance/1718346147325.pdf"]): All links are accessible

17-01-2025T17:08:13 - [MESSAGE][INFO] - HAR: C:\Users\P251224001\git\BAF-website\Reports\20250117_170425\Corporate\20250117_170425\requests\main\22.har

17-01-2025T17:08:13 - [MESSAGE][PASSED] - Send request successfully

17-01-2025T17:08:13 - [MESSAGE][PASSED] - All links are accessible

17-01-2025T17:08:13 - [TEST_STEP][PASSED] - closeWindowIndex(1): Window with index 1 is closed

17-01-2025T17:08:13 - [MESSAGE][PASSED] - Window with index 1 is closed

17-01-2025T17:08:13 - [TEST_STEP][PASSED] - switchToWindowIndex(0): Switched to window with index: '0'

17-01-2025T17:08:13 - [MESSAGE][PASSED] - Switched to window with index: '0'

17-01-2025T17:08:13 - [TEST_STEP][PASSED] - Start listener action : AfterTestCase: null]]></system-out>
         <system-err><![CDATA[]]></system-err>
      </testcase>
      <testcase name="Test Cases/Corporate/Corporate Governance/RegressionTest_VerifyCommitteesUnderBODPage_ElementsArePresent" time="10.306" classname="Test Cases/Corporate/Corporate Governance/RegressionTest_VerifyCommitteesUnderBODPage_ElementsArePresent" status="PASSED">
         <system-out><![CDATA[17-01-2025T17:08:13 - [TEST_CASE][PASSED] - Test Cases/Corporate/Corporate Governance/RegressionTest_VerifyCommitteesUnderBODPage_ElementsArePresent: Test Cases/Corporate/Corporate Governance/RegressionTest_VerifyCommitteesUnderBODPage_ElementsArePresent

17-01-2025T17:08:13 - [TEST_STEP][PASSED] - Start listener action : BeforeTestCase: null

17-01-2025T17:08:13 - [TEST_STEP][NOT_RUN] - click(findTestObject("link_Content", ["href":"/corporate", "text":"Corporate"])): NOT_RUN: click(findTestObject("link_Content", ["href":"/corporate", "text":"Corporate"]))

17-01-2025T17:08:13 - [MESSAGE][NOT_RUN] - NOT_RUN: click(findTestObject("link_Content", ["href":"/corporate", "text":"Corporate"]))

17-01-2025T17:08:13 - [TEST_STEP][PASSED] - click(findTestObject("link_Content", ["href":"#", "text":"Corporate Governance"])): Object: 'Object Repository/link_Content' is clicked on

17-01-2025T17:08:14 - [MESSAGE][PASSED] - Object: 'Object Repository/link_Content' is clicked on

17-01-2025T17:08:14 - [TEST_STEP][PASSED] - click(findTestObject("link_Content", ["href":"/en/corporate/CorporateGovernance/BODCommittees", "text":"Committees under BOD"])): Object: 'Object Repository/link_Content' is clicked on

17-01-2025T17:08:14 - [MESSAGE][PASSED] - Object: 'Object Repository/link_Content' is clicked on

17-01-2025T17:08:14 - [TEST_STEP][PASSED] - scrollToElement(findTestObject("var_Content", ["xpath":"//body[1]/div[1]/main[1]/main[1]/div[1]/div[1]/ol[1]"]), 10): Scroll to object 'Object Repository/var_Content' successfully

17-01-2025T17:08:15 - [MESSAGE][PASSED] - Scroll to object 'Object Repository/var_Content' successfully

17-01-2025T17:08:15 - [TEST_STEP][PASSED] - verifyElementPresent(findTestObject("lbl_Content", ["text":"Committees under BOD"]), 10): Object 'Object Repository/lbl_Content' is present

17-01-2025T17:08:15 - [MESSAGE][PASSED] - Object 'Object Repository/lbl_Content' is present

17-01-2025T17:08:15 - [TEST_STEP][PASSED] - verifyElementPresent(findTestObject("var_Content", ["xpath":"//body[1]/div[1]/main[1]/main[1]/div[2]/div[2]"]), 10): Object 'Object Repository/var_Content' is present

17-01-2025T17:08:16 - [MESSAGE][PASSED] - Object 'Object Repository/var_Content' is present

17-01-2025T17:08:16 - [TEST_STEP][PASSED] - click(findTestObject("var_Content", ["xpath":"//body[1]/div[1]/main[1]/main[1]/div[2]/div[3]"])): Object: 'Object Repository/var_Content' is clicked on

17-01-2025T17:08:16 - [MESSAGE][PASSED] - Object: 'Object Repository/var_Content' is clicked on

17-01-2025T17:08:16 - [TEST_STEP][PASSED] - verifyLinksAccessible(["https://baf-mobile-dev.oss-ap-southeast-5.aliyuncs.com/About%2FCorporateGovernance%2F1724658580057.pdf?Expires=1736536657&OSSAccessKeyId=LTAI5t78APQ3CX3zFy4qKiTQ&Signature=352wxCca0VrFpr5ZBmFGGmk1Ei4%3D"], OPTIONAL): Found 1 inaccessible links [https://baf-mobile-dev.oss-ap-southeast-5.aliyuncs.com/About%2FCorporateGovernance%2F1724658580057.pdf?Expires=1736536657&OSSAccessKeyId=LTAI5t78APQ3CX3zFy4qKiTQ&Signature=352wxCca0VrFpr5ZBmFGGmk1Ei4%3D] (Root cause: com.kms.katalon.core.exception.StepFailedException: Found 1 inaccessible links [https://baf-mobile-dev.oss-ap-southeast-5.aliyuncs.com/About%2FCorporateGovernance%2F1724658580057.pdf?Expires=1736536657&OSSAccessKeyId=LTAI5t78APQ3CX3zFy4qKiTQ&Signature=352wxCca0VrFpr5ZBmFGGmk1Ei4%3D]
	at com.kms.katalon.core.webui.keyword.internal.WebUIKeywordMain.stepFailed(WebUIKeywordMain.groovy:117)
	at com.kms.katalon.core.webui.keyword.builtin.VerifyLinksAccessibleKeyword$_verifyLinksAccessible_closure1.doCall(VerifyLinksAccessibleKeyword.groovy:53)
	at com.kms.katalon.core.webui.keyword.builtin.VerifyLinksAccessibleKeyword$_verifyLinksAccessible_closure1.call(VerifyLinksAccessibleKeyword.groovy)
	at com.kms.katalon.core.webui.keyword.internal.WebUIKeywordMain.runKeyword(WebUIKeywordMain.groovy:35)
	at com.kms.katalon.core.webui.keyword.builtin.VerifyLinksAccessibleKeyword.verifyLinksAccessible(VerifyLinksAccessibleKeyword.groovy:38)
	at com.kms.katalon.core.webui.keyword.builtin.VerifyLinksAccessibleKeyword.execute(VerifyLinksAccessibleKeyword.groovy:33)
	at com.kms.katalon.core.keyword.internal.KeywordExecutor.executeKeywordForPlatform(KeywordExecutor.groovy:74)
	at com.kms.katalon.core.webui.keyword.WebUiBuiltInKeywords.verifyLinksAccessible(WebUiBuiltInKeywords.groovy:5040)
	at RegressionTest_VerifyCommitteesUnderBODPage_ElementsArePresent.run(RegressionTest_VerifyCommitteesUnderBODPage_ElementsArePresent:44)
	at com.kms.katalon.core.main.ScriptEngine.run(ScriptEngine.java:194)
	at com.kms.katalon.core.main.ScriptEngine.runScriptAsRawText(ScriptEngine.java:119)
	at com.kms.katalon.core.main.TestCaseExecutor.runScript(TestCaseExecutor.java:448)
	at com.kms.katalon.core.main.TestCaseExecutor.doExecute(TestCaseExecutor.java:439)
	at com.kms.katalon.core.main.TestCaseExecutor.processExecutionPhase(TestCaseExecutor.java:418)
	at com.kms.katalon.core.main.TestCaseExecutor.accessMainPhase(TestCaseExecutor.java:410)
	at com.kms.katalon.core.main.TestCaseExecutor.execute(TestCaseExecutor.java:285)
	at com.kms.katalon.core.common.CommonExecutor.accessTestCaseMainPhase(CommonExecutor.java:65)
	at com.kms.katalon.core.main.TestSuiteExecutor.accessTestSuiteMainPhase(TestSuiteExecutor.java:161)
	at com.kms.katalon.core.main.TestSuiteExecutor.execute(TestSuiteExecutor.java:107)
	at com.kms.katalon.core.main.TestCaseMain.startTestSuite(TestCaseMain.java:176)
	at TempTestSuite1737108265632.run(TempTestSuite1737108265632.groovy:35)
	at java.base/jdk.internal.reflect.NativeMethodAccessorImpl.invoke0(Native Method)
	at java.base/jdk.internal.reflect.NativeMethodAccessorImpl.invoke(NativeMethodAccessorImpl.java:77)
	at java.base/jdk.internal.reflect.DelegatingMethodAccessorImpl.invoke(DelegatingMethodAccessorImpl.java:43)
)

17-01-2025T17:08:16 - [MESSAGE][INFO] - HAR: C:\Users\P251224001\git\BAF-website\Reports\20250117_170425\Corporate\20250117_170425\requests\main\23.har

17-01-2025T17:08:16 - [MESSAGE][PASSED] - Send request successfully

17-01-2025T17:08:16 - [MESSAGE][WARNING] - Found 1 inaccessible links [https://baf-mobile-dev.oss-ap-southeast-5.aliyuncs.com/About%2FCorporateGovernance%2F1724658580057.pdf?Expires=1736536657&OSSAccessKeyId=LTAI5t78APQ3CX3zFy4qKiTQ&Signature=352wxCca0VrFpr5ZBmFGGmk1Ei4%3D] (Root cause: com.kms.katalon.core.exception.StepFailedException: Found 1 inaccessible links [https://baf-mobile-dev.oss-ap-southeast-5.aliyuncs.com/About%2FCorporateGovernance%2F1724658580057.pdf?Expires=1736536657&OSSAccessKeyId=LTAI5t78APQ3CX3zFy4qKiTQ&Signature=352wxCca0VrFpr5ZBmFGGmk1Ei4%3D]
	at com.kms.katalon.core.webui.keyword.internal.WebUIKeywordMain.stepFailed(WebUIKeywordMain.groovy:117)
	at com.kms.katalon.core.webui.keyword.builtin.VerifyLinksAccessibleKeyword$_verifyLinksAccessible_closure1.doCall(VerifyLinksAccessibleKeyword.groovy:53)
	at com.kms.katalon.core.webui.keyword.builtin.VerifyLinksAccessibleKeyword$_verifyLinksAccessible_closure1.call(VerifyLinksAccessibleKeyword.groovy)
	at com.kms.katalon.core.webui.keyword.internal.WebUIKeywordMain.runKeyword(WebUIKeywordMain.groovy:35)
	at com.kms.katalon.core.webui.keyword.builtin.VerifyLinksAccessibleKeyword.verifyLinksAccessible(VerifyLinksAccessibleKeyword.groovy:38)
	at com.kms.katalon.core.webui.keyword.builtin.VerifyLinksAccessibleKeyword.execute(VerifyLinksAccessibleKeyword.groovy:33)
	at com.kms.katalon.core.keyword.internal.KeywordExecutor.executeKeywordForPlatform(KeywordExecutor.groovy:74)
	at com.kms.katalon.core.webui.keyword.WebUiBuiltInKeywords.verifyLinksAccessible(WebUiBuiltInKeywords.groovy:5040)
	at RegressionTest_VerifyCommitteesUnderBODPage_ElementsArePresent.run(RegressionTest_VerifyCommitteesUnderBODPage_ElementsArePresent:44)
	at com.kms.katalon.core.main.ScriptEngine.run(ScriptEngine.java:194)
	at com.kms.katalon.core.main.ScriptEngine.runScriptAsRawText(ScriptEngine.java:119)
	at com.kms.katalon.core.main.TestCaseExecutor.runScript(TestCaseExecutor.java:448)
	at com.kms.katalon.core.main.TestCaseExecutor.doExecute(TestCaseExecutor.java:439)
	at com.kms.katalon.core.main.TestCaseExecutor.processExecutionPhase(TestCaseExecutor.java:418)
	at com.kms.katalon.core.main.TestCaseExecutor.accessMainPhase(TestCaseExecutor.java:410)
	at com.kms.katalon.core.main.TestCaseExecutor.execute(TestCaseExecutor.java:285)
	at com.kms.katalon.core.common.CommonExecutor.accessTestCaseMainPhase(CommonExecutor.java:65)
	at com.kms.katalon.core.main.TestSuiteExecutor.accessTestSuiteMainPhase(TestSuiteExecutor.java:161)
	at com.kms.katalon.core.main.TestSuiteExecutor.execute(TestSuiteExecutor.java:107)
	at com.kms.katalon.core.main.TestCaseMain.startTestSuite(TestCaseMain.java:176)
	at TempTestSuite1737108265632.run(TempTestSuite1737108265632.groovy:35)
	at java.base/jdk.internal.reflect.NativeMethodAccessorImpl.invoke0(Native Method)
	at java.base/jdk.internal.reflect.NativeMethodAccessorImpl.invoke(NativeMethodAccessorImpl.java:77)
	at java.base/jdk.internal.reflect.DelegatingMethodAccessorImpl.invoke(DelegatingMethodAccessorImpl.java:43)
)

17-01-2025T17:08:16 - [TEST_STEP][PASSED] - closeWindowIndex(1): Window with index 1 is closed

17-01-2025T17:08:16 - [MESSAGE][PASSED] - Window with index 1 is closed

17-01-2025T17:08:16 - [TEST_STEP][PASSED] - switchToWindowIndex(0): Switched to window with index: '0'

17-01-2025T17:08:16 - [MESSAGE][PASSED] - Switched to window with index: '0'

17-01-2025T17:08:16 - [TEST_STEP][PASSED] - click(findTestObject("var_Content", ["xpath":"//body[1]/div[1]/main[1]/main[1]/div[2]/div[4]"])): Object: 'Object Repository/var_Content' is clicked on

17-01-2025T17:08:17 - [MESSAGE][PASSED] - Object: 'Object Repository/var_Content' is clicked on

17-01-2025T17:08:17 - [TEST_STEP][PASSED] - verifyLinksAccessible(["https://baf-mobile-dev.oss-ap-southeast-5.aliyuncs.com/About%2FCorporateGovernance%2F1724334259011.pdf?Expires=1736536657&OSSAccessKeyId=LTAI5t78APQ3CX3zFy4qKiTQ&Signature=t3iErwVuUzPA7hjTvWWh5CtJgfc%3D"], OPTIONAL): Found 1 inaccessible links [https://baf-mobile-dev.oss-ap-southeast-5.aliyuncs.com/About%2FCorporateGovernance%2F1724334259011.pdf?Expires=1736536657&OSSAccessKeyId=LTAI5t78APQ3CX3zFy4qKiTQ&Signature=t3iErwVuUzPA7hjTvWWh5CtJgfc%3D] (Root cause: com.kms.katalon.core.exception.StepFailedException: Found 1 inaccessible links [https://baf-mobile-dev.oss-ap-southeast-5.aliyuncs.com/About%2FCorporateGovernance%2F1724334259011.pdf?Expires=1736536657&OSSAccessKeyId=LTAI5t78APQ3CX3zFy4qKiTQ&Signature=t3iErwVuUzPA7hjTvWWh5CtJgfc%3D]
	at com.kms.katalon.core.webui.keyword.internal.WebUIKeywordMain.stepFailed(WebUIKeywordMain.groovy:117)
	at com.kms.katalon.core.webui.keyword.builtin.VerifyLinksAccessibleKeyword$_verifyLinksAccessible_closure1.doCall(VerifyLinksAccessibleKeyword.groovy:53)
	at com.kms.katalon.core.webui.keyword.builtin.VerifyLinksAccessibleKeyword$_verifyLinksAccessible_closure1.call(VerifyLinksAccessibleKeyword.groovy)
	at com.kms.katalon.core.webui.keyword.internal.WebUIKeywordMain.runKeyword(WebUIKeywordMain.groovy:35)
	at com.kms.katalon.core.webui.keyword.builtin.VerifyLinksAccessibleKeyword.verifyLinksAccessible(VerifyLinksAccessibleKeyword.groovy:38)
	at com.kms.katalon.core.webui.keyword.builtin.VerifyLinksAccessibleKeyword.execute(VerifyLinksAccessibleKeyword.groovy:33)
	at com.kms.katalon.core.keyword.internal.KeywordExecutor.executeKeywordForPlatform(KeywordExecutor.groovy:74)
	at com.kms.katalon.core.webui.keyword.WebUiBuiltInKeywords.verifyLinksAccessible(WebUiBuiltInKeywords.groovy:5040)
	at RegressionTest_VerifyCommitteesUnderBODPage_ElementsArePresent.run(RegressionTest_VerifyCommitteesUnderBODPage_ElementsArePresent:57)
	at com.kms.katalon.core.main.ScriptEngine.run(ScriptEngine.java:194)
	at com.kms.katalon.core.main.ScriptEngine.runScriptAsRawText(ScriptEngine.java:119)
	at com.kms.katalon.core.main.TestCaseExecutor.runScript(TestCaseExecutor.java:448)
	at com.kms.katalon.core.main.TestCaseExecutor.doExecute(TestCaseExecutor.java:439)
	at com.kms.katalon.core.main.TestCaseExecutor.processExecutionPhase(TestCaseExecutor.java:418)
	at com.kms.katalon.core.main.TestCaseExecutor.accessMainPhase(TestCaseExecutor.java:410)
	at com.kms.katalon.core.main.TestCaseExecutor.execute(TestCaseExecutor.java:285)
	at com.kms.katalon.core.common.CommonExecutor.accessTestCaseMainPhase(CommonExecutor.java:65)
	at com.kms.katalon.core.main.TestSuiteExecutor.accessTestSuiteMainPhase(TestSuiteExecutor.java:161)
	at com.kms.katalon.core.main.TestSuiteExecutor.execute(TestSuiteExecutor.java:107)
	at com.kms.katalon.core.main.TestCaseMain.startTestSuite(TestCaseMain.java:176)
	at TempTestSuite1737108265632.run(TempTestSuite1737108265632.groovy:35)
	at java.base/jdk.internal.reflect.NativeMethodAccessorImpl.invoke0(Native Method)
	at java.base/jdk.internal.reflect.NativeMethodAccessorImpl.invoke(NativeMethodAccessorImpl.java:77)
	at java.base/jdk.internal.reflect.DelegatingMethodAccessorImpl.invoke(DelegatingMethodAccessorImpl.java:43)
)

17-01-2025T17:08:17 - [MESSAGE][INFO] - HAR: C:\Users\P251224001\git\BAF-website\Reports\20250117_170425\Corporate\20250117_170425\requests\main\24.har

17-01-2025T17:08:17 - [MESSAGE][PASSED] - Send request successfully

17-01-2025T17:08:17 - [MESSAGE][WARNING] - Found 1 inaccessible links [https://baf-mobile-dev.oss-ap-southeast-5.aliyuncs.com/About%2FCorporateGovernance%2F1724334259011.pdf?Expires=1736536657&OSSAccessKeyId=LTAI5t78APQ3CX3zFy4qKiTQ&Signature=t3iErwVuUzPA7hjTvWWh5CtJgfc%3D] (Root cause: com.kms.katalon.core.exception.StepFailedException: Found 1 inaccessible links [https://baf-mobile-dev.oss-ap-southeast-5.aliyuncs.com/About%2FCorporateGovernance%2F1724334259011.pdf?Expires=1736536657&OSSAccessKeyId=LTAI5t78APQ3CX3zFy4qKiTQ&Signature=t3iErwVuUzPA7hjTvWWh5CtJgfc%3D]
	at com.kms.katalon.core.webui.keyword.internal.WebUIKeywordMain.stepFailed(WebUIKeywordMain.groovy:117)
	at com.kms.katalon.core.webui.keyword.builtin.VerifyLinksAccessibleKeyword$_verifyLinksAccessible_closure1.doCall(VerifyLinksAccessibleKeyword.groovy:53)
	at com.kms.katalon.core.webui.keyword.builtin.VerifyLinksAccessibleKeyword$_verifyLinksAccessible_closure1.call(VerifyLinksAccessibleKeyword.groovy)
	at com.kms.katalon.core.webui.keyword.internal.WebUIKeywordMain.runKeyword(WebUIKeywordMain.groovy:35)
	at com.kms.katalon.core.webui.keyword.builtin.VerifyLinksAccessibleKeyword.verifyLinksAccessible(VerifyLinksAccessibleKeyword.groovy:38)
	at com.kms.katalon.core.webui.keyword.builtin.VerifyLinksAccessibleKeyword.execute(VerifyLinksAccessibleKeyword.groovy:33)
	at com.kms.katalon.core.keyword.internal.KeywordExecutor.executeKeywordForPlatform(KeywordExecutor.groovy:74)
	at com.kms.katalon.core.webui.keyword.WebUiBuiltInKeywords.verifyLinksAccessible(WebUiBuiltInKeywords.groovy:5040)
	at RegressionTest_VerifyCommitteesUnderBODPage_ElementsArePresent.run(RegressionTest_VerifyCommitteesUnderBODPage_ElementsArePresent:57)
	at com.kms.katalon.core.main.ScriptEngine.run(ScriptEngine.java:194)
	at com.kms.katalon.core.main.ScriptEngine.runScriptAsRawText(ScriptEngine.java:119)
	at com.kms.katalon.core.main.TestCaseExecutor.runScript(TestCaseExecutor.java:448)
	at com.kms.katalon.core.main.TestCaseExecutor.doExecute(TestCaseExecutor.java:439)
	at com.kms.katalon.core.main.TestCaseExecutor.processExecutionPhase(TestCaseExecutor.java:418)
	at com.kms.katalon.core.main.TestCaseExecutor.accessMainPhase(TestCaseExecutor.java:410)
	at com.kms.katalon.core.main.TestCaseExecutor.execute(TestCaseExecutor.java:285)
	at com.kms.katalon.core.common.CommonExecutor.accessTestCaseMainPhase(CommonExecutor.java:65)
	at com.kms.katalon.core.main.TestSuiteExecutor.accessTestSuiteMainPhase(TestSuiteExecutor.java:161)
	at com.kms.katalon.core.main.TestSuiteExecutor.execute(TestSuiteExecutor.java:107)
	at com.kms.katalon.core.main.TestCaseMain.startTestSuite(TestCaseMain.java:176)
	at TempTestSuite1737108265632.run(TempTestSuite1737108265632.groovy:35)
	at java.base/jdk.internal.reflect.NativeMethodAccessorImpl.invoke0(Native Method)
	at java.base/jdk.internal.reflect.NativeMethodAccessorImpl.invoke(NativeMethodAccessorImpl.java:77)
	at java.base/jdk.internal.reflect.DelegatingMethodAccessorImpl.invoke(DelegatingMethodAccessorImpl.java:43)
)

17-01-2025T17:08:17 - [TEST_STEP][PASSED] - closeWindowIndex(1): Window with index 1 is closed

17-01-2025T17:08:17 - [MESSAGE][PASSED] - Window with index 1 is closed

17-01-2025T17:08:17 - [TEST_STEP][PASSED] - switchToWindowIndex(0): Switched to window with index: '0'

17-01-2025T17:08:17 - [MESSAGE][PASSED] - Switched to window with index: '0'

17-01-2025T17:08:17 - [TEST_STEP][PASSED] - click(findTestObject("var_Content", ["xpath":"//body[1]/div[1]/main[1]/main[1]/div[2]/div[5]"])): Object: 'Object Repository/var_Content' is clicked on

17-01-2025T17:08:18 - [MESSAGE][PASSED] - Object: 'Object Repository/var_Content' is clicked on

17-01-2025T17:08:18 - [TEST_STEP][FAILED] - verifyLinksAccessible(["https://baf-web-baf-uat.apps.cntrdev.bussan.co.id/en/corporate/CorporateGovernance/[invalid%20field]"], OPTIONAL): Unable to verify links are accessible (Root cause: com.kms.katalon.core.exception.StepFailedException: Unable to verify links are accessible
	at com.kms.katalon.core.webui.keyword.internal.WebUIKeywordMain.stepFailed(WebUIKeywordMain.groovy:117)
	at com.kms.katalon.core.webui.keyword.internal.WebUIKeywordMain.runKeyword(WebUIKeywordMain.groovy:43)
	at com.kms.katalon.core.webui.keyword.builtin.VerifyLinksAccessibleKeyword.verifyLinksAccessible(VerifyLinksAccessibleKeyword.groovy:38)
	at com.kms.katalon.core.webui.keyword.builtin.VerifyLinksAccessibleKeyword.execute(VerifyLinksAccessibleKeyword.groovy:33)
	at com.kms.katalon.core.keyword.internal.KeywordExecutor.executeKeywordForPlatform(KeywordExecutor.groovy:74)
	at com.kms.katalon.core.webui.keyword.WebUiBuiltInKeywords.verifyLinksAccessible(WebUiBuiltInKeywords.groovy:5040)
	at RegressionTest_VerifyCommitteesUnderBODPage_ElementsArePresent.run(RegressionTest_VerifyCommitteesUnderBODPage_ElementsArePresent:70)
	at com.kms.katalon.core.main.ScriptEngine.run(ScriptEngine.java:194)
	at com.kms.katalon.core.main.ScriptEngine.runScriptAsRawText(ScriptEngine.java:119)
	at com.kms.katalon.core.main.TestCaseExecutor.runScript(TestCaseExecutor.java:448)
	at com.kms.katalon.core.main.TestCaseExecutor.doExecute(TestCaseExecutor.java:439)
	at com.kms.katalon.core.main.TestCaseExecutor.processExecutionPhase(TestCaseExecutor.java:418)
	at com.kms.katalon.core.main.TestCaseExecutor.accessMainPhase(TestCaseExecutor.java:410)
	at com.kms.katalon.core.main.TestCaseExecutor.execute(TestCaseExecutor.java:285)
	at com.kms.katalon.core.common.CommonExecutor.accessTestCaseMainPhase(CommonExecutor.java:65)
	at com.kms.katalon.core.main.TestSuiteExecutor.accessTestSuiteMainPhase(TestSuiteExecutor.java:161)
	at com.kms.katalon.core.main.TestSuiteExecutor.execute(TestSuiteExecutor.java:107)
	at com.kms.katalon.core.main.TestCaseMain.startTestSuite(TestCaseMain.java:176)
	at TempTestSuite1737108265632.run(TempTestSuite1737108265632.groovy:35)
	at java.base/jdk.internal.reflect.NativeMethodAccessorImpl.invoke0(Native Method)
	at java.base/jdk.internal.reflect.NativeMethodAccessorImpl.invoke(NativeMethodAccessorImpl.java:77)
	at java.base/jdk.internal.reflect.DelegatingMethodAccessorImpl.invoke(DelegatingMethodAccessorImpl.java:43)
Caused by: com.kms.katalon.core.exception.StepFailedException: Unable to send request (Root cause: java.lang.IllegalArgumentException: Illegal character in path at index 83: https://baf-web-baf-uat.apps.cntrdev.bussan.co.id/en/corporate/CorporateGovernance/[invalid%20field]
	at com.kms.katalon.core.webservice.common.DefaultHttpRequest.<init>(DefaultHttpRequest.java:14)
	at com.kms.katalon.core.webservice.common.RestfulClient.buildHttpRequest(RestfulClient.java:29)
	at com.kms.katalon.core.webservice.common.RestfulClient.buildHttpRequest(RestfulClient.java:1)
	at com.kms.katalon.core.webservice.common.BasicRequestor.send(BasicRequestor.java:55)
	at com.kms.katalon.core.webservice.helper.WebServiceCommonHelper.sendRequest(WebServiceCommonHelper.java:56)
	at com.kms.katalon.core.webservice.keyword.builtin.SendRequestKeyword$_sendRequest_closure1.doCall(SendRequestKeyword.groovy:46)
	at com.kms.katalon.core.webservice.keyword.builtin.SendRequestKeyword$_sendRequest_closure1.call(SendRequestKeyword.groovy)
	at com.kms.katalon.core.keyword.internal.KeywordMain.runKeyword(KeywordMain.groovy:75)
	at com.kms.katalon.core.webservice.keyword.builtin.SendRequestKeyword.sendRequest(SendRequestKeyword.groovy:38)
	at com.kms.katalon.core.webservice.keyword.builtin.SendRequestKeyword.execute(SendRequestKeyword.groovy:33)
	at com.kms.katalon.core.keyword.internal.KeywordExecutor.executeKeywordForPlatform(KeywordExecutor.groovy:74)
	at com.kms.katalon.core.webui.keyword.builtin.VerifyLinksAccessibleKeyword$_verifyLinksAccessible_closure1.doCall(VerifyLinksAccessibleKeyword.groovy:43)
	at com.kms.katalon.core.webui.keyword.builtin.VerifyLinksAccessibleKeyword$_verifyLinksAccessible_closure1.call(VerifyLinksAccessibleKeyword.groovy)
	at com.kms.katalon.core.webui.keyword.internal.WebUIKeywordMain.runKeyword(WebUIKeywordMain.groovy:35)
	at com.kms.katalon.core.webui.keyword.builtin.VerifyLinksAccessibleKeyword.verifyLinksAccessible(VerifyLinksAccessibleKeyword.groovy:38)
	at com.kms.katalon.core.webui.keyword.builtin.VerifyLinksAccessibleKeyword.execute(VerifyLinksAccessibleKeyword.groovy:33)
	at com.kms.katalon.core.keyword.internal.KeywordExecutor.executeKeywordForPlatform(KeywordExecutor.groovy:74)
	at com.kms.katalon.core.webui.keyword.WebUiBuiltInKeywords.verifyLinksAccessible(WebUiBuiltInKeywords.groovy:5040)
	at RegressionTest_VerifyCommitteesUnderBODPage_ElementsArePresent.run(RegressionTest_VerifyCommitteesUnderBODPage_ElementsArePresent:70)
	at com.kms.katalon.core.main.ScriptEngine.run(ScriptEngine.java:194)
	at com.kms.katalon.core.main.ScriptEngine.runScriptAsRawText(ScriptEngine.java:119)
	at com.kms.katalon.core.main.TestCaseExecutor.runScript(TestCaseExecutor.java:448)
	at com.kms.katalon.core.main.TestCaseExecutor.doExecute(TestCaseExecutor.java:439)
	at com.kms.katalon.core.main.TestCaseExecutor.processExecutionPhase(TestCaseExecutor.java:418)
	at com.kms.katalon.core.main.TestCaseExecutor.accessMainPhase(TestCaseExecutor.java:410)
	at com.kms.katalon.core.main.TestCaseExecutor.execute(TestCaseExecutor.java:285)
	at com.kms.katalon.core.common.CommonExecutor.accessTestCaseMainPhase(CommonExecutor.java:65)
	at com.kms.katalon.core.main.TestSuiteExecutor.accessTestSuiteMainPhase(TestSuiteExecutor.java:161)
	at com.kms.katalon.core.main.TestSuiteExecutor.execute(TestSuiteExecutor.java:107)
	at com.kms.katalon.core.main.TestCaseMain.startTestSuite(TestCaseMain.java:176)
	at TempTestSuite1737108265632.run(TempTestSuite1737108265632.groovy:35)
	at java.base/jdk.internal.reflect.NativeMethodAccessorImpl.invoke0(Native Method)
	at java.base/jdk.internal.reflect.NativeMethodAccessorImpl.invoke(NativeMethodAccessorImpl.java:77)
	at java.base/jdk.internal.reflect.DelegatingMethodAccessorImpl.invoke(DelegatingMethodAccessorImpl.java:43)
Caused by: java.net.URISyntaxException: Illegal character in path at index 83: https://baf-web-baf-uat.apps.cntrdev.bussan.co.id/en/corporate/CorporateGovernance/[invalid%20field]
	at com.kms.katalon.core.webservice.common.DefaultHttpRequest.<init>(DefaultHttpRequest.java:14)
	at com.kms.katalon.core.webservice.common.RestfulClient.buildHttpRequest(RestfulClient.java:29)
	at com.kms.katalon.core.webservice.common.RestfulClient.buildHttpRequest(RestfulClient.java:1)
	at com.kms.katalon.core.webservice.common.BasicRequestor.send(BasicRequestor.java:55)
	at com.kms.katalon.core.webservice.helper.WebServiceCommonHelper.sendRequest(WebServiceCommonHelper.java:56)
	at com.kms.katalon.core.webservice.keyword.builtin.SendRequestKeyword$_sendRequest_closure1.doCall(SendRequestKeyword.groovy:46)
	at com.kms.katalon.core.webservice.keyword.builtin.SendRequestKeyword$_sendRequest_closure1.call(SendRequestKeyword.groovy)
	at com.kms.katalon.core.keyword.internal.KeywordMain.runKeyword(KeywordMain.groovy:75)
	at com.kms.katalon.core.webservice.keyword.builtin.SendRequestKeyword.sendRequest(SendRequestKeyword.groovy:38)
	at com.kms.katalon.core.webservice.keyword.builtin.SendRequestKeyword.execute(SendRequestKeyword.groovy:33)
	at com.kms.katalon.core.keyword.internal.KeywordExecutor.executeKeywordForPlatform(KeywordExecutor.groovy:74)
	at com.kms.katalon.core.webui.keyword.builtin.VerifyLinksAccessibleKeyword$_verifyLinksAccessible_closure1.doCall(VerifyLinksAccessibleKeyword.groovy:43)
	at com.kms.katalon.core.webui.keyword.builtin.VerifyLinksAccessibleKeyword$_verifyLinksAccessible_closure1.call(VerifyLinksAccessibleKeyword.groovy)
	at com.kms.katalon.core.webui.keyword.internal.WebUIKeywordMain.runKeyword(WebUIKeywordMain.groovy:35)
	at com.kms.katalon.core.webui.keyword.builtin.VerifyLinksAccessibleKeyword.verifyLinksAccessible(VerifyLinksAccessibleKeyword.groovy:38)
	at com.kms.katalon.core.webui.keyword.builtin.VerifyLinksAccessibleKeyword.execute(VerifyLinksAccessibleKeyword.groovy:33)
	at com.kms.katalon.core.keyword.internal.KeywordExecutor.executeKeywordForPlatform(KeywordExecutor.groovy:74)
	at com.kms.katalon.core.webui.keyword.WebUiBuiltInKeywords.verifyLinksAccessible(WebUiBuiltInKeywords.groovy:5040)
	at Script1734931608031.run(Script1734931608031.groovy:70)
	... 15 more
)
	at com.kms.katalon.core.keyword.internal.KeywordMain.stepFailed(KeywordMain.groovy:51)
	at com.kms.katalon.core.keyword.internal.KeywordMain.stepFailed(KeywordMain.groovy)
	at com.kms.katalon.core.keyword.internal.KeywordMain.runKeyword(KeywordMain.groovy:77)
	at com.kms.katalon.core.webservice.keyword.builtin.SendRequestKeyword.sendRequest(SendRequestKeyword.groovy:38)
	at com.kms.katalon.core.webservice.keyword.builtin.SendRequestKeyword.execute(SendRequestKeyword.groovy:33)
	at com.kms.katalon.core.keyword.internal.KeywordExecutor.executeKeywordForPlatform(KeywordExecutor.groovy:74)
	at com.kms.katalon.core.webui.keyword.builtin.VerifyLinksAccessibleKeyword$_verifyLinksAccessible_closure1.doCall(VerifyLinksAccessibleKeyword.groovy:43)
	at com.kms.katalon.core.webui.keyword.builtin.VerifyLinksAccessibleKeyword$_verifyLinksAccessible_closure1.call(VerifyLinksAccessibleKeyword.groovy)
	at com.kms.katalon.core.webui.keyword.internal.WebUIKeywordMain.runKeyword(WebUIKeywordMain.groovy:35)
	at com.kms.katalon.core.webui.keyword.builtin.VerifyLinksAccessibleKeyword.verifyLinksAccessible(VerifyLinksAccessibleKeyword.groovy:38)
	at com.kms.katalon.core.webui.keyword.builtin.VerifyLinksAccessibleKeyword.execute(VerifyLinksAccessibleKeyword.groovy:33)
	at com.kms.katalon.core.keyword.internal.KeywordExecutor.executeKeywordForPlatform(KeywordExecutor.groovy:74)
	at com.kms.katalon.core.webui.keyword.WebUiBuiltInKeywords.verifyLinksAccessible(WebUiBuiltInKeywords.groovy:5040)
	at Script1734931608031.run(Script1734931608031.groovy:70)
	... 15 more
Caused by: java.lang.IllegalArgumentException: Illegal character in path at index 83: https://baf-web-baf-uat.apps.cntrdev.bussan.co.id/en/corporate/CorporateGovernance/[invalid%20field]
	at com.kms.katalon.core.webservice.common.DefaultHttpRequest.<init>(DefaultHttpRequest.java:14)
	at com.kms.katalon.core.webservice.common.RestfulClient.buildHttpRequest(RestfulClient.java:29)
	at com.kms.katalon.core.webservice.common.RestfulClient.buildHttpRequest(RestfulClient.java:1)
	at com.kms.katalon.core.webservice.common.BasicRequestor.send(BasicRequestor.java:55)
	at com.kms.katalon.core.webservice.helper.WebServiceCommonHelper.sendRequest(WebServiceCommonHelper.java:56)
	at com.kms.katalon.core.webservice.keyword.builtin.SendRequestKeyword$_sendRequest_closure1.doCall(SendRequestKeyword.groovy:46)
	at com.kms.katalon.core.webservice.keyword.builtin.SendRequestKeyword$_sendRequest_closure1.call(SendRequestKeyword.groovy)
	at com.kms.katalon.core.keyword.internal.KeywordMain.runKeyword(KeywordMain.groovy:75)
	at com.kms.katalon.core.webservice.keyword.builtin.SendRequestKeyword.sendRequest(SendRequestKeyword.groovy:38)
	at com.kms.katalon.core.webservice.keyword.builtin.SendRequestKeyword.execute(SendRequestKeyword.groovy:33)
	at com.kms.katalon.core.keyword.internal.KeywordExecutor.executeKeywordForPlatform(KeywordExecutor.groovy:74)
	at com.kms.katalon.core.webui.keyword.builtin.VerifyLinksAccessibleKeyword$_verifyLinksAccessible_closure1.doCall(VerifyLinksAccessibleKeyword.groovy:43)
	at com.kms.katalon.core.webui.keyword.builtin.VerifyLinksAccessibleKeyword$_verifyLinksAccessible_closure1.call(VerifyLinksAccessibleKeyword.groovy)
	at com.kms.katalon.core.webui.keyword.internal.WebUIKeywordMain.runKeyword(WebUIKeywordMain.groovy:35)
	at com.kms.katalon.core.webui.keyword.builtin.VerifyLinksAccessibleKeyword.verifyLinksAccessible(VerifyLinksAccessibleKeyword.groovy:38)
	at com.kms.katalon.core.webui.keyword.builtin.VerifyLinksAccessibleKeyword.execute(VerifyLinksAccessibleKeyword.groovy:33)
	at com.kms.katalon.core.keyword.internal.KeywordExecutor.executeKeywordForPlatform(KeywordExecutor.groovy:74)
	at com.kms.katalon.core.webui.keyword.WebUiBuiltInKeywords.verifyLinksAccessible(WebUiBuiltInKeywords.groovy:5040)
	at RegressionTest_VerifyCommitteesUnderBODPage_ElementsArePresent.run(RegressionTest_VerifyCommitteesUnderBODPage_ElementsArePresent:70)
	... 15 more
Caused by: java.net.URISyntaxException: Illegal character in path at index 83: https://baf-web-baf-uat.apps.cntrdev.bussan.co.id/en/corporate/CorporateGovernance/[invalid%20field]
	... 34 more
)

17-01-2025T17:08:18 - [MESSAGE][FAILED] - Unable to send request (Root cause: java.lang.IllegalArgumentException: Illegal character in path at index 83: https://baf-web-baf-uat.apps.cntrdev.bussan.co.id/en/corporate/CorporateGovernance/[invalid%20field]
	at com.kms.katalon.core.webservice.common.DefaultHttpRequest.<init>(DefaultHttpRequest.java:14)
	at com.kms.katalon.core.webservice.common.RestfulClient.buildHttpRequest(RestfulClient.java:29)
	at com.kms.katalon.core.webservice.common.RestfulClient.buildHttpRequest(RestfulClient.java:1)
	at com.kms.katalon.core.webservice.common.BasicRequestor.send(BasicRequestor.java:55)
	at com.kms.katalon.core.webservice.helper.WebServiceCommonHelper.sendRequest(WebServiceCommonHelper.java:56)
	at com.kms.katalon.core.webservice.keyword.builtin.SendRequestKeyword$_sendRequest_closure1.doCall(SendRequestKeyword.groovy:46)
	at com.kms.katalon.core.webservice.keyword.builtin.SendRequestKeyword$_sendRequest_closure1.call(SendRequestKeyword.groovy)
	at com.kms.katalon.core.keyword.internal.KeywordMain.runKeyword(KeywordMain.groovy:75)
	at com.kms.katalon.core.webservice.keyword.builtin.SendRequestKeyword.sendRequest(SendRequestKeyword.groovy:38)
	at com.kms.katalon.core.webservice.keyword.builtin.SendRequestKeyword.execute(SendRequestKeyword.groovy:33)
	at com.kms.katalon.core.keyword.internal.KeywordExecutor.executeKeywordForPlatform(KeywordExecutor.groovy:74)
	at com.kms.katalon.core.webui.keyword.builtin.VerifyLinksAccessibleKeyword$_verifyLinksAccessible_closure1.doCall(VerifyLinksAccessibleKeyword.groovy:43)
	at com.kms.katalon.core.webui.keyword.builtin.VerifyLinksAccessibleKeyword$_verifyLinksAccessible_closure1.call(VerifyLinksAccessibleKeyword.groovy)
	at com.kms.katalon.core.webui.keyword.internal.WebUIKeywordMain.runKeyword(WebUIKeywordMain.groovy:35)
	at com.kms.katalon.core.webui.keyword.builtin.VerifyLinksAccessibleKeyword.verifyLinksAccessible(VerifyLinksAccessibleKeyword.groovy:38)
	at com.kms.katalon.core.webui.keyword.builtin.VerifyLinksAccessibleKeyword.execute(VerifyLinksAccessibleKeyword.groovy:33)
	at com.kms.katalon.core.keyword.internal.KeywordExecutor.executeKeywordForPlatform(KeywordExecutor.groovy:74)
	at com.kms.katalon.core.webui.keyword.WebUiBuiltInKeywords.verifyLinksAccessible(WebUiBuiltInKeywords.groovy:5040)
	at RegressionTest_VerifyCommitteesUnderBODPage_ElementsArePresent.run(RegressionTest_VerifyCommitteesUnderBODPage_ElementsArePresent:70)
	at com.kms.katalon.core.main.ScriptEngine.run(ScriptEngine.java:194)
	at com.kms.katalon.core.main.ScriptEngine.runScriptAsRawText(ScriptEngine.java:119)
	at com.kms.katalon.core.main.TestCaseExecutor.runScript(TestCaseExecutor.java:448)
	at com.kms.katalon.core.main.TestCaseExecutor.doExecute(TestCaseExecutor.java:439)
	at com.kms.katalon.core.main.TestCaseExecutor.processExecutionPhase(TestCaseExecutor.java:418)
	at com.kms.katalon.core.main.TestCaseExecutor.accessMainPhase(TestCaseExecutor.java:410)
	at com.kms.katalon.core.main.TestCaseExecutor.execute(TestCaseExecutor.java:285)
	at com.kms.katalon.core.common.CommonExecutor.accessTestCaseMainPhase(CommonExecutor.java:65)
	at com.kms.katalon.core.main.TestSuiteExecutor.accessTestSuiteMainPhase(TestSuiteExecutor.java:161)
	at com.kms.katalon.core.main.TestSuiteExecutor.execute(TestSuiteExecutor.java:107)
	at com.kms.katalon.core.main.TestCaseMain.startTestSuite(TestCaseMain.java:176)
	at TempTestSuite1737108265632.run(TempTestSuite1737108265632.groovy:35)
	at java.base/jdk.internal.reflect.NativeMethodAccessorImpl.invoke0(Native Method)
	at java.base/jdk.internal.reflect.NativeMethodAccessorImpl.invoke(NativeMethodAccessorImpl.java:77)
	at java.base/jdk.internal.reflect.DelegatingMethodAccessorImpl.invoke(DelegatingMethodAccessorImpl.java:43)
Caused by: java.net.URISyntaxException: Illegal character in path at index 83: https://baf-web-baf-uat.apps.cntrdev.bussan.co.id/en/corporate/CorporateGovernance/[invalid%20field]
	at com.kms.katalon.core.webservice.common.DefaultHttpRequest.<init>(DefaultHttpRequest.java:14)
	at com.kms.katalon.core.webservice.common.RestfulClient.buildHttpRequest(RestfulClient.java:29)
	at com.kms.katalon.core.webservice.common.RestfulClient.buildHttpRequest(RestfulClient.java:1)
	at com.kms.katalon.core.webservice.common.BasicRequestor.send(BasicRequestor.java:55)
	at com.kms.katalon.core.webservice.helper.WebServiceCommonHelper.sendRequest(WebServiceCommonHelper.java:56)
	at com.kms.katalon.core.webservice.keyword.builtin.SendRequestKeyword$_sendRequest_closure1.doCall(SendRequestKeyword.groovy:46)
	at com.kms.katalon.core.webservice.keyword.builtin.SendRequestKeyword$_sendRequest_closure1.call(SendRequestKeyword.groovy)
	at com.kms.katalon.core.keyword.internal.KeywordMain.runKeyword(KeywordMain.groovy:75)
	at com.kms.katalon.core.webservice.keyword.builtin.SendRequestKeyword.sendRequest(SendRequestKeyword.groovy:38)
	at com.kms.katalon.core.webservice.keyword.builtin.SendRequestKeyword.execute(SendRequestKeyword.groovy:33)
	at com.kms.katalon.core.keyword.internal.KeywordExecutor.executeKeywordForPlatform(KeywordExecutor.groovy:74)
	at com.kms.katalon.core.webui.keyword.builtin.VerifyLinksAccessibleKeyword$_verifyLinksAccessible_closure1.doCall(VerifyLinksAccessibleKeyword.groovy:43)
	at com.kms.katalon.core.webui.keyword.builtin.VerifyLinksAccessibleKeyword$_verifyLinksAccessible_closure1.call(VerifyLinksAccessibleKeyword.groovy)
	at com.kms.katalon.core.webui.keyword.internal.WebUIKeywordMain.runKeyword(WebUIKeywordMain.groovy:35)
	at com.kms.katalon.core.webui.keyword.builtin.VerifyLinksAccessibleKeyword.verifyLinksAccessible(VerifyLinksAccessibleKeyword.groovy:38)
	at com.kms.katalon.core.webui.keyword.builtin.VerifyLinksAccessibleKeyword.execute(VerifyLinksAccessibleKeyword.groovy:33)
	at com.kms.katalon.core.keyword.internal.KeywordExecutor.executeKeywordForPlatform(KeywordExecutor.groovy:74)
	at com.kms.katalon.core.webui.keyword.WebUiBuiltInKeywords.verifyLinksAccessible(WebUiBuiltInKeywords.groovy:5040)
	at Script1734931608031.run(Script1734931608031.groovy:70)
	... 15 more
)

17-01-2025T17:08:18 - [MESSAGE][WARNING] - Unable to verify links are accessible (Root cause: com.kms.katalon.core.exception.StepFailedException: Unable to verify links are accessible
	at com.kms.katalon.core.webui.keyword.internal.WebUIKeywordMain.stepFailed(WebUIKeywordMain.groovy:117)
	at com.kms.katalon.core.webui.keyword.internal.WebUIKeywordMain.runKeyword(WebUIKeywordMain.groovy:43)
	at com.kms.katalon.core.webui.keyword.builtin.VerifyLinksAccessibleKeyword.verifyLinksAccessible(VerifyLinksAccessibleKeyword.groovy:38)
	at com.kms.katalon.core.webui.keyword.builtin.VerifyLinksAccessibleKeyword.execute(VerifyLinksAccessibleKeyword.groovy:33)
	at com.kms.katalon.core.keyword.internal.KeywordExecutor.executeKeywordForPlatform(KeywordExecutor.groovy:74)
	at com.kms.katalon.core.webui.keyword.WebUiBuiltInKeywords.verifyLinksAccessible(WebUiBuiltInKeywords.groovy:5040)
	at RegressionTest_VerifyCommitteesUnderBODPage_ElementsArePresent.run(RegressionTest_VerifyCommitteesUnderBODPage_ElementsArePresent:70)
	at com.kms.katalon.core.main.ScriptEngine.run(ScriptEngine.java:194)
	at com.kms.katalon.core.main.ScriptEngine.runScriptAsRawText(ScriptEngine.java:119)
	at com.kms.katalon.core.main.TestCaseExecutor.runScript(TestCaseExecutor.java:448)
	at com.kms.katalon.core.main.TestCaseExecutor.doExecute(TestCaseExecutor.java:439)
	at com.kms.katalon.core.main.TestCaseExecutor.processExecutionPhase(TestCaseExecutor.java:418)
	at com.kms.katalon.core.main.TestCaseExecutor.accessMainPhase(TestCaseExecutor.java:410)
	at com.kms.katalon.core.main.TestCaseExecutor.execute(TestCaseExecutor.java:285)
	at com.kms.katalon.core.common.CommonExecutor.accessTestCaseMainPhase(CommonExecutor.java:65)
	at com.kms.katalon.core.main.TestSuiteExecutor.accessTestSuiteMainPhase(TestSuiteExecutor.java:161)
	at com.kms.katalon.core.main.TestSuiteExecutor.execute(TestSuiteExecutor.java:107)
	at com.kms.katalon.core.main.TestCaseMain.startTestSuite(TestCaseMain.java:176)
	at TempTestSuite1737108265632.run(TempTestSuite1737108265632.groovy:35)
	at java.base/jdk.internal.reflect.NativeMethodAccessorImpl.invoke0(Native Method)
	at java.base/jdk.internal.reflect.NativeMethodAccessorImpl.invoke(NativeMethodAccessorImpl.java:77)
	at java.base/jdk.internal.reflect.DelegatingMethodAccessorImpl.invoke(DelegatingMethodAccessorImpl.java:43)
Caused by: com.kms.katalon.core.exception.StepFailedException: Unable to send request (Root cause: java.lang.IllegalArgumentException: Illegal character in path at index 83: https://baf-web-baf-uat.apps.cntrdev.bussan.co.id/en/corporate/CorporateGovernance/[invalid%20field]
	at com.kms.katalon.core.webservice.common.DefaultHttpRequest.<init>(DefaultHttpRequest.java:14)
	at com.kms.katalon.core.webservice.common.RestfulClient.buildHttpRequest(RestfulClient.java:29)
	at com.kms.katalon.core.webservice.common.RestfulClient.buildHttpRequest(RestfulClient.java:1)
	at com.kms.katalon.core.webservice.common.BasicRequestor.send(BasicRequestor.java:55)
	at com.kms.katalon.core.webservice.helper.WebServiceCommonHelper.sendRequest(WebServiceCommonHelper.java:56)
	at com.kms.katalon.core.webservice.keyword.builtin.SendRequestKeyword$_sendRequest_closure1.doCall(SendRequestKeyword.groovy:46)
	at com.kms.katalon.core.webservice.keyword.builtin.SendRequestKeyword$_sendRequest_closure1.call(SendRequestKeyword.groovy)
	at com.kms.katalon.core.keyword.internal.KeywordMain.runKeyword(KeywordMain.groovy:75)
	at com.kms.katalon.core.webservice.keyword.builtin.SendRequestKeyword.sendRequest(SendRequestKeyword.groovy:38)
	at com.kms.katalon.core.webservice.keyword.builtin.SendRequestKeyword.execute(SendRequestKeyword.groovy:33)
	at com.kms.katalon.core.keyword.internal.KeywordExecutor.executeKeywordForPlatform(KeywordExecutor.groovy:74)
	at com.kms.katalon.core.webui.keyword.builtin.VerifyLinksAccessibleKeyword$_verifyLinksAccessible_closure1.doCall(VerifyLinksAccessibleKeyword.groovy:43)
	at com.kms.katalon.core.webui.keyword.builtin.VerifyLinksAccessibleKeyword$_verifyLinksAccessible_closure1.call(VerifyLinksAccessibleKeyword.groovy)
	at com.kms.katalon.core.webui.keyword.internal.WebUIKeywordMain.runKeyword(WebUIKeywordMain.groovy:35)
	at com.kms.katalon.core.webui.keyword.builtin.VerifyLinksAccessibleKeyword.verifyLinksAccessible(VerifyLinksAccessibleKeyword.groovy:38)
	at com.kms.katalon.core.webui.keyword.builtin.VerifyLinksAccessibleKeyword.execute(VerifyLinksAccessibleKeyword.groovy:33)
	at com.kms.katalon.core.keyword.internal.KeywordExecutor.executeKeywordForPlatform(KeywordExecutor.groovy:74)
	at com.kms.katalon.core.webui.keyword.WebUiBuiltInKeywords.verifyLinksAccessible(WebUiBuiltInKeywords.groovy:5040)
	at RegressionTest_VerifyCommitteesUnderBODPage_ElementsArePresent.run(RegressionTest_VerifyCommitteesUnderBODPage_ElementsArePresent:70)
	at com.kms.katalon.core.main.ScriptEngine.run(ScriptEngine.java:194)
	at com.kms.katalon.core.main.ScriptEngine.runScriptAsRawText(ScriptEngine.java:119)
	at com.kms.katalon.core.main.TestCaseExecutor.runScript(TestCaseExecutor.java:448)
	at com.kms.katalon.core.main.TestCaseExecutor.doExecute(TestCaseExecutor.java:439)
	at com.kms.katalon.core.main.TestCaseExecutor.processExecutionPhase(TestCaseExecutor.java:418)
	at com.kms.katalon.core.main.TestCaseExecutor.accessMainPhase(TestCaseExecutor.java:410)
	at com.kms.katalon.core.main.TestCaseExecutor.execute(TestCaseExecutor.java:285)
	at com.kms.katalon.core.common.CommonExecutor.accessTestCaseMainPhase(CommonExecutor.java:65)
	at com.kms.katalon.core.main.TestSuiteExecutor.accessTestSuiteMainPhase(TestSuiteExecutor.java:161)
	at com.kms.katalon.core.main.TestSuiteExecutor.execute(TestSuiteExecutor.java:107)
	at com.kms.katalon.core.main.TestCaseMain.startTestSuite(TestCaseMain.java:176)
	at TempTestSuite1737108265632.run(TempTestSuite1737108265632.groovy:35)
	at java.base/jdk.internal.reflect.NativeMethodAccessorImpl.invoke0(Native Method)
	at java.base/jdk.internal.reflect.NativeMethodAccessorImpl.invoke(NativeMethodAccessorImpl.java:77)
	at java.base/jdk.internal.reflect.DelegatingMethodAccessorImpl.invoke(DelegatingMethodAccessorImpl.java:43)
Caused by: java.net.URISyntaxException: Illegal character in path at index 83: https://baf-web-baf-uat.apps.cntrdev.bussan.co.id/en/corporate/CorporateGovernance/[invalid%20field]
	at com.kms.katalon.core.webservice.common.DefaultHttpRequest.<init>(DefaultHttpRequest.java:14)
	at com.kms.katalon.core.webservice.common.RestfulClient.buildHttpRequest(RestfulClient.java:29)
	at com.kms.katalon.core.webservice.common.RestfulClient.buildHttpRequest(RestfulClient.java:1)
	at com.kms.katalon.core.webservice.common.BasicRequestor.send(BasicRequestor.java:55)
	at com.kms.katalon.core.webservice.helper.WebServiceCommonHelper.sendRequest(WebServiceCommonHelper.java:56)
	at com.kms.katalon.core.webservice.keyword.builtin.SendRequestKeyword$_sendRequest_closure1.doCall(SendRequestKeyword.groovy:46)
	at com.kms.katalon.core.webservice.keyword.builtin.SendRequestKeyword$_sendRequest_closure1.call(SendRequestKeyword.groovy)
	at com.kms.katalon.core.keyword.internal.KeywordMain.runKeyword(KeywordMain.groovy:75)
	at com.kms.katalon.core.webservice.keyword.builtin.SendRequestKeyword.sendRequest(SendRequestKeyword.groovy:38)
	at com.kms.katalon.core.webservice.keyword.builtin.SendRequestKeyword.execute(SendRequestKeyword.groovy:33)
	at com.kms.katalon.core.keyword.internal.KeywordExecutor.executeKeywordForPlatform(KeywordExecutor.groovy:74)
	at com.kms.katalon.core.webui.keyword.builtin.VerifyLinksAccessibleKeyword$_verifyLinksAccessible_closure1.doCall(VerifyLinksAccessibleKeyword.groovy:43)
	at com.kms.katalon.core.webui.keyword.builtin.VerifyLinksAccessibleKeyword$_verifyLinksAccessible_closure1.call(VerifyLinksAccessibleKeyword.groovy)
	at com.kms.katalon.core.webui.keyword.internal.WebUIKeywordMain.runKeyword(WebUIKeywordMain.groovy:35)
	at com.kms.katalon.core.webui.keyword.builtin.VerifyLinksAccessibleKeyword.verifyLinksAccessible(VerifyLinksAccessibleKeyword.groovy:38)
	at com.kms.katalon.core.webui.keyword.builtin.VerifyLinksAccessibleKeyword.execute(VerifyLinksAccessibleKeyword.groovy:33)
	at com.kms.katalon.core.keyword.internal.KeywordExecutor.executeKeywordForPlatform(KeywordExecutor.groovy:74)
	at com.kms.katalon.core.webui.keyword.WebUiBuiltInKeywords.verifyLinksAccessible(WebUiBuiltInKeywords.groovy:5040)
	at Script1734931608031.run(Script1734931608031.groovy:70)
	... 15 more
)
	at com.kms.katalon.core.keyword.internal.KeywordMain.stepFailed(KeywordMain.groovy:51)
	at com.kms.katalon.core.keyword.internal.KeywordMain.stepFailed(KeywordMain.groovy)
	at com.kms.katalon.core.keyword.internal.KeywordMain.runKeyword(KeywordMain.groovy:77)
	at com.kms.katalon.core.webservice.keyword.builtin.SendRequestKeyword.sendRequest(SendRequestKeyword.groovy:38)
	at com.kms.katalon.core.webservice.keyword.builtin.SendRequestKeyword.execute(SendRequestKeyword.groovy:33)
	at com.kms.katalon.core.keyword.internal.KeywordExecutor.executeKeywordForPlatform(KeywordExecutor.groovy:74)
	at com.kms.katalon.core.webui.keyword.builtin.VerifyLinksAccessibleKeyword$_verifyLinksAccessible_closure1.doCall(VerifyLinksAccessibleKeyword.groovy:43)
	at com.kms.katalon.core.webui.keyword.builtin.VerifyLinksAccessibleKeyword$_verifyLinksAccessible_closure1.call(VerifyLinksAccessibleKeyword.groovy)
	at com.kms.katalon.core.webui.keyword.internal.WebUIKeywordMain.runKeyword(WebUIKeywordMain.groovy:35)
	at com.kms.katalon.core.webui.keyword.builtin.VerifyLinksAccessibleKeyword.verifyLinksAccessible(VerifyLinksAccessibleKeyword.groovy:38)
	at com.kms.katalon.core.webui.keyword.builtin.VerifyLinksAccessibleKeyword.execute(VerifyLinksAccessibleKeyword.groovy:33)
	at com.kms.katalon.core.keyword.internal.KeywordExecutor.executeKeywordForPlatform(KeywordExecutor.groovy:74)
	at com.kms.katalon.core.webui.keyword.WebUiBuiltInKeywords.verifyLinksAccessible(WebUiBuiltInKeywords.groovy:5040)
	at Script1734931608031.run(Script1734931608031.groovy:70)
	... 15 more
Caused by: java.lang.IllegalArgumentException: Illegal character in path at index 83: https://baf-web-baf-uat.apps.cntrdev.bussan.co.id/en/corporate/CorporateGovernance/[invalid%20field]
	at com.kms.katalon.core.webservice.common.DefaultHttpRequest.<init>(DefaultHttpRequest.java:14)
	at com.kms.katalon.core.webservice.common.RestfulClient.buildHttpRequest(RestfulClient.java:29)
	at com.kms.katalon.core.webservice.common.RestfulClient.buildHttpRequest(RestfulClient.java:1)
	at com.kms.katalon.core.webservice.common.BasicRequestor.send(BasicRequestor.java:55)
	at com.kms.katalon.core.webservice.helper.WebServiceCommonHelper.sendRequest(WebServiceCommonHelper.java:56)
	at com.kms.katalon.core.webservice.keyword.builtin.SendRequestKeyword$_sendRequest_closure1.doCall(SendRequestKeyword.groovy:46)
	at com.kms.katalon.core.webservice.keyword.builtin.SendRequestKeyword$_sendRequest_closure1.call(SendRequestKeyword.groovy)
	at com.kms.katalon.core.keyword.internal.KeywordMain.runKeyword(KeywordMain.groovy:75)
	at com.kms.katalon.core.webservice.keyword.builtin.SendRequestKeyword.sendRequest(SendRequestKeyword.groovy:38)
	at com.kms.katalon.core.webservice.keyword.builtin.SendRequestKeyword.execute(SendRequestKeyword.groovy:33)
	at com.kms.katalon.core.keyword.internal.KeywordExecutor.executeKeywordForPlatform(KeywordExecutor.groovy:74)
	at com.kms.katalon.core.webui.keyword.builtin.VerifyLinksAccessibleKeyword$_verifyLinksAccessible_closure1.doCall(VerifyLinksAccessibleKeyword.groovy:43)
	at com.kms.katalon.core.webui.keyword.builtin.VerifyLinksAccessibleKeyword$_verifyLinksAccessible_closure1.call(VerifyLinksAccessibleKeyword.groovy)
	at com.kms.katalon.core.webui.keyword.internal.WebUIKeywordMain.runKeyword(WebUIKeywordMain.groovy:35)
	at com.kms.katalon.core.webui.keyword.builtin.VerifyLinksAccessibleKeyword.verifyLinksAccessible(VerifyLinksAccessibleKeyword.groovy:38)
	at com.kms.katalon.core.webui.keyword.builtin.VerifyLinksAccessibleKeyword.execute(VerifyLinksAccessibleKeyword.groovy:33)
	at com.kms.katalon.core.keyword.internal.KeywordExecutor.executeKeywordForPlatform(KeywordExecutor.groovy:74)
	at com.kms.katalon.core.webui.keyword.WebUiBuiltInKeywords.verifyLinksAccessible(WebUiBuiltInKeywords.groovy:5040)
	at RegressionTest_VerifyCommitteesUnderBODPage_ElementsArePresent.run(RegressionTest_VerifyCommitteesUnderBODPage_ElementsArePresent:70)
	... 15 more
Caused by: java.net.URISyntaxException: Illegal character in path at index 83: https://baf-web-baf-uat.apps.cntrdev.bussan.co.id/en/corporate/CorporateGovernance/[invalid%20field]
	... 34 more
)

17-01-2025T17:08:18 - [TEST_STEP][PASSED] - closeWindowIndex(1): Window with index 1 is closed

17-01-2025T17:08:18 - [MESSAGE][PASSED] - Window with index 1 is closed

17-01-2025T17:08:18 - [TEST_STEP][PASSED] - switchToWindowIndex(0): Switched to window with index: '0'

17-01-2025T17:08:18 - [MESSAGE][PASSED] - Switched to window with index: '0'

17-01-2025T17:08:18 - [TEST_STEP][PASSED] - scrollToElement(findTestObject("var_Content", ["xpath":"//body[1]/div[1]/main[1]/main[1]/div[2]/div[1]/h3[1]"]), 10): Scroll to object 'Object Repository/var_Content' successfully

17-01-2025T17:08:18 - [MESSAGE][PASSED] - Scroll to object 'Object Repository/var_Content' successfully

17-01-2025T17:08:18 - [TEST_STEP][PASSED] - click(findTestObject("var_Content", ["xpath":"//body[1]/div[1]/main[1]/main[1]/div[2]/div[6]"])): Object: 'Object Repository/var_Content' is clicked on

17-01-2025T17:08:19 - [MESSAGE][PASSED] - Object: 'Object Repository/var_Content' is clicked on

17-01-2025T17:08:19 - [TEST_STEP][PASSED] - verifyLinksAccessible(["https://baf-mobile-dev.oss-ap-southeast-5.aliyuncs.com/About/CorporateGovernance/1718346251459.pdf"]): All links are accessible

17-01-2025T17:08:23 - [MESSAGE][INFO] - HAR: C:\Users\P251224001\git\BAF-website\Reports\20250117_170425\Corporate\20250117_170425\requests\main\25.har

17-01-2025T17:08:23 - [MESSAGE][PASSED] - Send request successfully

17-01-2025T17:08:23 - [MESSAGE][PASSED] - All links are accessible

17-01-2025T17:08:23 - [TEST_STEP][PASSED] - closeWindowIndex(1): Window with index 1 is closed

17-01-2025T17:08:23 - [MESSAGE][PASSED] - Window with index 1 is closed

17-01-2025T17:08:23 - [TEST_STEP][PASSED] - switchToWindowIndex(0): Switched to window with index: '0'

17-01-2025T17:08:23 - [MESSAGE][PASSED] - Switched to window with index: '0'

17-01-2025T17:08:23 - [TEST_STEP][PASSED] - Start listener action : AfterTestCase: null]]></system-out>
         <system-err><![CDATA[]]></system-err>
      </testcase>
      <testcase name="Test Cases/Corporate/Corporate Governance/RegressionTest_VerifyCorporateSecretaryPage_ElementsArePresent" time="5.035" classname="Test Cases/Corporate/Corporate Governance/RegressionTest_VerifyCorporateSecretaryPage_ElementsArePresent" status="PASSED">
         <system-out><![CDATA[17-01-2025T17:08:23 - [TEST_CASE][PASSED] - Test Cases/Corporate/Corporate Governance/RegressionTest_VerifyCorporateSecretaryPage_ElementsArePresent: Test Cases/Corporate/Corporate Governance/RegressionTest_VerifyCorporateSecretaryPage_ElementsArePresent

17-01-2025T17:08:23 - [TEST_STEP][PASSED] - Start listener action : BeforeTestCase: null

17-01-2025T17:08:24 - [TEST_STEP][NOT_RUN] - click(findTestObject("link_Content", ["href":"/corporate", "text":"Corporate"])): NOT_RUN: click(findTestObject("link_Content", ["href":"/corporate", "text":"Corporate"]))

17-01-2025T17:08:24 - [MESSAGE][NOT_RUN] - NOT_RUN: click(findTestObject("link_Content", ["href":"/corporate", "text":"Corporate"]))

17-01-2025T17:08:24 - [TEST_STEP][PASSED] - click(findTestObject("link_Content", ["href":"#", "text":"Corporate Governance"])): Object: 'Object Repository/link_Content' is clicked on

17-01-2025T17:08:24 - [MESSAGE][PASSED] - Object: 'Object Repository/link_Content' is clicked on

17-01-2025T17:08:24 - [TEST_STEP][PASSED] - click(findTestObject("link_Content", ["href":"/en/corporate/CorporateGovernance/CorporateSecretary", "text":"Corporate Secretary"])): Object: 'Object Repository/link_Content' is clicked on

17-01-2025T17:08:25 - [MESSAGE][PASSED] - Object: 'Object Repository/link_Content' is clicked on

17-01-2025T17:08:25 - [TEST_STEP][PASSED] - scrollToElement(findTestObject("var_Content", ["xpath":"//body[1]/div[1]/main[1]/main[1]/div[1]/div[1]/ol[1]"]), 10): Scroll to object 'Object Repository/var_Content' successfully

17-01-2025T17:08:25 - [MESSAGE][PASSED] - Scroll to object 'Object Repository/var_Content' successfully

17-01-2025T17:08:25 - [TEST_STEP][PASSED] - verifyElementPresent(findTestObject("lbl_Content", ["text":"CORPORATE SECRETARY"]), 10): Object 'Object Repository/lbl_Content' is present

17-01-2025T17:08:25 - [MESSAGE][PASSED] - Object 'Object Repository/lbl_Content' is present

17-01-2025T17:08:25 - [TEST_STEP][PASSED] - verifyElementPresent(findTestObject("img_Content", ["src":"/_next/image?url=%2Fstatic%2Fimages%2Fimage%2Fsecretary%2Fsecretary.png&w=3840&q=75"]), 10): Object 'Object Repository/img_Content' is present

17-01-2025T17:08:26 - [MESSAGE][PASSED] - Object 'Object Repository/img_Content' is present

17-01-2025T17:08:26 - [TEST_STEP][PASSED] - verifyElementPresent(findTestObject("var_Content", ["xpath":"//body[1]/div[1]/main[1]/main[1]/div[2]/div[3]"]), 10): Object 'Object Repository/var_Content' is present

17-01-2025T17:08:26 - [MESSAGE][PASSED] - Object 'Object Repository/var_Content' is present

17-01-2025T17:08:26 - [TEST_STEP][PASSED] - verifyElementPresent(findTestObject("var_Content", ["xpath":"//body[1]/div[1]/main[1]/main[1]/div[2]/div[4]"]), 10): Object 'Object Repository/var_Content' is present

17-01-2025T17:08:26 - [MESSAGE][PASSED] - Object 'Object Repository/var_Content' is present

17-01-2025T17:08:26 - [TEST_STEP][PASSED] - focus(findTestObject("var_Content", ["xpath":"//body[1]/div[1]/main[1]/main[1]/div[2]/div[4]/div[1]/a[1]"]), STOP_ON_FAILURE): Object: 'Object Repository/var_Content' is focused

17-01-2025T17:08:27 - [MESSAGE][PASSED] - Object: 'Object Repository/var_Content' is focused

17-01-2025T17:08:27 - [TEST_STEP][PASSED] - click(findTestObject("lbl_Content", ["text":"DUTY IMPLEMENTATION REPORT"])): Object: 'Object Repository/lbl_Content' is clicked on

17-01-2025T17:08:27 - [MESSAGE][PASSED] - Object: 'Object Repository/lbl_Content' is clicked on

17-01-2025T17:08:27 - [TEST_STEP][PASSED] - verifyLinksAccessible(["https://www.baf.id/static/files/pdf/Corporate%20Secretary%20Duty%20Implementation%20Report%20-%202021.pdf"]): All links are accessible

17-01-2025T17:08:28 - [MESSAGE][INFO] - HAR: C:\Users\P251224001\git\BAF-website\Reports\20250117_170425\Corporate\20250117_170425\requests\main\26.har

17-01-2025T17:08:28 - [MESSAGE][PASSED] - Send request successfully

17-01-2025T17:08:28 - [MESSAGE][PASSED] - All links are accessible

17-01-2025T17:08:28 - [TEST_STEP][PASSED] - closeWindowIndex(1): Window with index 1 is closed

17-01-2025T17:08:28 - [MESSAGE][PASSED] - Window with index 1 is closed

17-01-2025T17:08:28 - [TEST_STEP][PASSED] - switchToWindowIndex(0): Switched to window with index: '0'

17-01-2025T17:08:28 - [MESSAGE][PASSED] - Switched to window with index: '0'

17-01-2025T17:08:28 - [TEST_STEP][PASSED] - Start listener action : AfterTestCase: null]]></system-out>
         <system-err><![CDATA[]]></system-err>
      </testcase>
      <testcase name="Test Cases/Corporate/Corporate Governance/RegressionTest_VerifyGCGPolicyPage_ElementsArePresent" time="3.476" classname="Test Cases/Corporate/Corporate Governance/RegressionTest_VerifyGCGPolicyPage_ElementsArePresent" status="PASSED">
         <system-out><![CDATA[17-01-2025T17:08:28 - [TEST_CASE][PASSED] - Test Cases/Corporate/Corporate Governance/RegressionTest_VerifyGCGPolicyPage_ElementsArePresent: Test Cases/Corporate/Corporate Governance/RegressionTest_VerifyGCGPolicyPage_ElementsArePresent

17-01-2025T17:08:28 - [TEST_STEP][PASSED] - Start listener action : BeforeTestCase: null

17-01-2025T17:08:29 - [TEST_STEP][NOT_RUN] - click(findTestObject("link_Content", ["href":"/corporate", "text":"Corporate"])): NOT_RUN: click(findTestObject("link_Content", ["href":"/corporate", "text":"Corporate"]))

17-01-2025T17:08:29 - [MESSAGE][NOT_RUN] - NOT_RUN: click(findTestObject("link_Content", ["href":"/corporate", "text":"Corporate"]))

17-01-2025T17:08:29 - [TEST_STEP][PASSED] - click(findTestObject("link_Content", ["href":"#", "text":"Corporate Governance"])): Object: 'Object Repository/link_Content' is clicked on

17-01-2025T17:08:29 - [MESSAGE][PASSED] - Object: 'Object Repository/link_Content' is clicked on

17-01-2025T17:08:29 - [TEST_STEP][PASSED] - click(findTestObject("link_Content", ["href":"/en/corporate/CorporateGovernance/GCGPolicy", "text":"GCG Policy"])): Object: 'Object Repository/link_Content' is clicked on

17-01-2025T17:08:30 - [MESSAGE][PASSED] - Object: 'Object Repository/link_Content' is clicked on

17-01-2025T17:08:30 - [TEST_STEP][PASSED] - scrollToElement(findTestObject("var_Content", ["xpath":"//body[1]/div[1]/main[1]/main[1]/div[1]/div[1]/ol[1]"]), 10): Scroll to object 'Object Repository/var_Content' successfully

17-01-2025T17:08:31 - [MESSAGE][PASSED] - Scroll to object 'Object Repository/var_Content' successfully

17-01-2025T17:08:31 - [TEST_STEP][PASSED] - verifyElementPresent(findTestObject("lbl_Content", ["text":"GCG Policy"]), 10): Object 'Object Repository/lbl_Content' is present

17-01-2025T17:08:31 - [MESSAGE][PASSED] - Object 'Object Repository/lbl_Content' is present

17-01-2025T17:08:31 - [TEST_STEP][PASSED] - click(findTestObject("var_Content", ["xpath":"//body[1]/div[1]/main[1]/main[1]/div[2]/div[3]"])): Object: 'Object Repository/var_Content' is clicked on

17-01-2025T17:08:31 - [MESSAGE][PASSED] - Object: 'Object Repository/var_Content' is clicked on

17-01-2025T17:08:31 - [TEST_STEP][PASSED] - verifyLinksAccessible(["https://baf-mobile-dev.oss-ap-southeast-5.aliyuncs.com/About%2FCorporateGovernance%2F1621586949600.pdf?Expires=1736535171&OSSAccessKeyId=LTAI5t78APQ3CX3zFy4qKiTQ&Signature=fVvRbKeo7nBVWX15I2U4DzsZcTI%3D"], OPTIONAL): Found 1 inaccessible links [https://baf-mobile-dev.oss-ap-southeast-5.aliyuncs.com/About%2FCorporateGovernance%2F1621586949600.pdf?Expires=1736535171&OSSAccessKeyId=LTAI5t78APQ3CX3zFy4qKiTQ&Signature=fVvRbKeo7nBVWX15I2U4DzsZcTI%3D] (Root cause: com.kms.katalon.core.exception.StepFailedException: Found 1 inaccessible links [https://baf-mobile-dev.oss-ap-southeast-5.aliyuncs.com/About%2FCorporateGovernance%2F1621586949600.pdf?Expires=1736535171&OSSAccessKeyId=LTAI5t78APQ3CX3zFy4qKiTQ&Signature=fVvRbKeo7nBVWX15I2U4DzsZcTI%3D]
	at com.kms.katalon.core.webui.keyword.internal.WebUIKeywordMain.stepFailed(WebUIKeywordMain.groovy:117)
	at com.kms.katalon.core.webui.keyword.builtin.VerifyLinksAccessibleKeyword$_verifyLinksAccessible_closure1.doCall(VerifyLinksAccessibleKeyword.groovy:53)
	at com.kms.katalon.core.webui.keyword.builtin.VerifyLinksAccessibleKeyword$_verifyLinksAccessible_closure1.call(VerifyLinksAccessibleKeyword.groovy)
	at com.kms.katalon.core.webui.keyword.internal.WebUIKeywordMain.runKeyword(WebUIKeywordMain.groovy:35)
	at com.kms.katalon.core.webui.keyword.builtin.VerifyLinksAccessibleKeyword.verifyLinksAccessible(VerifyLinksAccessibleKeyword.groovy:38)
	at com.kms.katalon.core.webui.keyword.builtin.VerifyLinksAccessibleKeyword.execute(VerifyLinksAccessibleKeyword.groovy:33)
	at com.kms.katalon.core.keyword.internal.KeywordExecutor.executeKeywordForPlatform(KeywordExecutor.groovy:74)
	at com.kms.katalon.core.webui.keyword.WebUiBuiltInKeywords.verifyLinksAccessible(WebUiBuiltInKeywords.groovy:5040)
	at RegressionTest_VerifyGCGPolicyPage_ElementsArePresent.run(RegressionTest_VerifyGCGPolicyPage_ElementsArePresent:40)
	at com.kms.katalon.core.main.ScriptEngine.run(ScriptEngine.java:194)
	at com.kms.katalon.core.main.ScriptEngine.runScriptAsRawText(ScriptEngine.java:119)
	at com.kms.katalon.core.main.TestCaseExecutor.runScript(TestCaseExecutor.java:448)
	at com.kms.katalon.core.main.TestCaseExecutor.doExecute(TestCaseExecutor.java:439)
	at com.kms.katalon.core.main.TestCaseExecutor.processExecutionPhase(TestCaseExecutor.java:418)
	at com.kms.katalon.core.main.TestCaseExecutor.accessMainPhase(TestCaseExecutor.java:410)
	at com.kms.katalon.core.main.TestCaseExecutor.execute(TestCaseExecutor.java:285)
	at com.kms.katalon.core.common.CommonExecutor.accessTestCaseMainPhase(CommonExecutor.java:65)
	at com.kms.katalon.core.main.TestSuiteExecutor.accessTestSuiteMainPhase(TestSuiteExecutor.java:161)
	at com.kms.katalon.core.main.TestSuiteExecutor.execute(TestSuiteExecutor.java:107)
	at com.kms.katalon.core.main.TestCaseMain.startTestSuite(TestCaseMain.java:176)
	at TempTestSuite1737108265632.run(TempTestSuite1737108265632.groovy:35)
	at java.base/jdk.internal.reflect.NativeMethodAccessorImpl.invoke0(Native Method)
	at java.base/jdk.internal.reflect.NativeMethodAccessorImpl.invoke(NativeMethodAccessorImpl.java:77)
	at java.base/jdk.internal.reflect.DelegatingMethodAccessorImpl.invoke(DelegatingMethodAccessorImpl.java:43)
)

17-01-2025T17:08:31 - [MESSAGE][INFO] - HAR: C:\Users\P251224001\git\BAF-website\Reports\20250117_170425\Corporate\20250117_170425\requests\main\27.har

17-01-2025T17:08:31 - [MESSAGE][PASSED] - Send request successfully

17-01-2025T17:08:31 - [MESSAGE][WARNING] - Found 1 inaccessible links [https://baf-mobile-dev.oss-ap-southeast-5.aliyuncs.com/About%2FCorporateGovernance%2F1621586949600.pdf?Expires=1736535171&OSSAccessKeyId=LTAI5t78APQ3CX3zFy4qKiTQ&Signature=fVvRbKeo7nBVWX15I2U4DzsZcTI%3D] (Root cause: com.kms.katalon.core.exception.StepFailedException: Found 1 inaccessible links [https://baf-mobile-dev.oss-ap-southeast-5.aliyuncs.com/About%2FCorporateGovernance%2F1621586949600.pdf?Expires=1736535171&OSSAccessKeyId=LTAI5t78APQ3CX3zFy4qKiTQ&Signature=fVvRbKeo7nBVWX15I2U4DzsZcTI%3D]
	at com.kms.katalon.core.webui.keyword.internal.WebUIKeywordMain.stepFailed(WebUIKeywordMain.groovy:117)
	at com.kms.katalon.core.webui.keyword.builtin.VerifyLinksAccessibleKeyword$_verifyLinksAccessible_closure1.doCall(VerifyLinksAccessibleKeyword.groovy:53)
	at com.kms.katalon.core.webui.keyword.builtin.VerifyLinksAccessibleKeyword$_verifyLinksAccessible_closure1.call(VerifyLinksAccessibleKeyword.groovy)
	at com.kms.katalon.core.webui.keyword.internal.WebUIKeywordMain.runKeyword(WebUIKeywordMain.groovy:35)
	at com.kms.katalon.core.webui.keyword.builtin.VerifyLinksAccessibleKeyword.verifyLinksAccessible(VerifyLinksAccessibleKeyword.groovy:38)
	at com.kms.katalon.core.webui.keyword.builtin.VerifyLinksAccessibleKeyword.execute(VerifyLinksAccessibleKeyword.groovy:33)
	at com.kms.katalon.core.keyword.internal.KeywordExecutor.executeKeywordForPlatform(KeywordExecutor.groovy:74)
	at com.kms.katalon.core.webui.keyword.WebUiBuiltInKeywords.verifyLinksAccessible(WebUiBuiltInKeywords.groovy:5040)
	at RegressionTest_VerifyGCGPolicyPage_ElementsArePresent.run(RegressionTest_VerifyGCGPolicyPage_ElementsArePresent:40)
	at com.kms.katalon.core.main.ScriptEngine.run(ScriptEngine.java:194)
	at com.kms.katalon.core.main.ScriptEngine.runScriptAsRawText(ScriptEngine.java:119)
	at com.kms.katalon.core.main.TestCaseExecutor.runScript(TestCaseExecutor.java:448)
	at com.kms.katalon.core.main.TestCaseExecutor.doExecute(TestCaseExecutor.java:439)
	at com.kms.katalon.core.main.TestCaseExecutor.processExecutionPhase(TestCaseExecutor.java:418)
	at com.kms.katalon.core.main.TestCaseExecutor.accessMainPhase(TestCaseExecutor.java:410)
	at com.kms.katalon.core.main.TestCaseExecutor.execute(TestCaseExecutor.java:285)
	at com.kms.katalon.core.common.CommonExecutor.accessTestCaseMainPhase(CommonExecutor.java:65)
	at com.kms.katalon.core.main.TestSuiteExecutor.accessTestSuiteMainPhase(TestSuiteExecutor.java:161)
	at com.kms.katalon.core.main.TestSuiteExecutor.execute(TestSuiteExecutor.java:107)
	at com.kms.katalon.core.main.TestCaseMain.startTestSuite(TestCaseMain.java:176)
	at TempTestSuite1737108265632.run(TempTestSuite1737108265632.groovy:35)
	at java.base/jdk.internal.reflect.NativeMethodAccessorImpl.invoke0(Native Method)
	at java.base/jdk.internal.reflect.NativeMethodAccessorImpl.invoke(NativeMethodAccessorImpl.java:77)
	at java.base/jdk.internal.reflect.DelegatingMethodAccessorImpl.invoke(DelegatingMethodAccessorImpl.java:43)
)

17-01-2025T17:08:32 - [TEST_STEP][PASSED] - closeWindowIndex(1): Window with index 1 is closed

17-01-2025T17:08:32 - [MESSAGE][PASSED] - Window with index 1 is closed

17-01-2025T17:08:32 - [TEST_STEP][PASSED] - switchToWindowIndex(0): Switched to window with index: '0'

17-01-2025T17:08:32 - [MESSAGE][PASSED] - Switched to window with index: '0'

17-01-2025T17:08:32 - [TEST_STEP][PASSED] - Start listener action : AfterTestCase: null]]></system-out>
         <system-err><![CDATA[]]></system-err>
      </testcase>
      <testcase name="Test Cases/Corporate/Corporate Governance/RegressionTest_VerifyInternalAuditUnitPage_ElementsArePresent" time="5.998" classname="Test Cases/Corporate/Corporate Governance/RegressionTest_VerifyInternalAuditUnitPage_ElementsArePresent" status="PASSED">
         <system-out><![CDATA[17-01-2025T17:08:32 - [TEST_CASE][PASSED] - Test Cases/Corporate/Corporate Governance/RegressionTest_VerifyInternalAuditUnitPage_ElementsArePresent: Test Cases/Corporate/Corporate Governance/RegressionTest_VerifyInternalAuditUnitPage_ElementsArePresent

17-01-2025T17:08:32 - [TEST_STEP][PASSED] - Start listener action : BeforeTestCase: null

17-01-2025T17:08:32 - [TEST_STEP][NOT_RUN] - click(findTestObject("link_Content", ["href":"/corporate", "text":"Corporate"])): NOT_RUN: click(findTestObject("link_Content", ["href":"/corporate", "text":"Corporate"]))

17-01-2025T17:08:32 - [MESSAGE][NOT_RUN] - NOT_RUN: click(findTestObject("link_Content", ["href":"/corporate", "text":"Corporate"]))

17-01-2025T17:08:32 - [TEST_STEP][PASSED] - click(findTestObject("link_Content", ["href":"#", "text":"Corporate Governance"])): Object: 'Object Repository/link_Content' is clicked on

17-01-2025T17:08:32 - [MESSAGE][PASSED] - Object: 'Object Repository/link_Content' is clicked on

17-01-2025T17:08:32 - [TEST_STEP][PASSED] - click(findTestObject("link_Content", ["href":"/en/corporate/CorporateGovernance/InternalAudit", "text":"Internal Audit Unit"])): Object: 'Object Repository/link_Content' is clicked on

17-01-2025T17:08:33 - [MESSAGE][PASSED] - Object: 'Object Repository/link_Content' is clicked on

17-01-2025T17:08:33 - [TEST_STEP][PASSED] - scrollToElement(findTestObject("var_Content", ["xpath":"//body[1]/div[1]/main[1]/main[1]/div[1]/div[1]/ol[1]"]), 10): Scroll to object 'Object Repository/var_Content' successfully

17-01-2025T17:08:34 - [MESSAGE][PASSED] - Scroll to object 'Object Repository/var_Content' successfully

17-01-2025T17:08:34 - [TEST_STEP][PASSED] - verifyElementPresent(findTestObject("lbl_Content", ["text":"INTERNAL AUDIT UNIT"]), 10): Object 'Object Repository/lbl_Content' is present

17-01-2025T17:08:34 - [MESSAGE][PASSED] - Object 'Object Repository/lbl_Content' is present

17-01-2025T17:08:34 - [TEST_STEP][PASSED] - verifyElementPresent(findTestObject("var_Content", ["xpath":"//body[1]/div[1]/main[1]/main[1]/div[2]/div[2]"]), 10): Object 'Object Repository/var_Content' is present

17-01-2025T17:08:34 - [MESSAGE][PASSED] - Object 'Object Repository/var_Content' is present

17-01-2025T17:08:34 - [TEST_STEP][PASSED] - click(findTestObject("var_Content", ["xpath":"//body[1]/div[1]/main[1]/main[1]/div[2]/div[3]"])): Object: 'Object Repository/var_Content' is clicked on

17-01-2025T17:08:35 - [MESSAGE][PASSED] - Object: 'Object Repository/var_Content' is clicked on

17-01-2025T17:08:35 - [TEST_STEP][PASSED] - verifyLinksAccessible(["https://baf-mobile-dev.oss-ap-southeast-5.aliyuncs.com/About%2FCorporateGovernance%2F1734574771283.pdf?Expires=1736537685&OSSAccessKeyId=LTAI5t78APQ3CX3zFy4qKiTQ&Signature=903uuEsaR2hnQdQqYCUoB3RIIIg%3D"], OPTIONAL): Found 1 inaccessible links [https://baf-mobile-dev.oss-ap-southeast-5.aliyuncs.com/About%2FCorporateGovernance%2F1734574771283.pdf?Expires=1736537685&OSSAccessKeyId=LTAI5t78APQ3CX3zFy4qKiTQ&Signature=903uuEsaR2hnQdQqYCUoB3RIIIg%3D] (Root cause: com.kms.katalon.core.exception.StepFailedException: Found 1 inaccessible links [https://baf-mobile-dev.oss-ap-southeast-5.aliyuncs.com/About%2FCorporateGovernance%2F1734574771283.pdf?Expires=1736537685&OSSAccessKeyId=LTAI5t78APQ3CX3zFy4qKiTQ&Signature=903uuEsaR2hnQdQqYCUoB3RIIIg%3D]
	at com.kms.katalon.core.webui.keyword.internal.WebUIKeywordMain.stepFailed(WebUIKeywordMain.groovy:117)
	at com.kms.katalon.core.webui.keyword.builtin.VerifyLinksAccessibleKeyword$_verifyLinksAccessible_closure1.doCall(VerifyLinksAccessibleKeyword.groovy:53)
	at com.kms.katalon.core.webui.keyword.builtin.VerifyLinksAccessibleKeyword$_verifyLinksAccessible_closure1.call(VerifyLinksAccessibleKeyword.groovy)
	at com.kms.katalon.core.webui.keyword.internal.WebUIKeywordMain.runKeyword(WebUIKeywordMain.groovy:35)
	at com.kms.katalon.core.webui.keyword.builtin.VerifyLinksAccessibleKeyword.verifyLinksAccessible(VerifyLinksAccessibleKeyword.groovy:38)
	at com.kms.katalon.core.webui.keyword.builtin.VerifyLinksAccessibleKeyword.execute(VerifyLinksAccessibleKeyword.groovy:33)
	at com.kms.katalon.core.keyword.internal.KeywordExecutor.executeKeywordForPlatform(KeywordExecutor.groovy:74)
	at com.kms.katalon.core.webui.keyword.WebUiBuiltInKeywords.verifyLinksAccessible(WebUiBuiltInKeywords.groovy:5040)
	at RegressionTest_VerifyInternalAuditUnitPage_ElementsArePresent.run(RegressionTest_VerifyInternalAuditUnitPage_ElementsArePresent:44)
	at com.kms.katalon.core.main.ScriptEngine.run(ScriptEngine.java:194)
	at com.kms.katalon.core.main.ScriptEngine.runScriptAsRawText(ScriptEngine.java:119)
	at com.kms.katalon.core.main.TestCaseExecutor.runScript(TestCaseExecutor.java:448)
	at com.kms.katalon.core.main.TestCaseExecutor.doExecute(TestCaseExecutor.java:439)
	at com.kms.katalon.core.main.TestCaseExecutor.processExecutionPhase(TestCaseExecutor.java:418)
	at com.kms.katalon.core.main.TestCaseExecutor.accessMainPhase(TestCaseExecutor.java:410)
	at com.kms.katalon.core.main.TestCaseExecutor.execute(TestCaseExecutor.java:285)
	at com.kms.katalon.core.common.CommonExecutor.accessTestCaseMainPhase(CommonExecutor.java:65)
	at com.kms.katalon.core.main.TestSuiteExecutor.accessTestSuiteMainPhase(TestSuiteExecutor.java:161)
	at com.kms.katalon.core.main.TestSuiteExecutor.execute(TestSuiteExecutor.java:107)
	at com.kms.katalon.core.main.TestCaseMain.startTestSuite(TestCaseMain.java:176)
	at TempTestSuite1737108265632.run(TempTestSuite1737108265632.groovy:35)
	at java.base/jdk.internal.reflect.NativeMethodAccessorImpl.invoke0(Native Method)
	at java.base/jdk.internal.reflect.NativeMethodAccessorImpl.invoke(NativeMethodAccessorImpl.java:77)
	at java.base/jdk.internal.reflect.DelegatingMethodAccessorImpl.invoke(DelegatingMethodAccessorImpl.java:43)
)

17-01-2025T17:08:35 - [MESSAGE][INFO] - HAR: C:\Users\P251224001\git\BAF-website\Reports\20250117_170425\Corporate\20250117_170425\requests\main\28.har

17-01-2025T17:08:35 - [MESSAGE][PASSED] - Send request successfully

17-01-2025T17:08:35 - [MESSAGE][WARNING] - Found 1 inaccessible links [https://baf-mobile-dev.oss-ap-southeast-5.aliyuncs.com/About%2FCorporateGovernance%2F1734574771283.pdf?Expires=1736537685&OSSAccessKeyId=LTAI5t78APQ3CX3zFy4qKiTQ&Signature=903uuEsaR2hnQdQqYCUoB3RIIIg%3D] (Root cause: com.kms.katalon.core.exception.StepFailedException: Found 1 inaccessible links [https://baf-mobile-dev.oss-ap-southeast-5.aliyuncs.com/About%2FCorporateGovernance%2F1734574771283.pdf?Expires=1736537685&OSSAccessKeyId=LTAI5t78APQ3CX3zFy4qKiTQ&Signature=903uuEsaR2hnQdQqYCUoB3RIIIg%3D]
	at com.kms.katalon.core.webui.keyword.internal.WebUIKeywordMain.stepFailed(WebUIKeywordMain.groovy:117)
	at com.kms.katalon.core.webui.keyword.builtin.VerifyLinksAccessibleKeyword$_verifyLinksAccessible_closure1.doCall(VerifyLinksAccessibleKeyword.groovy:53)
	at com.kms.katalon.core.webui.keyword.builtin.VerifyLinksAccessibleKeyword$_verifyLinksAccessible_closure1.call(VerifyLinksAccessibleKeyword.groovy)
	at com.kms.katalon.core.webui.keyword.internal.WebUIKeywordMain.runKeyword(WebUIKeywordMain.groovy:35)
	at com.kms.katalon.core.webui.keyword.builtin.VerifyLinksAccessibleKeyword.verifyLinksAccessible(VerifyLinksAccessibleKeyword.groovy:38)
	at com.kms.katalon.core.webui.keyword.builtin.VerifyLinksAccessibleKeyword.execute(VerifyLinksAccessibleKeyword.groovy:33)
	at com.kms.katalon.core.keyword.internal.KeywordExecutor.executeKeywordForPlatform(KeywordExecutor.groovy:74)
	at com.kms.katalon.core.webui.keyword.WebUiBuiltInKeywords.verifyLinksAccessible(WebUiBuiltInKeywords.groovy:5040)
	at RegressionTest_VerifyInternalAuditUnitPage_ElementsArePresent.run(RegressionTest_VerifyInternalAuditUnitPage_ElementsArePresent:44)
	at com.kms.katalon.core.main.ScriptEngine.run(ScriptEngine.java:194)
	at com.kms.katalon.core.main.ScriptEngine.runScriptAsRawText(ScriptEngine.java:119)
	at com.kms.katalon.core.main.TestCaseExecutor.runScript(TestCaseExecutor.java:448)
	at com.kms.katalon.core.main.TestCaseExecutor.doExecute(TestCaseExecutor.java:439)
	at com.kms.katalon.core.main.TestCaseExecutor.processExecutionPhase(TestCaseExecutor.java:418)
	at com.kms.katalon.core.main.TestCaseExecutor.accessMainPhase(TestCaseExecutor.java:410)
	at com.kms.katalon.core.main.TestCaseExecutor.execute(TestCaseExecutor.java:285)
	at com.kms.katalon.core.common.CommonExecutor.accessTestCaseMainPhase(CommonExecutor.java:65)
	at com.kms.katalon.core.main.TestSuiteExecutor.accessTestSuiteMainPhase(TestSuiteExecutor.java:161)
	at com.kms.katalon.core.main.TestSuiteExecutor.execute(TestSuiteExecutor.java:107)
	at com.kms.katalon.core.main.TestCaseMain.startTestSuite(TestCaseMain.java:176)
	at TempTestSuite1737108265632.run(TempTestSuite1737108265632.groovy:35)
	at java.base/jdk.internal.reflect.NativeMethodAccessorImpl.invoke0(Native Method)
	at java.base/jdk.internal.reflect.NativeMethodAccessorImpl.invoke(NativeMethodAccessorImpl.java:77)
	at java.base/jdk.internal.reflect.DelegatingMethodAccessorImpl.invoke(DelegatingMethodAccessorImpl.java:43)
)

17-01-2025T17:08:35 - [TEST_STEP][PASSED] - closeWindowIndex(1): Window with index 1 is closed

17-01-2025T17:08:35 - [MESSAGE][PASSED] - Window with index 1 is closed

17-01-2025T17:08:35 - [TEST_STEP][PASSED] - switchToWindowIndex(0): Switched to window with index: '0'

17-01-2025T17:08:35 - [MESSAGE][PASSED] - Switched to window with index: '0'

17-01-2025T17:08:35 - [TEST_STEP][PASSED] - click(findTestObject("var_Content", ["xpath":"//body[1]/div[1]/main[1]/main[1]/div[2]/div[4]"])): Object: 'Object Repository/var_Content' is clicked on

17-01-2025T17:08:36 - [MESSAGE][PASSED] - Object: 'Object Repository/var_Content' is clicked on

17-01-2025T17:08:36 - [TEST_STEP][PASSED] - verifyLinksAccessible(["https://baf-mobile-dev.oss-ap-southeast-5.aliyuncs.com/About%2FCorporateGovernance%2F1733278812550.pdf?Expires=1736537686&OSSAccessKeyId=LTAI5t78APQ3CX3zFy4qKiTQ&Signature=oQszbMmXM8HfaZk6VfH5ogC85EA%3D"], OPTIONAL): Found 1 inaccessible links [https://baf-mobile-dev.oss-ap-southeast-5.aliyuncs.com/About%2FCorporateGovernance%2F1733278812550.pdf?Expires=1736537686&OSSAccessKeyId=LTAI5t78APQ3CX3zFy4qKiTQ&Signature=oQszbMmXM8HfaZk6VfH5ogC85EA%3D] (Root cause: com.kms.katalon.core.exception.StepFailedException: Found 1 inaccessible links [https://baf-mobile-dev.oss-ap-southeast-5.aliyuncs.com/About%2FCorporateGovernance%2F1733278812550.pdf?Expires=1736537686&OSSAccessKeyId=LTAI5t78APQ3CX3zFy4qKiTQ&Signature=oQszbMmXM8HfaZk6VfH5ogC85EA%3D]
	at com.kms.katalon.core.webui.keyword.internal.WebUIKeywordMain.stepFailed(WebUIKeywordMain.groovy:117)
	at com.kms.katalon.core.webui.keyword.builtin.VerifyLinksAccessibleKeyword$_verifyLinksAccessible_closure1.doCall(VerifyLinksAccessibleKeyword.groovy:53)
	at com.kms.katalon.core.webui.keyword.builtin.VerifyLinksAccessibleKeyword$_verifyLinksAccessible_closure1.call(VerifyLinksAccessibleKeyword.groovy)
	at com.kms.katalon.core.webui.keyword.internal.WebUIKeywordMain.runKeyword(WebUIKeywordMain.groovy:35)
	at com.kms.katalon.core.webui.keyword.builtin.VerifyLinksAccessibleKeyword.verifyLinksAccessible(VerifyLinksAccessibleKeyword.groovy:38)
	at com.kms.katalon.core.webui.keyword.builtin.VerifyLinksAccessibleKeyword.execute(VerifyLinksAccessibleKeyword.groovy:33)
	at com.kms.katalon.core.keyword.internal.KeywordExecutor.executeKeywordForPlatform(KeywordExecutor.groovy:74)
	at com.kms.katalon.core.webui.keyword.WebUiBuiltInKeywords.verifyLinksAccessible(WebUiBuiltInKeywords.groovy:5040)
	at RegressionTest_VerifyInternalAuditUnitPage_ElementsArePresent.run(RegressionTest_VerifyInternalAuditUnitPage_ElementsArePresent:57)
	at com.kms.katalon.core.main.ScriptEngine.run(ScriptEngine.java:194)
	at com.kms.katalon.core.main.ScriptEngine.runScriptAsRawText(ScriptEngine.java:119)
	at com.kms.katalon.core.main.TestCaseExecutor.runScript(TestCaseExecutor.java:448)
	at com.kms.katalon.core.main.TestCaseExecutor.doExecute(TestCaseExecutor.java:439)
	at com.kms.katalon.core.main.TestCaseExecutor.processExecutionPhase(TestCaseExecutor.java:418)
	at com.kms.katalon.core.main.TestCaseExecutor.accessMainPhase(TestCaseExecutor.java:410)
	at com.kms.katalon.core.main.TestCaseExecutor.execute(TestCaseExecutor.java:285)
	at com.kms.katalon.core.common.CommonExecutor.accessTestCaseMainPhase(CommonExecutor.java:65)
	at com.kms.katalon.core.main.TestSuiteExecutor.accessTestSuiteMainPhase(TestSuiteExecutor.java:161)
	at com.kms.katalon.core.main.TestSuiteExecutor.execute(TestSuiteExecutor.java:107)
	at com.kms.katalon.core.main.TestCaseMain.startTestSuite(TestCaseMain.java:176)
	at TempTestSuite1737108265632.run(TempTestSuite1737108265632.groovy:35)
	at java.base/jdk.internal.reflect.NativeMethodAccessorImpl.invoke0(Native Method)
	at java.base/jdk.internal.reflect.NativeMethodAccessorImpl.invoke(NativeMethodAccessorImpl.java:77)
	at java.base/jdk.internal.reflect.DelegatingMethodAccessorImpl.invoke(DelegatingMethodAccessorImpl.java:43)
)

17-01-2025T17:08:36 - [MESSAGE][INFO] - HAR: C:\Users\P251224001\git\BAF-website\Reports\20250117_170425\Corporate\20250117_170425\requests\main\29.har

17-01-2025T17:08:36 - [MESSAGE][PASSED] - Send request successfully

17-01-2025T17:08:36 - [MESSAGE][WARNING] - Found 1 inaccessible links [https://baf-mobile-dev.oss-ap-southeast-5.aliyuncs.com/About%2FCorporateGovernance%2F1733278812550.pdf?Expires=1736537686&OSSAccessKeyId=LTAI5t78APQ3CX3zFy4qKiTQ&Signature=oQszbMmXM8HfaZk6VfH5ogC85EA%3D] (Root cause: com.kms.katalon.core.exception.StepFailedException: Found 1 inaccessible links [https://baf-mobile-dev.oss-ap-southeast-5.aliyuncs.com/About%2FCorporateGovernance%2F1733278812550.pdf?Expires=1736537686&OSSAccessKeyId=LTAI5t78APQ3CX3zFy4qKiTQ&Signature=oQszbMmXM8HfaZk6VfH5ogC85EA%3D]
	at com.kms.katalon.core.webui.keyword.internal.WebUIKeywordMain.stepFailed(WebUIKeywordMain.groovy:117)
	at com.kms.katalon.core.webui.keyword.builtin.VerifyLinksAccessibleKeyword$_verifyLinksAccessible_closure1.doCall(VerifyLinksAccessibleKeyword.groovy:53)
	at com.kms.katalon.core.webui.keyword.builtin.VerifyLinksAccessibleKeyword$_verifyLinksAccessible_closure1.call(VerifyLinksAccessibleKeyword.groovy)
	at com.kms.katalon.core.webui.keyword.internal.WebUIKeywordMain.runKeyword(WebUIKeywordMain.groovy:35)
	at com.kms.katalon.core.webui.keyword.builtin.VerifyLinksAccessibleKeyword.verifyLinksAccessible(VerifyLinksAccessibleKeyword.groovy:38)
	at com.kms.katalon.core.webui.keyword.builtin.VerifyLinksAccessibleKeyword.execute(VerifyLinksAccessibleKeyword.groovy:33)
	at com.kms.katalon.core.keyword.internal.KeywordExecutor.executeKeywordForPlatform(KeywordExecutor.groovy:74)
	at com.kms.katalon.core.webui.keyword.WebUiBuiltInKeywords.verifyLinksAccessible(WebUiBuiltInKeywords.groovy:5040)
	at RegressionTest_VerifyInternalAuditUnitPage_ElementsArePresent.run(RegressionTest_VerifyInternalAuditUnitPage_ElementsArePresent:57)
	at com.kms.katalon.core.main.ScriptEngine.run(ScriptEngine.java:194)
	at com.kms.katalon.core.main.ScriptEngine.runScriptAsRawText(ScriptEngine.java:119)
	at com.kms.katalon.core.main.TestCaseExecutor.runScript(TestCaseExecutor.java:448)
	at com.kms.katalon.core.main.TestCaseExecutor.doExecute(TestCaseExecutor.java:439)
	at com.kms.katalon.core.main.TestCaseExecutor.processExecutionPhase(TestCaseExecutor.java:418)
	at com.kms.katalon.core.main.TestCaseExecutor.accessMainPhase(TestCaseExecutor.java:410)
	at com.kms.katalon.core.main.TestCaseExecutor.execute(TestCaseExecutor.java:285)
	at com.kms.katalon.core.common.CommonExecutor.accessTestCaseMainPhase(CommonExecutor.java:65)
	at com.kms.katalon.core.main.TestSuiteExecutor.accessTestSuiteMainPhase(TestSuiteExecutor.java:161)
	at com.kms.katalon.core.main.TestSuiteExecutor.execute(TestSuiteExecutor.java:107)
	at com.kms.katalon.core.main.TestCaseMain.startTestSuite(TestCaseMain.java:176)
	at TempTestSuite1737108265632.run(TempTestSuite1737108265632.groovy:35)
	at java.base/jdk.internal.reflect.NativeMethodAccessorImpl.invoke0(Native Method)
	at java.base/jdk.internal.reflect.NativeMethodAccessorImpl.invoke(NativeMethodAccessorImpl.java:77)
	at java.base/jdk.internal.reflect.DelegatingMethodAccessorImpl.invoke(DelegatingMethodAccessorImpl.java:43)
)

17-01-2025T17:08:36 - [TEST_STEP][PASSED] - closeWindowIndex(1): Window with index 1 is closed

17-01-2025T17:08:36 - [MESSAGE][PASSED] - Window with index 1 is closed

17-01-2025T17:08:36 - [TEST_STEP][PASSED] - switchToWindowIndex(0): Switched to window with index: '0'

17-01-2025T17:08:36 - [MESSAGE][PASSED] - Switched to window with index: '0'

17-01-2025T17:08:36 - [TEST_STEP][PASSED] - click(findTestObject("var_Content", ["xpath":"//body[1]/div[1]/main[1]/main[1]/div[2]/div[5]"])): Object: 'Object Repository/var_Content' is clicked on

17-01-2025T17:08:37 - [MESSAGE][PASSED] - Object: 'Object Repository/var_Content' is clicked on

17-01-2025T17:08:37 - [TEST_STEP][PASSED] - verifyLinksAccessible(["https://baf-mobile-dev.oss-ap-southeast-5.aliyuncs.com/corporate-content-file%2F1731574737773.pdf?Expires=1736537687&OSSAccessKeyId=LTAI5t78APQ3CX3zFy4qKiTQ&Signature=J%2BWteFmmggYqW7WIS7zbqrPsUiY%3D"], OPTIONAL): Found 1 inaccessible links [https://baf-mobile-dev.oss-ap-southeast-5.aliyuncs.com/corporate-content-file%2F1731574737773.pdf?Expires=1736537687&OSSAccessKeyId=LTAI5t78APQ3CX3zFy4qKiTQ&Signature=J%2BWteFmmggYqW7WIS7zbqrPsUiY%3D] (Root cause: com.kms.katalon.core.exception.StepFailedException: Found 1 inaccessible links [https://baf-mobile-dev.oss-ap-southeast-5.aliyuncs.com/corporate-content-file%2F1731574737773.pdf?Expires=1736537687&OSSAccessKeyId=LTAI5t78APQ3CX3zFy4qKiTQ&Signature=J%2BWteFmmggYqW7WIS7zbqrPsUiY%3D]
	at com.kms.katalon.core.webui.keyword.internal.WebUIKeywordMain.stepFailed(WebUIKeywordMain.groovy:117)
	at com.kms.katalon.core.webui.keyword.builtin.VerifyLinksAccessibleKeyword$_verifyLinksAccessible_closure1.doCall(VerifyLinksAccessibleKeyword.groovy:53)
	at com.kms.katalon.core.webui.keyword.builtin.VerifyLinksAccessibleKeyword$_verifyLinksAccessible_closure1.call(VerifyLinksAccessibleKeyword.groovy)
	at com.kms.katalon.core.webui.keyword.internal.WebUIKeywordMain.runKeyword(WebUIKeywordMain.groovy:35)
	at com.kms.katalon.core.webui.keyword.builtin.VerifyLinksAccessibleKeyword.verifyLinksAccessible(VerifyLinksAccessibleKeyword.groovy:38)
	at com.kms.katalon.core.webui.keyword.builtin.VerifyLinksAccessibleKeyword.execute(VerifyLinksAccessibleKeyword.groovy:33)
	at com.kms.katalon.core.keyword.internal.KeywordExecutor.executeKeywordForPlatform(KeywordExecutor.groovy:74)
	at com.kms.katalon.core.webui.keyword.WebUiBuiltInKeywords.verifyLinksAccessible(WebUiBuiltInKeywords.groovy:5040)
	at RegressionTest_VerifyInternalAuditUnitPage_ElementsArePresent.run(RegressionTest_VerifyInternalAuditUnitPage_ElementsArePresent:70)
	at com.kms.katalon.core.main.ScriptEngine.run(ScriptEngine.java:194)
	at com.kms.katalon.core.main.ScriptEngine.runScriptAsRawText(ScriptEngine.java:119)
	at com.kms.katalon.core.main.TestCaseExecutor.runScript(TestCaseExecutor.java:448)
	at com.kms.katalon.core.main.TestCaseExecutor.doExecute(TestCaseExecutor.java:439)
	at com.kms.katalon.core.main.TestCaseExecutor.processExecutionPhase(TestCaseExecutor.java:418)
	at com.kms.katalon.core.main.TestCaseExecutor.accessMainPhase(TestCaseExecutor.java:410)
	at com.kms.katalon.core.main.TestCaseExecutor.execute(TestCaseExecutor.java:285)
	at com.kms.katalon.core.common.CommonExecutor.accessTestCaseMainPhase(CommonExecutor.java:65)
	at com.kms.katalon.core.main.TestSuiteExecutor.accessTestSuiteMainPhase(TestSuiteExecutor.java:161)
	at com.kms.katalon.core.main.TestSuiteExecutor.execute(TestSuiteExecutor.java:107)
	at com.kms.katalon.core.main.TestCaseMain.startTestSuite(TestCaseMain.java:176)
	at TempTestSuite1737108265632.run(TempTestSuite1737108265632.groovy:35)
	at java.base/jdk.internal.reflect.NativeMethodAccessorImpl.invoke0(Native Method)
	at java.base/jdk.internal.reflect.NativeMethodAccessorImpl.invoke(NativeMethodAccessorImpl.java:77)
	at java.base/jdk.internal.reflect.DelegatingMethodAccessorImpl.invoke(DelegatingMethodAccessorImpl.java:43)
)

17-01-2025T17:08:37 - [MESSAGE][INFO] - HAR: C:\Users\P251224001\git\BAF-website\Reports\20250117_170425\Corporate\20250117_170425\requests\main\30.har

17-01-2025T17:08:37 - [MESSAGE][PASSED] - Send request successfully

17-01-2025T17:08:37 - [MESSAGE][WARNING] - Found 1 inaccessible links [https://baf-mobile-dev.oss-ap-southeast-5.aliyuncs.com/corporate-content-file%2F1731574737773.pdf?Expires=1736537687&OSSAccessKeyId=LTAI5t78APQ3CX3zFy4qKiTQ&Signature=J%2BWteFmmggYqW7WIS7zbqrPsUiY%3D] (Root cause: com.kms.katalon.core.exception.StepFailedException: Found 1 inaccessible links [https://baf-mobile-dev.oss-ap-southeast-5.aliyuncs.com/corporate-content-file%2F1731574737773.pdf?Expires=1736537687&OSSAccessKeyId=LTAI5t78APQ3CX3zFy4qKiTQ&Signature=J%2BWteFmmggYqW7WIS7zbqrPsUiY%3D]
	at com.kms.katalon.core.webui.keyword.internal.WebUIKeywordMain.stepFailed(WebUIKeywordMain.groovy:117)
	at com.kms.katalon.core.webui.keyword.builtin.VerifyLinksAccessibleKeyword$_verifyLinksAccessible_closure1.doCall(VerifyLinksAccessibleKeyword.groovy:53)
	at com.kms.katalon.core.webui.keyword.builtin.VerifyLinksAccessibleKeyword$_verifyLinksAccessible_closure1.call(VerifyLinksAccessibleKeyword.groovy)
	at com.kms.katalon.core.webui.keyword.internal.WebUIKeywordMain.runKeyword(WebUIKeywordMain.groovy:35)
	at com.kms.katalon.core.webui.keyword.builtin.VerifyLinksAccessibleKeyword.verifyLinksAccessible(VerifyLinksAccessibleKeyword.groovy:38)
	at com.kms.katalon.core.webui.keyword.builtin.VerifyLinksAccessibleKeyword.execute(VerifyLinksAccessibleKeyword.groovy:33)
	at com.kms.katalon.core.keyword.internal.KeywordExecutor.executeKeywordForPlatform(KeywordExecutor.groovy:74)
	at com.kms.katalon.core.webui.keyword.WebUiBuiltInKeywords.verifyLinksAccessible(WebUiBuiltInKeywords.groovy:5040)
	at RegressionTest_VerifyInternalAuditUnitPage_ElementsArePresent.run(RegressionTest_VerifyInternalAuditUnitPage_ElementsArePresent:70)
	at com.kms.katalon.core.main.ScriptEngine.run(ScriptEngine.java:194)
	at com.kms.katalon.core.main.ScriptEngine.runScriptAsRawText(ScriptEngine.java:119)
	at com.kms.katalon.core.main.TestCaseExecutor.runScript(TestCaseExecutor.java:448)
	at com.kms.katalon.core.main.TestCaseExecutor.doExecute(TestCaseExecutor.java:439)
	at com.kms.katalon.core.main.TestCaseExecutor.processExecutionPhase(TestCaseExecutor.java:418)
	at com.kms.katalon.core.main.TestCaseExecutor.accessMainPhase(TestCaseExecutor.java:410)
	at com.kms.katalon.core.main.TestCaseExecutor.execute(TestCaseExecutor.java:285)
	at com.kms.katalon.core.common.CommonExecutor.accessTestCaseMainPhase(CommonExecutor.java:65)
	at com.kms.katalon.core.main.TestSuiteExecutor.accessTestSuiteMainPhase(TestSuiteExecutor.java:161)
	at com.kms.katalon.core.main.TestSuiteExecutor.execute(TestSuiteExecutor.java:107)
	at com.kms.katalon.core.main.TestCaseMain.startTestSuite(TestCaseMain.java:176)
	at TempTestSuite1737108265632.run(TempTestSuite1737108265632.groovy:35)
	at java.base/jdk.internal.reflect.NativeMethodAccessorImpl.invoke0(Native Method)
	at java.base/jdk.internal.reflect.NativeMethodAccessorImpl.invoke(NativeMethodAccessorImpl.java:77)
	at java.base/jdk.internal.reflect.DelegatingMethodAccessorImpl.invoke(DelegatingMethodAccessorImpl.java:43)
)

17-01-2025T17:08:37 - [TEST_STEP][PASSED] - closeWindowIndex(1): Window with index 1 is closed

17-01-2025T17:08:37 - [MESSAGE][PASSED] - Window with index 1 is closed

17-01-2025T17:08:37 - [TEST_STEP][PASSED] - switchToWindowIndex(0): Switched to window with index: '0'

17-01-2025T17:08:37 - [MESSAGE][PASSED] - Switched to window with index: '0'

17-01-2025T17:08:37 - [TEST_STEP][PASSED] - scrollToElement(findTestObject("var_Content", ["xpath":"//body[1]/div[1]/main[1]/main[1]/div[2]/div[1]/h3[1]"]), 10): Scroll to object 'Object Repository/var_Content' successfully

17-01-2025T17:08:37 - [MESSAGE][PASSED] - Scroll to object 'Object Repository/var_Content' successfully

17-01-2025T17:08:37 - [TEST_STEP][PASSED] - click(findTestObject("var_Content", ["xpath":"//body[1]/div[1]/main[1]/main[1]/div[2]/div[6]"])): Object: 'Object Repository/var_Content' is clicked on

17-01-2025T17:08:38 - [MESSAGE][PASSED] - Object: 'Object Repository/var_Content' is clicked on

17-01-2025T17:08:38 - [TEST_STEP][PASSED] - verifyLinksAccessible(["https://baf-mobile-dev.oss-ap-southeast-5.aliyuncs.com/About%2FCorporateGovernance%2F1724659501026.pdf?Expires=1736537687&OSSAccessKeyId=LTAI5t78APQ3CX3zFy4qKiTQ&Signature=Vog5bSRd1kQ%2BAOQN6QCI9pMoRUg%3D"], OPTIONAL): Found 1 inaccessible links [https://baf-mobile-dev.oss-ap-southeast-5.aliyuncs.com/About%2FCorporateGovernance%2F1724659501026.pdf?Expires=1736537687&OSSAccessKeyId=LTAI5t78APQ3CX3zFy4qKiTQ&Signature=Vog5bSRd1kQ%2BAOQN6QCI9pMoRUg%3D] (Root cause: com.kms.katalon.core.exception.StepFailedException: Found 1 inaccessible links [https://baf-mobile-dev.oss-ap-southeast-5.aliyuncs.com/About%2FCorporateGovernance%2F1724659501026.pdf?Expires=1736537687&OSSAccessKeyId=LTAI5t78APQ3CX3zFy4qKiTQ&Signature=Vog5bSRd1kQ%2BAOQN6QCI9pMoRUg%3D]
	at com.kms.katalon.core.webui.keyword.internal.WebUIKeywordMain.stepFailed(WebUIKeywordMain.groovy:117)
	at com.kms.katalon.core.webui.keyword.builtin.VerifyLinksAccessibleKeyword$_verifyLinksAccessible_closure1.doCall(VerifyLinksAccessibleKeyword.groovy:53)
	at com.kms.katalon.core.webui.keyword.builtin.VerifyLinksAccessibleKeyword$_verifyLinksAccessible_closure1.call(VerifyLinksAccessibleKeyword.groovy)
	at com.kms.katalon.core.webui.keyword.internal.WebUIKeywordMain.runKeyword(WebUIKeywordMain.groovy:35)
	at com.kms.katalon.core.webui.keyword.builtin.VerifyLinksAccessibleKeyword.verifyLinksAccessible(VerifyLinksAccessibleKeyword.groovy:38)
	at com.kms.katalon.core.webui.keyword.builtin.VerifyLinksAccessibleKeyword.execute(VerifyLinksAccessibleKeyword.groovy:33)
	at com.kms.katalon.core.keyword.internal.KeywordExecutor.executeKeywordForPlatform(KeywordExecutor.groovy:74)
	at com.kms.katalon.core.webui.keyword.WebUiBuiltInKeywords.verifyLinksAccessible(WebUiBuiltInKeywords.groovy:5040)
	at RegressionTest_VerifyInternalAuditUnitPage_ElementsArePresent.run(RegressionTest_VerifyInternalAuditUnitPage_ElementsArePresent:87)
	at com.kms.katalon.core.main.ScriptEngine.run(ScriptEngine.java:194)
	at com.kms.katalon.core.main.ScriptEngine.runScriptAsRawText(ScriptEngine.java:119)
	at com.kms.katalon.core.main.TestCaseExecutor.runScript(TestCaseExecutor.java:448)
	at com.kms.katalon.core.main.TestCaseExecutor.doExecute(TestCaseExecutor.java:439)
	at com.kms.katalon.core.main.TestCaseExecutor.processExecutionPhase(TestCaseExecutor.java:418)
	at com.kms.katalon.core.main.TestCaseExecutor.accessMainPhase(TestCaseExecutor.java:410)
	at com.kms.katalon.core.main.TestCaseExecutor.execute(TestCaseExecutor.java:285)
	at com.kms.katalon.core.common.CommonExecutor.accessTestCaseMainPhase(CommonExecutor.java:65)
	at com.kms.katalon.core.main.TestSuiteExecutor.accessTestSuiteMainPhase(TestSuiteExecutor.java:161)
	at com.kms.katalon.core.main.TestSuiteExecutor.execute(TestSuiteExecutor.java:107)
	at com.kms.katalon.core.main.TestCaseMain.startTestSuite(TestCaseMain.java:176)
	at TempTestSuite1737108265632.run(TempTestSuite1737108265632.groovy:35)
	at java.base/jdk.internal.reflect.NativeMethodAccessorImpl.invoke0(Native Method)
	at java.base/jdk.internal.reflect.NativeMethodAccessorImpl.invoke(NativeMethodAccessorImpl.java:77)
	at java.base/jdk.internal.reflect.DelegatingMethodAccessorImpl.invoke(DelegatingMethodAccessorImpl.java:43)
)

17-01-2025T17:08:38 - [MESSAGE][INFO] - HAR: C:\Users\P251224001\git\BAF-website\Reports\20250117_170425\Corporate\20250117_170425\requests\main\31.har

17-01-2025T17:08:38 - [MESSAGE][PASSED] - Send request successfully

17-01-2025T17:08:38 - [MESSAGE][WARNING] - Found 1 inaccessible links [https://baf-mobile-dev.oss-ap-southeast-5.aliyuncs.com/About%2FCorporateGovernance%2F1724659501026.pdf?Expires=1736537687&OSSAccessKeyId=LTAI5t78APQ3CX3zFy4qKiTQ&Signature=Vog5bSRd1kQ%2BAOQN6QCI9pMoRUg%3D] (Root cause: com.kms.katalon.core.exception.StepFailedException: Found 1 inaccessible links [https://baf-mobile-dev.oss-ap-southeast-5.aliyuncs.com/About%2FCorporateGovernance%2F1724659501026.pdf?Expires=1736537687&OSSAccessKeyId=LTAI5t78APQ3CX3zFy4qKiTQ&Signature=Vog5bSRd1kQ%2BAOQN6QCI9pMoRUg%3D]
	at com.kms.katalon.core.webui.keyword.internal.WebUIKeywordMain.stepFailed(WebUIKeywordMain.groovy:117)
	at com.kms.katalon.core.webui.keyword.builtin.VerifyLinksAccessibleKeyword$_verifyLinksAccessible_closure1.doCall(VerifyLinksAccessibleKeyword.groovy:53)
	at com.kms.katalon.core.webui.keyword.builtin.VerifyLinksAccessibleKeyword$_verifyLinksAccessible_closure1.call(VerifyLinksAccessibleKeyword.groovy)
	at com.kms.katalon.core.webui.keyword.internal.WebUIKeywordMain.runKeyword(WebUIKeywordMain.groovy:35)
	at com.kms.katalon.core.webui.keyword.builtin.VerifyLinksAccessibleKeyword.verifyLinksAccessible(VerifyLinksAccessibleKeyword.groovy:38)
	at com.kms.katalon.core.webui.keyword.builtin.VerifyLinksAccessibleKeyword.execute(VerifyLinksAccessibleKeyword.groovy:33)
	at com.kms.katalon.core.keyword.internal.KeywordExecutor.executeKeywordForPlatform(KeywordExecutor.groovy:74)
	at com.kms.katalon.core.webui.keyword.WebUiBuiltInKeywords.verifyLinksAccessible(WebUiBuiltInKeywords.groovy:5040)
	at RegressionTest_VerifyInternalAuditUnitPage_ElementsArePresent.run(RegressionTest_VerifyInternalAuditUnitPage_ElementsArePresent:87)
	at com.kms.katalon.core.main.ScriptEngine.run(ScriptEngine.java:194)
	at com.kms.katalon.core.main.ScriptEngine.runScriptAsRawText(ScriptEngine.java:119)
	at com.kms.katalon.core.main.TestCaseExecutor.runScript(TestCaseExecutor.java:448)
	at com.kms.katalon.core.main.TestCaseExecutor.doExecute(TestCaseExecutor.java:439)
	at com.kms.katalon.core.main.TestCaseExecutor.processExecutionPhase(TestCaseExecutor.java:418)
	at com.kms.katalon.core.main.TestCaseExecutor.accessMainPhase(TestCaseExecutor.java:410)
	at com.kms.katalon.core.main.TestCaseExecutor.execute(TestCaseExecutor.java:285)
	at com.kms.katalon.core.common.CommonExecutor.accessTestCaseMainPhase(CommonExecutor.java:65)
	at com.kms.katalon.core.main.TestSuiteExecutor.accessTestSuiteMainPhase(TestSuiteExecutor.java:161)
	at com.kms.katalon.core.main.TestSuiteExecutor.execute(TestSuiteExecutor.java:107)
	at com.kms.katalon.core.main.TestCaseMain.startTestSuite(TestCaseMain.java:176)
	at TempTestSuite1737108265632.run(TempTestSuite1737108265632.groovy:35)
	at java.base/jdk.internal.reflect.NativeMethodAccessorImpl.invoke0(Native Method)
	at java.base/jdk.internal.reflect.NativeMethodAccessorImpl.invoke(NativeMethodAccessorImpl.java:77)
	at java.base/jdk.internal.reflect.DelegatingMethodAccessorImpl.invoke(DelegatingMethodAccessorImpl.java:43)
)

17-01-2025T17:08:38 - [TEST_STEP][PASSED] - closeWindowIndex(1): Window with index 1 is closed

17-01-2025T17:08:38 - [MESSAGE][PASSED] - Window with index 1 is closed

17-01-2025T17:08:38 - [TEST_STEP][PASSED] - switchToWindowIndex(0): Switched to window with index: '0'

17-01-2025T17:08:38 - [MESSAGE][PASSED] - Switched to window with index: '0'

17-01-2025T17:08:38 - [TEST_STEP][PASSED] - Start listener action : AfterTestCase: null]]></system-out>
         <system-err><![CDATA[]]></system-err>
      </testcase>
      <testcase name="Test Cases/Corporate/Corporate Governance/RegressionTest_VerifyOthersPage_ElementsArePresent" time="13.539" classname="Test Cases/Corporate/Corporate Governance/RegressionTest_VerifyOthersPage_ElementsArePresent" status="PASSED">
         <system-out><![CDATA[17-01-2025T17:08:38 - [TEST_CASE][PASSED] - Test Cases/Corporate/Corporate Governance/RegressionTest_VerifyOthersPage_ElementsArePresent: Test Cases/Corporate/Corporate Governance/RegressionTest_VerifyOthersPage_ElementsArePresent

17-01-2025T17:08:38 - [TEST_STEP][PASSED] - Start listener action : BeforeTestCase: null

17-01-2025T17:08:38 - [TEST_STEP][NOT_RUN] - click(findTestObject("link_Content", ["href":"/corporate", "text":"Corporate"])): NOT_RUN: click(findTestObject("link_Content", ["href":"/corporate", "text":"Corporate"]))

17-01-2025T17:08:38 - [MESSAGE][NOT_RUN] - NOT_RUN: click(findTestObject("link_Content", ["href":"/corporate", "text":"Corporate"]))

17-01-2025T17:08:38 - [TEST_STEP][PASSED] - click(findTestObject("link_Content", ["href":"#", "text":"Corporate Governance"])): Object: 'Object Repository/link_Content' is clicked on

17-01-2025T17:08:38 - [MESSAGE][PASSED] - Object: 'Object Repository/link_Content' is clicked on

17-01-2025T17:08:38 - [TEST_STEP][PASSED] - click(findTestObject("link_Content", ["href":"/en/corporate/CorporateGovernance/Others", "text":"Others"])): Object: 'Object Repository/link_Content' is clicked on

17-01-2025T17:08:39 - [MESSAGE][PASSED] - Object: 'Object Repository/link_Content' is clicked on

17-01-2025T17:08:39 - [TEST_STEP][PASSED] - scrollToElement(findTestObject("var_Content", ["xpath":"//body[1]/div[1]/main[1]/main[1]/div[1]/div[1]/ol[1]"]), 10): Scroll to object 'Object Repository/var_Content' successfully

17-01-2025T17:08:40 - [MESSAGE][PASSED] - Scroll to object 'Object Repository/var_Content' successfully

17-01-2025T17:08:40 - [TEST_STEP][PASSED] - verifyElementPresent(findTestObject("lbl_Content", ["text":"OTHERS"]), 10): Object 'Object Repository/lbl_Content' is present

17-01-2025T17:08:40 - [MESSAGE][PASSED] - Object 'Object Repository/lbl_Content' is present

17-01-2025T17:08:40 - [TEST_STEP][PASSED] - click(findTestObject("var_Content", ["xpath":"//body[1]/div[1]/main[1]/main[1]/div[2]/div[3]/div[1]"])): Object: 'Object Repository/var_Content' is clicked on

17-01-2025T17:08:40 - [MESSAGE][PASSED] - Object: 'Object Repository/var_Content' is clicked on

17-01-2025T17:08:40 - [TEST_STEP][PASSED] - verifyLinksAccessible(["https://baf-mobile-dev.oss-ap-southeast-5.aliyuncs.com/About/CorporateGovernance/1718877049110.pdf"]): All links are accessible

17-01-2025T17:08:41 - [MESSAGE][INFO] - HAR: C:\Users\P251224001\git\BAF-website\Reports\20250117_170425\Corporate\20250117_170425\requests\main\32.har

17-01-2025T17:08:41 - [MESSAGE][PASSED] - Send request successfully

17-01-2025T17:08:41 - [MESSAGE][PASSED] - All links are accessible

17-01-2025T17:08:41 - [TEST_STEP][PASSED] - closeWindowIndex(1): Window with index 1 is closed

17-01-2025T17:08:41 - [MESSAGE][PASSED] - Window with index 1 is closed

17-01-2025T17:08:41 - [TEST_STEP][PASSED] - switchToWindowIndex(0): Switched to window with index: '0'

17-01-2025T17:08:41 - [MESSAGE][PASSED] - Switched to window with index: '0'

17-01-2025T17:08:41 - [TEST_STEP][PASSED] - click(findTestObject("var_Content", ["xpath":"//body[1]/div[1]/main[1]/main[1]/div[2]/div[3]/div[2]"])): Object: 'Object Repository/var_Content' is clicked on

17-01-2025T17:08:41 - [MESSAGE][PASSED] - Object: 'Object Repository/var_Content' is clicked on

17-01-2025T17:08:41 - [TEST_STEP][PASSED] - verifyLinksAccessible(["https://baf-mobile-dev.oss-ap-southeast-5.aliyuncs.com/About/CorporateGovernance/1718809060517.pdf"]): All links are accessible

17-01-2025T17:08:41 - [MESSAGE][INFO] - HAR: C:\Users\P251224001\git\BAF-website\Reports\20250117_170425\Corporate\20250117_170425\requests\main\33.har

17-01-2025T17:08:41 - [MESSAGE][PASSED] - Send request successfully

17-01-2025T17:08:41 - [MESSAGE][PASSED] - All links are accessible

17-01-2025T17:08:41 - [TEST_STEP][PASSED] - closeWindowIndex(1): Window with index 1 is closed

17-01-2025T17:08:42 - [MESSAGE][PASSED] - Window with index 1 is closed

17-01-2025T17:08:42 - [TEST_STEP][PASSED] - switchToWindowIndex(0): Switched to window with index: '0'

17-01-2025T17:08:42 - [MESSAGE][PASSED] - Switched to window with index: '0'

17-01-2025T17:08:42 - [TEST_STEP][PASSED] - click(findTestObject("var_Content", ["xpath":"//body[1]/div[1]/main[1]/main[1]/div[2]/div[3]/div[3]"])): Object: 'Object Repository/var_Content' is clicked on

17-01-2025T17:08:42 - [MESSAGE][PASSED] - Object: 'Object Repository/var_Content' is clicked on

17-01-2025T17:08:42 - [TEST_STEP][PASSED] - verifyLinksAccessible(["https://baf-mobile-dev.oss-ap-southeast-5.aliyuncs.com/About/CorporateGovernance/1718346396671.pdf"]): All links are accessible

17-01-2025T17:08:49 - [MESSAGE][INFO] - HAR: C:\Users\P251224001\git\BAF-website\Reports\20250117_170425\Corporate\20250117_170425\requests\main\34.har

17-01-2025T17:08:49 - [MESSAGE][PASSED] - Send request successfully

17-01-2025T17:08:49 - [MESSAGE][PASSED] - All links are accessible

17-01-2025T17:08:49 - [TEST_STEP][PASSED] - closeWindowIndex(1): Window with index 1 is closed

17-01-2025T17:08:49 - [MESSAGE][PASSED] - Window with index 1 is closed

17-01-2025T17:08:49 - [TEST_STEP][PASSED] - switchToWindowIndex(0): Switched to window with index: '0'

17-01-2025T17:08:49 - [MESSAGE][PASSED] - Switched to window with index: '0'

17-01-2025T17:08:49 - [TEST_STEP][PASSED] - click(findTestObject("var_Content", ["xpath":"//body[1]/div[1]/main[1]/main[1]/div[2]/div[3]/div[4]"])): Object: 'Object Repository/var_Content' is clicked on

17-01-2025T17:08:50 - [MESSAGE][PASSED] - Object: 'Object Repository/var_Content' is clicked on

17-01-2025T17:08:50 - [TEST_STEP][PASSED] - verifyLinksAccessible(["https://baf-mobile-dev.oss-ap-southeast-5.aliyuncs.com/About/CorporateGovernance/1718346336557.pdf"]): All links are accessible

17-01-2025T17:08:51 - [MESSAGE][INFO] - HAR: C:\Users\P251224001\git\BAF-website\Reports\20250117_170425\Corporate\20250117_170425\requests\main\35.har

17-01-2025T17:08:51 - [MESSAGE][PASSED] - Send request successfully

17-01-2025T17:08:51 - [MESSAGE][PASSED] - All links are accessible

17-01-2025T17:08:51 - [TEST_STEP][PASSED] - closeWindowIndex(1): Window with index 1 is closed

17-01-2025T17:08:51 - [MESSAGE][PASSED] - Window with index 1 is closed

17-01-2025T17:08:51 - [TEST_STEP][PASSED] - switchToWindowIndex(0): Switched to window with index: '0'

17-01-2025T17:08:51 - [MESSAGE][PASSED] - Switched to window with index: '0'

17-01-2025T17:08:51 - [TEST_STEP][PASSED] - Start listener action : AfterTestCase: null]]></system-out>
         <system-err><![CDATA[]]></system-err>
      </testcase>
      <testcase name="Test Cases/Corporate/Corporate Governance/RegressionTest_VerifyShariaSupervisoryBoardPage_ElementsArePresent" time="9.018" classname="Test Cases/Corporate/Corporate Governance/RegressionTest_VerifyShariaSupervisoryBoardPage_ElementsArePresent" status="PASSED">
         <system-out><![CDATA[17-01-2025T17:08:51 - [TEST_CASE][PASSED] - Test Cases/Corporate/Corporate Governance/RegressionTest_VerifyShariaSupervisoryBoardPage_ElementsArePresent: Test Cases/Corporate/Corporate Governance/RegressionTest_VerifyShariaSupervisoryBoardPage_ElementsArePresent

17-01-2025T17:08:51 - [TEST_STEP][PASSED] - Start listener action : BeforeTestCase: null

17-01-2025T17:08:52 - [TEST_STEP][NOT_RUN] - click(findTestObject("link_Content", ["href":"/corporate", "text":"Corporate"])): NOT_RUN: click(findTestObject("link_Content", ["href":"/corporate", "text":"Corporate"]))

17-01-2025T17:08:52 - [MESSAGE][NOT_RUN] - NOT_RUN: click(findTestObject("link_Content", ["href":"/corporate", "text":"Corporate"]))

17-01-2025T17:08:52 - [TEST_STEP][PASSED] - click(findTestObject("link_Content", ["href":"#", "text":"Corporate Governance"])): Object: 'Object Repository/link_Content' is clicked on

17-01-2025T17:08:52 - [MESSAGE][PASSED] - Object: 'Object Repository/link_Content' is clicked on

17-01-2025T17:08:52 - [TEST_STEP][PASSED] - click(findTestObject("link_Content", ["href":"/en/corporate/CorporateGovernance/ShariaSupervisorBoard", "text":"Sharia Supervisory Board"])): Object: 'Object Repository/link_Content' is clicked on

17-01-2025T17:08:53 - [MESSAGE][PASSED] - Object: 'Object Repository/link_Content' is clicked on

17-01-2025T17:08:53 - [TEST_STEP][PASSED] - scrollToElement(findTestObject("var_Content", ["xpath":"//body[1]/div[1]/main[1]/main[1]/div[1]/div[1]/ol[1]"]), 10): Scroll to object 'Object Repository/var_Content' successfully

17-01-2025T17:08:54 - [MESSAGE][PASSED] - Scroll to object 'Object Repository/var_Content' successfully

17-01-2025T17:08:54 - [TEST_STEP][PASSED] - verifyElementPresent(findTestObject("lbl_Content", ["text":"SHARIA SUPERVISORY BOARD"]), 10): Object 'Object Repository/lbl_Content' is present

17-01-2025T17:08:54 - [MESSAGE][PASSED] - Object 'Object Repository/lbl_Content' is present

17-01-2025T17:08:54 - [TEST_STEP][PASSED] - verifyElementPresent(findTestObject("var_Content", ["xpath":"//body[1]/div[1]/main[1]/main[1]/div[2]/div[2]"]), 10): Object 'Object Repository/var_Content' is present

17-01-2025T17:08:54 - [MESSAGE][PASSED] - Object 'Object Repository/var_Content' is present

17-01-2025T17:08:54 - [TEST_STEP][PASSED] - click(findTestObject("var_Content", ["xpath":"//body[1]/div[1]/main[1]/main[1]/div[2]/div[3]"])): Object: 'Object Repository/var_Content' is clicked on

17-01-2025T17:08:55 - [MESSAGE][PASSED] - Object: 'Object Repository/var_Content' is clicked on

17-01-2025T17:08:55 - [TEST_STEP][PASSED] - verifyLinksAccessible(["https://baf-mobile-dev.oss-ap-southeast-5.aliyuncs.com/About/CorporateGovernance/1718346089767.pdf"]): All links are accessible

17-01-2025T17:09:00 - [MESSAGE][INFO] - HAR: C:\Users\P251224001\git\BAF-website\Reports\20250117_170425\Corporate\20250117_170425\requests\main\36.har

17-01-2025T17:09:00 - [MESSAGE][PASSED] - Send request successfully

17-01-2025T17:09:00 - [MESSAGE][PASSED] - All links are accessible

17-01-2025T17:09:00 - [TEST_STEP][PASSED] - closeWindowIndex(1): Window with index 1 is closed

17-01-2025T17:09:00 - [MESSAGE][PASSED] - Window with index 1 is closed

17-01-2025T17:09:00 - [TEST_STEP][PASSED] - switchToWindowIndex(0): Switched to window with index: '0'

17-01-2025T17:09:00 - [MESSAGE][PASSED] - Switched to window with index: '0'

17-01-2025T17:09:00 - [TEST_STEP][PASSED] - Start listener action : AfterTestCase: null]]></system-out>
         <system-err><![CDATA[]]></system-err>
      </testcase>
      <testcase name="Test Cases/Corporate/Corporate Governance/RegressionTest_VerifyWhistleblowingSystemPage_ElementsArePresent" time="2.212" classname="Test Cases/Corporate/Corporate Governance/RegressionTest_VerifyWhistleblowingSystemPage_ElementsArePresent" status="PASSED">
         <system-out><![CDATA[17-01-2025T17:09:00 - [TEST_CASE][PASSED] - Test Cases/Corporate/Corporate Governance/RegressionTest_VerifyWhistleblowingSystemPage_ElementsArePresent: Test Cases/Corporate/Corporate Governance/RegressionTest_VerifyWhistleblowingSystemPage_ElementsArePresent

17-01-2025T17:09:01 - [TEST_STEP][PASSED] - Start listener action : BeforeTestCase: null

17-01-2025T17:09:01 - [TEST_STEP][NOT_RUN] - click(findTestObject("link_Content", ["href":"/corporate", "text":"Corporate"])): NOT_RUN: click(findTestObject("link_Content", ["href":"/corporate", "text":"Corporate"]))

17-01-2025T17:09:01 - [MESSAGE][NOT_RUN] - NOT_RUN: click(findTestObject("link_Content", ["href":"/corporate", "text":"Corporate"]))

17-01-2025T17:09:01 - [TEST_STEP][PASSED] - click(findTestObject("link_Content", ["href":"#", "text":"Corporate Governance"])): Object: 'Object Repository/link_Content' is clicked on

17-01-2025T17:09:01 - [MESSAGE][PASSED] - Object: 'Object Repository/link_Content' is clicked on

17-01-2025T17:09:01 - [TEST_STEP][PASSED] - click(findTestObject("link_Content", ["href":"/en/corporate/CorporateGovernance/Whistleblowing", "text":"Whistleblowing System"])): Object: 'Object Repository/link_Content' is clicked on

17-01-2025T17:09:02 - [MESSAGE][PASSED] - Object: 'Object Repository/link_Content' is clicked on

17-01-2025T17:09:02 - [TEST_STEP][PASSED] - scrollToElement(findTestObject("var_Content", ["xpath":"//body[1]/div[1]/main[1]/main[1]/div[1]/div[1]/ol[1]"]), 10): Scroll to object 'Object Repository/var_Content' successfully

17-01-2025T17:09:02 - [MESSAGE][PASSED] - Scroll to object 'Object Repository/var_Content' successfully

17-01-2025T17:09:02 - [TEST_STEP][PASSED] - verifyElementPresent(findTestObject("lbl_Content", ["text":"WHISTLEBLOWING SYSTEM"]), 10): Object 'Object Repository/lbl_Content' is present

17-01-2025T17:09:02 - [MESSAGE][PASSED] - Object 'Object Repository/lbl_Content' is present

17-01-2025T17:09:02 - [TEST_STEP][PASSED] - verifyElementPresent(findTestObject("var_Content", ["xpath":"//body[1]/div[1]/main[1]/main[1]/div[2]/div[2]"]), 10): Object 'Object Repository/var_Content' is present

17-01-2025T17:09:03 - [MESSAGE][PASSED] - Object 'Object Repository/var_Content' is present

17-01-2025T17:09:03 - [TEST_STEP][PASSED] - Start listener action : AfterTestCase: null]]></system-out>
         <system-err><![CDATA[]]></system-err>
      </testcase>
      <testcase name="Test Cases/Corporate/Sustainability/RegressionTest_VerifyEconomySocialEnvironmentPage_ElementsArePresent" time="11.63" classname="Test Cases/Corporate/Sustainability/RegressionTest_VerifyEconomySocialEnvironmentPage_ElementsArePresent" status="PASSED">
         <system-out><![CDATA[17-01-2025T17:09:03 - [TEST_CASE][PASSED] - Test Cases/Corporate/Sustainability/RegressionTest_VerifyEconomySocialEnvironmentPage_ElementsArePresent: Test Cases/Corporate/Sustainability/RegressionTest_VerifyEconomySocialEnvironmentPage_ElementsArePresent

17-01-2025T17:09:03 - [TEST_STEP][PASSED] - Start listener action : BeforeTestCase: null

17-01-2025T17:09:03 - [TEST_STEP][NOT_RUN] - click(findTestObject("link_Content", ["href":"/corporate", "text":"Corporate"])): NOT_RUN: click(findTestObject("link_Content", ["href":"/corporate", "text":"Corporate"]))

17-01-2025T17:09:03 - [MESSAGE][NOT_RUN] - NOT_RUN: click(findTestObject("link_Content", ["href":"/corporate", "text":"Corporate"]))

17-01-2025T17:09:03 - [TEST_STEP][PASSED] - click(findTestObject("link_Content", ["href":"#", "text":"Sustainability"])): Object: 'Object Repository/link_Content' is clicked on

17-01-2025T17:09:03 - [MESSAGE][PASSED] - Object: 'Object Repository/link_Content' is clicked on

17-01-2025T17:09:03 - [TEST_STEP][PASSED] - click(findTestObject("lbl_Content", ["text":"Economy, Social, & Environment"])): Object: 'Object Repository/lbl_Content' is clicked on

17-01-2025T17:09:04 - [MESSAGE][PASSED] - Object: 'Object Repository/lbl_Content' is clicked on

17-01-2025T17:09:04 - [TEST_STEP][PASSED] - scrollToElement(findTestObject("var_Content", ["xpath":"//body[1]/div[1]/main[1]/main[1]/div[1]/div[1]/ol[1]"]), 10): Scroll to object 'Object Repository/var_Content' successfully

17-01-2025T17:09:05 - [MESSAGE][PASSED] - Scroll to object 'Object Repository/var_Content' successfully

17-01-2025T17:09:05 - [TEST_STEP][PASSED] - verifyElementPresent(findTestObject("lbl_Content", ["text":"ECONOMY, SOCIAL, & ENVIRONMENT"]), 10): Object 'Object Repository/lbl_Content' is present

17-01-2025T17:09:05 - [MESSAGE][PASSED] - Object 'Object Repository/lbl_Content' is present

17-01-2025T17:09:05 - [TEST_STEP][PASSED] - verifyElementPresent(findTestObject("var_Content", ["xpath":"//body[1]/div[1]/main[1]/main[1]/div[2]/div[1]/div[2]/div[1]/div[1]/div[1]"]), 10): Object 'Object Repository/var_Content' is present

17-01-2025T17:09:06 - [MESSAGE][PASSED] - Object 'Object Repository/var_Content' is present

17-01-2025T17:09:06 - [TEST_STEP][PASSED] - click(findTestObject("var_Content", ["xpath":"//body[1]/div[1]/main[1]/main[1]/div[2]/div[1]/div[1]/div[1]/div[1]/div[2]/a[1]"])): Object: 'Object Repository/var_Content' is clicked on

17-01-2025T17:09:06 - [MESSAGE][PASSED] - Object: 'Object Repository/var_Content' is clicked on

17-01-2025T17:09:06 - [TEST_STEP][PASSED] - verifyElementPresent(findTestObject("var_Content", ["xpath":"//body[1]/div[1]/main[1]/main[1]/div[2]/div[1]/div[2]/div[1]/div[1]/div[1]"]), 10): Object 'Object Repository/var_Content' is present

17-01-2025T17:09:07 - [MESSAGE][PASSED] - Object 'Object Repository/var_Content' is present

17-01-2025T17:09:07 - [TEST_STEP][PASSED] - click(findTestObject("var_Content", ["xpath":"//body[1]/div[1]/main[1]/main[1]/div[2]/div[1]/div[1]/div[1]/div[1]/div[3]"])): Object: 'Object Repository/var_Content' is clicked on

17-01-2025T17:09:07 - [MESSAGE][PASSED] - Object: 'Object Repository/var_Content' is clicked on

17-01-2025T17:09:07 - [TEST_STEP][PASSED] - verifyElementPresent(findTestObject("var_Content", ["xpath":"//body[1]/div[1]/main[1]/main[1]/div[2]/div[1]/div[2]/div[1]/div[1]/div[1]"]), 10): Object 'Object Repository/var_Content' is present

17-01-2025T17:09:08 - [MESSAGE][PASSED] - Object 'Object Repository/var_Content' is present

17-01-2025T17:09:08 - [TEST_STEP][PASSED] - scrollToElement(findTestObject("var_Content", ["xpath":"//body[1]/div[1]/main[1]/main[1]/div[2]/div[2]"]), 10): Scroll to object 'Object Repository/var_Content' successfully

17-01-2025T17:09:09 - [MESSAGE][PASSED] - Scroll to object 'Object Repository/var_Content' successfully

17-01-2025T17:09:09 - [TEST_STEP][PASSED] - verifyElementPresent(findTestObject("lbl_Content", ["text":"Company Profile Video"]), 10): Object 'Object Repository/lbl_Content' is present

17-01-2025T17:09:09 - [MESSAGE][PASSED] - Object 'Object Repository/lbl_Content' is present

17-01-2025T17:09:09 - [TEST_STEP][PASSED] - verifyElementPresent(findTestObject("var_Content", ["xpath":"//body[1]/div[1]/main[1]/main[1]/div[2]/div[2]/div[1]/div[1]/div[1]/p[1]"]), 10): Object 'Object Repository/var_Content' is present

17-01-2025T17:09:09 - [MESSAGE][PASSED] - Object 'Object Repository/var_Content' is present

17-01-2025T17:09:09 - [TEST_STEP][PASSED] - click(findTestObject("link_Content", ["href":"https://www.youtube.com/watch?v=_0-hV5gwpwU", "text":"Let's watch"])): Object: 'Object Repository/link_Content' is clicked on

17-01-2025T17:09:10 - [MESSAGE][PASSED] - Object: 'Object Repository/link_Content' is clicked on

17-01-2025T17:09:10 - [TEST_STEP][PASSED] - verifyLinksAccessible(["https://www.youtube.com/watch?v=_0-hV5gwpwU"]): All links are accessible

17-01-2025T17:09:14 - [MESSAGE][INFO] - HAR: C:\Users\P251224001\git\BAF-website\Reports\20250117_170425\Corporate\20250117_170425\requests\main\37.har

17-01-2025T17:09:14 - [MESSAGE][PASSED] - Send request successfully

17-01-2025T17:09:14 - [MESSAGE][PASSED] - All links are accessible

17-01-2025T17:09:14 - [TEST_STEP][PASSED] - closeWindowIndex(1): Window with index 1 is closed

17-01-2025T17:09:14 - [MESSAGE][PASSED] - Window with index 1 is closed

17-01-2025T17:09:14 - [TEST_STEP][PASSED] - switchToWindowIndex(0): Switched to window with index: '0'

17-01-2025T17:09:14 - [MESSAGE][PASSED] - Switched to window with index: '0'

17-01-2025T17:09:14 - [TEST_STEP][PASSED] - Start listener action : AfterTestCase: null]]></system-out>
         <system-err><![CDATA[]]></system-err>
      </testcase>
      <testcase name="Test Cases/Corporate/Sustainability/RegressionTest_VerifySustainabilityReportPage_ElementsArePresent" time="53.366" classname="Test Cases/Corporate/Sustainability/RegressionTest_VerifySustainabilityReportPage_ElementsArePresent" status="PASSED">
         <system-out><![CDATA[17-01-2025T17:09:14 - [TEST_CASE][PASSED] - Test Cases/Corporate/Sustainability/RegressionTest_VerifySustainabilityReportPage_ElementsArePresent: Test Cases/Corporate/Sustainability/RegressionTest_VerifySustainabilityReportPage_ElementsArePresent

17-01-2025T17:09:14 - [TEST_STEP][PASSED] - Start listener action : BeforeTestCase: null

17-01-2025T17:09:15 - [TEST_STEP][NOT_RUN] - click(findTestObject("link_Content", ["href":"/corporate", "text":"Corporate"])): NOT_RUN: click(findTestObject("link_Content", ["href":"/corporate", "text":"Corporate"]))

17-01-2025T17:09:15 - [MESSAGE][NOT_RUN] - NOT_RUN: click(findTestObject("link_Content", ["href":"/corporate", "text":"Corporate"]))

17-01-2025T17:09:15 - [TEST_STEP][PASSED] - click(findTestObject("link_Content", ["href":"#", "text":"Sustainability"])): Object: 'Object Repository/link_Content' is clicked on

17-01-2025T17:09:15 - [MESSAGE][PASSED] - Object: 'Object Repository/link_Content' is clicked on

17-01-2025T17:09:15 - [TEST_STEP][PASSED] - click(findTestObject("link_Content", ["href":"/en/corporate/Sustainability/SustainabilityReport", "text":"Sustainability Report"])): Object: 'Object Repository/link_Content' is clicked on

17-01-2025T17:09:16 - [MESSAGE][PASSED] - Object: 'Object Repository/link_Content' is clicked on

17-01-2025T17:09:16 - [TEST_STEP][PASSED] - scrollToElement(findTestObject("var_Content", ["xpath":"//body[1]/div[1]/main[1]/main[1]/div[1]/div[1]/ol[1]"]), 10): Scroll to object 'Object Repository/var_Content' successfully

17-01-2025T17:09:18 - [MESSAGE][PASSED] - Scroll to object 'Object Repository/var_Content' successfully

17-01-2025T17:09:18 - [TEST_STEP][PASSED] - verifyElementPresent(findTestObject("lbl_Content", ["text":"SUSTAINABILITY REPORT"]), 10): Object 'Object Repository/lbl_Content' is present

17-01-2025T17:09:18 - [MESSAGE][PASSED] - Object 'Object Repository/lbl_Content' is present

17-01-2025T17:09:18 - [TEST_STEP][PASSED] - click(findTestObject("var_Content", ["xpath":"//body[1]/div[1]/main[1]/main[1]/div[2]/div[3]/div[1]/div[1]/div[2]/a[1]"])): Object: 'Object Repository/var_Content' is clicked on

17-01-2025T17:09:18 - [MESSAGE][PASSED] - Object: 'Object Repository/var_Content' is clicked on

17-01-2025T17:09:18 - [TEST_STEP][PASSED] - verifyLinksAccessible(["https://baf-mobile-dev.oss-ap-southeast-5.aliyuncs.com/corporate-content-file%2F1731637312728.pdf?Expires=1736539562&OSSAccessKeyId=LTAI5t78APQ3CX3zFy4qKiTQ&Signature=wQJo5CR1mz9xZEi25GHMvscSsZQ%3D"], OPTIONAL): Found 1 inaccessible links [https://baf-mobile-dev.oss-ap-southeast-5.aliyuncs.com/corporate-content-file%2F1731637312728.pdf?Expires=1736539562&OSSAccessKeyId=LTAI5t78APQ3CX3zFy4qKiTQ&Signature=wQJo5CR1mz9xZEi25GHMvscSsZQ%3D] (Root cause: com.kms.katalon.core.exception.StepFailedException: Found 1 inaccessible links [https://baf-mobile-dev.oss-ap-southeast-5.aliyuncs.com/corporate-content-file%2F1731637312728.pdf?Expires=1736539562&OSSAccessKeyId=LTAI5t78APQ3CX3zFy4qKiTQ&Signature=wQJo5CR1mz9xZEi25GHMvscSsZQ%3D]
	at com.kms.katalon.core.webui.keyword.internal.WebUIKeywordMain.stepFailed(WebUIKeywordMain.groovy:117)
	at com.kms.katalon.core.webui.keyword.builtin.VerifyLinksAccessibleKeyword$_verifyLinksAccessible_closure1.doCall(VerifyLinksAccessibleKeyword.groovy:53)
	at com.kms.katalon.core.webui.keyword.builtin.VerifyLinksAccessibleKeyword$_verifyLinksAccessible_closure1.call(VerifyLinksAccessibleKeyword.groovy)
	at com.kms.katalon.core.webui.keyword.internal.WebUIKeywordMain.runKeyword(WebUIKeywordMain.groovy:35)
	at com.kms.katalon.core.webui.keyword.builtin.VerifyLinksAccessibleKeyword.verifyLinksAccessible(VerifyLinksAccessibleKeyword.groovy:38)
	at com.kms.katalon.core.webui.keyword.builtin.VerifyLinksAccessibleKeyword.execute(VerifyLinksAccessibleKeyword.groovy:33)
	at com.kms.katalon.core.keyword.internal.KeywordExecutor.executeKeywordForPlatform(KeywordExecutor.groovy:74)
	at com.kms.katalon.core.webui.keyword.WebUiBuiltInKeywords.verifyLinksAccessible(WebUiBuiltInKeywords.groovy:5040)
	at RegressionTest_VerifySustainabilityReportPage_ElementsArePresent.run(RegressionTest_VerifySustainabilityReportPage_ElementsArePresent:40)
	at com.kms.katalon.core.main.ScriptEngine.run(ScriptEngine.java:194)
	at com.kms.katalon.core.main.ScriptEngine.runScriptAsRawText(ScriptEngine.java:119)
	at com.kms.katalon.core.main.TestCaseExecutor.runScript(TestCaseExecutor.java:448)
	at com.kms.katalon.core.main.TestCaseExecutor.doExecute(TestCaseExecutor.java:439)
	at com.kms.katalon.core.main.TestCaseExecutor.processExecutionPhase(TestCaseExecutor.java:418)
	at com.kms.katalon.core.main.TestCaseExecutor.accessMainPhase(TestCaseExecutor.java:410)
	at com.kms.katalon.core.main.TestCaseExecutor.execute(TestCaseExecutor.java:285)
	at com.kms.katalon.core.common.CommonExecutor.accessTestCaseMainPhase(CommonExecutor.java:65)
	at com.kms.katalon.core.main.TestSuiteExecutor.accessTestSuiteMainPhase(TestSuiteExecutor.java:161)
	at com.kms.katalon.core.main.TestSuiteExecutor.execute(TestSuiteExecutor.java:107)
	at com.kms.katalon.core.main.TestCaseMain.startTestSuite(TestCaseMain.java:176)
	at TempTestSuite1737108265632.run(TempTestSuite1737108265632.groovy:35)
	at java.base/jdk.internal.reflect.NativeMethodAccessorImpl.invoke0(Native Method)
	at java.base/jdk.internal.reflect.NativeMethodAccessorImpl.invoke(NativeMethodAccessorImpl.java:77)
	at java.base/jdk.internal.reflect.DelegatingMethodAccessorImpl.invoke(DelegatingMethodAccessorImpl.java:43)
)

17-01-2025T17:09:18 - [MESSAGE][INFO] - HAR: C:\Users\P251224001\git\BAF-website\Reports\20250117_170425\Corporate\20250117_170425\requests\main\38.har

17-01-2025T17:09:18 - [MESSAGE][PASSED] - Send request successfully

17-01-2025T17:09:18 - [MESSAGE][WARNING] - Found 1 inaccessible links [https://baf-mobile-dev.oss-ap-southeast-5.aliyuncs.com/corporate-content-file%2F1731637312728.pdf?Expires=1736539562&OSSAccessKeyId=LTAI5t78APQ3CX3zFy4qKiTQ&Signature=wQJo5CR1mz9xZEi25GHMvscSsZQ%3D] (Root cause: com.kms.katalon.core.exception.StepFailedException: Found 1 inaccessible links [https://baf-mobile-dev.oss-ap-southeast-5.aliyuncs.com/corporate-content-file%2F1731637312728.pdf?Expires=1736539562&OSSAccessKeyId=LTAI5t78APQ3CX3zFy4qKiTQ&Signature=wQJo5CR1mz9xZEi25GHMvscSsZQ%3D]
	at com.kms.katalon.core.webui.keyword.internal.WebUIKeywordMain.stepFailed(WebUIKeywordMain.groovy:117)
	at com.kms.katalon.core.webui.keyword.builtin.VerifyLinksAccessibleKeyword$_verifyLinksAccessible_closure1.doCall(VerifyLinksAccessibleKeyword.groovy:53)
	at com.kms.katalon.core.webui.keyword.builtin.VerifyLinksAccessibleKeyword$_verifyLinksAccessible_closure1.call(VerifyLinksAccessibleKeyword.groovy)
	at com.kms.katalon.core.webui.keyword.internal.WebUIKeywordMain.runKeyword(WebUIKeywordMain.groovy:35)
	at com.kms.katalon.core.webui.keyword.builtin.VerifyLinksAccessibleKeyword.verifyLinksAccessible(VerifyLinksAccessibleKeyword.groovy:38)
	at com.kms.katalon.core.webui.keyword.builtin.VerifyLinksAccessibleKeyword.execute(VerifyLinksAccessibleKeyword.groovy:33)
	at com.kms.katalon.core.keyword.internal.KeywordExecutor.executeKeywordForPlatform(KeywordExecutor.groovy:74)
	at com.kms.katalon.core.webui.keyword.WebUiBuiltInKeywords.verifyLinksAccessible(WebUiBuiltInKeywords.groovy:5040)
	at RegressionTest_VerifySustainabilityReportPage_ElementsArePresent.run(RegressionTest_VerifySustainabilityReportPage_ElementsArePresent:40)
	at com.kms.katalon.core.main.ScriptEngine.run(ScriptEngine.java:194)
	at com.kms.katalon.core.main.ScriptEngine.runScriptAsRawText(ScriptEngine.java:119)
	at com.kms.katalon.core.main.TestCaseExecutor.runScript(TestCaseExecutor.java:448)
	at com.kms.katalon.core.main.TestCaseExecutor.doExecute(TestCaseExecutor.java:439)
	at com.kms.katalon.core.main.TestCaseExecutor.processExecutionPhase(TestCaseExecutor.java:418)
	at com.kms.katalon.core.main.TestCaseExecutor.accessMainPhase(TestCaseExecutor.java:410)
	at com.kms.katalon.core.main.TestCaseExecutor.execute(TestCaseExecutor.java:285)
	at com.kms.katalon.core.common.CommonExecutor.accessTestCaseMainPhase(CommonExecutor.java:65)
	at com.kms.katalon.core.main.TestSuiteExecutor.accessTestSuiteMainPhase(TestSuiteExecutor.java:161)
	at com.kms.katalon.core.main.TestSuiteExecutor.execute(TestSuiteExecutor.java:107)
	at com.kms.katalon.core.main.TestCaseMain.startTestSuite(TestCaseMain.java:176)
	at TempTestSuite1737108265632.run(TempTestSuite1737108265632.groovy:35)
	at java.base/jdk.internal.reflect.NativeMethodAccessorImpl.invoke0(Native Method)
	at java.base/jdk.internal.reflect.NativeMethodAccessorImpl.invoke(NativeMethodAccessorImpl.java:77)
	at java.base/jdk.internal.reflect.DelegatingMethodAccessorImpl.invoke(DelegatingMethodAccessorImpl.java:43)
)

17-01-2025T17:09:18 - [TEST_STEP][PASSED] - closeWindowIndex(1): Window with index 1 is closed

17-01-2025T17:09:19 - [MESSAGE][PASSED] - Window with index 1 is closed

17-01-2025T17:09:19 - [TEST_STEP][PASSED] - switchToWindowIndex(0): Switched to window with index: '0'

17-01-2025T17:09:19 - [MESSAGE][PASSED] - Switched to window with index: '0'

17-01-2025T17:09:19 - [TEST_STEP][PASSED] - scrollToElement(findTestObject("var_Content", ["xpath":"//body[1]/div[1]/main[1]/main[1]/div[2]/div[3]/div[1]/div[1]/div[2]/a[1]"]), 10): Scroll to object 'Object Repository/var_Content' successfully

17-01-2025T17:09:20 - [MESSAGE][PASSED] - Scroll to object 'Object Repository/var_Content' successfully

17-01-2025T17:09:20 - [TEST_STEP][PASSED] - click(findTestObject("var_Content", ["xpath":"//body[1]/div[1]/main[1]/main[1]/div[2]/div[3]/div[1]/div[2]/div[2]/a[1]"])): Object: 'Object Repository/var_Content' is clicked on

17-01-2025T17:09:20 - [MESSAGE][PASSED] - Object: 'Object Repository/var_Content' is clicked on

17-01-2025T17:09:20 - [TEST_STEP][PASSED] - verifyLinksAccessible(["https://baf-mobile-dev.oss-ap-southeast-5.aliyuncs.com/corporate-content-file%2F1731588392200.pdf?Expires=1736539562&OSSAccessKeyId=LTAI5t78APQ3CX3zFy4qKiTQ&Signature=DVt7obuBzbbV5fsay6i0mBZp8N4%3D"], OPTIONAL): Found 1 inaccessible links [https://baf-mobile-dev.oss-ap-southeast-5.aliyuncs.com/corporate-content-file%2F1731588392200.pdf?Expires=1736539562&OSSAccessKeyId=LTAI5t78APQ3CX3zFy4qKiTQ&Signature=DVt7obuBzbbV5fsay6i0mBZp8N4%3D] (Root cause: com.kms.katalon.core.exception.StepFailedException: Found 1 inaccessible links [https://baf-mobile-dev.oss-ap-southeast-5.aliyuncs.com/corporate-content-file%2F1731588392200.pdf?Expires=1736539562&OSSAccessKeyId=LTAI5t78APQ3CX3zFy4qKiTQ&Signature=DVt7obuBzbbV5fsay6i0mBZp8N4%3D]
	at com.kms.katalon.core.webui.keyword.internal.WebUIKeywordMain.stepFailed(WebUIKeywordMain.groovy:117)
	at com.kms.katalon.core.webui.keyword.builtin.VerifyLinksAccessibleKeyword$_verifyLinksAccessible_closure1.doCall(VerifyLinksAccessibleKeyword.groovy:53)
	at com.kms.katalon.core.webui.keyword.builtin.VerifyLinksAccessibleKeyword$_verifyLinksAccessible_closure1.call(VerifyLinksAccessibleKeyword.groovy)
	at com.kms.katalon.core.webui.keyword.internal.WebUIKeywordMain.runKeyword(WebUIKeywordMain.groovy:35)
	at com.kms.katalon.core.webui.keyword.builtin.VerifyLinksAccessibleKeyword.verifyLinksAccessible(VerifyLinksAccessibleKeyword.groovy:38)
	at com.kms.katalon.core.webui.keyword.builtin.VerifyLinksAccessibleKeyword.execute(VerifyLinksAccessibleKeyword.groovy:33)
	at com.kms.katalon.core.keyword.internal.KeywordExecutor.executeKeywordForPlatform(KeywordExecutor.groovy:74)
	at com.kms.katalon.core.webui.keyword.WebUiBuiltInKeywords.verifyLinksAccessible(WebUiBuiltInKeywords.groovy:5040)
	at RegressionTest_VerifySustainabilityReportPage_ElementsArePresent.run(RegressionTest_VerifySustainabilityReportPage_ElementsArePresent:57)
	at com.kms.katalon.core.main.ScriptEngine.run(ScriptEngine.java:194)
	at com.kms.katalon.core.main.ScriptEngine.runScriptAsRawText(ScriptEngine.java:119)
	at com.kms.katalon.core.main.TestCaseExecutor.runScript(TestCaseExecutor.java:448)
	at com.kms.katalon.core.main.TestCaseExecutor.doExecute(TestCaseExecutor.java:439)
	at com.kms.katalon.core.main.TestCaseExecutor.processExecutionPhase(TestCaseExecutor.java:418)
	at com.kms.katalon.core.main.TestCaseExecutor.accessMainPhase(TestCaseExecutor.java:410)
	at com.kms.katalon.core.main.TestCaseExecutor.execute(TestCaseExecutor.java:285)
	at com.kms.katalon.core.common.CommonExecutor.accessTestCaseMainPhase(CommonExecutor.java:65)
	at com.kms.katalon.core.main.TestSuiteExecutor.accessTestSuiteMainPhase(TestSuiteExecutor.java:161)
	at com.kms.katalon.core.main.TestSuiteExecutor.execute(TestSuiteExecutor.java:107)
	at com.kms.katalon.core.main.TestCaseMain.startTestSuite(TestCaseMain.java:176)
	at TempTestSuite1737108265632.run(TempTestSuite1737108265632.groovy:35)
	at java.base/jdk.internal.reflect.NativeMethodAccessorImpl.invoke0(Native Method)
	at java.base/jdk.internal.reflect.NativeMethodAccessorImpl.invoke(NativeMethodAccessorImpl.java:77)
	at java.base/jdk.internal.reflect.DelegatingMethodAccessorImpl.invoke(DelegatingMethodAccessorImpl.java:43)
)

17-01-2025T17:09:20 - [MESSAGE][INFO] - HAR: C:\Users\P251224001\git\BAF-website\Reports\20250117_170425\Corporate\20250117_170425\requests\main\39.har

17-01-2025T17:09:20 - [MESSAGE][PASSED] - Send request successfully

17-01-2025T17:09:20 - [MESSAGE][WARNING] - Found 1 inaccessible links [https://baf-mobile-dev.oss-ap-southeast-5.aliyuncs.com/corporate-content-file%2F1731588392200.pdf?Expires=1736539562&OSSAccessKeyId=LTAI5t78APQ3CX3zFy4qKiTQ&Signature=DVt7obuBzbbV5fsay6i0mBZp8N4%3D] (Root cause: com.kms.katalon.core.exception.StepFailedException: Found 1 inaccessible links [https://baf-mobile-dev.oss-ap-southeast-5.aliyuncs.com/corporate-content-file%2F1731588392200.pdf?Expires=1736539562&OSSAccessKeyId=LTAI5t78APQ3CX3zFy4qKiTQ&Signature=DVt7obuBzbbV5fsay6i0mBZp8N4%3D]
	at com.kms.katalon.core.webui.keyword.internal.WebUIKeywordMain.stepFailed(WebUIKeywordMain.groovy:117)
	at com.kms.katalon.core.webui.keyword.builtin.VerifyLinksAccessibleKeyword$_verifyLinksAccessible_closure1.doCall(VerifyLinksAccessibleKeyword.groovy:53)
	at com.kms.katalon.core.webui.keyword.builtin.VerifyLinksAccessibleKeyword$_verifyLinksAccessible_closure1.call(VerifyLinksAccessibleKeyword.groovy)
	at com.kms.katalon.core.webui.keyword.internal.WebUIKeywordMain.runKeyword(WebUIKeywordMain.groovy:35)
	at com.kms.katalon.core.webui.keyword.builtin.VerifyLinksAccessibleKeyword.verifyLinksAccessible(VerifyLinksAccessibleKeyword.groovy:38)
	at com.kms.katalon.core.webui.keyword.builtin.VerifyLinksAccessibleKeyword.execute(VerifyLinksAccessibleKeyword.groovy:33)
	at com.kms.katalon.core.keyword.internal.KeywordExecutor.executeKeywordForPlatform(KeywordExecutor.groovy:74)
	at com.kms.katalon.core.webui.keyword.WebUiBuiltInKeywords.verifyLinksAccessible(WebUiBuiltInKeywords.groovy:5040)
	at RegressionTest_VerifySustainabilityReportPage_ElementsArePresent.run(RegressionTest_VerifySustainabilityReportPage_ElementsArePresent:57)
	at com.kms.katalon.core.main.ScriptEngine.run(ScriptEngine.java:194)
	at com.kms.katalon.core.main.ScriptEngine.runScriptAsRawText(ScriptEngine.java:119)
	at com.kms.katalon.core.main.TestCaseExecutor.runScript(TestCaseExecutor.java:448)
	at com.kms.katalon.core.main.TestCaseExecutor.doExecute(TestCaseExecutor.java:439)
	at com.kms.katalon.core.main.TestCaseExecutor.processExecutionPhase(TestCaseExecutor.java:418)
	at com.kms.katalon.core.main.TestCaseExecutor.accessMainPhase(TestCaseExecutor.java:410)
	at com.kms.katalon.core.main.TestCaseExecutor.execute(TestCaseExecutor.java:285)
	at com.kms.katalon.core.common.CommonExecutor.accessTestCaseMainPhase(CommonExecutor.java:65)
	at com.kms.katalon.core.main.TestSuiteExecutor.accessTestSuiteMainPhase(TestSuiteExecutor.java:161)
	at com.kms.katalon.core.main.TestSuiteExecutor.execute(TestSuiteExecutor.java:107)
	at com.kms.katalon.core.main.TestCaseMain.startTestSuite(TestCaseMain.java:176)
	at TempTestSuite1737108265632.run(TempTestSuite1737108265632.groovy:35)
	at java.base/jdk.internal.reflect.NativeMethodAccessorImpl.invoke0(Native Method)
	at java.base/jdk.internal.reflect.NativeMethodAccessorImpl.invoke(NativeMethodAccessorImpl.java:77)
	at java.base/jdk.internal.reflect.DelegatingMethodAccessorImpl.invoke(DelegatingMethodAccessorImpl.java:43)
)

17-01-2025T17:09:20 - [TEST_STEP][PASSED] - closeWindowIndex(1): Window with index 1 is closed

17-01-2025T17:09:20 - [MESSAGE][PASSED] - Window with index 1 is closed

17-01-2025T17:09:20 - [TEST_STEP][PASSED] - switchToWindowIndex(0): Switched to window with index: '0'

17-01-2025T17:09:20 - [MESSAGE][PASSED] - Switched to window with index: '0'

17-01-2025T17:09:20 - [TEST_STEP][PASSED] - scrollToElement(findTestObject("var_Content", ["xpath":"//body[1]/div[1]/main[1]/main[1]/div[2]/div[3]/div[1]/div[2]/div[2]/a[1]"]), 10): Scroll to object 'Object Repository/var_Content' successfully

17-01-2025T17:09:21 - [MESSAGE][PASSED] - Scroll to object 'Object Repository/var_Content' successfully

17-01-2025T17:09:21 - [TEST_STEP][PASSED] - click(findTestObject("var_Content", ["xpath":"//body[1]/div[1]/main[1]/main[1]/div[2]/div[3]/div[1]/div[3]/div[2]/a[1]"])): Object: 'Object Repository/var_Content' is clicked on

17-01-2025T17:09:21 - [MESSAGE][PASSED] - Object: 'Object Repository/var_Content' is clicked on

17-01-2025T17:09:21 - [TEST_STEP][PASSED] - verifyLinksAccessible(["https://baf-mobile-dev.oss-ap-southeast-5.aliyuncs.com/corporate-content-file%2F1731587171474.pdf?Expires=1736539562&OSSAccessKeyId=LTAI5t78APQ3CX3zFy4qKiTQ&Signature=u%2BB2SLsVCa8yyG2cQM4Ess1gT18%3D"], OPTIONAL): Found 1 inaccessible links [https://baf-mobile-dev.oss-ap-southeast-5.aliyuncs.com/corporate-content-file%2F1731587171474.pdf?Expires=1736539562&OSSAccessKeyId=LTAI5t78APQ3CX3zFy4qKiTQ&Signature=u%2BB2SLsVCa8yyG2cQM4Ess1gT18%3D] (Root cause: com.kms.katalon.core.exception.StepFailedException: Found 1 inaccessible links [https://baf-mobile-dev.oss-ap-southeast-5.aliyuncs.com/corporate-content-file%2F1731587171474.pdf?Expires=1736539562&OSSAccessKeyId=LTAI5t78APQ3CX3zFy4qKiTQ&Signature=u%2BB2SLsVCa8yyG2cQM4Ess1gT18%3D]
	at com.kms.katalon.core.webui.keyword.internal.WebUIKeywordMain.stepFailed(WebUIKeywordMain.groovy:117)
	at com.kms.katalon.core.webui.keyword.builtin.VerifyLinksAccessibleKeyword$_verifyLinksAccessible_closure1.doCall(VerifyLinksAccessibleKeyword.groovy:53)
	at com.kms.katalon.core.webui.keyword.builtin.VerifyLinksAccessibleKeyword$_verifyLinksAccessible_closure1.call(VerifyLinksAccessibleKeyword.groovy)
	at com.kms.katalon.core.webui.keyword.internal.WebUIKeywordMain.runKeyword(WebUIKeywordMain.groovy:35)
	at com.kms.katalon.core.webui.keyword.builtin.VerifyLinksAccessibleKeyword.verifyLinksAccessible(VerifyLinksAccessibleKeyword.groovy:38)
	at com.kms.katalon.core.webui.keyword.builtin.VerifyLinksAccessibleKeyword.execute(VerifyLinksAccessibleKeyword.groovy:33)
	at com.kms.katalon.core.keyword.internal.KeywordExecutor.executeKeywordForPlatform(KeywordExecutor.groovy:74)
	at com.kms.katalon.core.webui.keyword.WebUiBuiltInKeywords.verifyLinksAccessible(WebUiBuiltInKeywords.groovy:5040)
	at RegressionTest_VerifySustainabilityReportPage_ElementsArePresent.run(RegressionTest_VerifySustainabilityReportPage_ElementsArePresent:74)
	at com.kms.katalon.core.main.ScriptEngine.run(ScriptEngine.java:194)
	at com.kms.katalon.core.main.ScriptEngine.runScriptAsRawText(ScriptEngine.java:119)
	at com.kms.katalon.core.main.TestCaseExecutor.runScript(TestCaseExecutor.java:448)
	at com.kms.katalon.core.main.TestCaseExecutor.doExecute(TestCaseExecutor.java:439)
	at com.kms.katalon.core.main.TestCaseExecutor.processExecutionPhase(TestCaseExecutor.java:418)
	at com.kms.katalon.core.main.TestCaseExecutor.accessMainPhase(TestCaseExecutor.java:410)
	at com.kms.katalon.core.main.TestCaseExecutor.execute(TestCaseExecutor.java:285)
	at com.kms.katalon.core.common.CommonExecutor.accessTestCaseMainPhase(CommonExecutor.java:65)
	at com.kms.katalon.core.main.TestSuiteExecutor.accessTestSuiteMainPhase(TestSuiteExecutor.java:161)
	at com.kms.katalon.core.main.TestSuiteExecutor.execute(TestSuiteExecutor.java:107)
	at com.kms.katalon.core.main.TestCaseMain.startTestSuite(TestCaseMain.java:176)
	at TempTestSuite1737108265632.run(TempTestSuite1737108265632.groovy:35)
	at java.base/jdk.internal.reflect.NativeMethodAccessorImpl.invoke0(Native Method)
	at java.base/jdk.internal.reflect.NativeMethodAccessorImpl.invoke(NativeMethodAccessorImpl.java:77)
	at java.base/jdk.internal.reflect.DelegatingMethodAccessorImpl.invoke(DelegatingMethodAccessorImpl.java:43)
)

17-01-2025T17:09:21 - [MESSAGE][INFO] - HAR: C:\Users\P251224001\git\BAF-website\Reports\20250117_170425\Corporate\20250117_170425\requests\main\40.har

17-01-2025T17:09:21 - [MESSAGE][PASSED] - Send request successfully

17-01-2025T17:09:21 - [MESSAGE][WARNING] - Found 1 inaccessible links [https://baf-mobile-dev.oss-ap-southeast-5.aliyuncs.com/corporate-content-file%2F1731587171474.pdf?Expires=1736539562&OSSAccessKeyId=LTAI5t78APQ3CX3zFy4qKiTQ&Signature=u%2BB2SLsVCa8yyG2cQM4Ess1gT18%3D] (Root cause: com.kms.katalon.core.exception.StepFailedException: Found 1 inaccessible links [https://baf-mobile-dev.oss-ap-southeast-5.aliyuncs.com/corporate-content-file%2F1731587171474.pdf?Expires=1736539562&OSSAccessKeyId=LTAI5t78APQ3CX3zFy4qKiTQ&Signature=u%2BB2SLsVCa8yyG2cQM4Ess1gT18%3D]
	at com.kms.katalon.core.webui.keyword.internal.WebUIKeywordMain.stepFailed(WebUIKeywordMain.groovy:117)
	at com.kms.katalon.core.webui.keyword.builtin.VerifyLinksAccessibleKeyword$_verifyLinksAccessible_closure1.doCall(VerifyLinksAccessibleKeyword.groovy:53)
	at com.kms.katalon.core.webui.keyword.builtin.VerifyLinksAccessibleKeyword$_verifyLinksAccessible_closure1.call(VerifyLinksAccessibleKeyword.groovy)
	at com.kms.katalon.core.webui.keyword.internal.WebUIKeywordMain.runKeyword(WebUIKeywordMain.groovy:35)
	at com.kms.katalon.core.webui.keyword.builtin.VerifyLinksAccessibleKeyword.verifyLinksAccessible(VerifyLinksAccessibleKeyword.groovy:38)
	at com.kms.katalon.core.webui.keyword.builtin.VerifyLinksAccessibleKeyword.execute(VerifyLinksAccessibleKeyword.groovy:33)
	at com.kms.katalon.core.keyword.internal.KeywordExecutor.executeKeywordForPlatform(KeywordExecutor.groovy:74)
	at com.kms.katalon.core.webui.keyword.WebUiBuiltInKeywords.verifyLinksAccessible(WebUiBuiltInKeywords.groovy:5040)
	at RegressionTest_VerifySustainabilityReportPage_ElementsArePresent.run(RegressionTest_VerifySustainabilityReportPage_ElementsArePresent:74)
	at com.kms.katalon.core.main.ScriptEngine.run(ScriptEngine.java:194)
	at com.kms.katalon.core.main.ScriptEngine.runScriptAsRawText(ScriptEngine.java:119)
	at com.kms.katalon.core.main.TestCaseExecutor.runScript(TestCaseExecutor.java:448)
	at com.kms.katalon.core.main.TestCaseExecutor.doExecute(TestCaseExecutor.java:439)
	at com.kms.katalon.core.main.TestCaseExecutor.processExecutionPhase(TestCaseExecutor.java:418)
	at com.kms.katalon.core.main.TestCaseExecutor.accessMainPhase(TestCaseExecutor.java:410)
	at com.kms.katalon.core.main.TestCaseExecutor.execute(TestCaseExecutor.java:285)
	at com.kms.katalon.core.common.CommonExecutor.accessTestCaseMainPhase(CommonExecutor.java:65)
	at com.kms.katalon.core.main.TestSuiteExecutor.accessTestSuiteMainPhase(TestSuiteExecutor.java:161)
	at com.kms.katalon.core.main.TestSuiteExecutor.execute(TestSuiteExecutor.java:107)
	at com.kms.katalon.core.main.TestCaseMain.startTestSuite(TestCaseMain.java:176)
	at TempTestSuite1737108265632.run(TempTestSuite1737108265632.groovy:35)
	at java.base/jdk.internal.reflect.NativeMethodAccessorImpl.invoke0(Native Method)
	at java.base/jdk.internal.reflect.NativeMethodAccessorImpl.invoke(NativeMethodAccessorImpl.java:77)
	at java.base/jdk.internal.reflect.DelegatingMethodAccessorImpl.invoke(DelegatingMethodAccessorImpl.java:43)
)

17-01-2025T17:09:21 - [TEST_STEP][PASSED] - closeWindowIndex(1): Window with index 1 is closed

17-01-2025T17:09:21 - [MESSAGE][PASSED] - Window with index 1 is closed

17-01-2025T17:09:21 - [TEST_STEP][PASSED] - switchToWindowIndex(0): Switched to window with index: '0'

17-01-2025T17:09:21 - [MESSAGE][PASSED] - Switched to window with index: '0'

17-01-2025T17:09:21 - [TEST_STEP][PASSED] - scrollToElement(findTestObject("var_Content", ["xpath":"//body[1]/div[1]/main[1]/main[1]/div[2]/div[3]/div[1]/div[3]/div[2]/a[1]"]), 10): Scroll to object 'Object Repository/var_Content' successfully

17-01-2025T17:09:22 - [MESSAGE][PASSED] - Scroll to object 'Object Repository/var_Content' successfully

17-01-2025T17:09:22 - [TEST_STEP][PASSED] - click(findTestObject("var_Content", ["xpath":"//body[1]/div[1]/main[1]/main[1]/div[2]/div[3]/div[1]/div[4]/div[2]/a[1]"])): Object: 'Object Repository/var_Content' is clicked on

17-01-2025T17:09:22 - [MESSAGE][PASSED] - Object: 'Object Repository/var_Content' is clicked on

17-01-2025T17:09:22 - [TEST_STEP][PASSED] - verifyLinksAccessible(["https://baf-mobile-dev.oss-ap-southeast-5.aliyuncs.com/corporate-content-file%2F1731584377295.pdf?Expires=1736539562&OSSAccessKeyId=LTAI5t78APQ3CX3zFy4qKiTQ&Signature=UCXjiWLzI6XLrU448EmYyaLWoOQ%3D"], OPTIONAL): Found 1 inaccessible links [https://baf-mobile-dev.oss-ap-southeast-5.aliyuncs.com/corporate-content-file%2F1731584377295.pdf?Expires=1736539562&OSSAccessKeyId=LTAI5t78APQ3CX3zFy4qKiTQ&Signature=UCXjiWLzI6XLrU448EmYyaLWoOQ%3D] (Root cause: com.kms.katalon.core.exception.StepFailedException: Found 1 inaccessible links [https://baf-mobile-dev.oss-ap-southeast-5.aliyuncs.com/corporate-content-file%2F1731584377295.pdf?Expires=1736539562&OSSAccessKeyId=LTAI5t78APQ3CX3zFy4qKiTQ&Signature=UCXjiWLzI6XLrU448EmYyaLWoOQ%3D]
	at com.kms.katalon.core.webui.keyword.internal.WebUIKeywordMain.stepFailed(WebUIKeywordMain.groovy:117)
	at com.kms.katalon.core.webui.keyword.builtin.VerifyLinksAccessibleKeyword$_verifyLinksAccessible_closure1.doCall(VerifyLinksAccessibleKeyword.groovy:53)
	at com.kms.katalon.core.webui.keyword.builtin.VerifyLinksAccessibleKeyword$_verifyLinksAccessible_closure1.call(VerifyLinksAccessibleKeyword.groovy)
	at com.kms.katalon.core.webui.keyword.internal.WebUIKeywordMain.runKeyword(WebUIKeywordMain.groovy:35)
	at com.kms.katalon.core.webui.keyword.builtin.VerifyLinksAccessibleKeyword.verifyLinksAccessible(VerifyLinksAccessibleKeyword.groovy:38)
	at com.kms.katalon.core.webui.keyword.builtin.VerifyLinksAccessibleKeyword.execute(VerifyLinksAccessibleKeyword.groovy:33)
	at com.kms.katalon.core.keyword.internal.KeywordExecutor.executeKeywordForPlatform(KeywordExecutor.groovy:74)
	at com.kms.katalon.core.webui.keyword.WebUiBuiltInKeywords.verifyLinksAccessible(WebUiBuiltInKeywords.groovy:5040)
	at RegressionTest_VerifySustainabilityReportPage_ElementsArePresent.run(RegressionTest_VerifySustainabilityReportPage_ElementsArePresent:91)
	at com.kms.katalon.core.main.ScriptEngine.run(ScriptEngine.java:194)
	at com.kms.katalon.core.main.ScriptEngine.runScriptAsRawText(ScriptEngine.java:119)
	at com.kms.katalon.core.main.TestCaseExecutor.runScript(TestCaseExecutor.java:448)
	at com.kms.katalon.core.main.TestCaseExecutor.doExecute(TestCaseExecutor.java:439)
	at com.kms.katalon.core.main.TestCaseExecutor.processExecutionPhase(TestCaseExecutor.java:418)
	at com.kms.katalon.core.main.TestCaseExecutor.accessMainPhase(TestCaseExecutor.java:410)
	at com.kms.katalon.core.main.TestCaseExecutor.execute(TestCaseExecutor.java:285)
	at com.kms.katalon.core.common.CommonExecutor.accessTestCaseMainPhase(CommonExecutor.java:65)
	at com.kms.katalon.core.main.TestSuiteExecutor.accessTestSuiteMainPhase(TestSuiteExecutor.java:161)
	at com.kms.katalon.core.main.TestSuiteExecutor.execute(TestSuiteExecutor.java:107)
	at com.kms.katalon.core.main.TestCaseMain.startTestSuite(TestCaseMain.java:176)
	at TempTestSuite1737108265632.run(TempTestSuite1737108265632.groovy:35)
	at java.base/jdk.internal.reflect.NativeMethodAccessorImpl.invoke0(Native Method)
	at java.base/jdk.internal.reflect.NativeMethodAccessorImpl.invoke(NativeMethodAccessorImpl.java:77)
	at java.base/jdk.internal.reflect.DelegatingMethodAccessorImpl.invoke(DelegatingMethodAccessorImpl.java:43)
)

17-01-2025T17:09:22 - [MESSAGE][INFO] - HAR: C:\Users\P251224001\git\BAF-website\Reports\20250117_170425\Corporate\20250117_170425\requests\main\41.har

17-01-2025T17:09:22 - [MESSAGE][PASSED] - Send request successfully

17-01-2025T17:09:22 - [MESSAGE][WARNING] - Found 1 inaccessible links [https://baf-mobile-dev.oss-ap-southeast-5.aliyuncs.com/corporate-content-file%2F1731584377295.pdf?Expires=1736539562&OSSAccessKeyId=LTAI5t78APQ3CX3zFy4qKiTQ&Signature=UCXjiWLzI6XLrU448EmYyaLWoOQ%3D] (Root cause: com.kms.katalon.core.exception.StepFailedException: Found 1 inaccessible links [https://baf-mobile-dev.oss-ap-southeast-5.aliyuncs.com/corporate-content-file%2F1731584377295.pdf?Expires=1736539562&OSSAccessKeyId=LTAI5t78APQ3CX3zFy4qKiTQ&Signature=UCXjiWLzI6XLrU448EmYyaLWoOQ%3D]
	at com.kms.katalon.core.webui.keyword.internal.WebUIKeywordMain.stepFailed(WebUIKeywordMain.groovy:117)
	at com.kms.katalon.core.webui.keyword.builtin.VerifyLinksAccessibleKeyword$_verifyLinksAccessible_closure1.doCall(VerifyLinksAccessibleKeyword.groovy:53)
	at com.kms.katalon.core.webui.keyword.builtin.VerifyLinksAccessibleKeyword$_verifyLinksAccessible_closure1.call(VerifyLinksAccessibleKeyword.groovy)
	at com.kms.katalon.core.webui.keyword.internal.WebUIKeywordMain.runKeyword(WebUIKeywordMain.groovy:35)
	at com.kms.katalon.core.webui.keyword.builtin.VerifyLinksAccessibleKeyword.verifyLinksAccessible(VerifyLinksAccessibleKeyword.groovy:38)
	at com.kms.katalon.core.webui.keyword.builtin.VerifyLinksAccessibleKeyword.execute(VerifyLinksAccessibleKeyword.groovy:33)
	at com.kms.katalon.core.keyword.internal.KeywordExecutor.executeKeywordForPlatform(KeywordExecutor.groovy:74)
	at com.kms.katalon.core.webui.keyword.WebUiBuiltInKeywords.verifyLinksAccessible(WebUiBuiltInKeywords.groovy:5040)
	at RegressionTest_VerifySustainabilityReportPage_ElementsArePresent.run(RegressionTest_VerifySustainabilityReportPage_ElementsArePresent:91)
	at com.kms.katalon.core.main.ScriptEngine.run(ScriptEngine.java:194)
	at com.kms.katalon.core.main.ScriptEngine.runScriptAsRawText(ScriptEngine.java:119)
	at com.kms.katalon.core.main.TestCaseExecutor.runScript(TestCaseExecutor.java:448)
	at com.kms.katalon.core.main.TestCaseExecutor.doExecute(TestCaseExecutor.java:439)
	at com.kms.katalon.core.main.TestCaseExecutor.processExecutionPhase(TestCaseExecutor.java:418)
	at com.kms.katalon.core.main.TestCaseExecutor.accessMainPhase(TestCaseExecutor.java:410)
	at com.kms.katalon.core.main.TestCaseExecutor.execute(TestCaseExecutor.java:285)
	at com.kms.katalon.core.common.CommonExecutor.accessTestCaseMainPhase(CommonExecutor.java:65)
	at com.kms.katalon.core.main.TestSuiteExecutor.accessTestSuiteMainPhase(TestSuiteExecutor.java:161)
	at com.kms.katalon.core.main.TestSuiteExecutor.execute(TestSuiteExecutor.java:107)
	at com.kms.katalon.core.main.TestCaseMain.startTestSuite(TestCaseMain.java:176)
	at TempTestSuite1737108265632.run(TempTestSuite1737108265632.groovy:35)
	at java.base/jdk.internal.reflect.NativeMethodAccessorImpl.invoke0(Native Method)
	at java.base/jdk.internal.reflect.NativeMethodAccessorImpl.invoke(NativeMethodAccessorImpl.java:77)
	at java.base/jdk.internal.reflect.DelegatingMethodAccessorImpl.invoke(DelegatingMethodAccessorImpl.java:43)
)

17-01-2025T17:09:22 - [TEST_STEP][PASSED] - closeWindowIndex(1): Window with index 1 is closed

17-01-2025T17:09:23 - [MESSAGE][PASSED] - Window with index 1 is closed

17-01-2025T17:09:23 - [TEST_STEP][PASSED] - switchToWindowIndex(0): Switched to window with index: '0'

17-01-2025T17:09:23 - [MESSAGE][PASSED] - Switched to window with index: '0'

17-01-2025T17:09:23 - [TEST_STEP][PASSED] - scrollToElement(findTestObject("var_Content", ["xpath":"//body[1]/div[1]/main[1]/main[1]/div[2]/div[3]/div[1]/div[4]/div[2]/a[1]"]), 10): Scroll to object 'Object Repository/var_Content' successfully

17-01-2025T17:09:24 - [MESSAGE][PASSED] - Scroll to object 'Object Repository/var_Content' successfully

17-01-2025T17:09:24 - [TEST_STEP][PASSED] - click(findTestObject("var_Content", ["xpath":"//body[1]/div[1]/main[1]/main[1]/div[2]/div[3]/div[1]/div[5]/div[2]/a[1]"])): Object: 'Object Repository/var_Content' is clicked on

17-01-2025T17:09:24 - [MESSAGE][PASSED] - Object: 'Object Repository/var_Content' is clicked on

17-01-2025T17:09:24 - [TEST_STEP][PASSED] - verifyLinksAccessible(["https://baf-mobile-dev.oss-ap-southeast-5.aliyuncs.com/corporate-content-file%2F1731571171290.jpeg?Expires=1736539562&OSSAccessKeyId=LTAI5t78APQ3CX3zFy4qKiTQ&Signature=By87QXQ1GDrGVBxTOdEsEPP76h0%3D"], OPTIONAL): Found 1 inaccessible links [https://baf-mobile-dev.oss-ap-southeast-5.aliyuncs.com/corporate-content-file%2F1731571171290.jpeg?Expires=1736539562&OSSAccessKeyId=LTAI5t78APQ3CX3zFy4qKiTQ&Signature=By87QXQ1GDrGVBxTOdEsEPP76h0%3D] (Root cause: com.kms.katalon.core.exception.StepFailedException: Found 1 inaccessible links [https://baf-mobile-dev.oss-ap-southeast-5.aliyuncs.com/corporate-content-file%2F1731571171290.jpeg?Expires=1736539562&OSSAccessKeyId=LTAI5t78APQ3CX3zFy4qKiTQ&Signature=By87QXQ1GDrGVBxTOdEsEPP76h0%3D]
	at com.kms.katalon.core.webui.keyword.internal.WebUIKeywordMain.stepFailed(WebUIKeywordMain.groovy:117)
	at com.kms.katalon.core.webui.keyword.builtin.VerifyLinksAccessibleKeyword$_verifyLinksAccessible_closure1.doCall(VerifyLinksAccessibleKeyword.groovy:53)
	at com.kms.katalon.core.webui.keyword.builtin.VerifyLinksAccessibleKeyword$_verifyLinksAccessible_closure1.call(VerifyLinksAccessibleKeyword.groovy)
	at com.kms.katalon.core.webui.keyword.internal.WebUIKeywordMain.runKeyword(WebUIKeywordMain.groovy:35)
	at com.kms.katalon.core.webui.keyword.builtin.VerifyLinksAccessibleKeyword.verifyLinksAccessible(VerifyLinksAccessibleKeyword.groovy:38)
	at com.kms.katalon.core.webui.keyword.builtin.VerifyLinksAccessibleKeyword.execute(VerifyLinksAccessibleKeyword.groovy:33)
	at com.kms.katalon.core.keyword.internal.KeywordExecutor.executeKeywordForPlatform(KeywordExecutor.groovy:74)
	at com.kms.katalon.core.webui.keyword.WebUiBuiltInKeywords.verifyLinksAccessible(WebUiBuiltInKeywords.groovy:5040)
	at RegressionTest_VerifySustainabilityReportPage_ElementsArePresent.run(RegressionTest_VerifySustainabilityReportPage_ElementsArePresent:108)
	at com.kms.katalon.core.main.ScriptEngine.run(ScriptEngine.java:194)
	at com.kms.katalon.core.main.ScriptEngine.runScriptAsRawText(ScriptEngine.java:119)
	at com.kms.katalon.core.main.TestCaseExecutor.runScript(TestCaseExecutor.java:448)
	at com.kms.katalon.core.main.TestCaseExecutor.doExecute(TestCaseExecutor.java:439)
	at com.kms.katalon.core.main.TestCaseExecutor.processExecutionPhase(TestCaseExecutor.java:418)
	at com.kms.katalon.core.main.TestCaseExecutor.accessMainPhase(TestCaseExecutor.java:410)
	at com.kms.katalon.core.main.TestCaseExecutor.execute(TestCaseExecutor.java:285)
	at com.kms.katalon.core.common.CommonExecutor.accessTestCaseMainPhase(CommonExecutor.java:65)
	at com.kms.katalon.core.main.TestSuiteExecutor.accessTestSuiteMainPhase(TestSuiteExecutor.java:161)
	at com.kms.katalon.core.main.TestSuiteExecutor.execute(TestSuiteExecutor.java:107)
	at com.kms.katalon.core.main.TestCaseMain.startTestSuite(TestCaseMain.java:176)
	at TempTestSuite1737108265632.run(TempTestSuite1737108265632.groovy:35)
	at java.base/jdk.internal.reflect.NativeMethodAccessorImpl.invoke0(Native Method)
	at java.base/jdk.internal.reflect.NativeMethodAccessorImpl.invoke(NativeMethodAccessorImpl.java:77)
	at java.base/jdk.internal.reflect.DelegatingMethodAccessorImpl.invoke(DelegatingMethodAccessorImpl.java:43)
)

17-01-2025T17:09:24 - [MESSAGE][INFO] - HAR: C:\Users\P251224001\git\BAF-website\Reports\20250117_170425\Corporate\20250117_170425\requests\main\42.har

17-01-2025T17:09:24 - [MESSAGE][PASSED] - Send request successfully

17-01-2025T17:09:24 - [MESSAGE][WARNING] - Found 1 inaccessible links [https://baf-mobile-dev.oss-ap-southeast-5.aliyuncs.com/corporate-content-file%2F1731571171290.jpeg?Expires=1736539562&OSSAccessKeyId=LTAI5t78APQ3CX3zFy4qKiTQ&Signature=By87QXQ1GDrGVBxTOdEsEPP76h0%3D] (Root cause: com.kms.katalon.core.exception.StepFailedException: Found 1 inaccessible links [https://baf-mobile-dev.oss-ap-southeast-5.aliyuncs.com/corporate-content-file%2F1731571171290.jpeg?Expires=1736539562&OSSAccessKeyId=LTAI5t78APQ3CX3zFy4qKiTQ&Signature=By87QXQ1GDrGVBxTOdEsEPP76h0%3D]
	at com.kms.katalon.core.webui.keyword.internal.WebUIKeywordMain.stepFailed(WebUIKeywordMain.groovy:117)
	at com.kms.katalon.core.webui.keyword.builtin.VerifyLinksAccessibleKeyword$_verifyLinksAccessible_closure1.doCall(VerifyLinksAccessibleKeyword.groovy:53)
	at com.kms.katalon.core.webui.keyword.builtin.VerifyLinksAccessibleKeyword$_verifyLinksAccessible_closure1.call(VerifyLinksAccessibleKeyword.groovy)
	at com.kms.katalon.core.webui.keyword.internal.WebUIKeywordMain.runKeyword(WebUIKeywordMain.groovy:35)
	at com.kms.katalon.core.webui.keyword.builtin.VerifyLinksAccessibleKeyword.verifyLinksAccessible(VerifyLinksAccessibleKeyword.groovy:38)
	at com.kms.katalon.core.webui.keyword.builtin.VerifyLinksAccessibleKeyword.execute(VerifyLinksAccessibleKeyword.groovy:33)
	at com.kms.katalon.core.keyword.internal.KeywordExecutor.executeKeywordForPlatform(KeywordExecutor.groovy:74)
	at com.kms.katalon.core.webui.keyword.WebUiBuiltInKeywords.verifyLinksAccessible(WebUiBuiltInKeywords.groovy:5040)
	at RegressionTest_VerifySustainabilityReportPage_ElementsArePresent.run(RegressionTest_VerifySustainabilityReportPage_ElementsArePresent:108)
	at com.kms.katalon.core.main.ScriptEngine.run(ScriptEngine.java:194)
	at com.kms.katalon.core.main.ScriptEngine.runScriptAsRawText(ScriptEngine.java:119)
	at com.kms.katalon.core.main.TestCaseExecutor.runScript(TestCaseExecutor.java:448)
	at com.kms.katalon.core.main.TestCaseExecutor.doExecute(TestCaseExecutor.java:439)
	at com.kms.katalon.core.main.TestCaseExecutor.processExecutionPhase(TestCaseExecutor.java:418)
	at com.kms.katalon.core.main.TestCaseExecutor.accessMainPhase(TestCaseExecutor.java:410)
	at com.kms.katalon.core.main.TestCaseExecutor.execute(TestCaseExecutor.java:285)
	at com.kms.katalon.core.common.CommonExecutor.accessTestCaseMainPhase(CommonExecutor.java:65)
	at com.kms.katalon.core.main.TestSuiteExecutor.accessTestSuiteMainPhase(TestSuiteExecutor.java:161)
	at com.kms.katalon.core.main.TestSuiteExecutor.execute(TestSuiteExecutor.java:107)
	at com.kms.katalon.core.main.TestCaseMain.startTestSuite(TestCaseMain.java:176)
	at TempTestSuite1737108265632.run(TempTestSuite1737108265632.groovy:35)
	at java.base/jdk.internal.reflect.NativeMethodAccessorImpl.invoke0(Native Method)
	at java.base/jdk.internal.reflect.NativeMethodAccessorImpl.invoke(NativeMethodAccessorImpl.java:77)
	at java.base/jdk.internal.reflect.DelegatingMethodAccessorImpl.invoke(DelegatingMethodAccessorImpl.java:43)
)

17-01-2025T17:09:24 - [TEST_STEP][PASSED] - closeWindowIndex(1): Window with index 1 is closed

17-01-2025T17:09:24 - [MESSAGE][PASSED] - Window with index 1 is closed

17-01-2025T17:09:24 - [TEST_STEP][PASSED] - switchToWindowIndex(0): Switched to window with index: '0'

17-01-2025T17:09:24 - [MESSAGE][PASSED] - Switched to window with index: '0'

17-01-2025T17:09:24 - [TEST_STEP][PASSED] - focus(findTestObject("var_Content", ["xpath":"//body[1]/div[1]/main[1]/main[1]/div[2]/div[3]/div[2]"]), STOP_ON_FAILURE): Object: 'Object Repository/var_Content' is focused

17-01-2025T17:09:25 - [MESSAGE][PASSED] - Object: 'Object Repository/var_Content' is focused

17-01-2025T17:09:25 - [TEST_STEP][PASSED] - click(findTestObject("var_Content", ["xpath":"//body[1]/div[1]/main[1]/main[1]/div[2]/div[3]/div[2]/div[1]/button[1]"])): Object: 'Object Repository/var_Content' is clicked on

17-01-2025T17:09:25 - [MESSAGE][PASSED] - Object: 'Object Repository/var_Content' is clicked on

17-01-2025T17:09:25 - [TEST_STEP][PASSED] - click(findTestObject("link_Content", ["href":"#", "text":"10"])): Object: 'Object Repository/link_Content' is clicked on

17-01-2025T17:09:26 - [MESSAGE][PASSED] - Object: 'Object Repository/link_Content' is clicked on

17-01-2025T17:09:26 - [TEST_STEP][PASSED] - focus(findTestObject("var_Content", ["xpath":"//body[1]/div[1]/main[1]/main[1]/div[2]/div[3]/div[2]"]), STOP_ON_FAILURE): Object: 'Object Repository/var_Content' is focused

17-01-2025T17:09:29 - [MESSAGE][PASSED] - Object: 'Object Repository/var_Content' is focused

17-01-2025T17:09:29 - [TEST_STEP][PASSED] - click(findTestObject("var_Content", ["xpath":"//body[1]/div[1]/main[1]/main[1]/div[2]/div[3]/div[2]/div[1]/button[1]"])): Object: 'Object Repository/var_Content' is clicked on

17-01-2025T17:09:29 - [MESSAGE][PASSED] - Object: 'Object Repository/var_Content' is clicked on

17-01-2025T17:09:29 - [TEST_STEP][PASSED] - click(findTestObject("link_Content", ["href":"#", "text":"25"])): Object: 'Object Repository/link_Content' is clicked on

17-01-2025T17:09:29 - [MESSAGE][PASSED] - Object: 'Object Repository/link_Content' is clicked on

17-01-2025T17:09:29 - [TEST_STEP][PASSED] - focus(findTestObject("var_Content", ["xpath":"//body[1]/div[1]/main[1]/main[1]/div[2]/div[3]/div[2]"]), STOP_ON_FAILURE): Object: 'Object Repository/var_Content' is focused

17-01-2025T17:09:37 - [MESSAGE][PASSED] - Object: 'Object Repository/var_Content' is focused

17-01-2025T17:09:37 - [TEST_STEP][PASSED] - click(findTestObject("var_Content", ["xpath":"//body[1]/div[1]/main[1]/main[1]/div[2]/div[3]/div[2]/div[1]/button[1]"])): Object: 'Object Repository/var_Content' is clicked on

17-01-2025T17:09:37 - [MESSAGE][PASSED] - Object: 'Object Repository/var_Content' is clicked on

17-01-2025T17:09:37 - [TEST_STEP][PASSED] - click(findTestObject("link_Content", ["href":"#", "text":"50"])): Object: 'Object Repository/link_Content' is clicked on

17-01-2025T17:09:38 - [MESSAGE][PASSED] - Object: 'Object Repository/link_Content' is clicked on

17-01-2025T17:09:38 - [TEST_STEP][PASSED] - focus(findTestObject("var_Content", ["xpath":"//body[1]/div[1]/main[1]/main[1]/div[2]/div[3]/div[2]"]), STOP_ON_FAILURE): Object: 'Object Repository/var_Content' is focused

17-01-2025T17:10:01 - [MESSAGE][PASSED] - Object: 'Object Repository/var_Content' is focused

17-01-2025T17:10:01 - [TEST_STEP][PASSED] - click(findTestObject("var_Content", ["xpath":"//body[1]/div[1]/main[1]/main[1]/div[2]/div[3]/div[2]/div[1]/button[1]"])): Object: 'Object Repository/var_Content' is clicked on

17-01-2025T17:10:01 - [MESSAGE][PASSED] - Object: 'Object Repository/var_Content' is clicked on

17-01-2025T17:10:01 - [TEST_STEP][PASSED] - click(findTestObject("link_Content", ["href":"#", "text":"5"])): Object: 'Object Repository/link_Content' is clicked on

17-01-2025T17:10:02 - [MESSAGE][PASSED] - Object: 'Object Repository/link_Content' is clicked on

17-01-2025T17:10:02 - [TEST_STEP][PASSED] - scrollToElement(findTestObject("var_Content", ["xpath":"//body[1]/div[1]/main[1]/main[1]/div[2]/div[3]/div[1]/div[4]/div[2]/div[1]/div[1]"]), 10): Scroll to object 'Object Repository/var_Content' successfully

17-01-2025T17:10:04 - [MESSAGE][PASSED] - Scroll to object 'Object Repository/var_Content' successfully

17-01-2025T17:10:04 - [TEST_STEP][PASSED] - click(findTestObject("var_Content", ["xpath":"//body[1]/div[1]/main[1]/main[1]/div[2]/div[3]/div[2]/div[2]/button[5]"])): Object: 'Object Repository/var_Content' is clicked on

17-01-2025T17:10:04 - [MESSAGE][PASSED] - Object: 'Object Repository/var_Content' is clicked on

17-01-2025T17:10:04 - [TEST_STEP][PASSED] - focus(findTestObject("var_Content", ["xpath":"//body[1]/div[1]/main[1]/main[1]/div[2]/div[3]/div[1]"]), STOP_ON_FAILURE): Object: 'Object Repository/var_Content' is focused

17-01-2025T17:10:06 - [MESSAGE][PASSED] - Object: 'Object Repository/var_Content' is focused

17-01-2025T17:10:06 - [TEST_STEP][PASSED] - verifyElementPresent(findTestObject("var_Content", ["xpath":"//body[1]/div[1]/main[1]/main[1]/div[2]/div[3]/div[1]"]), 10): Object 'Object Repository/var_Content' is present

17-01-2025T17:10:06 - [MESSAGE][PASSED] - Object 'Object Repository/var_Content' is present

17-01-2025T17:10:06 - [TEST_STEP][PASSED] - focus(findTestObject("var_Content", ["xpath":"//body[1]/div[1]/main[1]/main[1]/div[2]/div[3]/div[2]"]), STOP_ON_FAILURE): Object: 'Object Repository/var_Content' is focused

17-01-2025T17:10:06 - [MESSAGE][PASSED] - Object: 'Object Repository/var_Content' is focused

17-01-2025T17:10:06 - [TEST_STEP][PASSED] - click(findTestObject("var_Content", ["xpath":"//body[1]/div[1]/main[1]/main[1]/div[2]/div[3]/div[2]/div[2]/button[5]"])): Object: 'Object Repository/var_Content' is clicked on

17-01-2025T17:10:07 - [MESSAGE][PASSED] - Object: 'Object Repository/var_Content' is clicked on

17-01-2025T17:10:07 - [TEST_STEP][PASSED] - verifyElementPresent(findTestObject("var_Content", ["xpath":"//body[1]/div[1]/main[1]/main[1]/div[2]/div[3]/div[1]"]), 10): Object 'Object Repository/var_Content' is present

17-01-2025T17:10:08 - [MESSAGE][PASSED] - Object 'Object Repository/var_Content' is present

17-01-2025T17:10:08 - [TEST_STEP][PASSED] - Start listener action : AfterTestCase: null]]></system-out>
         <system-err><![CDATA[]]></system-err>
      </testcase>
      <testcase name="Test Cases/Corporate/Sustainability/RegressionTest_VerifySustainabilityStrategyPage_ElementsArePresent" time="11.543" classname="Test Cases/Corporate/Sustainability/RegressionTest_VerifySustainabilityStrategyPage_ElementsArePresent" status="PASSED">
         <system-out><![CDATA[17-01-2025T17:10:08 - [TEST_CASE][PASSED] - Test Cases/Corporate/Sustainability/RegressionTest_VerifySustainabilityStrategyPage_ElementsArePresent: Test Cases/Corporate/Sustainability/RegressionTest_VerifySustainabilityStrategyPage_ElementsArePresent

17-01-2025T17:10:08 - [TEST_STEP][PASSED] - Start listener action : BeforeTestCase: null

17-01-2025T17:10:08 - [TEST_STEP][NOT_RUN] - click(findTestObject("link_Content", ["href":"/corporate", "text":"Corporate"])): NOT_RUN: click(findTestObject("link_Content", ["href":"/corporate", "text":"Corporate"]))

17-01-2025T17:10:08 - [MESSAGE][NOT_RUN] - NOT_RUN: click(findTestObject("link_Content", ["href":"/corporate", "text":"Corporate"]))

17-01-2025T17:10:08 - [TEST_STEP][PASSED] - click(findTestObject("link_Content", ["href":"#", "text":"Sustainability"])): Object: 'Object Repository/link_Content' is clicked on

17-01-2025T17:10:08 - [MESSAGE][PASSED] - Object: 'Object Repository/link_Content' is clicked on

17-01-2025T17:10:08 - [TEST_STEP][PASSED] - click(findTestObject("link_Content", ["href":"/en/corporate/Sustainability/SustainabilityStrategy", "text":"Sustainability Strategy"])): Object: 'Object Repository/link_Content' is clicked on

17-01-2025T17:10:09 - [MESSAGE][PASSED] - Object: 'Object Repository/link_Content' is clicked on

17-01-2025T17:10:09 - [TEST_STEP][PASSED] - scrollToElement(findTestObject("var_Content", ["xpath":"//body[1]/div[1]/main[1]/main[1]/div[1]/div[1]/ol[1]"]), 10): Scroll to object 'Object Repository/var_Content' successfully

17-01-2025T17:10:14 - [MESSAGE][PASSED] - Scroll to object 'Object Repository/var_Content' successfully

17-01-2025T17:10:14 - [TEST_STEP][PASSED] - verifyElementPresent(findTestObject("lbl_Content", ["text":"SUSTAINABILITY STRATEGY"]), 10): Object 'Object Repository/lbl_Content' is present

17-01-2025T17:10:14 - [MESSAGE][PASSED] - Object 'Object Repository/lbl_Content' is present

17-01-2025T17:10:14 - [TEST_STEP][PASSED] - verifyElementPresent(findTestObject("var_Content", ["xpath":"//body[1]/div[1]/main[1]/main[1]/div[2]/div[1]/div[1]/div[2]/div[1]/img[1]"]), 10): Object 'Object Repository/var_Content' is present

17-01-2025T17:10:14 - [MESSAGE][PASSED] - Object 'Object Repository/var_Content' is present

17-01-2025T17:10:14 - [TEST_STEP][PASSED] - scrollToElement(findTestObject("var_Content", ["xpath":"//body[1]/div[1]/main[1]/main[1]/div[2]/div[2]"]), 10): Scroll to object 'Object Repository/var_Content' successfully

17-01-2025T17:10:14 - [MESSAGE][PASSED] - Scroll to object 'Object Repository/var_Content' successfully

17-01-2025T17:10:14 - [TEST_STEP][PASSED] - verifyElementPresent(findTestObject("lbl_Content", ["text":"Company Profile Video"]), 10): Object 'Object Repository/lbl_Content' is present

17-01-2025T17:10:15 - [MESSAGE][PASSED] - Object 'Object Repository/lbl_Content' is present

17-01-2025T17:10:15 - [TEST_STEP][PASSED] - verifyElementPresent(findTestObject("var_Content", ["xpath":"//body[1]/div[1]/main[1]/main[1]/div[2]/div[2]/div[1]/div[1]/div[1]/p[1]"]), 10): Object 'Object Repository/var_Content' is present

17-01-2025T17:10:15 - [MESSAGE][PASSED] - Object 'Object Repository/var_Content' is present

17-01-2025T17:10:15 - [TEST_STEP][PASSED] - click(findTestObject("link_Content", ["href":"https://www.youtube.com/watch?v=_0-hV5gwpwU", "text":"Let's watch"])): Object: 'Object Repository/link_Content' is clicked on

17-01-2025T17:10:15 - [MESSAGE][PASSED] - Object: 'Object Repository/link_Content' is clicked on

17-01-2025T17:10:15 - [TEST_STEP][PASSED] - verifyLinksAccessible(["https://www.youtube.com/watch?v=_0-hV5gwpwU"]): All links are accessible

17-01-2025T17:10:19 - [MESSAGE][INFO] - HAR: C:\Users\P251224001\git\BAF-website\Reports\20250117_170425\Corporate\20250117_170425\requests\main\43.har

17-01-2025T17:10:19 - [MESSAGE][PASSED] - Send request successfully

17-01-2025T17:10:19 - [MESSAGE][PASSED] - All links are accessible

17-01-2025T17:10:19 - [TEST_STEP][PASSED] - closeWindowIndex(1): Window with index 1 is closed

17-01-2025T17:10:19 - [MESSAGE][PASSED] - Window with index 1 is closed

17-01-2025T17:10:19 - [TEST_STEP][PASSED] - switchToWindowIndex(0): Switched to window with index: '0'

17-01-2025T17:10:19 - [MESSAGE][PASSED] - Switched to window with index: '0'

17-01-2025T17:10:19 - [TEST_STEP][PASSED] - Start listener action : AfterTestCase: null]]></system-out>
         <system-err><![CDATA[]]></system-err>
      </testcase>
      <testcase name="Test Cases/Corporate/Financial Literacy/RegressionTest_VerifyAboutLiteracyPage_ElementsArePresent" time="26.064" classname="Test Cases/Corporate/Financial Literacy/RegressionTest_VerifyAboutLiteracyPage_ElementsArePresent" status="PASSED">
         <system-out><![CDATA[17-01-2025T17:10:19 - [TEST_CASE][PASSED] - Test Cases/Corporate/Financial Literacy/RegressionTest_VerifyAboutLiteracyPage_ElementsArePresent: Test Cases/Corporate/Financial Literacy/RegressionTest_VerifyAboutLiteracyPage_ElementsArePresent

17-01-2025T17:10:19 - [TEST_STEP][PASSED] - Start listener action : BeforeTestCase: null

17-01-2025T17:10:19 - [TEST_STEP][NOT_RUN] - click(findTestObject("link_Content", ["href":"/corporate", "text":"Corporate"])): NOT_RUN: click(findTestObject("link_Content", ["href":"/corporate", "text":"Corporate"]))

17-01-2025T17:10:19 - [MESSAGE][NOT_RUN] - NOT_RUN: click(findTestObject("link_Content", ["href":"/corporate", "text":"Corporate"]))

17-01-2025T17:10:19 - [TEST_STEP][PASSED] - click(findTestObject("link_Content", ["href":"#", "text":"Financial Literacy"])): Object: 'Object Repository/link_Content' is clicked on

17-01-2025T17:10:20 - [MESSAGE][PASSED] - Object: 'Object Repository/link_Content' is clicked on

17-01-2025T17:10:20 - [TEST_STEP][PASSED] - click(findTestObject("link_Content", ["href":"/en/corporate/FinancialLiteracy/AboutLiteracy", "text":"About Literacy"])): Object: 'Object Repository/link_Content' is clicked on

17-01-2025T17:10:22 - [MESSAGE][PASSED] - Object: 'Object Repository/link_Content' is clicked on

17-01-2025T17:10:22 - [TEST_STEP][PASSED] - scrollToElement(findTestObject("var_Content", ["xpath":"//body[1]/div[1]/main[1]/main[1]/div[1]/div[1]/ol[1]"]), 10): Scroll to object 'Object Repository/var_Content' successfully

17-01-2025T17:10:25 - [MESSAGE][PASSED] - Scroll to object 'Object Repository/var_Content' successfully

17-01-2025T17:10:25 - [TEST_STEP][PASSED] - verifyElementPresent(findTestObject("lbl_Content", ["text":"ABOUT LITERACY"]), 10): Object 'Object Repository/lbl_Content' is present

17-01-2025T17:10:25 - [MESSAGE][PASSED] - Object 'Object Repository/lbl_Content' is present

17-01-2025T17:10:25 - [TEST_STEP][PASSED] - verifyElementPresent(findTestObject("var_Content", ["xpath":"//body[1]/div[1]/main[1]/main[1]/div[2]/div[1]/div[1]/div[2]/div[1]/img[1]"]), 10): Object 'Object Repository/var_Content' is present

17-01-2025T17:10:25 - [MESSAGE][PASSED] - Object 'Object Repository/var_Content' is present

17-01-2025T17:10:25 - [TEST_STEP][PASSED] - scrollToElement(findTestObject("var_Content", ["xpath":"//body[1]/div[1]/main[1]/main[1]/div[2]/div[1]/div[2]/div[1]"]), 10): Scroll to object 'Object Repository/var_Content' successfully

17-01-2025T17:10:25 - [MESSAGE][PASSED] - Scroll to object 'Object Repository/var_Content' successfully

17-01-2025T17:10:25 - [TEST_STEP][PASSED] - verifyElementPresent(findTestObject("lbl_Content", ["text":"Financial Literacy"]), 10): Object 'Object Repository/lbl_Content' is present

17-01-2025T17:10:26 - [MESSAGE][PASSED] - Object 'Object Repository/lbl_Content' is present

17-01-2025T17:10:26 - [TEST_STEP][PASSED] - verifyElementPresent(findTestObject("var_Content", ["xpath":"//body[1]/div[1]/main[1]/main[1]/div[2]/div[1]/div[2]/div[1]/div[1]/div[1]/p[1]"]), 10): Object 'Object Repository/var_Content' is present

17-01-2025T17:10:26 - [MESSAGE][PASSED] - Object 'Object Repository/var_Content' is present

17-01-2025T17:10:26 - [TEST_STEP][PASSED] - click(findTestObject("link_Content", ["href":"https://www.youtube.com/watch?v=_0-hV5gwpwU", "text":"Let's watch"])): Object: 'Object Repository/link_Content' is clicked on

17-01-2025T17:10:26 - [MESSAGE][PASSED] - Object: 'Object Repository/link_Content' is clicked on

17-01-2025T17:10:26 - [TEST_STEP][PASSED] - verifyLinksAccessible(["https://www.youtube.com/watch?v=_0-hV5gwpwU"]): All links are accessible

17-01-2025T17:10:32 - [MESSAGE][INFO] - HAR: C:\Users\P251224001\git\BAF-website\Reports\20250117_170425\Corporate\20250117_170425\requests\main\44.har

17-01-2025T17:10:32 - [MESSAGE][PASSED] - Send request successfully

17-01-2025T17:10:32 - [MESSAGE][PASSED] - All links are accessible

17-01-2025T17:10:32 - [TEST_STEP][PASSED] - closeWindowIndex(1): Window with index 1 is closed

17-01-2025T17:10:45 - [MESSAGE][PASSED] - Window with index 1 is closed

17-01-2025T17:10:45 - [TEST_STEP][PASSED] - switchToWindowIndex(0): Switched to window with index: '0'

17-01-2025T17:10:45 - [MESSAGE][PASSED] - Switched to window with index: '0'

17-01-2025T17:10:45 - [TEST_STEP][PASSED] - Start listener action : AfterTestCase: null]]></system-out>
         <system-err><![CDATA[]]></system-err>
      </testcase>
      <testcase name="Test Cases/Corporate/Financial Literacy/RegressionTest_VerifyArticlePage_ElementsArePresent" time="5.186" classname="Test Cases/Corporate/Financial Literacy/RegressionTest_VerifyArticlePage_ElementsArePresent" status="PASSED">
         <system-out><![CDATA[17-01-2025T17:10:45 - [TEST_CASE][PASSED] - Test Cases/Corporate/Financial Literacy/RegressionTest_VerifyArticlePage_ElementsArePresent: Test Cases/Corporate/Financial Literacy/RegressionTest_VerifyArticlePage_ElementsArePresent

17-01-2025T17:10:45 - [TEST_STEP][PASSED] - Start listener action : BeforeTestCase: null

17-01-2025T17:10:45 - [TEST_STEP][NOT_RUN] - click(findTestObject("link_Content", ["href":"/corporate", "text":"Corporate"])): NOT_RUN: click(findTestObject("link_Content", ["href":"/corporate", "text":"Corporate"]))

17-01-2025T17:10:45 - [MESSAGE][NOT_RUN] - NOT_RUN: click(findTestObject("link_Content", ["href":"/corporate", "text":"Corporate"]))

17-01-2025T17:10:45 - [TEST_STEP][PASSED] - click(findTestObject("link_Content", ["href":"#", "text":"Financial Literacy"])): Object: 'Object Repository/link_Content' is clicked on

17-01-2025T17:10:46 - [MESSAGE][PASSED] - Object: 'Object Repository/link_Content' is clicked on

17-01-2025T17:10:46 - [TEST_STEP][PASSED] - click(findTestObject("link_Content", ["href":"/en/corporate/FinancialLiteracy/Articles", "text":"Article"])): Object: 'Object Repository/link_Content' is clicked on

17-01-2025T17:10:46 - [MESSAGE][PASSED] - Object: 'Object Repository/link_Content' is clicked on

17-01-2025T17:10:46 - [TEST_STEP][PASSED] - scrollToElement(findTestObject("var_Content", ["xpath":"//body[1]/div[1]/main[1]/main[1]/div[1]/div[1]/ol[1]"]), 10): Scroll to object 'Object Repository/var_Content' successfully

17-01-2025T17:10:48 - [MESSAGE][PASSED] - Scroll to object 'Object Repository/var_Content' successfully

17-01-2025T17:10:48 - [TEST_STEP][PASSED] - verifyElementPresent(findTestObject("lbl_Content", ["text":"ARTICLE"]), 10): Object 'Object Repository/lbl_Content' is present

17-01-2025T17:10:48 - [MESSAGE][PASSED] - Object 'Object Repository/lbl_Content' is present

17-01-2025T17:10:48 - [TEST_STEP][PASSED] - verifyElementPresent(findTestObject("lbl_Content", ["text":"No Results Found"]), 10): Object 'Object Repository/lbl_Content' is present

17-01-2025T17:10:49 - [MESSAGE][PASSED] - Object 'Object Repository/lbl_Content' is present

17-01-2025T17:10:49 - [TEST_STEP][PASSED] - click(findTestObject("var_Content", ["xpath":"//body[1]/div[1]/main[1]/main[1]/div[2]/div[2]/div[1]/div[1]/div[2]"])): Object: 'Object Repository/var_Content' is clicked on

17-01-2025T17:10:49 - [MESSAGE][PASSED] - Object: 'Object Repository/var_Content' is clicked on

17-01-2025T17:10:49 - [TEST_STEP][PASSED] - verifyElementPresent(findTestObject("lbl_Content", ["text":"ARTICLE"]), 10): Object 'Object Repository/lbl_Content' is present

17-01-2025T17:10:51 - [MESSAGE][PASSED] - Object 'Object Repository/lbl_Content' is present

17-01-2025T17:10:51 - [TEST_STEP][PASSED] - Start listener action : AfterTestCase: null]]></system-out>
         <system-err><![CDATA[]]></system-err>
      </testcase>
      <testcase name="Test Cases/Corporate/Financial Literacy/RegressionTest_VerifyDocumentationPage_ElementsArePresent" time="33.295" classname="Test Cases/Corporate/Financial Literacy/RegressionTest_VerifyDocumentationPage_ElementsArePresent" status="PASSED">
         <system-out><![CDATA[17-01-2025T17:10:51 - [TEST_CASE][PASSED] - Test Cases/Corporate/Financial Literacy/RegressionTest_VerifyDocumentationPage_ElementsArePresent: Test Cases/Corporate/Financial Literacy/RegressionTest_VerifyDocumentationPage_ElementsArePresent

17-01-2025T17:10:51 - [TEST_STEP][PASSED] - Start listener action : BeforeTestCase: null

17-01-2025T17:10:51 - [TEST_STEP][NOT_RUN] - click(findTestObject("link_Content", ["href":"/corporate", "text":"Corporate"])): NOT_RUN: click(findTestObject("link_Content", ["href":"/corporate", "text":"Corporate"]))

17-01-2025T17:10:51 - [MESSAGE][NOT_RUN] - NOT_RUN: click(findTestObject("link_Content", ["href":"/corporate", "text":"Corporate"]))

17-01-2025T17:10:51 - [TEST_STEP][PASSED] - click(findTestObject("link_Content", ["href":"#", "text":"Financial Literacy"])): Object: 'Object Repository/link_Content' is clicked on

17-01-2025T17:10:51 - [MESSAGE][PASSED] - Object: 'Object Repository/link_Content' is clicked on

17-01-2025T17:10:51 - [TEST_STEP][PASSED] - click(findTestObject("link_Content", ["href":"/en/corporate/FinancialLiteracy/Documentation", "text":"Documentation"])): Object: 'Object Repository/link_Content' is clicked on

17-01-2025T17:10:52 - [MESSAGE][PASSED] - Object: 'Object Repository/link_Content' is clicked on

17-01-2025T17:10:52 - [TEST_STEP][PASSED] - scrollToElement(findTestObject("var_Content", ["xpath":"//body[1]/div[1]/main[1]/main[1]/div[1]/div[1]/ol[1]"]), 10): Scroll to object 'Object Repository/var_Content' successfully

17-01-2025T17:11:22 - [MESSAGE][PASSED] - Scroll to object 'Object Repository/var_Content' successfully

17-01-2025T17:11:22 - [TEST_STEP][PASSED] - verifyElementPresent(findTestObject("lbl_Content", ["text":"DOCUMENTATION"]), 10): Object 'Object Repository/lbl_Content' is present

17-01-2025T17:11:24 - [MESSAGE][PASSED] - Object 'Object Repository/lbl_Content' is present

17-01-2025T17:11:24 - [TEST_STEP][PASSED] - verifyElementPresent(findTestObject("var_Content", ["xpath":"//body[1]/div[1]/main[1]/main[1]/div[2]/div[3]/div[2]"]), 10): Object 'Object Repository/var_Content' is present

17-01-2025T17:11:24 - [MESSAGE][PASSED] - Object 'Object Repository/var_Content' is present

17-01-2025T17:11:24 - [TEST_STEP][PASSED] - Start listener action : AfterTestCase: null]]></system-out>
         <system-err><![CDATA[]]></system-err>
      </testcase>
      <testcase name="Test Cases/Corporate/Financial Literacy/RegressionTest_VerifyLibraryPage_ElementsArePresent" time="21.925" classname="Test Cases/Corporate/Financial Literacy/RegressionTest_VerifyLibraryPage_ElementsArePresent" status="PASSED">
         <system-out><![CDATA[17-01-2025T17:12:17 - [TEST_CASE][PASSED] - Test Cases/Corporate/Financial Literacy/RegressionTest_VerifyLibraryPage_ElementsArePresent: Test Cases/Corporate/Financial Literacy/RegressionTest_VerifyLibraryPage_ElementsArePresent

17-01-2025T17:12:17 - [TEST_STEP][PASSED] - Start listener action : BeforeTestCase: null

17-01-2025T17:12:17 - [TEST_STEP][NOT_RUN] - click(findTestObject("link_Content", ["href":"/corporate", "text":"Corporate"])): NOT_RUN: click(findTestObject("link_Content", ["href":"/corporate", "text":"Corporate"]))

17-01-2025T17:12:17 - [MESSAGE][NOT_RUN] - NOT_RUN: click(findTestObject("link_Content", ["href":"/corporate", "text":"Corporate"]))

17-01-2025T17:12:17 - [TEST_STEP][PASSED] - click(findTestObject("link_Content", ["href":"#", "text":"Financial Literacy"])): Object: 'Object Repository/link_Content' is clicked on

17-01-2025T17:12:17 - [MESSAGE][PASSED] - Object: 'Object Repository/link_Content' is clicked on

17-01-2025T17:12:17 - [TEST_STEP][PASSED] - click(findTestObject("link_Content", ["href":"/en/corporate/FinancialLiteracy/Library", "text":"Library"])): Object: 'Object Repository/link_Content' is clicked on

17-01-2025T17:12:18 - [MESSAGE][PASSED] - Object: 'Object Repository/link_Content' is clicked on

17-01-2025T17:12:18 - [TEST_STEP][PASSED] - scrollToElement(findTestObject("var_Content", ["xpath":"//body[1]/div[1]/main[1]/main[1]/div[1]/div[1]/ol[1]"]), 10): Scroll to object 'Object Repository/var_Content' successfully

17-01-2025T17:12:20 - [MESSAGE][PASSED] - Scroll to object 'Object Repository/var_Content' successfully

17-01-2025T17:12:20 - [TEST_STEP][PASSED] - verifyElementPresent(findTestObject("lbl_Content", ["text":"LIBRARY"]), 10): Object 'Object Repository/lbl_Content' is present

17-01-2025T17:12:20 - [MESSAGE][PASSED] - Object 'Object Repository/lbl_Content' is present

17-01-2025T17:12:20 - [TEST_STEP][PASSED] - verifyElementPresent(findTestObject("var_Content", ["xpath":"//body[1]/div[1]/main[1]/main[1]/div[2]/div[2]/div[1]/div[1]/div[1]/div[1]/div[1]/div[1]"]), 10): Object 'Object Repository/var_Content' is present

17-01-2025T17:12:20 - [MESSAGE][PASSED] - Object 'Object Repository/var_Content' is present

17-01-2025T17:12:20 - [TEST_STEP][PASSED] - scrollToElement(findTestObject("var_Content", ["xpath":"//body[1]/div[1]/main[1]/main[1]/div[2]/div[2]/div[1]/div[1]/div[1]/div[1]/div[1]/div[1]"]), 10): Scroll to object 'Object Repository/var_Content' successfully

17-01-2025T17:12:21 - [MESSAGE][PASSED] - Scroll to object 'Object Repository/var_Content' successfully

17-01-2025T17:12:21 - [TEST_STEP][PASSED] - click(findTestObject("var_Content", ["xpath":"//body[1]/div[1]/main[1]/main[1]/div[2]/div[2]/div[1]/div[1]/div[1]/div[1]/div[1]/div[3]/div[1]/div[1]/div[2]/a[1]"])): Object: 'Object Repository/var_Content' is clicked on

17-01-2025T17:12:21 - [MESSAGE][PASSED] - Object: 'Object Repository/var_Content' is clicked on

17-01-2025T17:12:21 - [TEST_STEP][PASSED] - verifyLinksAccessible(["https://baf-mobile-dev.oss-ap-southeast-5.aliyuncs.com/corporate-content-file%2F1731052616323.pdf?Expires=1736546191&OSSAccessKeyId=LTAI5t78APQ3CX3zFy4qKiTQ&Signature=YyPp38JymlrlV5jQ%2B50WAmGpSeo%3D"], OPTIONAL): Found 1 inaccessible links [https://baf-mobile-dev.oss-ap-southeast-5.aliyuncs.com/corporate-content-file%2F1731052616323.pdf?Expires=1736546191&OSSAccessKeyId=LTAI5t78APQ3CX3zFy4qKiTQ&Signature=YyPp38JymlrlV5jQ%2B50WAmGpSeo%3D] (Root cause: com.kms.katalon.core.exception.StepFailedException: Found 1 inaccessible links [https://baf-mobile-dev.oss-ap-southeast-5.aliyuncs.com/corporate-content-file%2F1731052616323.pdf?Expires=1736546191&OSSAccessKeyId=LTAI5t78APQ3CX3zFy4qKiTQ&Signature=YyPp38JymlrlV5jQ%2B50WAmGpSeo%3D]
	at com.kms.katalon.core.webui.keyword.internal.WebUIKeywordMain.stepFailed(WebUIKeywordMain.groovy:117)
	at com.kms.katalon.core.webui.keyword.builtin.VerifyLinksAccessibleKeyword$_verifyLinksAccessible_closure1.doCall(VerifyLinksAccessibleKeyword.groovy:53)
	at com.kms.katalon.core.webui.keyword.builtin.VerifyLinksAccessibleKeyword$_verifyLinksAccessible_closure1.call(VerifyLinksAccessibleKeyword.groovy)
	at com.kms.katalon.core.webui.keyword.internal.WebUIKeywordMain.runKeyword(WebUIKeywordMain.groovy:35)
	at com.kms.katalon.core.webui.keyword.builtin.VerifyLinksAccessibleKeyword.verifyLinksAccessible(VerifyLinksAccessibleKeyword.groovy:38)
	at com.kms.katalon.core.webui.keyword.builtin.VerifyLinksAccessibleKeyword.execute(VerifyLinksAccessibleKeyword.groovy:33)
	at com.kms.katalon.core.keyword.internal.KeywordExecutor.executeKeywordForPlatform(KeywordExecutor.groovy:74)
	at com.kms.katalon.core.webui.keyword.WebUiBuiltInKeywords.verifyLinksAccessible(WebUiBuiltInKeywords.groovy:5040)
	at RegressionTest_VerifyLibraryPage_ElementsArePresent.run(RegressionTest_VerifyLibraryPage_ElementsArePresent:48)
	at com.kms.katalon.core.main.ScriptEngine.run(ScriptEngine.java:194)
	at com.kms.katalon.core.main.ScriptEngine.runScriptAsRawText(ScriptEngine.java:119)
	at com.kms.katalon.core.main.TestCaseExecutor.runScript(TestCaseExecutor.java:448)
	at com.kms.katalon.core.main.TestCaseExecutor.doExecute(TestCaseExecutor.java:439)
	at com.kms.katalon.core.main.TestCaseExecutor.processExecutionPhase(TestCaseExecutor.java:418)
	at com.kms.katalon.core.main.TestCaseExecutor.accessMainPhase(TestCaseExecutor.java:410)
	at com.kms.katalon.core.main.TestCaseExecutor.execute(TestCaseExecutor.java:285)
	at com.kms.katalon.core.main.TestCaseExecutor.execute(TestCaseExecutor.java:369)
	at com.kms.katalon.core.common.CommonExecutor.accessTestCaseMainPhase(CommonExecutor.java:65)
	at com.kms.katalon.core.main.TestSuiteExecutor.accessTestSuiteMainPhase(TestSuiteExecutor.java:161)
	at com.kms.katalon.core.main.TestSuiteExecutor.execute(TestSuiteExecutor.java:107)
	at com.kms.katalon.core.main.TestCaseMain.startTestSuite(TestCaseMain.java:176)
	at TempTestSuite1737108265632.run(TempTestSuite1737108265632.groovy:35)
	at java.base/jdk.internal.reflect.NativeMethodAccessorImpl.invoke0(Native Method)
	at java.base/jdk.internal.reflect.NativeMethodAccessorImpl.invoke(NativeMethodAccessorImpl.java:77)
	at java.base/jdk.internal.reflect.DelegatingMethodAccessorImpl.invoke(DelegatingMethodAccessorImpl.java:43)
)

17-01-2025T17:12:21 - [MESSAGE][INFO] - HAR: C:\Users\P251224001\git\BAF-website\Reports\20250117_170425\Corporate\20250117_170425\requests\main\50.har

17-01-2025T17:12:21 - [MESSAGE][PASSED] - Send request successfully

17-01-2025T17:12:21 - [MESSAGE][WARNING] - Found 1 inaccessible links [https://baf-mobile-dev.oss-ap-southeast-5.aliyuncs.com/corporate-content-file%2F1731052616323.pdf?Expires=1736546191&OSSAccessKeyId=LTAI5t78APQ3CX3zFy4qKiTQ&Signature=YyPp38JymlrlV5jQ%2B50WAmGpSeo%3D] (Root cause: com.kms.katalon.core.exception.StepFailedException: Found 1 inaccessible links [https://baf-mobile-dev.oss-ap-southeast-5.aliyuncs.com/corporate-content-file%2F1731052616323.pdf?Expires=1736546191&OSSAccessKeyId=LTAI5t78APQ3CX3zFy4qKiTQ&Signature=YyPp38JymlrlV5jQ%2B50WAmGpSeo%3D]
	at com.kms.katalon.core.webui.keyword.internal.WebUIKeywordMain.stepFailed(WebUIKeywordMain.groovy:117)
	at com.kms.katalon.core.webui.keyword.builtin.VerifyLinksAccessibleKeyword$_verifyLinksAccessible_closure1.doCall(VerifyLinksAccessibleKeyword.groovy:53)
	at com.kms.katalon.core.webui.keyword.builtin.VerifyLinksAccessibleKeyword$_verifyLinksAccessible_closure1.call(VerifyLinksAccessibleKeyword.groovy)
	at com.kms.katalon.core.webui.keyword.internal.WebUIKeywordMain.runKeyword(WebUIKeywordMain.groovy:35)
	at com.kms.katalon.core.webui.keyword.builtin.VerifyLinksAccessibleKeyword.verifyLinksAccessible(VerifyLinksAccessibleKeyword.groovy:38)
	at com.kms.katalon.core.webui.keyword.builtin.VerifyLinksAccessibleKeyword.execute(VerifyLinksAccessibleKeyword.groovy:33)
	at com.kms.katalon.core.keyword.internal.KeywordExecutor.executeKeywordForPlatform(KeywordExecutor.groovy:74)
	at com.kms.katalon.core.webui.keyword.WebUiBuiltInKeywords.verifyLinksAccessible(WebUiBuiltInKeywords.groovy:5040)
	at RegressionTest_VerifyLibraryPage_ElementsArePresent.run(RegressionTest_VerifyLibraryPage_ElementsArePresent:48)
	at com.kms.katalon.core.main.ScriptEngine.run(ScriptEngine.java:194)
	at com.kms.katalon.core.main.ScriptEngine.runScriptAsRawText(ScriptEngine.java:119)
	at com.kms.katalon.core.main.TestCaseExecutor.runScript(TestCaseExecutor.java:448)
	at com.kms.katalon.core.main.TestCaseExecutor.doExecute(TestCaseExecutor.java:439)
	at com.kms.katalon.core.main.TestCaseExecutor.processExecutionPhase(TestCaseExecutor.java:418)
	at com.kms.katalon.core.main.TestCaseExecutor.accessMainPhase(TestCaseExecutor.java:410)
	at com.kms.katalon.core.main.TestCaseExecutor.execute(TestCaseExecutor.java:285)
	at com.kms.katalon.core.main.TestCaseExecutor.execute(TestCaseExecutor.java:369)
	at com.kms.katalon.core.common.CommonExecutor.accessTestCaseMainPhase(CommonExecutor.java:65)
	at com.kms.katalon.core.main.TestSuiteExecutor.accessTestSuiteMainPhase(TestSuiteExecutor.java:161)
	at com.kms.katalon.core.main.TestSuiteExecutor.execute(TestSuiteExecutor.java:107)
	at com.kms.katalon.core.main.TestCaseMain.startTestSuite(TestCaseMain.java:176)
	at TempTestSuite1737108265632.run(TempTestSuite1737108265632.groovy:35)
	at java.base/jdk.internal.reflect.NativeMethodAccessorImpl.invoke0(Native Method)
	at java.base/jdk.internal.reflect.NativeMethodAccessorImpl.invoke(NativeMethodAccessorImpl.java:77)
	at java.base/jdk.internal.reflect.DelegatingMethodAccessorImpl.invoke(DelegatingMethodAccessorImpl.java:43)
)

17-01-2025T17:12:21 - [TEST_STEP][PASSED] - closeWindowIndex(1): Window with index 1 is closed

17-01-2025T17:12:21 - [MESSAGE][PASSED] - Window with index 1 is closed

17-01-2025T17:12:21 - [TEST_STEP][PASSED] - switchToWindowIndex(0): Switched to window with index: '0'

17-01-2025T17:12:21 - [MESSAGE][PASSED] - Switched to window with index: '0'

17-01-2025T17:12:21 - [TEST_STEP][PASSED] - scrollToElement(findTestObject("var_Content", ["xpath":"//body[1]/div[1]/main[1]/main[1]/div[2]/div[2]/div[1]/div[1]/div[1]/div[1]/div[1]/div[3]/div[1]/div[1]/div[2]/a[1]"]), 10): Scroll to object 'Object Repository/var_Content' successfully

17-01-2025T17:12:22 - [MESSAGE][PASSED] - Scroll to object 'Object Repository/var_Content' successfully

17-01-2025T17:12:22 - [TEST_STEP][PASSED] - click(findTestObject("var_Content", ["xpath":"//body[1]/div[1]/main[1]/main[1]/div[2]/div[2]/div[1]/div[1]/div[1]/div[1]/div[1]/div[3]/div[1]/div[2]/div[2]/a[1]"])): Object: 'Object Repository/var_Content' is clicked on

17-01-2025T17:12:22 - [MESSAGE][PASSED] - Object: 'Object Repository/var_Content' is clicked on

17-01-2025T17:12:22 - [TEST_STEP][PASSED] - verifyLinksAccessible(["https://baf-mobile-dev.oss-ap-southeast-5.aliyuncs.com/corporate-content-file%2F1731051802741.pdf?Expires=1736547637&OSSAccessKeyId=LTAI5t78APQ3CX3zFy4qKiTQ&Signature=47jxIPjkCYfzOX4crfLbNeH%2BO2s%3D"], OPTIONAL): Found 1 inaccessible links [https://baf-mobile-dev.oss-ap-southeast-5.aliyuncs.com/corporate-content-file%2F1731051802741.pdf?Expires=1736547637&OSSAccessKeyId=LTAI5t78APQ3CX3zFy4qKiTQ&Signature=47jxIPjkCYfzOX4crfLbNeH%2BO2s%3D] (Root cause: com.kms.katalon.core.exception.StepFailedException: Found 1 inaccessible links [https://baf-mobile-dev.oss-ap-southeast-5.aliyuncs.com/corporate-content-file%2F1731051802741.pdf?Expires=1736547637&OSSAccessKeyId=LTAI5t78APQ3CX3zFy4qKiTQ&Signature=47jxIPjkCYfzOX4crfLbNeH%2BO2s%3D]
	at com.kms.katalon.core.webui.keyword.internal.WebUIKeywordMain.stepFailed(WebUIKeywordMain.groovy:117)
	at com.kms.katalon.core.webui.keyword.builtin.VerifyLinksAccessibleKeyword$_verifyLinksAccessible_closure1.doCall(VerifyLinksAccessibleKeyword.groovy:53)
	at com.kms.katalon.core.webui.keyword.builtin.VerifyLinksAccessibleKeyword$_verifyLinksAccessible_closure1.call(VerifyLinksAccessibleKeyword.groovy)
	at com.kms.katalon.core.webui.keyword.internal.WebUIKeywordMain.runKeyword(WebUIKeywordMain.groovy:35)
	at com.kms.katalon.core.webui.keyword.builtin.VerifyLinksAccessibleKeyword.verifyLinksAccessible(VerifyLinksAccessibleKeyword.groovy:38)
	at com.kms.katalon.core.webui.keyword.builtin.VerifyLinksAccessibleKeyword.execute(VerifyLinksAccessibleKeyword.groovy:33)
	at com.kms.katalon.core.keyword.internal.KeywordExecutor.executeKeywordForPlatform(KeywordExecutor.groovy:74)
	at com.kms.katalon.core.webui.keyword.WebUiBuiltInKeywords.verifyLinksAccessible(WebUiBuiltInKeywords.groovy:5040)
	at RegressionTest_VerifyLibraryPage_ElementsArePresent.run(RegressionTest_VerifyLibraryPage_ElementsArePresent:65)
	at com.kms.katalon.core.main.ScriptEngine.run(ScriptEngine.java:194)
	at com.kms.katalon.core.main.ScriptEngine.runScriptAsRawText(ScriptEngine.java:119)
	at com.kms.katalon.core.main.TestCaseExecutor.runScript(TestCaseExecutor.java:448)
	at com.kms.katalon.core.main.TestCaseExecutor.doExecute(TestCaseExecutor.java:439)
	at com.kms.katalon.core.main.TestCaseExecutor.processExecutionPhase(TestCaseExecutor.java:418)
	at com.kms.katalon.core.main.TestCaseExecutor.accessMainPhase(TestCaseExecutor.java:410)
	at com.kms.katalon.core.main.TestCaseExecutor.execute(TestCaseExecutor.java:285)
	at com.kms.katalon.core.main.TestCaseExecutor.execute(TestCaseExecutor.java:369)
	at com.kms.katalon.core.common.CommonExecutor.accessTestCaseMainPhase(CommonExecutor.java:65)
	at com.kms.katalon.core.main.TestSuiteExecutor.accessTestSuiteMainPhase(TestSuiteExecutor.java:161)
	at com.kms.katalon.core.main.TestSuiteExecutor.execute(TestSuiteExecutor.java:107)
	at com.kms.katalon.core.main.TestCaseMain.startTestSuite(TestCaseMain.java:176)
	at TempTestSuite1737108265632.run(TempTestSuite1737108265632.groovy:35)
	at java.base/jdk.internal.reflect.NativeMethodAccessorImpl.invoke0(Native Method)
	at java.base/jdk.internal.reflect.NativeMethodAccessorImpl.invoke(NativeMethodAccessorImpl.java:77)
	at java.base/jdk.internal.reflect.DelegatingMethodAccessorImpl.invoke(DelegatingMethodAccessorImpl.java:43)
)

17-01-2025T17:12:22 - [MESSAGE][INFO] - HAR: C:\Users\P251224001\git\BAF-website\Reports\20250117_170425\Corporate\20250117_170425\requests\main\51.har

17-01-2025T17:12:22 - [MESSAGE][PASSED] - Send request successfully

17-01-2025T17:12:22 - [MESSAGE][WARNING] - Found 1 inaccessible links [https://baf-mobile-dev.oss-ap-southeast-5.aliyuncs.com/corporate-content-file%2F1731051802741.pdf?Expires=1736547637&OSSAccessKeyId=LTAI5t78APQ3CX3zFy4qKiTQ&Signature=47jxIPjkCYfzOX4crfLbNeH%2BO2s%3D] (Root cause: com.kms.katalon.core.exception.StepFailedException: Found 1 inaccessible links [https://baf-mobile-dev.oss-ap-southeast-5.aliyuncs.com/corporate-content-file%2F1731051802741.pdf?Expires=1736547637&OSSAccessKeyId=LTAI5t78APQ3CX3zFy4qKiTQ&Signature=47jxIPjkCYfzOX4crfLbNeH%2BO2s%3D]
	at com.kms.katalon.core.webui.keyword.internal.WebUIKeywordMain.stepFailed(WebUIKeywordMain.groovy:117)
	at com.kms.katalon.core.webui.keyword.builtin.VerifyLinksAccessibleKeyword$_verifyLinksAccessible_closure1.doCall(VerifyLinksAccessibleKeyword.groovy:53)
	at com.kms.katalon.core.webui.keyword.builtin.VerifyLinksAccessibleKeyword$_verifyLinksAccessible_closure1.call(VerifyLinksAccessibleKeyword.groovy)
	at com.kms.katalon.core.webui.keyword.internal.WebUIKeywordMain.runKeyword(WebUIKeywordMain.groovy:35)
	at com.kms.katalon.core.webui.keyword.builtin.VerifyLinksAccessibleKeyword.verifyLinksAccessible(VerifyLinksAccessibleKeyword.groovy:38)
	at com.kms.katalon.core.webui.keyword.builtin.VerifyLinksAccessibleKeyword.execute(VerifyLinksAccessibleKeyword.groovy:33)
	at com.kms.katalon.core.keyword.internal.KeywordExecutor.executeKeywordForPlatform(KeywordExecutor.groovy:74)
	at com.kms.katalon.core.webui.keyword.WebUiBuiltInKeywords.verifyLinksAccessible(WebUiBuiltInKeywords.groovy:5040)
	at RegressionTest_VerifyLibraryPage_ElementsArePresent.run(RegressionTest_VerifyLibraryPage_ElementsArePresent:65)
	at com.kms.katalon.core.main.ScriptEngine.run(ScriptEngine.java:194)
	at com.kms.katalon.core.main.ScriptEngine.runScriptAsRawText(ScriptEngine.java:119)
	at com.kms.katalon.core.main.TestCaseExecutor.runScript(TestCaseExecutor.java:448)
	at com.kms.katalon.core.main.TestCaseExecutor.doExecute(TestCaseExecutor.java:439)
	at com.kms.katalon.core.main.TestCaseExecutor.processExecutionPhase(TestCaseExecutor.java:418)
	at com.kms.katalon.core.main.TestCaseExecutor.accessMainPhase(TestCaseExecutor.java:410)
	at com.kms.katalon.core.main.TestCaseExecutor.execute(TestCaseExecutor.java:285)
	at com.kms.katalon.core.main.TestCaseExecutor.execute(TestCaseExecutor.java:369)
	at com.kms.katalon.core.common.CommonExecutor.accessTestCaseMainPhase(CommonExecutor.java:65)
	at com.kms.katalon.core.main.TestSuiteExecutor.accessTestSuiteMainPhase(TestSuiteExecutor.java:161)
	at com.kms.katalon.core.main.TestSuiteExecutor.execute(TestSuiteExecutor.java:107)
	at com.kms.katalon.core.main.TestCaseMain.startTestSuite(TestCaseMain.java:176)
	at TempTestSuite1737108265632.run(TempTestSuite1737108265632.groovy:35)
	at java.base/jdk.internal.reflect.NativeMethodAccessorImpl.invoke0(Native Method)
	at java.base/jdk.internal.reflect.NativeMethodAccessorImpl.invoke(NativeMethodAccessorImpl.java:77)
	at java.base/jdk.internal.reflect.DelegatingMethodAccessorImpl.invoke(DelegatingMethodAccessorImpl.java:43)
)

17-01-2025T17:12:22 - [TEST_STEP][PASSED] - closeWindowIndex(1): Window with index 1 is closed

17-01-2025T17:12:24 - [MESSAGE][PASSED] - Window with index 1 is closed

17-01-2025T17:12:24 - [TEST_STEP][PASSED] - switchToWindowIndex(0): Switched to window with index: '0'

17-01-2025T17:12:24 - [MESSAGE][PASSED] - Switched to window with index: '0'

17-01-2025T17:12:24 - [TEST_STEP][PASSED] - scrollToElement(findTestObject("var_Content", ["xpath":"//body[1]/div[1]/main[1]/main[1]/div[2]/div[2]/div[1]/div[1]/div[1]/div[1]/div[1]/div[3]/div[1]/div[2]/div[2]/a[1]"]), 10): Scroll to object 'Object Repository/var_Content' successfully

17-01-2025T17:12:25 - [MESSAGE][PASSED] - Scroll to object 'Object Repository/var_Content' successfully

17-01-2025T17:12:25 - [TEST_STEP][PASSED] - click(findTestObject("var_Content", ["xpath":"//body[1]/div[1]/main[1]/main[1]/div[2]/div[2]/div[1]/div[1]/div[1]/div[1]/div[1]/div[3]/div[1]/div[3]/div[2]/a[1]"])): Object: 'Object Repository/var_Content' is clicked on

17-01-2025T17:12:25 - [MESSAGE][PASSED] - Object: 'Object Repository/var_Content' is clicked on

17-01-2025T17:12:25 - [TEST_STEP][PASSED] - verifyLinksAccessible(["https://baf-mobile-dev.oss-ap-southeast-5.aliyuncs.com/corporate-content-file%2F1731052088534.pdf?Expires=1736547637&OSSAccessKeyId=LTAI5t78APQ3CX3zFy4qKiTQ&Signature=gH0TtTO20K2z%2FAsMR1eBG2aPiw0%3D"], OPTIONAL): Found 1 inaccessible links [https://baf-mobile-dev.oss-ap-southeast-5.aliyuncs.com/corporate-content-file%2F1731052088534.pdf?Expires=1736547637&OSSAccessKeyId=LTAI5t78APQ3CX3zFy4qKiTQ&Signature=gH0TtTO20K2z%2FAsMR1eBG2aPiw0%3D] (Root cause: com.kms.katalon.core.exception.StepFailedException: Found 1 inaccessible links [https://baf-mobile-dev.oss-ap-southeast-5.aliyuncs.com/corporate-content-file%2F1731052088534.pdf?Expires=1736547637&OSSAccessKeyId=LTAI5t78APQ3CX3zFy4qKiTQ&Signature=gH0TtTO20K2z%2FAsMR1eBG2aPiw0%3D]
	at com.kms.katalon.core.webui.keyword.internal.WebUIKeywordMain.stepFailed(WebUIKeywordMain.groovy:117)
	at com.kms.katalon.core.webui.keyword.builtin.VerifyLinksAccessibleKeyword$_verifyLinksAccessible_closure1.doCall(VerifyLinksAccessibleKeyword.groovy:53)
	at com.kms.katalon.core.webui.keyword.builtin.VerifyLinksAccessibleKeyword$_verifyLinksAccessible_closure1.call(VerifyLinksAccessibleKeyword.groovy)
	at com.kms.katalon.core.webui.keyword.internal.WebUIKeywordMain.runKeyword(WebUIKeywordMain.groovy:35)
	at com.kms.katalon.core.webui.keyword.builtin.VerifyLinksAccessibleKeyword.verifyLinksAccessible(VerifyLinksAccessibleKeyword.groovy:38)
	at com.kms.katalon.core.webui.keyword.builtin.VerifyLinksAccessibleKeyword.execute(VerifyLinksAccessibleKeyword.groovy:33)
	at com.kms.katalon.core.keyword.internal.KeywordExecutor.executeKeywordForPlatform(KeywordExecutor.groovy:74)
	at com.kms.katalon.core.webui.keyword.WebUiBuiltInKeywords.verifyLinksAccessible(WebUiBuiltInKeywords.groovy:5040)
	at RegressionTest_VerifyLibraryPage_ElementsArePresent.run(RegressionTest_VerifyLibraryPage_ElementsArePresent:82)
	at com.kms.katalon.core.main.ScriptEngine.run(ScriptEngine.java:194)
	at com.kms.katalon.core.main.ScriptEngine.runScriptAsRawText(ScriptEngine.java:119)
	at com.kms.katalon.core.main.TestCaseExecutor.runScript(TestCaseExecutor.java:448)
	at com.kms.katalon.core.main.TestCaseExecutor.doExecute(TestCaseExecutor.java:439)
	at com.kms.katalon.core.main.TestCaseExecutor.processExecutionPhase(TestCaseExecutor.java:418)
	at com.kms.katalon.core.main.TestCaseExecutor.accessMainPhase(TestCaseExecutor.java:410)
	at com.kms.katalon.core.main.TestCaseExecutor.execute(TestCaseExecutor.java:285)
	at com.kms.katalon.core.main.TestCaseExecutor.execute(TestCaseExecutor.java:369)
	at com.kms.katalon.core.common.CommonExecutor.accessTestCaseMainPhase(CommonExecutor.java:65)
	at com.kms.katalon.core.main.TestSuiteExecutor.accessTestSuiteMainPhase(TestSuiteExecutor.java:161)
	at com.kms.katalon.core.main.TestSuiteExecutor.execute(TestSuiteExecutor.java:107)
	at com.kms.katalon.core.main.TestCaseMain.startTestSuite(TestCaseMain.java:176)
	at TempTestSuite1737108265632.run(TempTestSuite1737108265632.groovy:35)
	at java.base/jdk.internal.reflect.NativeMethodAccessorImpl.invoke0(Native Method)
	at java.base/jdk.internal.reflect.NativeMethodAccessorImpl.invoke(NativeMethodAccessorImpl.java:77)
	at java.base/jdk.internal.reflect.DelegatingMethodAccessorImpl.invoke(DelegatingMethodAccessorImpl.java:43)
)

17-01-2025T17:12:25 - [MESSAGE][INFO] - HAR: C:\Users\P251224001\git\BAF-website\Reports\20250117_170425\Corporate\20250117_170425\requests\main\52.har

17-01-2025T17:12:25 - [MESSAGE][PASSED] - Send request successfully

17-01-2025T17:12:25 - [MESSAGE][WARNING] - Found 1 inaccessible links [https://baf-mobile-dev.oss-ap-southeast-5.aliyuncs.com/corporate-content-file%2F1731052088534.pdf?Expires=1736547637&OSSAccessKeyId=LTAI5t78APQ3CX3zFy4qKiTQ&Signature=gH0TtTO20K2z%2FAsMR1eBG2aPiw0%3D] (Root cause: com.kms.katalon.core.exception.StepFailedException: Found 1 inaccessible links [https://baf-mobile-dev.oss-ap-southeast-5.aliyuncs.com/corporate-content-file%2F1731052088534.pdf?Expires=1736547637&OSSAccessKeyId=LTAI5t78APQ3CX3zFy4qKiTQ&Signature=gH0TtTO20K2z%2FAsMR1eBG2aPiw0%3D]
	at com.kms.katalon.core.webui.keyword.internal.WebUIKeywordMain.stepFailed(WebUIKeywordMain.groovy:117)
	at com.kms.katalon.core.webui.keyword.builtin.VerifyLinksAccessibleKeyword$_verifyLinksAccessible_closure1.doCall(VerifyLinksAccessibleKeyword.groovy:53)
	at com.kms.katalon.core.webui.keyword.builtin.VerifyLinksAccessibleKeyword$_verifyLinksAccessible_closure1.call(VerifyLinksAccessibleKeyword.groovy)
	at com.kms.katalon.core.webui.keyword.internal.WebUIKeywordMain.runKeyword(WebUIKeywordMain.groovy:35)
	at com.kms.katalon.core.webui.keyword.builtin.VerifyLinksAccessibleKeyword.verifyLinksAccessible(VerifyLinksAccessibleKeyword.groovy:38)
	at com.kms.katalon.core.webui.keyword.builtin.VerifyLinksAccessibleKeyword.execute(VerifyLinksAccessibleKeyword.groovy:33)
	at com.kms.katalon.core.keyword.internal.KeywordExecutor.executeKeywordForPlatform(KeywordExecutor.groovy:74)
	at com.kms.katalon.core.webui.keyword.WebUiBuiltInKeywords.verifyLinksAccessible(WebUiBuiltInKeywords.groovy:5040)
	at RegressionTest_VerifyLibraryPage_ElementsArePresent.run(RegressionTest_VerifyLibraryPage_ElementsArePresent:82)
	at com.kms.katalon.core.main.ScriptEngine.run(ScriptEngine.java:194)
	at com.kms.katalon.core.main.ScriptEngine.runScriptAsRawText(ScriptEngine.java:119)
	at com.kms.katalon.core.main.TestCaseExecutor.runScript(TestCaseExecutor.java:448)
	at com.kms.katalon.core.main.TestCaseExecutor.doExecute(TestCaseExecutor.java:439)
	at com.kms.katalon.core.main.TestCaseExecutor.processExecutionPhase(TestCaseExecutor.java:418)
	at com.kms.katalon.core.main.TestCaseExecutor.accessMainPhase(TestCaseExecutor.java:410)
	at com.kms.katalon.core.main.TestCaseExecutor.execute(TestCaseExecutor.java:285)
	at com.kms.katalon.core.main.TestCaseExecutor.execute(TestCaseExecutor.java:369)
	at com.kms.katalon.core.common.CommonExecutor.accessTestCaseMainPhase(CommonExecutor.java:65)
	at com.kms.katalon.core.main.TestSuiteExecutor.accessTestSuiteMainPhase(TestSuiteExecutor.java:161)
	at com.kms.katalon.core.main.TestSuiteExecutor.execute(TestSuiteExecutor.java:107)
	at com.kms.katalon.core.main.TestCaseMain.startTestSuite(TestCaseMain.java:176)
	at TempTestSuite1737108265632.run(TempTestSuite1737108265632.groovy:35)
	at java.base/jdk.internal.reflect.NativeMethodAccessorImpl.invoke0(Native Method)
	at java.base/jdk.internal.reflect.NativeMethodAccessorImpl.invoke(NativeMethodAccessorImpl.java:77)
	at java.base/jdk.internal.reflect.DelegatingMethodAccessorImpl.invoke(DelegatingMethodAccessorImpl.java:43)
)

17-01-2025T17:12:25 - [TEST_STEP][PASSED] - closeWindowIndex(1): Window with index 1 is closed

17-01-2025T17:12:26 - [MESSAGE][PASSED] - Window with index 1 is closed

17-01-2025T17:12:26 - [TEST_STEP][PASSED] - switchToWindowIndex(0): Switched to window with index: '0'

17-01-2025T17:12:26 - [MESSAGE][PASSED] - Switched to window with index: '0'

17-01-2025T17:12:26 - [TEST_STEP][PASSED] - scrollToElement(findTestObject("var_Content", ["xpath":"//body[1]/div[1]/main[1]/main[1]/div[2]/div[2]/div[1]/div[1]/div[1]/div[1]/div[1]/div[3]/div[1]/div[3]/div[2]/a[1]"]), 10): Scroll to object 'Object Repository/var_Content' successfully

17-01-2025T17:12:26 - [MESSAGE][PASSED] - Scroll to object 'Object Repository/var_Content' successfully

17-01-2025T17:12:26 - [TEST_STEP][PASSED] - click(findTestObject("var_Content", ["xpath":"//body[1]/div[1]/main[1]/main[1]/div[2]/div[2]/div[1]/div[1]/div[1]/div[1]/div[1]/div[3]/div[1]/div[4]/div[2]/a[1]"])): Object: 'Object Repository/var_Content' is clicked on

17-01-2025T17:12:27 - [MESSAGE][PASSED] - Object: 'Object Repository/var_Content' is clicked on

17-01-2025T17:12:27 - [TEST_STEP][PASSED] - verifyLinksAccessible(["https://baf-mobile-dev.oss-ap-southeast-5.aliyuncs.com/corporate-content-file%2F1731052088534.pdf?Expires=1736546191&OSSAccessKeyId=LTAI5t78APQ3CX3zFy4qKiTQ&Signature=tW%2B345ce7JA2FqBuIvOPuNfRUQg%3D"], OPTIONAL): Found 1 inaccessible links [https://baf-mobile-dev.oss-ap-southeast-5.aliyuncs.com/corporate-content-file%2F1731052088534.pdf?Expires=1736546191&OSSAccessKeyId=LTAI5t78APQ3CX3zFy4qKiTQ&Signature=tW%2B345ce7JA2FqBuIvOPuNfRUQg%3D] (Root cause: com.kms.katalon.core.exception.StepFailedException: Found 1 inaccessible links [https://baf-mobile-dev.oss-ap-southeast-5.aliyuncs.com/corporate-content-file%2F1731052088534.pdf?Expires=1736546191&OSSAccessKeyId=LTAI5t78APQ3CX3zFy4qKiTQ&Signature=tW%2B345ce7JA2FqBuIvOPuNfRUQg%3D]
	at com.kms.katalon.core.webui.keyword.internal.WebUIKeywordMain.stepFailed(WebUIKeywordMain.groovy:117)
	at com.kms.katalon.core.webui.keyword.builtin.VerifyLinksAccessibleKeyword$_verifyLinksAccessible_closure1.doCall(VerifyLinksAccessibleKeyword.groovy:53)
	at com.kms.katalon.core.webui.keyword.builtin.VerifyLinksAccessibleKeyword$_verifyLinksAccessible_closure1.call(VerifyLinksAccessibleKeyword.groovy)
	at com.kms.katalon.core.webui.keyword.internal.WebUIKeywordMain.runKeyword(WebUIKeywordMain.groovy:35)
	at com.kms.katalon.core.webui.keyword.builtin.VerifyLinksAccessibleKeyword.verifyLinksAccessible(VerifyLinksAccessibleKeyword.groovy:38)
	at com.kms.katalon.core.webui.keyword.builtin.VerifyLinksAccessibleKeyword.execute(VerifyLinksAccessibleKeyword.groovy:33)
	at com.kms.katalon.core.keyword.internal.KeywordExecutor.executeKeywordForPlatform(KeywordExecutor.groovy:74)
	at com.kms.katalon.core.webui.keyword.WebUiBuiltInKeywords.verifyLinksAccessible(WebUiBuiltInKeywords.groovy:5040)
	at RegressionTest_VerifyLibraryPage_ElementsArePresent.run(RegressionTest_VerifyLibraryPage_ElementsArePresent:99)
	at com.kms.katalon.core.main.ScriptEngine.run(ScriptEngine.java:194)
	at com.kms.katalon.core.main.ScriptEngine.runScriptAsRawText(ScriptEngine.java:119)
	at com.kms.katalon.core.main.TestCaseExecutor.runScript(TestCaseExecutor.java:448)
	at com.kms.katalon.core.main.TestCaseExecutor.doExecute(TestCaseExecutor.java:439)
	at com.kms.katalon.core.main.TestCaseExecutor.processExecutionPhase(TestCaseExecutor.java:418)
	at com.kms.katalon.core.main.TestCaseExecutor.accessMainPhase(TestCaseExecutor.java:410)
	at com.kms.katalon.core.main.TestCaseExecutor.execute(TestCaseExecutor.java:285)
	at com.kms.katalon.core.main.TestCaseExecutor.execute(TestCaseExecutor.java:369)
	at com.kms.katalon.core.common.CommonExecutor.accessTestCaseMainPhase(CommonExecutor.java:65)
	at com.kms.katalon.core.main.TestSuiteExecutor.accessTestSuiteMainPhase(TestSuiteExecutor.java:161)
	at com.kms.katalon.core.main.TestSuiteExecutor.execute(TestSuiteExecutor.java:107)
	at com.kms.katalon.core.main.TestCaseMain.startTestSuite(TestCaseMain.java:176)
	at TempTestSuite1737108265632.run(TempTestSuite1737108265632.groovy:35)
	at java.base/jdk.internal.reflect.NativeMethodAccessorImpl.invoke0(Native Method)
	at java.base/jdk.internal.reflect.NativeMethodAccessorImpl.invoke(NativeMethodAccessorImpl.java:77)
	at java.base/jdk.internal.reflect.DelegatingMethodAccessorImpl.invoke(DelegatingMethodAccessorImpl.java:43)
)

17-01-2025T17:12:27 - [MESSAGE][INFO] - HAR: C:\Users\P251224001\git\BAF-website\Reports\20250117_170425\Corporate\20250117_170425\requests\main\53.har

17-01-2025T17:12:27 - [MESSAGE][PASSED] - Send request successfully

17-01-2025T17:12:27 - [MESSAGE][WARNING] - Found 1 inaccessible links [https://baf-mobile-dev.oss-ap-southeast-5.aliyuncs.com/corporate-content-file%2F1731052088534.pdf?Expires=1736546191&OSSAccessKeyId=LTAI5t78APQ3CX3zFy4qKiTQ&Signature=tW%2B345ce7JA2FqBuIvOPuNfRUQg%3D] (Root cause: com.kms.katalon.core.exception.StepFailedException: Found 1 inaccessible links [https://baf-mobile-dev.oss-ap-southeast-5.aliyuncs.com/corporate-content-file%2F1731052088534.pdf?Expires=1736546191&OSSAccessKeyId=LTAI5t78APQ3CX3zFy4qKiTQ&Signature=tW%2B345ce7JA2FqBuIvOPuNfRUQg%3D]
	at com.kms.katalon.core.webui.keyword.internal.WebUIKeywordMain.stepFailed(WebUIKeywordMain.groovy:117)
	at com.kms.katalon.core.webui.keyword.builtin.VerifyLinksAccessibleKeyword$_verifyLinksAccessible_closure1.doCall(VerifyLinksAccessibleKeyword.groovy:53)
	at com.kms.katalon.core.webui.keyword.builtin.VerifyLinksAccessibleKeyword$_verifyLinksAccessible_closure1.call(VerifyLinksAccessibleKeyword.groovy)
	at com.kms.katalon.core.webui.keyword.internal.WebUIKeywordMain.runKeyword(WebUIKeywordMain.groovy:35)
	at com.kms.katalon.core.webui.keyword.builtin.VerifyLinksAccessibleKeyword.verifyLinksAccessible(VerifyLinksAccessibleKeyword.groovy:38)
	at com.kms.katalon.core.webui.keyword.builtin.VerifyLinksAccessibleKeyword.execute(VerifyLinksAccessibleKeyword.groovy:33)
	at com.kms.katalon.core.keyword.internal.KeywordExecutor.executeKeywordForPlatform(KeywordExecutor.groovy:74)
	at com.kms.katalon.core.webui.keyword.WebUiBuiltInKeywords.verifyLinksAccessible(WebUiBuiltInKeywords.groovy:5040)
	at RegressionTest_VerifyLibraryPage_ElementsArePresent.run(RegressionTest_VerifyLibraryPage_ElementsArePresent:99)
	at com.kms.katalon.core.main.ScriptEngine.run(ScriptEngine.java:194)
	at com.kms.katalon.core.main.ScriptEngine.runScriptAsRawText(ScriptEngine.java:119)
	at com.kms.katalon.core.main.TestCaseExecutor.runScript(TestCaseExecutor.java:448)
	at com.kms.katalon.core.main.TestCaseExecutor.doExecute(TestCaseExecutor.java:439)
	at com.kms.katalon.core.main.TestCaseExecutor.processExecutionPhase(TestCaseExecutor.java:418)
	at com.kms.katalon.core.main.TestCaseExecutor.accessMainPhase(TestCaseExecutor.java:410)
	at com.kms.katalon.core.main.TestCaseExecutor.execute(TestCaseExecutor.java:285)
	at com.kms.katalon.core.main.TestCaseExecutor.execute(TestCaseExecutor.java:369)
	at com.kms.katalon.core.common.CommonExecutor.accessTestCaseMainPhase(CommonExecutor.java:65)
	at com.kms.katalon.core.main.TestSuiteExecutor.accessTestSuiteMainPhase(TestSuiteExecutor.java:161)
	at com.kms.katalon.core.main.TestSuiteExecutor.execute(TestSuiteExecutor.java:107)
	at com.kms.katalon.core.main.TestCaseMain.startTestSuite(TestCaseMain.java:176)
	at TempTestSuite1737108265632.run(TempTestSuite1737108265632.groovy:35)
	at java.base/jdk.internal.reflect.NativeMethodAccessorImpl.invoke0(Native Method)
	at java.base/jdk.internal.reflect.NativeMethodAccessorImpl.invoke(NativeMethodAccessorImpl.java:77)
	at java.base/jdk.internal.reflect.DelegatingMethodAccessorImpl.invoke(DelegatingMethodAccessorImpl.java:43)
)

17-01-2025T17:12:27 - [TEST_STEP][PASSED] - closeWindowIndex(1): Window with index 1 is closed

17-01-2025T17:12:27 - [MESSAGE][PASSED] - Window with index 1 is closed

17-01-2025T17:12:27 - [TEST_STEP][PASSED] - switchToWindowIndex(0): Switched to window with index: '0'

17-01-2025T17:12:27 - [MESSAGE][PASSED] - Switched to window with index: '0'

17-01-2025T17:12:27 - [TEST_STEP][PASSED] - scrollToElement(findTestObject("var_Content", ["xpath":"//body[1]/div[1]/main[1]/main[1]/div[2]/div[2]/div[1]/div[1]/div[1]/div[1]/div[1]/div[3]/div[1]/div[4]/div[2]/a[1]"]), 10): Scroll to object 'Object Repository/var_Content' successfully

17-01-2025T17:12:27 - [MESSAGE][PASSED] - Scroll to object 'Object Repository/var_Content' successfully

17-01-2025T17:12:27 - [TEST_STEP][PASSED] - click(findTestObject("var_Content", ["xpath":"//body[1]/div[1]/main[1]/main[1]/div[2]/div[2]/div[1]/div[1]/div[1]/div[1]/div[1]/div[3]/div[1]/div[5]/div[2]/a[1]"])): Object: 'Object Repository/var_Content' is clicked on

17-01-2025T17:12:28 - [MESSAGE][PASSED] - Object: 'Object Repository/var_Content' is clicked on

17-01-2025T17:12:28 - [TEST_STEP][PASSED] - verifyLinksAccessible(["https://baf-mobile-dev.oss-ap-southeast-5.aliyuncs.com/corporate-content-file%2F1730884104992.pdf?Expires=1736546191&OSSAccessKeyId=LTAI5t78APQ3CX3zFy4qKiTQ&Signature=WQmyY38Q5geT63GCaWiwK%2FV8iM4%3D"], OPTIONAL): Found 1 inaccessible links [https://baf-mobile-dev.oss-ap-southeast-5.aliyuncs.com/corporate-content-file%2F1730884104992.pdf?Expires=1736546191&OSSAccessKeyId=LTAI5t78APQ3CX3zFy4qKiTQ&Signature=WQmyY38Q5geT63GCaWiwK%2FV8iM4%3D] (Root cause: com.kms.katalon.core.exception.StepFailedException: Found 1 inaccessible links [https://baf-mobile-dev.oss-ap-southeast-5.aliyuncs.com/corporate-content-file%2F1730884104992.pdf?Expires=1736546191&OSSAccessKeyId=LTAI5t78APQ3CX3zFy4qKiTQ&Signature=WQmyY38Q5geT63GCaWiwK%2FV8iM4%3D]
	at com.kms.katalon.core.webui.keyword.internal.WebUIKeywordMain.stepFailed(WebUIKeywordMain.groovy:117)
	at com.kms.katalon.core.webui.keyword.builtin.VerifyLinksAccessibleKeyword$_verifyLinksAccessible_closure1.doCall(VerifyLinksAccessibleKeyword.groovy:53)
	at com.kms.katalon.core.webui.keyword.builtin.VerifyLinksAccessibleKeyword$_verifyLinksAccessible_closure1.call(VerifyLinksAccessibleKeyword.groovy)
	at com.kms.katalon.core.webui.keyword.internal.WebUIKeywordMain.runKeyword(WebUIKeywordMain.groovy:35)
	at com.kms.katalon.core.webui.keyword.builtin.VerifyLinksAccessibleKeyword.verifyLinksAccessible(VerifyLinksAccessibleKeyword.groovy:38)
	at com.kms.katalon.core.webui.keyword.builtin.VerifyLinksAccessibleKeyword.execute(VerifyLinksAccessibleKeyword.groovy:33)
	at com.kms.katalon.core.keyword.internal.KeywordExecutor.executeKeywordForPlatform(KeywordExecutor.groovy:74)
	at com.kms.katalon.core.webui.keyword.WebUiBuiltInKeywords.verifyLinksAccessible(WebUiBuiltInKeywords.groovy:5040)
	at RegressionTest_VerifyLibraryPage_ElementsArePresent.run(RegressionTest_VerifyLibraryPage_ElementsArePresent:116)
	at com.kms.katalon.core.main.ScriptEngine.run(ScriptEngine.java:194)
	at com.kms.katalon.core.main.ScriptEngine.runScriptAsRawText(ScriptEngine.java:119)
	at com.kms.katalon.core.main.TestCaseExecutor.runScript(TestCaseExecutor.java:448)
	at com.kms.katalon.core.main.TestCaseExecutor.doExecute(TestCaseExecutor.java:439)
	at com.kms.katalon.core.main.TestCaseExecutor.processExecutionPhase(TestCaseExecutor.java:418)
	at com.kms.katalon.core.main.TestCaseExecutor.accessMainPhase(TestCaseExecutor.java:410)
	at com.kms.katalon.core.main.TestCaseExecutor.execute(TestCaseExecutor.java:285)
	at com.kms.katalon.core.main.TestCaseExecutor.execute(TestCaseExecutor.java:369)
	at com.kms.katalon.core.common.CommonExecutor.accessTestCaseMainPhase(CommonExecutor.java:65)
	at com.kms.katalon.core.main.TestSuiteExecutor.accessTestSuiteMainPhase(TestSuiteExecutor.java:161)
	at com.kms.katalon.core.main.TestSuiteExecutor.execute(TestSuiteExecutor.java:107)
	at com.kms.katalon.core.main.TestCaseMain.startTestSuite(TestCaseMain.java:176)
	at TempTestSuite1737108265632.run(TempTestSuite1737108265632.groovy:35)
	at java.base/jdk.internal.reflect.NativeMethodAccessorImpl.invoke0(Native Method)
	at java.base/jdk.internal.reflect.NativeMethodAccessorImpl.invoke(NativeMethodAccessorImpl.java:77)
	at java.base/jdk.internal.reflect.DelegatingMethodAccessorImpl.invoke(DelegatingMethodAccessorImpl.java:43)
)

17-01-2025T17:12:28 - [MESSAGE][INFO] - HAR: C:\Users\P251224001\git\BAF-website\Reports\20250117_170425\Corporate\20250117_170425\requests\main\54.har

17-01-2025T17:12:28 - [MESSAGE][PASSED] - Send request successfully

17-01-2025T17:12:28 - [MESSAGE][WARNING] - Found 1 inaccessible links [https://baf-mobile-dev.oss-ap-southeast-5.aliyuncs.com/corporate-content-file%2F1730884104992.pdf?Expires=1736546191&OSSAccessKeyId=LTAI5t78APQ3CX3zFy4qKiTQ&Signature=WQmyY38Q5geT63GCaWiwK%2FV8iM4%3D] (Root cause: com.kms.katalon.core.exception.StepFailedException: Found 1 inaccessible links [https://baf-mobile-dev.oss-ap-southeast-5.aliyuncs.com/corporate-content-file%2F1730884104992.pdf?Expires=1736546191&OSSAccessKeyId=LTAI5t78APQ3CX3zFy4qKiTQ&Signature=WQmyY38Q5geT63GCaWiwK%2FV8iM4%3D]
	at com.kms.katalon.core.webui.keyword.internal.WebUIKeywordMain.stepFailed(WebUIKeywordMain.groovy:117)
	at com.kms.katalon.core.webui.keyword.builtin.VerifyLinksAccessibleKeyword$_verifyLinksAccessible_closure1.doCall(VerifyLinksAccessibleKeyword.groovy:53)
	at com.kms.katalon.core.webui.keyword.builtin.VerifyLinksAccessibleKeyword$_verifyLinksAccessible_closure1.call(VerifyLinksAccessibleKeyword.groovy)
	at com.kms.katalon.core.webui.keyword.internal.WebUIKeywordMain.runKeyword(WebUIKeywordMain.groovy:35)
	at com.kms.katalon.core.webui.keyword.builtin.VerifyLinksAccessibleKeyword.verifyLinksAccessible(VerifyLinksAccessibleKeyword.groovy:38)
	at com.kms.katalon.core.webui.keyword.builtin.VerifyLinksAccessibleKeyword.execute(VerifyLinksAccessibleKeyword.groovy:33)
	at com.kms.katalon.core.keyword.internal.KeywordExecutor.executeKeywordForPlatform(KeywordExecutor.groovy:74)
	at com.kms.katalon.core.webui.keyword.WebUiBuiltInKeywords.verifyLinksAccessible(WebUiBuiltInKeywords.groovy:5040)
	at RegressionTest_VerifyLibraryPage_ElementsArePresent.run(RegressionTest_VerifyLibraryPage_ElementsArePresent:116)
	at com.kms.katalon.core.main.ScriptEngine.run(ScriptEngine.java:194)
	at com.kms.katalon.core.main.ScriptEngine.runScriptAsRawText(ScriptEngine.java:119)
	at com.kms.katalon.core.main.TestCaseExecutor.runScript(TestCaseExecutor.java:448)
	at com.kms.katalon.core.main.TestCaseExecutor.doExecute(TestCaseExecutor.java:439)
	at com.kms.katalon.core.main.TestCaseExecutor.processExecutionPhase(TestCaseExecutor.java:418)
	at com.kms.katalon.core.main.TestCaseExecutor.accessMainPhase(TestCaseExecutor.java:410)
	at com.kms.katalon.core.main.TestCaseExecutor.execute(TestCaseExecutor.java:285)
	at com.kms.katalon.core.main.TestCaseExecutor.execute(TestCaseExecutor.java:369)
	at com.kms.katalon.core.common.CommonExecutor.accessTestCaseMainPhase(CommonExecutor.java:65)
	at com.kms.katalon.core.main.TestSuiteExecutor.accessTestSuiteMainPhase(TestSuiteExecutor.java:161)
	at com.kms.katalon.core.main.TestSuiteExecutor.execute(TestSuiteExecutor.java:107)
	at com.kms.katalon.core.main.TestCaseMain.startTestSuite(TestCaseMain.java:176)
	at TempTestSuite1737108265632.run(TempTestSuite1737108265632.groovy:35)
	at java.base/jdk.internal.reflect.NativeMethodAccessorImpl.invoke0(Native Method)
	at java.base/jdk.internal.reflect.NativeMethodAccessorImpl.invoke(NativeMethodAccessorImpl.java:77)
	at java.base/jdk.internal.reflect.DelegatingMethodAccessorImpl.invoke(DelegatingMethodAccessorImpl.java:43)
)

17-01-2025T17:12:28 - [TEST_STEP][PASSED] - closeWindowIndex(1): Window with index 1 is closed

17-01-2025T17:12:28 - [MESSAGE][PASSED] - Window with index 1 is closed

17-01-2025T17:12:28 - [TEST_STEP][PASSED] - switchToWindowIndex(0): Switched to window with index: '0'

17-01-2025T17:12:28 - [MESSAGE][PASSED] - Switched to window with index: '0'

17-01-2025T17:12:28 - [TEST_STEP][PASSED] - focus(findTestObject("var_Content", ["xpath":"//body[1]/div[1]/main[1]/main[1]/div[2]/div[2]/div[1]/div[1]/div[1]/div[1]/div[1]/div[3]/div[2]"]), STOP_ON_FAILURE): Object: 'Object Repository/var_Content' is focused

17-01-2025T17:12:28 - [MESSAGE][PASSED] - Object: 'Object Repository/var_Content' is focused

17-01-2025T17:12:28 - [TEST_STEP][PASSED] - click(findTestObject("var_Content", ["xpath":"//body[1]/div[1]/main[1]/main[1]/div[2]/div[2]/div[1]/div[1]/div[1]/div[1]/div[1]/div[3]/div[2]/div[1]/button[1]"])): Object: 'Object Repository/var_Content' is clicked on

17-01-2025T17:12:29 - [MESSAGE][PASSED] - Object: 'Object Repository/var_Content' is clicked on

17-01-2025T17:12:29 - [TEST_STEP][PASSED] - click(findTestObject("link_Content", ["href":"#", "text":"25"])): Object: 'Object Repository/link_Content' is clicked on

17-01-2025T17:12:29 - [MESSAGE][PASSED] - Object: 'Object Repository/link_Content' is clicked on

17-01-2025T17:12:29 - [TEST_STEP][PASSED] - click(findTestObject("var_Content", ["xpath":"//body[1]/div[1]/main[1]/main[1]/div[2]/div[2]/div[1]/div[1]/div[1]/div[1]/div[1]/div[3]/div[2]/div[1]/button[1]"])): Object: 'Object Repository/var_Content' is clicked on

17-01-2025T17:12:30 - [MESSAGE][PASSED] - Object: 'Object Repository/var_Content' is clicked on

17-01-2025T17:12:30 - [TEST_STEP][PASSED] - click(findTestObject("link_Content", ["href":"#", "text":"50"])): Object: 'Object Repository/link_Content' is clicked on

17-01-2025T17:12:31 - [MESSAGE][PASSED] - Object: 'Object Repository/link_Content' is clicked on

17-01-2025T17:12:31 - [TEST_STEP][PASSED] - click(findTestObject("var_Content", ["xpath":"//body[1]/div[1]/main[1]/main[1]/div[2]/div[2]/div[1]/div[1]/div[1]/div[1]/div[1]/div[3]/div[2]/div[1]/button[1]"])): Object: 'Object Repository/var_Content' is clicked on

17-01-2025T17:12:32 - [MESSAGE][PASSED] - Object: 'Object Repository/var_Content' is clicked on

17-01-2025T17:12:32 - [TEST_STEP][PASSED] - click(findTestObject("link_Content", ["href":"#", "text":"5"])): Object: 'Object Repository/link_Content' is clicked on

17-01-2025T17:12:32 - [MESSAGE][PASSED] - Object: 'Object Repository/link_Content' is clicked on

17-01-2025T17:12:32 - [TEST_STEP][PASSED] - focus(findTestObject("var_Content", ["xpath":"//body[1]/div[1]/main[1]/main[1]/div[2]/div[2]/div[1]/div[1]/div[1]/div[1]/div[1]/div[3]/div[2]"])): Object: 'Object Repository/var_Content' is focused

17-01-2025T17:12:34 - [MESSAGE][PASSED] - Object: 'Object Repository/var_Content' is focused

17-01-2025T17:12:34 - [TEST_STEP][PASSED] - click(findTestObject("var_Content", ["xpath":"//body[1]/div[1]/main[1]/main[1]/div[2]/div[2]/div[1]/div[1]/div[1]/div[1]/div[1]/div[3]/div[2]/div[2]/button[5]"])): Object: 'Object Repository/var_Content' is clicked on

17-01-2025T17:12:34 - [MESSAGE][PASSED] - Object: 'Object Repository/var_Content' is clicked on

17-01-2025T17:12:34 - [TEST_STEP][PASSED] - focus(findTestObject("var_Content", ["xpath":"//body[1]/div[1]/main[1]/main[1]/div[2]/div[2]/div[1]/div[1]/div[1]/div[1]/div[1]/div[1]/div[1]/p[1]"]), STOP_ON_FAILURE): Object: 'Object Repository/var_Content' is focused

17-01-2025T17:12:36 - [MESSAGE][PASSED] - Object: 'Object Repository/var_Content' is focused

17-01-2025T17:12:36 - [TEST_STEP][PASSED] - click(findTestObject("var_Content", ["xpath":"//body[1]/div[1]/main[1]/main[1]/div[2]/div[1]/div[1]/div[1]/div[2]/a[1]"])): Object: 'Object Repository/var_Content' is clicked on

17-01-2025T17:12:36 - [MESSAGE][PASSED] - Object: 'Object Repository/var_Content' is clicked on

17-01-2025T17:12:36 - [TEST_STEP][PASSED] - verifyElementPresent(findTestObject("var_Content", ["xpath":"//body[1]/div[1]/main[1]/main[1]/div[2]/div[2]/div[1]/div[1]/div[1]/div[1]/div[1]/div[1]"]), 10): Object 'Object Repository/var_Content' is present

17-01-2025T17:12:38 - [MESSAGE][PASSED] - Object 'Object Repository/var_Content' is present

17-01-2025T17:12:38 - [TEST_STEP][PASSED] - scrollToElement(findTestObject("var_Content", ["xpath":"//body[1]/div[1]/main[1]/main[1]/div[2]/div[2]/div[1]/div[1]/div[2]/div[1]/div[1]/div[1]"]), 10): Scroll to object 'Object Repository/var_Content' successfully

17-01-2025T17:12:38 - [MESSAGE][PASSED] - Scroll to object 'Object Repository/var_Content' successfully

17-01-2025T17:12:38 - [TEST_STEP][PASSED] - click(findTestObject("var_Content", ["xpath":"//body[1]/div[1]/main[1]/main[1]/div[2]/div[2]/div[1]/div[1]/div[2]/div[1]/div[1]/div[3]/div[1]/div[1]/div[2]/a[1]"])): Object: 'Object Repository/var_Content' is clicked on

17-01-2025T17:12:38 - [MESSAGE][PASSED] - Object: 'Object Repository/var_Content' is clicked on

17-01-2025T17:12:38 - [TEST_STEP][PASSED] - verifyLinksAccessible(["https://baf-mobile-dev.oss-ap-southeast-5.aliyuncs.com/corporate-content-file%2F1730186945922.pdf?Expires=1736547825&OSSAccessKeyId=LTAI5t78APQ3CX3zFy4qKiTQ&Signature=juPUxJEwpLQL0NzFuq8GB3zCuqc%3D"], OPTIONAL): Found 1 inaccessible links [https://baf-mobile-dev.oss-ap-southeast-5.aliyuncs.com/corporate-content-file%2F1730186945922.pdf?Expires=1736547825&OSSAccessKeyId=LTAI5t78APQ3CX3zFy4qKiTQ&Signature=juPUxJEwpLQL0NzFuq8GB3zCuqc%3D] (Root cause: com.kms.katalon.core.exception.StepFailedException: Found 1 inaccessible links [https://baf-mobile-dev.oss-ap-southeast-5.aliyuncs.com/corporate-content-file%2F1730186945922.pdf?Expires=1736547825&OSSAccessKeyId=LTAI5t78APQ3CX3zFy4qKiTQ&Signature=juPUxJEwpLQL0NzFuq8GB3zCuqc%3D]
	at com.kms.katalon.core.webui.keyword.internal.WebUIKeywordMain.stepFailed(WebUIKeywordMain.groovy:117)
	at com.kms.katalon.core.webui.keyword.builtin.VerifyLinksAccessibleKeyword$_verifyLinksAccessible_closure1.doCall(VerifyLinksAccessibleKeyword.groovy:53)
	at com.kms.katalon.core.webui.keyword.builtin.VerifyLinksAccessibleKeyword$_verifyLinksAccessible_closure1.call(VerifyLinksAccessibleKeyword.groovy)
	at com.kms.katalon.core.webui.keyword.internal.WebUIKeywordMain.runKeyword(WebUIKeywordMain.groovy:35)
	at com.kms.katalon.core.webui.keyword.builtin.VerifyLinksAccessibleKeyword.verifyLinksAccessible(VerifyLinksAccessibleKeyword.groovy:38)
	at com.kms.katalon.core.webui.keyword.builtin.VerifyLinksAccessibleKeyword.execute(VerifyLinksAccessibleKeyword.groovy:33)
	at com.kms.katalon.core.keyword.internal.KeywordExecutor.executeKeywordForPlatform(KeywordExecutor.groovy:74)
	at com.kms.katalon.core.webui.keyword.WebUiBuiltInKeywords.verifyLinksAccessible(WebUiBuiltInKeywords.groovy:5040)
	at RegressionTest_VerifyLibraryPage_ElementsArePresent.run(RegressionTest_VerifyLibraryPage_ElementsArePresent:172)
	at com.kms.katalon.core.main.ScriptEngine.run(ScriptEngine.java:194)
	at com.kms.katalon.core.main.ScriptEngine.runScriptAsRawText(ScriptEngine.java:119)
	at com.kms.katalon.core.main.TestCaseExecutor.runScript(TestCaseExecutor.java:448)
	at com.kms.katalon.core.main.TestCaseExecutor.doExecute(TestCaseExecutor.java:439)
	at com.kms.katalon.core.main.TestCaseExecutor.processExecutionPhase(TestCaseExecutor.java:418)
	at com.kms.katalon.core.main.TestCaseExecutor.accessMainPhase(TestCaseExecutor.java:410)
	at com.kms.katalon.core.main.TestCaseExecutor.execute(TestCaseExecutor.java:285)
	at com.kms.katalon.core.main.TestCaseExecutor.execute(TestCaseExecutor.java:369)
	at com.kms.katalon.core.common.CommonExecutor.accessTestCaseMainPhase(CommonExecutor.java:65)
	at com.kms.katalon.core.main.TestSuiteExecutor.accessTestSuiteMainPhase(TestSuiteExecutor.java:161)
	at com.kms.katalon.core.main.TestSuiteExecutor.execute(TestSuiteExecutor.java:107)
	at com.kms.katalon.core.main.TestCaseMain.startTestSuite(TestCaseMain.java:176)
	at TempTestSuite1737108265632.run(TempTestSuite1737108265632.groovy:35)
	at java.base/jdk.internal.reflect.NativeMethodAccessorImpl.invoke0(Native Method)
	at java.base/jdk.internal.reflect.NativeMethodAccessorImpl.invoke(NativeMethodAccessorImpl.java:77)
	at java.base/jdk.internal.reflect.DelegatingMethodAccessorImpl.invoke(DelegatingMethodAccessorImpl.java:43)
)

17-01-2025T17:12:38 - [MESSAGE][INFO] - HAR: C:\Users\P251224001\git\BAF-website\Reports\20250117_170425\Corporate\20250117_170425\requests\main\55.har

17-01-2025T17:12:38 - [MESSAGE][PASSED] - Send request successfully

17-01-2025T17:12:38 - [MESSAGE][WARNING] - Found 1 inaccessible links [https://baf-mobile-dev.oss-ap-southeast-5.aliyuncs.com/corporate-content-file%2F1730186945922.pdf?Expires=1736547825&OSSAccessKeyId=LTAI5t78APQ3CX3zFy4qKiTQ&Signature=juPUxJEwpLQL0NzFuq8GB3zCuqc%3D] (Root cause: com.kms.katalon.core.exception.StepFailedException: Found 1 inaccessible links [https://baf-mobile-dev.oss-ap-southeast-5.aliyuncs.com/corporate-content-file%2F1730186945922.pdf?Expires=1736547825&OSSAccessKeyId=LTAI5t78APQ3CX3zFy4qKiTQ&Signature=juPUxJEwpLQL0NzFuq8GB3zCuqc%3D]
	at com.kms.katalon.core.webui.keyword.internal.WebUIKeywordMain.stepFailed(WebUIKeywordMain.groovy:117)
	at com.kms.katalon.core.webui.keyword.builtin.VerifyLinksAccessibleKeyword$_verifyLinksAccessible_closure1.doCall(VerifyLinksAccessibleKeyword.groovy:53)
	at com.kms.katalon.core.webui.keyword.builtin.VerifyLinksAccessibleKeyword$_verifyLinksAccessible_closure1.call(VerifyLinksAccessibleKeyword.groovy)
	at com.kms.katalon.core.webui.keyword.internal.WebUIKeywordMain.runKeyword(WebUIKeywordMain.groovy:35)
	at com.kms.katalon.core.webui.keyword.builtin.VerifyLinksAccessibleKeyword.verifyLinksAccessible(VerifyLinksAccessibleKeyword.groovy:38)
	at com.kms.katalon.core.webui.keyword.builtin.VerifyLinksAccessibleKeyword.execute(VerifyLinksAccessibleKeyword.groovy:33)
	at com.kms.katalon.core.keyword.internal.KeywordExecutor.executeKeywordForPlatform(KeywordExecutor.groovy:74)
	at com.kms.katalon.core.webui.keyword.WebUiBuiltInKeywords.verifyLinksAccessible(WebUiBuiltInKeywords.groovy:5040)
	at RegressionTest_VerifyLibraryPage_ElementsArePresent.run(RegressionTest_VerifyLibraryPage_ElementsArePresent:172)
	at com.kms.katalon.core.main.ScriptEngine.run(ScriptEngine.java:194)
	at com.kms.katalon.core.main.ScriptEngine.runScriptAsRawText(ScriptEngine.java:119)
	at com.kms.katalon.core.main.TestCaseExecutor.runScript(TestCaseExecutor.java:448)
	at com.kms.katalon.core.main.TestCaseExecutor.doExecute(TestCaseExecutor.java:439)
	at com.kms.katalon.core.main.TestCaseExecutor.processExecutionPhase(TestCaseExecutor.java:418)
	at com.kms.katalon.core.main.TestCaseExecutor.accessMainPhase(TestCaseExecutor.java:410)
	at com.kms.katalon.core.main.TestCaseExecutor.execute(TestCaseExecutor.java:285)
	at com.kms.katalon.core.main.TestCaseExecutor.execute(TestCaseExecutor.java:369)
	at com.kms.katalon.core.common.CommonExecutor.accessTestCaseMainPhase(CommonExecutor.java:65)
	at com.kms.katalon.core.main.TestSuiteExecutor.accessTestSuiteMainPhase(TestSuiteExecutor.java:161)
	at com.kms.katalon.core.main.TestSuiteExecutor.execute(TestSuiteExecutor.java:107)
	at com.kms.katalon.core.main.TestCaseMain.startTestSuite(TestCaseMain.java:176)
	at TempTestSuite1737108265632.run(TempTestSuite1737108265632.groovy:35)
	at java.base/jdk.internal.reflect.NativeMethodAccessorImpl.invoke0(Native Method)
	at java.base/jdk.internal.reflect.NativeMethodAccessorImpl.invoke(NativeMethodAccessorImpl.java:77)
	at java.base/jdk.internal.reflect.DelegatingMethodAccessorImpl.invoke(DelegatingMethodAccessorImpl.java:43)
)

17-01-2025T17:12:38 - [TEST_STEP][PASSED] - closeWindowIndex(1): Window with index 1 is closed

17-01-2025T17:12:39 - [MESSAGE][PASSED] - Window with index 1 is closed

17-01-2025T17:12:39 - [TEST_STEP][PASSED] - switchToWindowIndex(0): Switched to window with index: '0'

17-01-2025T17:12:39 - [MESSAGE][PASSED] - Switched to window with index: '0'

17-01-2025T17:12:39 - [TEST_STEP][PASSED] - Start listener action : AfterTestCase: null]]></system-out>
         <system-err><![CDATA[]]></system-err>
      </testcase>
      <testcase name="Test Cases/Corporate/Corporate News and Events/RegressionTest_VerifyCorporateSocialResponsibilityPage_ElementsArePresent" time="4.367" classname="Test Cases/Corporate/Corporate News and Events/RegressionTest_VerifyCorporateSocialResponsibilityPage_ElementsArePresent" status="PASSED">
         <system-out><![CDATA[17-01-2025T17:12:39 - [TEST_CASE][PASSED] - Test Cases/Corporate/Corporate News and Events/RegressionTest_VerifyCorporateSocialResponsibilityPage_ElementsArePresent: Test Cases/Corporate/Corporate News and Events/RegressionTest_VerifyCorporateSocialResponsibilityPage_ElementsArePresent

17-01-2025T17:12:39 - [TEST_STEP][PASSED] - Start listener action : BeforeTestCase: null

17-01-2025T17:12:39 - [TEST_STEP][NOT_RUN] - click(findTestObject("link_Content", ["href":"/corporate", "text":"Corporate"])): NOT_RUN: click(findTestObject("link_Content", ["href":"/corporate", "text":"Corporate"]))

17-01-2025T17:12:39 - [MESSAGE][NOT_RUN] - NOT_RUN: click(findTestObject("link_Content", ["href":"/corporate", "text":"Corporate"]))

17-01-2025T17:12:39 - [TEST_STEP][PASSED] - click(findTestObject("link_Content", ["href":"#", "text":"Corporate News and Events"])): Object: 'Object Repository/link_Content' is clicked on

17-01-2025T17:12:39 - [MESSAGE][PASSED] - Object: 'Object Repository/link_Content' is clicked on

17-01-2025T17:12:39 - [TEST_STEP][PASSED] - click(findTestObject("link_Content", ["href":"/en/corporate/CorporateNewsAndEvents/SocialResponsibility", "text":"Corporate Social Responsibility"])): Object: 'Object Repository/link_Content' is clicked on

17-01-2025T17:12:40 - [MESSAGE][PASSED] - Object: 'Object Repository/link_Content' is clicked on

17-01-2025T17:12:40 - [TEST_STEP][PASSED] - scrollToElement(findTestObject("var_Content", ["xpath":"//body[1]/div[1]/main[1]/main[1]/div[1]/div[1]/ol[1]"]), 10): Scroll to object 'Object Repository/var_Content' successfully

17-01-2025T17:12:43 - [MESSAGE][PASSED] - Scroll to object 'Object Repository/var_Content' successfully

17-01-2025T17:12:43 - [TEST_STEP][PASSED] - verifyElementPresent(findTestObject("lbl_Content", ["text":"CORPORATE SOCIAL RESPONSIBILITY"]), 10): Object 'Object Repository/lbl_Content' is present

17-01-2025T17:12:43 - [MESSAGE][PASSED] - Object 'Object Repository/lbl_Content' is present

17-01-2025T17:12:43 - [TEST_STEP][PASSED] - verifyElementPresent(findTestObject("var_Content", ["xpath":"//body[1]/div[1]/main[1]/main[1]/div[2]/div[3]"]), 10): Object 'Object Repository/var_Content' is present

17-01-2025T17:12:43 - [MESSAGE][PASSED] - Object 'Object Repository/var_Content' is present

17-01-2025T17:12:43 - [TEST_STEP][PASSED] - Start listener action : AfterTestCase: null]]></system-out>
         <system-err><![CDATA[]]></system-err>
      </testcase>
      <testcase name="Test Cases/Corporate/Corporate News and Events/RegressionTest_VerifyDisclosurePage_ElementsArePresent" time="4.352" classname="Test Cases/Corporate/Corporate News and Events/RegressionTest_VerifyDisclosurePage_ElementsArePresent" status="PASSED">
         <system-out><![CDATA[17-01-2025T17:12:43 - [TEST_CASE][PASSED] - Test Cases/Corporate/Corporate News and Events/RegressionTest_VerifyDisclosurePage_ElementsArePresent: Test Cases/Corporate/Corporate News and Events/RegressionTest_VerifyDisclosurePage_ElementsArePresent

17-01-2025T17:12:43 - [TEST_STEP][PASSED] - Start listener action : BeforeTestCase: null

17-01-2025T17:12:43 - [TEST_STEP][NOT_RUN] - click(findTestObject("link_Content", ["href":"/corporate", "text":"Corporate"])): NOT_RUN: click(findTestObject("link_Content", ["href":"/corporate", "text":"Corporate"]))

17-01-2025T17:12:43 - [MESSAGE][NOT_RUN] - NOT_RUN: click(findTestObject("link_Content", ["href":"/corporate", "text":"Corporate"]))

17-01-2025T17:12:43 - [TEST_STEP][PASSED] - click(findTestObject("link_Content", ["href":"#", "text":"Corporate News and Events"])): Object: 'Object Repository/link_Content' is clicked on

17-01-2025T17:12:44 - [MESSAGE][PASSED] - Object: 'Object Repository/link_Content' is clicked on

17-01-2025T17:12:44 - [TEST_STEP][PASSED] - click(findTestObject("link_Content", ["href":"/en/corporate/CorporateNewsAndEvents/InformationDisclosure", "text":"Disclosure"])): Object: 'Object Repository/link_Content' is clicked on

17-01-2025T17:12:44 - [MESSAGE][PASSED] - Object: 'Object Repository/link_Content' is clicked on

17-01-2025T17:12:44 - [TEST_STEP][PASSED] - scrollToElement(findTestObject("var_Content", ["xpath":"//body[1]/div[1]/main[1]/main[1]/div[1]/div[1]/ol[1]"]), 10): Scroll to object 'Object Repository/var_Content' successfully

17-01-2025T17:12:47 - [MESSAGE][PASSED] - Scroll to object 'Object Repository/var_Content' successfully

17-01-2025T17:12:47 - [TEST_STEP][PASSED] - verifyElementPresent(findTestObject("lbl_Content", ["text":"DISCLOSURE"]), 10): Object 'Object Repository/lbl_Content' is present

17-01-2025T17:12:48 - [MESSAGE][PASSED] - Object 'Object Repository/lbl_Content' is present

17-01-2025T17:12:48 - [TEST_STEP][PASSED] - Start listener action : AfterTestCase: null]]></system-out>
         <system-err><![CDATA[]]></system-err>
      </testcase>
      <testcase name="Test Cases/Corporate/Corporate News and Events/RegressionTest_VerifyNewsEventsPage_ElementsArePresent" time="9.228" classname="Test Cases/Corporate/Corporate News and Events/RegressionTest_VerifyNewsEventsPage_ElementsArePresent" status="PASSED">
         <system-out><![CDATA[17-01-2025T17:12:48 - [TEST_CASE][PASSED] - Test Cases/Corporate/Corporate News and Events/RegressionTest_VerifyNewsEventsPage_ElementsArePresent: Test Cases/Corporate/Corporate News and Events/RegressionTest_VerifyNewsEventsPage_ElementsArePresent

17-01-2025T17:12:48 - [TEST_STEP][PASSED] - Start listener action : BeforeTestCase: null

17-01-2025T17:12:48 - [TEST_STEP][NOT_RUN] - click(findTestObject("link_Content", ["href":"/corporate", "text":"Corporate"])): NOT_RUN: click(findTestObject("link_Content", ["href":"/corporate", "text":"Corporate"]))

17-01-2025T17:12:48 - [MESSAGE][NOT_RUN] - NOT_RUN: click(findTestObject("link_Content", ["href":"/corporate", "text":"Corporate"]))

17-01-2025T17:12:48 - [TEST_STEP][PASSED] - click(findTestObject("link_Content", ["href":"#", "text":"Corporate News and Events"])): Object: 'Object Repository/link_Content' is clicked on

17-01-2025T17:12:48 - [MESSAGE][PASSED] - Object: 'Object Repository/link_Content' is clicked on

17-01-2025T17:12:48 - [TEST_STEP][PASSED] - click(findTestObject("link_Content", ["href":"/en/corporate/CorporateNewsAndEvents/NewsAndEvents", "text":"News & Events"])): Object: 'Object Repository/link_Content' is clicked on

17-01-2025T17:12:49 - [MESSAGE][PASSED] - Object: 'Object Repository/link_Content' is clicked on

17-01-2025T17:12:49 - [TEST_STEP][PASSED] - scrollToElement(findTestObject("var_Content", ["xpath":"//body[1]/div[1]/main[1]/main[1]/div[1]/div[1]/ol[1]"]), 10): Scroll to object 'Object Repository/var_Content' successfully

17-01-2025T17:12:56 - [MESSAGE][PASSED] - Scroll to object 'Object Repository/var_Content' successfully

17-01-2025T17:12:56 - [TEST_STEP][PASSED] - verifyElementPresent(findTestObject("lbl_Content", ["text":"NEWS & EVENTS"]), 10): Object 'Object Repository/lbl_Content' is present

17-01-2025T17:12:57 - [MESSAGE][PASSED] - Object 'Object Repository/lbl_Content' is present

17-01-2025T17:12:57 - [TEST_STEP][PASSED] - verifyElementPresent(findTestObject("var_Content", ["xpath":"//body[1]/div[1]/main[1]/main[1]/div[3]/div[1]/div[1]/div[1]/div[1]/div[1]"]), 10): Object 'Object Repository/var_Content' is present

17-01-2025T17:12:57 - [MESSAGE][PASSED] - Object 'Object Repository/var_Content' is present

17-01-2025T17:12:57 - [TEST_STEP][PASSED] - Start listener action : AfterTestCase: null]]></system-out>
         <system-err><![CDATA[]]></system-err>
      </testcase>
      <system-out><![CDATA[17-01-2025T17:04:31 - [TEST_SUITE][FAILED] - Corporate: Test Cases/Corporate/Financial Literacy/RegressionTest_VerifyLibraryPage_ElementsArePresent FAILED.
Reason:
com.kms.katalon.core.exception.StepFailedException: Unable to click on object 'Object Repository/var_Content'
	at com.kms.katalon.core.webui.keyword.internal.WebUIKeywordMain.stepFailed(WebUIKeywordMain.groovy:117)
	at com.kms.katalon.core.webui.keyword.internal.WebUIKeywordMain.runKeyword(WebUIKeywordMain.groovy:43)
	at com.kms.katalon.core.webui.keyword.builtin.ClickKeyword.click(ClickKeyword.groovy:75)
	at com.kms.katalon.core.webui.keyword.builtin.ClickKeyword.execute(ClickKeyword.groovy:40)
	at com.kms.katalon.core.keyword.internal.KeywordExecutor.executeKeywordForPlatform(KeywordExecutor.groovy:74)
	at com.kms.katalon.core.webui.keyword.WebUiBuiltInKeywords.click(WebUiBuiltInKeywords.groovy:696)
	at RegressionTest_VerifyLibraryPage_ElementsArePresent.run(RegressionTest_VerifyLibraryPage_ElementsArePresent:136)
	at com.kms.katalon.core.main.ScriptEngine.run(ScriptEngine.java:194)
	at com.kms.katalon.core.main.ScriptEngine.runScriptAsRawText(ScriptEngine.java:119)
	at com.kms.katalon.core.main.TestCaseExecutor.runScript(TestCaseExecutor.java:448)
	at com.kms.katalon.core.main.TestCaseExecutor.doExecute(TestCaseExecutor.java:439)
	at com.kms.katalon.core.main.TestCaseExecutor.processExecutionPhase(TestCaseExecutor.java:418)
	at com.kms.katalon.core.main.TestCaseExecutor.accessMainPhase(TestCaseExecutor.java:410)
	at com.kms.katalon.core.main.TestCaseExecutor.execute(TestCaseExecutor.java:285)
	at com.kms.katalon.core.common.CommonExecutor.accessTestCaseMainPhase(CommonExecutor.java:65)
	at com.kms.katalon.core.main.TestSuiteExecutor.accessTestSuiteMainPhase(TestSuiteExecutor.java:161)
	at com.kms.katalon.core.main.TestSuiteExecutor.execute(TestSuiteExecutor.java:107)
	at com.kms.katalon.core.main.TestCaseMain.startTestSuite(TestCaseMain.java:176)
	at TempTestSuite1737108265632.run(TempTestSuite1737108265632.groovy:35)
	at java.base/jdk.internal.reflect.NativeMethodAccessorImpl.invoke0(Native Method)
	at java.base/jdk.internal.reflect.NativeMethodAccessorImpl.invoke(NativeMethodAccessorImpl.java:77)
	at java.base/jdk.internal.reflect.DelegatingMethodAccessorImpl.invoke(DelegatingMethodAccessorImpl.java:43)
Caused by: org.openqa.selenium.ElementClickInterceptedException: element click intercepted: Element is not clickable at point (151, 915)
  (Session info: chrome=131.0.6778.266)
Build info: version: '4.22.0', revision: 'c5f3146703'
System info: os.name: 'Windows 11', os.arch: 'amd64', os.version: '10.0', java.version: '17.0.7'
Driver info: com.kms.katalon.selenium.driver.CChromeDriver
Command: [1e1019c1265faa60e377617306944e37, clickElement {id=f.9BD578D686489B5E099FEB1067153CE9.d.C460A32D66B00C87EADB084E90C8D3F5.e.1002}]
Capabilities {acceptInsecureCerts: false, browserName: chrome, browserVersion: 131.0.6778.266, chrome: {chromedriverVersion: 131.0.6778.85 (3d81e41b6f3a..., userDataDir: C:\Users\P25122~1\AppData\L...}, fedcm:accounts: true, goog:chromeOptions: {debuggerAddress: localhost:63453}, networkConnectionEnabled: false, pageLoadStrategy: normal, platformName: windows, proxy: Proxy(), se:cdp: ws://localhost:63453/devtoo..., se:cdpVersion: 131.0.6778.266, setWindowRect: true, strictFileInteractability: false, timeouts: {implicit: 0, pageLoad: 300000, script: 30000}, unhandledPromptBehavior: ignore, webSocketUrl: ws://localhost:30814/sessio..., webauthn:extension:credBlob: true, webauthn:extension:largeBlob: true, webauthn:extension:minPinLength: true, webauthn:extension:prf: true, webauthn:virtualAuthenticators: true}
Element: [[CChromeDriver: chrome on windows (1e1019c1265faa60e377617306944e37)] -> xpath: //body[1]/div[1]/main[1]/main[1]/div[2]/div[2]/div[1]/div[1]/div[1]/div[1]/div[1]/div[3]/div[2]/div[1]/button[1]]
Session ID: 1e1019c1265faa60e377617306944e37
	at java.base/jdk.internal.reflect.NativeConstructorAccessorImpl.newInstance0(Native Method)
	at java.base/jdk.internal.reflect.NativeConstructorAccessorImpl.newInstance(NativeConstructorAccessorImpl.java:77)
	at java.base/jdk.internal.reflect.DelegatingConstructorAccessorImpl.newInstance(DelegatingConstructorAccessorImpl.java:45)
	at org.openqa.selenium.remote.ErrorCodec.decode(ErrorCodec.java:167)
	at org.openqa.selenium.remote.codec.w3c.W3CHttpResponseCodec.decode(W3CHttpResponseCodec.java:138)
	at org.openqa.selenium.remote.codec.w3c.W3CHttpResponseCodec.decode(W3CHttpResponseCodec.java:50)
	at org.openqa.selenium.remote.HttpCommandExecutor.execute(HttpCommandExecutor.java:190)
	at org.openqa.selenium.remote.service.DriverCommandExecutor.invokeExecute(DriverCommandExecutor.java:216)
	at org.openqa.selenium.remote.service.DriverCommandExecutor.execute(DriverCommandExecutor.java:174)
	at org.openqa.selenium.remote.RemoteWebDriver.execute(RemoteWebDriver.java:518)
	at org.openqa.selenium.remote.RemoteWebElement.execute(RemoteWebElement.java:223)
	at org.openqa.selenium.remote.RemoteWebElement.click(RemoteWebElement.java:76)
	at jdk.internal.reflect.GeneratedMethodAccessor26.invoke(Unknown Source)
	at java.base/jdk.internal.reflect.DelegatingMethodAccessorImpl.invoke(DelegatingMethodAccessorImpl.java:43)
	at org.openqa.selenium.support.decorators.WebDriverDecorator.call(WebDriverDecorator.java:249)
	at org.openqa.selenium.support.decorators.DefaultDecorated.call(DefaultDecorated.java:48)
	at org.openqa.selenium.support.decorators.WebDriverDecorator.lambda$createProxy$2(WebDriverDecorator.java:321)
	at net.bytebuddy.renamed.java.lang.Object$ByteBuddy$yb9Ovgnv.click(Unknown Source)
	at org.openqa.selenium.WebElement$click.call(Unknown Source)
	at com.kms.katalon.core.webui.keyword.builtin.ClickKeyword.clickUntilSuccessWithTimeout(ClickKeyword.groovy:82)
	at com.kms.katalon.core.webui.keyword.builtin.ClickKeyword.clickUntilSuccessWithTimeout(ClickKeyword.groovy)
	at jdk.internal.reflect.GeneratedMethodAccessor24.invoke(Unknown Source)
	at java.base/jdk.internal.reflect.DelegatingMethodAccessorImpl.invoke(DelegatingMethodAccessorImpl.java:43)
	at com.kms.katalon.core.webui.keyword.builtin.ClickKeyword$_click_closure1.doCall(ClickKeyword.groovy:68)
	at com.kms.katalon.core.webui.keyword.builtin.ClickKeyword$_click_closure1.call(ClickKeyword.groovy)
	at com.kms.katalon.core.webui.keyword.internal.WebUIKeywordMain.runKeyword(WebUIKeywordMain.groovy:35)
	... 20 more]]></system-out>
      <system-err><![CDATA[17-01-2025T17:04:31 - [TEST_SUITE][FAILED] - Corporate: Test Cases/Corporate/Financial Literacy/RegressionTest_VerifyLibraryPage_ElementsArePresent FAILED.
Reason:
com.kms.katalon.core.exception.StepFailedException: Unable to click on object 'Object Repository/var_Content'
	at com.kms.katalon.core.webui.keyword.internal.WebUIKeywordMain.stepFailed(WebUIKeywordMain.groovy:117)
	at com.kms.katalon.core.webui.keyword.internal.WebUIKeywordMain.runKeyword(WebUIKeywordMain.groovy:43)
	at com.kms.katalon.core.webui.keyword.builtin.ClickKeyword.click(ClickKeyword.groovy:75)
	at com.kms.katalon.core.webui.keyword.builtin.ClickKeyword.execute(ClickKeyword.groovy:40)
	at com.kms.katalon.core.keyword.internal.KeywordExecutor.executeKeywordForPlatform(KeywordExecutor.groovy:74)
	at com.kms.katalon.core.webui.keyword.WebUiBuiltInKeywords.click(WebUiBuiltInKeywords.groovy:696)
	at RegressionTest_VerifyLibraryPage_ElementsArePresent.run(RegressionTest_VerifyLibraryPage_ElementsArePresent:136)
	at com.kms.katalon.core.main.ScriptEngine.run(ScriptEngine.java:194)
	at com.kms.katalon.core.main.ScriptEngine.runScriptAsRawText(ScriptEngine.java:119)
	at com.kms.katalon.core.main.TestCaseExecutor.runScript(TestCaseExecutor.java:448)
	at com.kms.katalon.core.main.TestCaseExecutor.doExecute(TestCaseExecutor.java:439)
	at com.kms.katalon.core.main.TestCaseExecutor.processExecutionPhase(TestCaseExecutor.java:418)
	at com.kms.katalon.core.main.TestCaseExecutor.accessMainPhase(TestCaseExecutor.java:410)
	at com.kms.katalon.core.main.TestCaseExecutor.execute(TestCaseExecutor.java:285)
	at com.kms.katalon.core.common.CommonExecutor.accessTestCaseMainPhase(CommonExecutor.java:65)
	at com.kms.katalon.core.main.TestSuiteExecutor.accessTestSuiteMainPhase(TestSuiteExecutor.java:161)
	at com.kms.katalon.core.main.TestSuiteExecutor.execute(TestSuiteExecutor.java:107)
	at com.kms.katalon.core.main.TestCaseMain.startTestSuite(TestCaseMain.java:176)
	at TempTestSuite1737108265632.run(TempTestSuite1737108265632.groovy:35)
	at java.base/jdk.internal.reflect.NativeMethodAccessorImpl.invoke0(Native Method)
	at java.base/jdk.internal.reflect.NativeMethodAccessorImpl.invoke(NativeMethodAccessorImpl.java:77)
	at java.base/jdk.internal.reflect.DelegatingMethodAccessorImpl.invoke(DelegatingMethodAccessorImpl.java:43)
Caused by: org.openqa.selenium.ElementClickInterceptedException: element click intercepted: Element is not clickable at point (151, 915)
  (Session info: chrome=131.0.6778.266)
Build info: version: '4.22.0', revision: 'c5f3146703'
System info: os.name: 'Windows 11', os.arch: 'amd64', os.version: '10.0', java.version: '17.0.7'
Driver info: com.kms.katalon.selenium.driver.CChromeDriver
Command: [1e1019c1265faa60e377617306944e37, clickElement {id=f.9BD578D686489B5E099FEB1067153CE9.d.C460A32D66B00C87EADB084E90C8D3F5.e.1002}]
Capabilities {acceptInsecureCerts: false, browserName: chrome, browserVersion: 131.0.6778.266, chrome: {chromedriverVersion: 131.0.6778.85 (3d81e41b6f3a..., userDataDir: C:\Users\P25122~1\AppData\L...}, fedcm:accounts: true, goog:chromeOptions: {debuggerAddress: localhost:63453}, networkConnectionEnabled: false, pageLoadStrategy: normal, platformName: windows, proxy: Proxy(), se:cdp: ws://localhost:63453/devtoo..., se:cdpVersion: 131.0.6778.266, setWindowRect: true, strictFileInteractability: false, timeouts: {implicit: 0, pageLoad: 300000, script: 30000}, unhandledPromptBehavior: ignore, webSocketUrl: ws://localhost:30814/sessio..., webauthn:extension:credBlob: true, webauthn:extension:largeBlob: true, webauthn:extension:minPinLength: true, webauthn:extension:prf: true, webauthn:virtualAuthenticators: true}
Element: [[CChromeDriver: chrome on windows (1e1019c1265faa60e377617306944e37)] -> xpath: //body[1]/div[1]/main[1]/main[1]/div[2]/div[2]/div[1]/div[1]/div[1]/div[1]/div[1]/div[3]/div[2]/div[1]/button[1]]
Session ID: 1e1019c1265faa60e377617306944e37
	at java.base/jdk.internal.reflect.NativeConstructorAccessorImpl.newInstance0(Native Method)
	at java.base/jdk.internal.reflect.NativeConstructorAccessorImpl.newInstance(NativeConstructorAccessorImpl.java:77)
	at java.base/jdk.internal.reflect.DelegatingConstructorAccessorImpl.newInstance(DelegatingConstructorAccessorImpl.java:45)
	at org.openqa.selenium.remote.ErrorCodec.decode(ErrorCodec.java:167)
	at org.openqa.selenium.remote.codec.w3c.W3CHttpResponseCodec.decode(W3CHttpResponseCodec.java:138)
	at org.openqa.selenium.remote.codec.w3c.W3CHttpResponseCodec.decode(W3CHttpResponseCodec.java:50)
	at org.openqa.selenium.remote.HttpCommandExecutor.execute(HttpCommandExecutor.java:190)
	at org.openqa.selenium.remote.service.DriverCommandExecutor.invokeExecute(DriverCommandExecutor.java:216)
	at org.openqa.selenium.remote.service.DriverCommandExecutor.execute(DriverCommandExecutor.java:174)
	at org.openqa.selenium.remote.RemoteWebDriver.execute(RemoteWebDriver.java:518)
	at org.openqa.selenium.remote.RemoteWebElement.execute(RemoteWebElement.java:223)
	at org.openqa.selenium.remote.RemoteWebElement.click(RemoteWebElement.java:76)
	at jdk.internal.reflect.GeneratedMethodAccessor26.invoke(Unknown Source)
	at java.base/jdk.internal.reflect.DelegatingMethodAccessorImpl.invoke(DelegatingMethodAccessorImpl.java:43)
	at org.openqa.selenium.support.decorators.WebDriverDecorator.call(WebDriverDecorator.java:249)
	at org.openqa.selenium.support.decorators.DefaultDecorated.call(DefaultDecorated.java:48)
	at org.openqa.selenium.support.decorators.WebDriverDecorator.lambda$createProxy$2(WebDriverDecorator.java:321)
	at net.bytebuddy.renamed.java.lang.Object$ByteBuddy$yb9Ovgnv.click(Unknown Source)
	at org.openqa.selenium.WebElement$click.call(Unknown Source)
	at com.kms.katalon.core.webui.keyword.builtin.ClickKeyword.clickUntilSuccessWithTimeout(ClickKeyword.groovy:82)
	at com.kms.katalon.core.webui.keyword.builtin.ClickKeyword.clickUntilSuccessWithTimeout(ClickKeyword.groovy)
	at jdk.internal.reflect.GeneratedMethodAccessor24.invoke(Unknown Source)
	at java.base/jdk.internal.reflect.DelegatingMethodAccessorImpl.invoke(DelegatingMethodAccessorImpl.java:43)
	at com.kms.katalon.core.webui.keyword.builtin.ClickKeyword$_click_closure1.doCall(ClickKeyword.groovy:68)
	at com.kms.katalon.core.webui.keyword.builtin.ClickKeyword$_click_closure1.call(ClickKeyword.groovy)
	at com.kms.katalon.core.webui.keyword.internal.WebUIKeywordMain.runKeyword(WebUIKeywordMain.groovy:35)
	... 20 more]]></system-err>
   </testsuite>
</testsuites>
